Theta(deg),Phi(deg),Freq(kT),mstar(me),Curv(kTA2),Type(+e-h),NumOrbCopy
 90.000000, 90.000000,  7.385846E-03,  1.199977E-01,  7.036784E+01, 1.000,   27
 90.000000, 90.000000,  7.387172E-03,  1.201040E-01,  7.038419E+01, 1.000,   27
 90.000000, 90.000000,  7.658344E-03,  1.223996E-01,  6.573650E+01, 1.000,   54
 90.000000, 90.000000,  7.659382E-03,  1.224692E-01,  6.573452E+01, 1.000,   54
 90.000000, 90.000000,  7.967340E-03,  1.251262E-01,  5.868542E+01, 1.000,   27
 90.000000, 90.000000,  7.987702E-03,  1.258212E-01,  5.900038E+01, 1.000,   27
 90.000000, 90.000000,  8.366772E-03,  1.285948E-01,  4.716213E+01, 1.000,   24
 90.000000, 90.000000,  8.406965E-03,  1.298701E-01,  4.745530E+01, 1.000,   24
 90.000000, 90.000000,  8.785222E-03,  1.328684E-01,  3.575207E+01, 1.000,   39
 90.000000, 90.000000,  8.788763E-03,  1.329982E-01,  3.575666E+01, 1.000,   39
 90.000000, 90.000000,  9.174439E-03,  1.356318E-01,  2.301446E+01, 1.000,   15
 90.000000, 90.000000,  9.254320E-03,  1.373479E-01,  2.314757E+01, 1.000,   15
 90.000000, 90.000000,  1.054650E-02,  1.464249E-01, -2.121728E+01, 1.000,    3
 90.000000, 90.000000,  1.070684E-02,  1.500893E-01, -2.234212E+01, 1.000,    3
 90.000000, 90.000000,  1.216030E-02,  1.640523E-01, -8.073195E+01, 1.000,    3
 90.000000, 90.000000,  1.216270E-02,  1.642043E-01, -8.053213E+01, 1.000,    3
 90.000000, 90.000000,  1.238075E-02,  1.692023E-01, -9.074949E+01, 1.000,   15
 90.000000, 90.000000,  1.242173E-02,  1.658579E-01, -8.331489E+01, 1.000,    3
 90.000000, 90.000000,  1.259373E-02,  1.693935E-01, -9.185884E+01, 1.000,    6
 90.000000, 90.000000,  2.178801E-01,  3.990315E-01, -1.060700E+02, 1.000,  210
 90.000000, 87.954545,  7.704251E-03,  1.243753E-01,  6.447241E+01, 1.000,   72
 90.000000, 87.954545,  7.705859E-03,  1.241680E-01,  6.468597E+01, 1.000,   75
 90.000000, 87.954545,  8.298048E-03,  1.289374E-01,  4.975876E+01, 1.000,   63
 90.000000, 87.954545,  8.317662E-03,  1.290682E-01,  4.897094E+01, 1.000,   60
 90.000000, 87.954545,  9.013176E-03,  1.352639E-01,  2.811621E+01, 1.000,   51
 90.000000, 87.954545,  9.070485E-03,  1.358170E-01,  2.658238E+01, 1.000,   60
 90.000000, 87.954545,  9.405534E-03,  1.370350E-01,  2.204736E+01, 1.000,    3
 90.000000, 87.954545,  1.043763E-02,  1.484656E-01, -2.110532E+01, 1.000,   12
 90.000000, 87.954545,  1.063945E-02,  1.503301E-01, -2.830463E+01, 1.000,   15
 90.000000, 87.954545,  1.066941E-02,  1.504977E-01, -2.924975E+01, 1.000,   12
 90.000000, 87.954545,  1.089192E-02,  1.531309E-01, -3.764968E+01, 1.000,    3
 90.000000, 87.954545,  1.239720E-02,  1.633854E-01, -7.729680E+01, 1.000,    3
 90.000000, 87.954545,  1.242900E-02,  1.638584E-01, -7.853876E+01, 1.000,    6
 90.000000, 87.954545,  1.262521E-02,  1.705608E-01, -9.225708E+01, 1.000,   21
 90.000000, 87.954545,  1.265904E-02,  1.711370E-01, -9.437888E+01, 1.000,   30
 90.000000, 87.954545,  2.177766E-01,  3.990019E-01, -1.061068E+02, 1.000,  198
 90.000000, 87.954545,  3.934322E+00,  2.604826E+00, -1.244215E+03, 1.000,  120
 90.000000, 87.954545,  5.863637E+00,  1.880405E+00, -3.092198E+04, 1.000,    9
 90.000000, 85.909091,  8.474517E-03,  1.328973E-01,  4.186503E+01, 1.000,  132
 90.000000, 85.909091,  8.492793E-03,  1.330546E-01,  4.107183E+01, 1.000,  123
 90.000000, 85.909091,  1.017036E-02,  1.481430E-01, -1.478679E+01, 1.000,   15
 90.000000, 85.909091,  1.028718E-02,  1.487916E-01, -1.891732E+01, 1.000,   18
 90.000000, 85.909091,  1.049911E-02,  1.505617E-01, -2.639440E+01, 1.000,   12
 90.000000, 85.909091,  1.077607E-02,  1.527536E-01, -3.655430E+01, 1.000,    9
 90.000000, 85.909091,  1.100696E-02,  1.519398E-01, -3.591209E+01, 1.000,   21
 90.000000, 85.909091,  1.128708E-02,  1.503391E-01, -3.294732E+01, 1.000,   18
 90.000000, 85.909091,  1.163194E-02,  1.532894E-01, -4.473381E+01, 1.000,   21
 90.000000, 85.909091,  1.186478E-02,  1.548548E-01, -5.304284E+01, 1.000,    9
 90.000000, 85.909091,  1.226366E-02,  1.588925E-01, -6.858609E+01, 1.000,   18
 90.000000, 85.909091,  1.226972E-02,  1.606036E-01, -6.911371E+01, 1.000,   24
 90.000000, 85.909091,  1.255284E-02,  1.639104E-01, -8.406966E+01, 1.000,    9
 90.000000, 85.909091,  1.262799E-02,  1.680907E-01, -9.142882E+01, 1.000,   12
 90.000000, 85.909091,  2.176722E-01,  3.988227E-01, -1.061559E+02, 1.000,  195
 90.000000, 85.909091,  1.916372E+00,  1.256536E+00, -5.190564E+02, 1.000,    9
 90.000000, 85.909091,  1.916512E+00,  1.255562E+00, -5.190609E+02, 1.000,    9
 90.000000, 83.863636,  8.295351E-03,  1.354098E-01,  4.821030E+01, 1.000,   30
 90.000000, 83.863636,  8.355233E-03,  1.356420E-01,  4.754868E+01, 1.000,   72
 90.000000, 83.863636,  8.526932E-03,  1.357088E-01,  4.785954E+01, 1.000,    6
 90.000000, 83.863636,  8.802920E-03,  1.372470E-01,  3.142124E+01, 1.000,   45
 90.000000, 83.863636,  8.911164E-03,  1.366165E-01,  2.673255E+01, 1.000,    9
 90.000000, 83.863636,  9.040882E-03,  1.398921E-01,  2.253411E+01, 1.000,   15
 90.000000, 83.863636,  9.055621E-03,  1.394620E-01,  2.207996E+01, 1.000,   12
 90.000000, 83.863636,  9.232644E-03,  1.411708E-01,  1.603815E+01, 1.000,   30
 90.000000, 83.863636,  9.815040E-03,  1.462426E-01, -4.394755E+00, 1.000,   30
 90.000000, 83.863636,  1.001119E-02,  1.481059E-01, -1.142160E+01, 1.000,   15
 90.000000, 83.863636,  1.013438E-02,  1.486403E-01, -1.573707E+01, 1.000,    9
 90.000000, 83.863636,  1.016615E-02,  1.487097E-01, -1.720794E+01, 1.000,   54
 90.000000, 83.863636,  1.071788E-02,  1.519404E-01, -4.008338E+01, 1.000,   48
 90.000000, 83.863636,  1.085808E-02,  1.527283E-01, -5.157947E+01, 1.000,   42
 90.000000, 83.863636,  1.102277E-02,  1.540014E-01, -6.253631E+01, 1.000,   27
 90.000000, 83.863636,  1.150662E-02,  1.552711E-01, -3.575261E+01, 1.000,    6
 90.000000, 83.863636,  1.173178E-02,  1.516138E-01, -4.438763E+01, 1.000,   24
 90.000000, 83.863636,  1.173574E-02,  1.528073E-01, -4.414755E+01, 1.000,   27
 90.000000, 83.863636,  1.204526E-02,  1.586226E-01, -5.531405E+01, 1.000,    6
 90.000000, 83.863636,  1.242368E-02,  1.619413E-01, -7.507624E+01, 1.000,   27
 90.000000, 83.863636,  1.256319E-02,  1.664971E-01, -8.732882E+01, 1.000,   12
 90.000000, 83.863636,  2.174122E-01,  3.983448E-01, -1.061739E+02, 1.000,  198
 90.000000, 83.863636,  1.838854E+00,  1.239377E+00, -4.779163E+02, 1.000,  165
 90.000000, 83.863636,  1.838983E+00,  1.238126E+00, -4.783156E+02, 1.000,  165
 90.000000, 81.818182,  8.747527E-03,  1.423482E-01,  3.409110E+01, 1.000,   42
 90.000000, 81.818182,  8.779261E-03,  1.420295E-01,  3.383029E+01, 1.000,   45
 90.000000, 81.818182,  9.051898E-03,  1.403083E-01,  2.156243E+01, 1.000,    3
 90.000000, 81.818182,  9.074669E-03,  1.423518E-01,  2.066276E+01, 1.000,    6
 90.000000, 81.818182,  9.146466E-03,  1.431268E-01,  1.839608E+01, 1.000,    3
 90.000000, 81.818182,  9.173681E-03,  1.425322E-01,  1.695594E+01, 1.000,    3
 90.000000, 81.818182,  9.249003E-03,  1.432967E-01,  1.452189E+01, 1.000,    6
 90.000000, 81.818182,  9.269330E-03,  1.428156E-01,  1.384990E+01, 1.000,    6
 90.000000, 81.818182,  9.413732E-03,  1.429680E-01,  8.650216E+00, 1.000,   12
 90.000000, 81.818182,  9.441121E-03,  1.436797E-01,  7.647172E+00, 1.000,   15
 90.000000, 81.818182,  9.672007E-03,  1.430797E-01,  2.101839E+01, 1.000,    3
 90.000000, 81.818182,  1.030291E-02,  1.470690E-01, -3.449528E+01, 1.000,  126
 90.000000, 81.818182,  1.031400E-02,  1.472440E-01, -3.665391E+01, 1.000,  123
 90.000000, 81.818182,  1.104967E-02,  1.451502E-01, -1.855940E+01, 1.000,    3
 90.000000, 81.818182,  1.115639E-02,  1.468108E-01, -2.173415E+01, 1.000,   15
 90.000000, 81.818182,  1.124050E-02,  1.486018E-01, -2.402001E+01, 1.000,    6
 90.000000, 81.818182,  1.139508E-02,  1.490031E-01, -2.900138E+01, 1.000,    3
 90.000000, 81.818182,  1.157988E-02,  1.488355E-01, -3.624471E+01, 1.000,    6
 90.000000, 81.818182,  1.168226E-02,  1.512978E-01, -3.950239E+01, 1.000,   21
 90.000000, 81.818182,  1.183568E-02,  1.518541E-01, -4.557612E+01, 1.000,    9
 90.000000, 81.818182,  1.207329E-02,  1.543767E-01, -5.676971E+01, 1.000,    3
 90.000000, 81.818182,  1.219505E-02,  1.569176E-01, -6.212020E+01, 1.000,    3
 90.000000, 81.818182,  1.233372E-02,  1.603528E-01, -7.209088E+01, 1.000,    3
 90.000000, 81.818182,  2.170740E-01,  3.976680E-01, -1.061817E+02, 1.000,  204
 90.000000, 81.818182,  1.749769E+00,  1.225871E+00, -4.431731E+02, 1.000,  174
 90.000000, 81.818182,  1.749789E+00,  1.225822E+00, -4.431499E+02, 1.000,  174
 90.000000, 79.772727,  9.155378E-03,  1.463807E-01,  1.954760E+01, 1.000,   30
 90.000000, 79.772727,  9.171202E-03,  1.466819E-01,  1.957218E+01, 1.000,   36
 90.000000, 79.772727,  9.388828E-03,  1.370545E-01, -5.009678E+01, 1.000,    6
 90.000000, 79.772727,  9.540348E-03,  1.387363E-01, -5.094120E+01, 1.000,    3
 90.000000, 79.772727,  9.945506E-03,  1.418719E-01, -3.298729E+01, 1.000,  135
 90.000000, 79.772727,  9.967521E-03,  1.420560E-01, -3.235806E+01, 1.000,  123
 90.000000, 79.772727,  1.098597E-02,  1.464613E-01, -1.495173E+01, 1.000,    6
 90.000000, 79.772727,  1.104977E-02,  1.469535E-01, -1.681260E+01, 1.000,   12
 90.000000, 79.772727,  1.128696E-02,  1.491727E-01, -2.409343E+01, 1.000,    9
 90.000000, 79.772727,  1.147008E-02,  1.482829E-01, -3.080165E+01, 1.000,    6
 90.000000, 79.772727,  1.151809E-02,  1.487427E-01, -3.235780E+01, 1.000,    3
 90.000000, 79.772727,  1.165432E-02,  1.503126E-01, -3.691759E+01, 1.000,    3
 90.000000, 79.772727,  1.189715E-02,  1.637992E-01, -6.964983E+01, 1.000,    9
 90.000000, 79.772727,  1.197915E-02,  2.370883E-01, -1.391028E+02,-1.000,    8
 90.000000, 79.772727,  1.198220E-02,  2.352366E-01, -1.391294E+02,-1.000,    8
 90.000000, 79.772727,  1.213867E-02,  1.665454E-01, -7.858240E+01, 1.000,    9
 90.000000, 79.772727,  1.217728E-02,  1.642562E-01, -7.564575E+01, 1.000,    6
 90.000000, 79.772727,  2.166173E-01,  3.969780E-01, -1.061610E+02, 1.000,  204
 90.000000, 79.772727,  1.651205E+00,  1.215039E+00, -4.167917E+02, 1.000,  183
 90.000000, 79.772727,  1.651208E+00,  1.214718E+00, -4.171086E+02, 1.000,  183
 90.000000, 77.727273,  9.504876E-03,  1.342702E-01, -3.560235E+01, 1.000,   21
 90.000000, 77.727273,  9.515612E-03,  1.344060E-01, -3.507559E+01, 1.000,   21
 90.000000, 77.727273,  1.109026E-02,  1.544816E-01, -1.549839E+01, 1.000,    6
 90.000000, 77.727273,  1.109099E-02,  1.522865E-01, -1.593146E+01, 1.000,    9
 90.000000, 77.727273,  1.133729E-02,  1.515685E-01, -2.428331E+01, 1.000,    6
 90.000000, 77.727273,  1.153661E-02,  1.652969E-01, -6.872408E+01, 1.000,    3
 90.000000, 77.727273,  1.160070E-02,  2.304574E-01, -1.280105E+02,-1.000,   24
 90.000000, 77.727273,  1.160262E-02,  2.304373E-01, -1.278978E+02,-1.000,   24
 90.000000, 77.727273,  1.161006E-02,  1.618406E-01, -6.101545E+01, 1.000,   15
 90.000000, 77.727273,  1.185754E-02,  1.617639E-01, -6.450133E+01, 1.000,   27
 90.000000, 77.727273,  1.192211E-02,  1.594089E-01, -6.110872E+01, 1.000,   24
 90.000000, 77.727273,  2.160681E-01,  3.960230E-01, -1.060926E+02, 1.000,  204
 90.000000, 77.727273,  1.547790E+00,  1.205464E+00, -3.967412E+02, 1.000,  180
 90.000000, 77.727273,  1.547794E+00,  1.204991E+00, -3.968504E+02, 1.000,  180
 90.000000, 75.681818,  1.119957E-02,  2.223679E-01, -1.165515E+02,-1.000,   28
 90.000000, 75.681818,  1.120122E-02,  2.226519E-01, -1.164509E+02,-1.000,   48
 90.000000, 75.681818,  1.149414E-02,  1.572363E-01, -4.306522E+01, 1.000,   57
 90.000000, 75.681818,  1.149690E-02,  1.573176E-01, -4.698026E+01, 1.000,   93
 90.000000, 75.681818,  2.155080E-01,  3.950227E-01, -1.060223E+02, 1.000,  201
 90.000000, 75.681818,  1.440652E+00,  1.192691E+00, -3.631355E+02, 1.000,   33
 90.000000, 75.681818,  1.443153E+00,  1.194474E+00, -3.669736E+02, 1.000,  186
 90.000000, 75.681818,  1.443352E+00,  1.194285E+00, -3.671690E+02, 1.000,  153
 90.000000, 73.636364,  1.077516E-02,  2.165052E-01, -1.049228E+02,-1.000,   32
 90.000000, 73.636364,  1.078638E-02,  2.159147E-01, -1.049989E+02,-1.000,   40
 90.000000, 73.636364,  1.152439E-02,  1.584279E-01, -3.776956E+01, 1.000,   78
 90.000000, 73.636364,  1.153609E-02,  1.598628E-01, -3.570031E+01, 1.000,   63
 90.000000, 73.636364,  2.146126E-01,  3.935582E-01, -1.057565E+02, 1.000,  204
 90.000000, 73.636364,  1.339723E+00,  1.171413E+00, -2.752305E+02, 1.000,  183
 90.000000, 73.636364,  1.339900E+00,  1.172111E+00, -2.764986E+02, 1.000,  183
 90.000000, 71.590909,  1.038309E-02,  2.088058E-01, -9.429783E+01,-1.000,   52
 90.000000, 71.590909,  1.038792E-02,  2.087691E-01, -9.445641E+01,-1.000,   52
 90.000000, 71.590909,  1.134556E-02,  1.574377E-01, -3.491636E+01, 1.000,   21
 90.000000, 71.590909,  1.142936E-02,  1.590132E-01, -3.464686E+01, 1.000,   27
 90.000000, 71.590909,  1.158485E-02,  1.676968E-01, -2.877421E+01, 1.000,    3
 90.000000, 71.590909,  1.175383E-02,  1.627482E-01, -3.790029E+01, 1.000,   30
 90.000000, 71.590909,  1.179808E-02,  1.637807E-01, -3.827662E+01, 1.000,   36
 90.000000, 71.590909,  1.197838E-02,  1.701918E-01, -3.915345E+01, 1.000,   45
 90.000000, 71.590909,  1.200226E-02,  1.735649E-01, -3.933967E+01, 1.000,   36
 90.000000, 71.590909,  2.137554E-01,  3.920801E-01, -1.054687E+02, 1.000,  207
 90.000000, 71.590909,  1.243297E+00,  1.116298E+00, -1.426068E+02, 1.000,    9
 90.000000, 71.590909,  1.244142E+00,  1.124657E+00, -1.448578E+02, 1.000,  189
 90.000000, 71.590909,  1.244190E+00,  1.124366E+00, -1.446053E+02, 1.000,  177
 90.000000, 69.545455,  9.948937E-03,  2.007951E-01, -8.393137E+01,-1.000,   64
 90.000000, 69.545455,  9.949397E-03,  2.009546E-01, -8.398908E+01,-1.000,   64
 90.000000, 69.545455,  1.131507E-02,  1.597482E-01, -3.258425E+01, 1.000,    6
 90.000000, 69.545455,  1.146291E-02,  1.617656E-01, -2.910337E+01, 1.000,    3
 90.000000, 69.545455,  1.148169E-02,  1.615531E-01, -3.195458E+01, 1.000,    6
 90.000000, 69.545455,  1.202013E-02,  1.701872E-01, -3.992473E+01, 1.000,  135
 90.000000, 69.545455,  1.203309E-02,  1.705784E-01, -4.060089E+01, 1.000,  129
 90.000000, 69.545455,  2.127191E-01,  3.904918E-01, -1.050648E+02, 1.000,  207
 90.000000, 69.545455,  1.160514E+00,  1.059246E+00, -5.782166E+01, 1.000,  186
 90.000000, 69.545455,  1.160531E+00,  1.059651E+00, -5.899213E+01, 1.000,  183
 90.000000, 67.500000,  9.525843E-03,  1.930559E-01, -7.495622E+01,-1.000,   44
 90.000000, 67.500000,  9.530806E-03,  1.921943E-01, -7.484444E+01,-1.000,   44
 90.000000, 67.500000,  1.199436E-02,  1.682838E-01, -4.044031E+01, 1.000,  198
 90.000000, 67.500000,  1.199796E-02,  1.681244E-01, -4.059809E+01, 1.000,  195
 90.000000, 67.500000,  2.116420E-01,  3.884670E-01, -1.044617E+02, 1.000,  204
 90.000000, 67.500000,  1.089402E+00,  9.967591E-01, -2.992781E+01, 1.000,  192
 90.000000, 67.500000,  1.089407E+00,  9.970511E-01, -3.080961E+01, 1.000,  192
 90.000000, 65.454545,  9.145489E-03,  1.907535E-01, -6.728665E+01,-1.000,   28
 90.000000, 65.454545,  9.155147E-03,  1.899328E-01, -6.728457E+01,-1.000,   28
 90.000000, 65.454545,  1.190652E-02,  1.627113E-01, -4.025944E+01, 1.000,  207
 90.000000, 65.454545,  1.191510E-02,  1.627188E-01, -4.044426E+01, 1.000,  216
 90.000000, 65.454545,  2.104359E-01,  3.863797E-01, -1.038122E+02, 1.000,  207
 90.000000, 65.454545,  1.028267E+00,  9.415417E-01, -2.680811E+01, 1.000,  192
 90.000000, 65.454545,  1.028268E+00,  9.413825E-01, -2.663300E+01, 1.000,  192
 90.000000, 63.409091,  8.678465E-03,  1.811733E-01, -6.064207E+01,-1.000,    4
 90.000000, 63.409091,  8.776935E-03,  1.783265E-01, -6.026200E+01,-1.000,   36
 90.000000, 63.409091,  8.832567E-03,  1.781725E-01, -6.022075E+01,-1.000,   28
 90.000000, 63.409091,  1.181056E-02,  1.567940E-01, -4.003805E+01, 1.000,  204
 90.000000, 63.409091,  1.182776E-02,  1.568678E-01, -4.029622E+01, 1.000,  210
 90.000000, 63.409091,  2.091555E-01,  3.839760E-01, -1.027955E+02, 1.000,  207
 90.000000, 63.409091,  9.747217E-01,  8.962871E-01, -3.273098E+01, 1.000,  189
 90.000000, 63.409091,  9.747234E-01,  8.963030E-01, -3.272692E+01, 1.000,  189
 90.000000, 61.363636,  8.310129E-03,  1.766388E-01, -5.430070E+01,-1.000,    8
 90.000000, 61.363636,  8.471600E-03,  1.720131E-01, -5.426863E+01,-1.000,   36
 90.000000, 61.363636,  8.485655E-03,  1.716473E-01, -5.434000E+01,-1.000,   32
 90.000000, 61.363636,  1.135223E-02,  1.511137E-01, -3.489055E+01, 1.000,   69
 90.000000, 61.363636,  1.163871E-02,  1.517509E-01, -3.822834E+01, 1.000,  204
 90.000000, 61.363636,  1.178410E-02,  1.522337E-01, -3.986233E+01, 1.000,  135
 90.000000, 61.363636,  2.079030E-01,  3.813998E-01, -1.017473E+02, 1.000,  207
 90.000000, 61.363636,  9.269571E-01,  8.561753E-01, -3.625563E+01, 1.000,  198
 90.000000, 61.363636,  9.269581E-01,  8.561214E-01, -3.627351E+01, 1.000,  198
 90.000000, 59.318182,  7.933968E-03,  1.731193E-01, -4.905370E+01,-1.000,    4
 90.000000, 59.318182,  8.002253E-03,  1.721196E-01, -4.893755E+01,-1.000,   16
 90.000000, 59.318182,  8.173408E-03,  1.665625E-01, -4.906280E+01,-1.000,   36
 90.000000, 59.318182,  8.187562E-03,  1.662657E-01, -4.907440E+01,-1.000,   28
 90.000000, 59.318182,  1.146872E-02,  1.467836E-01, -3.610560E+01, 1.000,  210
 90.000000, 59.318182,  1.147179E-02,  1.468483E-01, -3.612368E+01, 1.000,  207
 90.000000, 59.318182,  2.063335E-01,  3.786390E-01, -1.003564E+02, 1.000,  204
 90.000000, 59.318182,  8.837801E-01,  8.197618E-01, -3.640763E+01, 1.000,  198
 90.000000, 59.318182,  8.837811E-01,  8.198446E-01, -3.649116E+01, 1.000,  198
 90.000000, 57.272727,  7.650129E-03,  1.682108E-01, -4.433264E+01,-1.000,   12
 90.000000, 57.272727,  7.730086E-03,  1.669595E-01, -4.438949E+01,-1.000,   16
 90.000000, 57.272727,  7.869052E-03,  1.625856E-01, -4.450670E+01,-1.000,   28
 90.000000, 57.272727,  7.908886E-03,  1.619574E-01, -4.443093E+01,-1.000,   20
 90.000000, 57.272727,  1.122641E-02,  1.424453E-01, -3.283890E+01, 1.000,  213
 90.000000, 57.272727,  1.124814E-02,  1.421272E-01, -3.327436E+01, 1.000,  201
 90.000000, 57.272727,  2.047819E-01,  3.756184E-01, -9.880908E+01, 1.000,  210
 90.000000, 57.272727,  8.445527E-01,  7.859459E-01, -3.395372E+01, 1.000,  201
 90.000000, 57.272727,  8.445608E-01,  7.860904E-01, -3.401475E+01, 1.000,  201
 90.000000, 55.227273,  7.406395E-03,  1.640735E-01, -4.014704E+01,-1.000,   40
 90.000000, 55.227273,  7.480411E-03,  1.627503E-01, -4.022000E+01,-1.000,   52
 90.000000, 55.227273,  7.597848E-03,  1.609196E-01, -4.019151E+01,-1.000,    8
 90.000000, 55.227273,  1.073151E-02,  1.396209E-01, -2.630832E+01, 1.000,   60
 90.000000, 55.227273,  1.100961E-02,  1.367694E-01, -3.058498E+01, 1.000,  204
 90.000000, 55.227273,  1.109418E-02,  1.372675E-01, -3.117515E+01, 1.000,  144
 90.000000, 55.227273,  2.031524E-01,  3.726166E-01, -9.683027E+01, 1.000,  207
 90.000000, 55.227273,  8.087920E-01,  7.544675E-01, -2.986603E+01, 1.000,  198
 90.000000, 55.227273,  8.087991E-01,  7.543629E-01, -2.987882E+01, 1.000,  198
 90.000000, 53.181818,  7.013250E-03,  1.572399E-01, -3.683319E+01,-1.000,    8
 90.000000, 53.181818,  7.030624E-03,  1.591873E-01, -3.676956E+01,-1.000,    8
 90.000000, 53.181818,  7.191351E-03,  1.589110E-01, -3.699473E+01,-1.000,    8
 90.000000, 53.181818,  7.292471E-03,  1.551606E-01, -3.712114E+01,-1.000,   48
 90.000000, 53.181818,  7.354010E-03,  1.534952E-01, -3.717042E+01,-1.000,   32
 90.000000, 53.181818,  1.070619E-02,  1.326004E-01, -2.721866E+01, 1.000,  195
 90.000000, 53.181818,  1.071640E-02,  1.326061E-01, -2.729938E+01, 1.000,  210
 90.000000, 53.181818,  2.015902E-01,  3.693340E-01, -9.515698E+01, 1.000,  195
 90.000000, 53.181818,  7.761530E-01,  7.246933E-01, -2.496943E+01, 1.000,  195
 90.000000, 53.181818,  7.761558E-01,  7.247953E-01, -2.499911E+01, 1.000,  195
 90.000000, 51.136364,  6.754940E-03,  1.575575E-01, -3.307483E+01,-1.000,    4
 90.000000, 51.136364,  7.011826E-03,  1.524584E-01, -3.364154E+01,-1.000,   88
 90.000000, 51.136364,  7.031247E-03,  1.525977E-01, -3.366524E+01,-1.000,   76
 90.000000, 51.136364,  1.043302E-02,  1.281634E-01, -2.438054E+01, 1.000,  204
 90.000000, 51.136364,  1.044280E-02,  1.285238E-01, -2.408796E+01, 1.000,  207
 90.000000, 51.136364,  1.999872E-01,  3.660550E-01, -9.310837E+01, 1.000,  198
 90.000000, 51.136364,  7.463173E-01,  6.968929E-01, -1.988056E+01, 1.000,  195
 90.000000, 51.136364,  7.463250E-01,  6.969802E-01, -1.992441E+01, 1.000,  195
 90.000000, 49.090909,  6.492022E-03,  1.580354E-01, -3.055034E+01,-1.000,    4
 90.000000, 49.090909,  6.532468E-03,  1.464060E-01, -3.075625E+01,-1.000,   24
 90.000000, 49.090909,  6.639126E-03,  1.505840E-01, -3.078830E+01,-1.000,   32
 90.000000, 49.090909,  6.747315E-03,  1.497929E-01, -3.060227E+01,-1.000,   36
 90.000000, 49.090909,  6.848933E-03,  1.489312E-01, -3.076810E+01,-1.000,   72
 90.000000, 49.090909,  6.862852E-03,  1.475973E-01, -3.073374E+01,-1.000,   52
 90.000000, 49.090909,  1.017957E-02,  1.245551E-01, -2.149604E+01, 1.000,  207
 90.000000, 49.090909,  1.018739E-02,  1.240409E-01, -2.176120E+01, 1.000,  213
 90.000000, 49.090909,  1.981775E-01,  3.624923E-01, -9.084454E+01, 1.000,  207
 90.000000, 49.090909,  7.190244E-01,  6.710270E-01, -1.497370E+01, 1.000,  201
 90.000000, 49.090909,  7.190248E-01,  6.707434E-01, -1.500877E+01, 1.000,  201
 90.000000, 47.045455,  6.313581E-03,  1.453256E-01, -2.823696E+01,-1.000,   32
 90.000000, 47.045455,  6.338711E-03,  1.419868E-01, -2.828518E+01,-1.000,   20
 90.000000, 47.045455,  6.613145E-03,  1.462699E-01, -2.821242E+01,-1.000,   96
 90.000000, 47.045455,  6.616755E-03,  1.456188E-01, -2.814768E+01,-1.000,  104
 90.000000, 47.045455,  9.927273E-03,  1.202869E-01, -1.938695E+01, 1.000,  210
 90.000000, 47.045455,  9.929065E-03,  1.203795E-01, -1.926825E+01, 1.000,  210
 90.000000, 47.045455,  1.963988E-01,  3.592898E-01, -8.834362E+01, 1.000,  210
 90.000000, 47.045455,  6.941126E-01,  6.466588E-01, -1.065526E+01, 1.000,  204
 90.000000, 47.045455,  6.941163E-01,  6.465485E-01, -1.064200E+01, 1.000,  204
 90.000000, 45.000000,  6.141495E-03,  1.372691E-01, -2.629330E+01,-1.000,   20
 90.000000, 45.000000,  6.157764E-03,  1.471940E-01, -2.600554E+01,-1.000,   56
 90.000000, 45.000000,  6.313062E-03,  1.489274E-01, -2.565391E+01,-1.000,   44
 90.000000, 45.000000,  6.452841E-03,  1.339650E-01, -2.625323E+01,-1.000,   48
 90.000000, 45.000000,  6.455052E-03,  1.346071E-01, -2.625326E+01,-1.000,   64
 90.000000, 45.000000,  9.662578E-03,  1.143792E-01, -1.884497E+01, 1.000,  210
 90.000000, 45.000000,  9.667260E-03,  1.178409E-01, -1.635194E+01, 1.000,  216
 90.000000, 45.000000,  1.947355E-01,  3.553009E-01, -8.605417E+01, 1.000,  210
 90.000000, 45.000000,  6.713895E-01,  6.233534E-01, -6.914433E+00, 1.000,  201
 90.000000, 45.000000,  6.714001E-01,  6.241417E-01, -7.024643E+00, 1.000,  201
 90.000000, 42.954545,  5.966148E-03,  1.346160E-01, -2.456207E+01,-1.000,   40
 90.000000, 42.954545,  5.975079E-03,  1.344909E-01, -2.473978E+01,-1.000,   72
 90.000000, 42.954545,  6.252573E-03,  1.365312E-01, -2.432409E+01,-1.000,  112
 90.000000, 42.954545,  6.260900E-03,  1.374847E-01, -2.416894E+01,-1.000,  136
 90.000000, 42.954545,  9.432607E-03,  1.117417E-01, -1.661824E+01, 1.000,  213
 90.000000, 42.954545,  9.452043E-03,  1.120453E-01, -1.637128E+01, 1.000,  213
 90.000000, 42.954545,  1.928132E-01,  3.516514E-01, -8.336293E+01, 1.000,  207
 90.000000, 42.954545,  6.506486E-01,  6.031496E-01, -3.997719E+00, 1.000,  201
 90.000000, 42.954545,  6.506520E-01,  6.029680E-01, -3.979683E+00, 1.000,  201
 90.000000, 40.909091,  5.985586E-03,  1.337263E-01, -2.281395E+01,-1.000,  204
 90.000000, 40.909091,  5.993845E-03,  1.334068E-01, -2.284653E+01,-1.000,  188
 90.000000, 40.909091,  9.215260E-03,  1.102961E-01, -1.393358E+01, 1.000,  210
 90.000000, 40.909091,  9.227172E-03,  1.102638E-01, -1.417642E+01, 1.000,  213
 90.000000, 40.909091,  1.911911E-01,  3.479025E-01, -8.086465E+01, 1.000,  207
 90.000000, 40.909091,  6.317549E-01,  5.837154E-01, -1.564753E+00, 1.000,  201
 90.000000, 40.909091,  6.317585E-01,  5.836403E-01, -1.589997E+00, 1.000,  204
 90.000000, 38.863636,  5.828625E-03,  1.316806E-01, -2.131590E+01,-1.000,  244
 90.000000, 38.863636,  5.843738E-03,  1.315757E-01, -2.130899E+01,-1.000,  232
 90.000000, 38.863636,  9.006920E-03,  1.075769E-01, -1.278776E+01, 1.000,  216
 90.000000, 38.863636,  9.009281E-03,  1.076532E-01, -1.283271E+01, 1.000,  216
 90.000000, 38.863636,  1.895313E-01,  3.443041E-01, -7.834006E+01, 1.000,  213
 90.000000, 38.863636,  6.145384E-01,  5.570670E-01, -3.611422E+00, 1.000,    6
 90.000000, 38.863636,  6.145475E-01,  5.649203E-01, -1.320171E+00, 1.000,  123
 90.000000, 38.863636,  6.145503E-01,  5.642376E-01, -7.749808E-01, 1.000,  504
 90.000000, 38.863636,  6.145538E-01,  5.640138E-01, -5.680916E-01, 1.000,  408
 90.000000, 36.818182,  5.529023E-03,  1.299608E-01, -2.006011E+01,-1.000,   24
 90.000000, 36.818182,  5.552656E-03,  1.305046E-01, -1.989185E+01,-1.000,   28
 90.000000, 36.818182,  5.555709E-03,  1.293111E-01, -2.046347E+01,-1.000,   36
 90.000000, 36.818182,  5.667936E-03,  1.275902E-01, -2.061905E+01,-1.000,   76
 90.000000, 36.818182,  5.716193E-03,  1.350661E-01, -1.805685E+01,-1.000,    4
 90.000000, 36.818182,  5.738088E-03,  1.289677E-01, -2.007462E+01,-1.000,   92
 90.000000, 36.818182,  5.738458E-03,  1.292516E-01, -1.996832E+01,-1.000,  144
 90.000000, 36.818182,  5.746801E-03,  1.277269E-01, -2.038395E+01,-1.000,   88
 90.000000, 36.818182,  5.775871E-03,  1.276725E-01, -2.023112E+01,-1.000,    4
 90.000000, 36.818182,  8.816248E-03,  1.049880E-01, -1.167453E+01, 1.000,  222
 90.000000, 36.818182,  8.817858E-03,  1.049513E-01, -1.171341E+01, 1.000,  207
 90.000000, 36.818182,  1.878358E-01,  3.408044E-01, -7.580251E+01, 1.000,  219
 90.000000, 36.818182,  5.990067E-01,  5.469857E-01, -1.550833E+00, 1.000,  357
 90.000000, 36.818182,  5.990241E-01,  5.468215E-01, -1.790772E+00, 1.000,  315
 90.000000, 36.818182,  5.990979E-01,  5.436879E-01, -2.087185E+00, 1.000,  321
 90.000000, 36.818182,  5.991204E-01,  5.431155E-01, -2.445360E+00, 1.000,  279
 90.000000, 34.772727,  5.592206E-03,  1.270313E-01, -1.878502E+01,-1.000,  280
 90.000000, 34.772727,  5.615302E-03,  1.269951E-01, -1.872987E+01,-1.000,  296
 90.000000, 34.772727,  8.658271E-03,  1.008092E-01, -1.121777E+01, 1.000,  213
 90.000000, 34.772727,  8.667562E-03,  1.023548E-01, -1.047883E+01, 1.000,  207
 90.000000, 34.772727,  1.865024E-01,  3.373587E-01, -7.345273E+01, 1.000,  204
 90.000000, 34.772727,  5.845692E-01,  5.353761E-01,  2.836924E+00, 1.000,  198
 90.000000, 34.772727,  5.845762E-01,  5.351104E-01,  2.781992E+00, 1.000,  201
 90.000000, 34.772727,  5.852751E-01,  5.285343E-01, -6.367135E+00, 1.000,  195
 90.000000, 34.772727,  5.852850E-01,  5.284234E-01, -5.897362E+00, 1.000,  198
 90.000000, 34.772727,  5.854373E-01,  5.236431E-01, -6.587641E+00, 1.000,  195
 90.000000, 34.772727,  5.854406E-01,  5.242101E-01, -5.779698E+00, 1.000,  201
 90.000000, 32.727273,  5.422289E-03,  1.251298E-01, -1.786038E+01,-1.000,  296
 90.000000, 32.727273,  5.422751E-03,  1.249656E-01, -1.790419E+01,-1.000,  292
 90.000000, 32.727273,  8.469100E-03,  1.009538E-01, -9.949015E+00, 1.000,  210
 90.000000, 32.727273,  8.470670E-03,  1.006290E-01, -1.015476E+01, 1.000,  210
 90.000000, 32.727273,  1.846601E-01,  3.339485E-01, -7.096106E+01, 1.000,  207
 90.000000, 32.727273,  5.716062E-01,  5.218470E-01,  3.569811E+00, 1.000,  198
 90.000000, 32.727273,  5.718683E-01,  5.205355E-01,  1.647188E+00, 1.000,  258
 90.000000, 32.727273,  5.727790E-01,  5.159797E-01, -6.524098E+00, 1.000,  198
 90.000000, 32.727273,  5.727815E-01,  5.156328E-01, -7.297211E+00, 1.000,  135
 90.000000, 32.727273,  5.729497E-01,  5.115497E-01, -6.963963E+00, 1.000,  195
 90.000000, 32.727273,  5.729570E-01,  5.117275E-01, -6.802448E+00, 1.000,  198
 90.000000, 30.681818,  5.306638E-03,  1.231976E-01, -1.699359E+01,-1.000,  288
 90.000000, 30.681818,  5.321813E-03,  1.230590E-01, -1.699221E+01,-1.000,  284
 90.000000, 30.681818,  8.311954E-03,  9.878259E-02, -9.419869E+00, 1.000,  216
 90.000000, 30.681818,  8.314431E-03,  9.860514E-02, -9.343356E+00, 1.000,  210
 90.000000, 30.681818,  1.831640E-01,  3.306344E-01, -6.869177E+01, 1.000,  207
 90.000000, 30.681818,  5.598261E-01,  5.095751E-01,  4.096153E+00, 1.000,  204
 90.000000, 30.681818,  5.598295E-01,  5.096928E-01,  4.090945E+00, 1.000,  204
 90.000000, 30.681818,  5.614778E-01,  5.048565E-01, -7.242543E+00, 1.000,  204
 90.000000, 30.681818,  5.614783E-01,  5.048336E-01, -7.582295E+00, 1.000,  201
 90.000000, 30.681818,  5.616714E-01,  5.007817E-01, -7.587857E+00, 1.000,  204
 90.000000, 30.681818,  5.616755E-01,  5.006493E-01, -7.818349E+00, 1.000,  201
 90.000000, 28.636364,  5.208378E-03,  1.211842E-01, -1.642133E+01,-1.000,  296
 90.000000, 28.636364,  5.217902E-03,  1.211712E-01, -1.636121E+01,-1.000,  296
 90.000000, 28.636364,  8.171590E-03,  9.730475E-02, -8.784448E+00, 1.000,  210
 90.000000, 28.636364,  8.174668E-03,  9.699305E-02, -8.706021E+00, 1.000,  210
 90.000000, 28.636364,  1.817270E-01,  3.276221E-01, -6.657665E+01, 1.000,  210
 90.000000, 28.636364,  5.491517E-01,  4.986706E-01,  4.542999E+00, 1.000,  204
 90.000000, 28.636364,  5.491583E-01,  4.986910E-01,  4.539556E+00, 1.000,  204
 90.000000, 28.636364,  5.512585E-01,  4.951752E-01, -8.091185E+00, 1.000,  204
 90.000000, 28.636364,  5.512651E-01,  4.950673E-01, -8.098160E+00, 1.000,  201
 90.000000, 28.636364,  5.514637E-01,  4.913389E-01, -8.297706E+00, 1.000,  204
 90.000000, 28.636364,  5.514650E-01,  4.915182E-01, -8.083477E+00, 1.000,  201
 90.000000, 26.590909,  5.107203E-03,  1.196204E-01, -1.546204E+01,-1.000,  292
 90.000000, 26.590909,  5.118110E-03,  1.196407E-01, -1.554139E+01,-1.000,  292
 90.000000, 26.590909,  8.038643E-03,  9.549180E-02, -8.066264E+00, 1.000,  213
 90.000000, 26.590909,  8.041268E-03,  9.606157E-02, -8.047176E+00, 1.000,  204
 90.000000, 26.590909,  1.803730E-01,  3.246278E-01, -6.453981E+01, 1.000,  207
 90.000000, 26.590909,  5.395069E-01,  4.885807E-01,  4.810756E+00, 1.000,  207
 90.000000, 26.590909,  5.395104E-01,  4.887247E-01,  4.818946E+00, 1.000,  207
 90.000000, 26.590909,  5.420291E-01,  4.867187E-01, -8.382057E+00, 1.000,  207
 90.000000, 26.590909,  5.420348E-01,  4.867364E-01, -8.496810E+00, 1.000,  201
 90.000000, 26.590909,  5.422350E-01,  4.830432E-01, -8.577222E+00, 1.000,  207
 90.000000, 26.590909,  5.422392E-01,  4.830389E-01, -8.621993E+00, 1.000,  201
 90.000000, 24.545455,  5.045764E-03,  1.182332E-01, -1.561018E+01,-1.000,  288
 90.000000, 24.545455,  5.045883E-03,  1.180437E-01, -1.548855E+01,-1.000,  288
 90.000000, 24.545455,  7.908113E-03,  9.408827E-02, -7.251048E+00, 1.000,  210
 90.000000, 24.545455,  7.910523E-03,  9.389658E-02, -7.195569E+00, 1.000,  207
 90.000000, 24.545455,  1.790772E-01,  3.219233E-01, -6.269640E+01, 1.000,  207
 90.000000, 24.545455,  5.308092E-01,  4.795927E-01,  5.088483E+00, 1.000,  207
 90.000000, 24.545455,  5.308157E-01,  4.795693E-01,  5.085129E+00, 1.000,  207
 90.000000, 24.545455,  5.337149E-01,  4.792872E-01, -8.509978E+00, 1.000,  204
 90.000000, 24.545455,  5.337160E-01,  4.793470E-01, -8.556927E+00, 1.000,  204
 90.000000, 24.545455,  5.339294E-01,  4.757789E-01, -9.061742E+00, 1.000,  204
 90.000000, 24.545455,  5.339304E-01,  4.757876E-01, -8.965542E+00, 1.000,  207
 90.000000, 22.500000,  4.948533E-03,  1.167128E-01, -1.431222E+01,-1.000,  288
 90.000000, 22.500000,  4.950107E-03,  1.167124E-01, -1.430645E+01,-1.000,  288
 90.000000, 22.500000,  7.812952E-03,  9.315336E-02, -7.255021E+00, 1.000,  210
 90.000000, 22.500000,  7.814387E-03,  9.321227E-02, -7.202283E+00, 1.000,  210
 90.000000, 22.500000,  1.779283E-01,  3.193678E-01, -6.092189E+01, 1.000,  207
 90.000000, 22.500000,  5.230131E-01,  4.715605E-01,  5.026274E+00, 1.000,  204
 90.000000, 22.500000,  5.230175E-01,  4.715332E-01,  5.051491E+00, 1.000,  204
 90.000000, 22.500000,  5.262458E-01,  4.724749E-01, -8.627198E+00, 1.000,  207
 90.000000, 22.500000,  5.262487E-01,  4.724049E-01, -8.728979E+00, 1.000,  204
 90.000000, 22.500000,  5.264448E-01,  4.696126E-01, -9.293913E+00, 1.000,  207
 90.000000, 22.500000,  5.264480E-01,  4.695777E-01, -9.234323E+00, 1.000,  204
 90.000000, 20.454545,  4.885995E-03,  1.153439E-01, -1.381075E+01,-1.000,  288
 90.000000, 20.454545,  4.889318E-03,  1.153100E-01, -1.377875E+01,-1.000,  284
 90.000000, 20.454545,  7.716832E-03,  9.143066E-02, -6.920540E+00, 1.000,  216
 90.000000, 20.454545,  7.717093E-03,  9.135745E-02, -6.953736E+00, 1.000,  216
 90.000000, 20.454545,  1.768870E-01,  3.169567E-01, -5.934777E+01, 1.000,  207
 90.000000, 20.454545,  5.160439E-01,  4.645823E-01,  5.115067E+00, 1.000,  204
 90.000000, 20.454545,  5.160507E-01,  4.643732E-01,  5.079561E+00, 1.000,  204
 90.000000, 20.454545,  5.195759E-01,  4.666841E-01, -9.124471E+00, 1.000,  201
 90.000000, 20.454545,  5.195795E-01,  4.666174E-01, -9.097533E+00, 1.000,  204
 90.000000, 20.454545,  5.197686E-01,  4.642868E-01, -9.280274E+00, 1.000,  201
 90.000000, 20.454545,  5.197719E-01,  4.639373E-01, -9.133366E+00, 1.000,  204
 90.000000, 18.409091,  4.810819E-03,  1.143198E-01, -1.344781E+01,-1.000,  288
 90.000000, 18.409091,  4.815224E-03,  1.142870E-01, -1.344530E+01,-1.000,  288
 90.000000, 18.409091,  7.632238E-03,  9.096730E-02, -6.675162E+00, 1.000,  210
 90.000000, 18.409091,  7.632521E-03,  9.076391E-02, -6.677483E+00, 1.000,  216
 90.000000, 18.409091,  1.758142E-01,  3.148677E-01, -5.792130E+01, 1.000,  210
 90.000000, 18.409091,  5.098773E-01,  4.580250E-01,  5.127541E+00, 1.000,  201
 90.000000, 18.409091,  5.098835E-01,  4.579725E-01,  5.111096E+00, 1.000,  201
 90.000000, 18.409091,  5.136631E-01,  4.614150E-01, -8.820894E+00, 1.000,  201
 90.000000, 18.409091,  5.136636E-01,  4.613929E-01, -8.773621E+00, 1.000,  201
 90.000000, 18.409091,  5.138388E-01,  4.590303E-01, -8.858655E+00, 1.000,  201
 90.000000, 18.409091,  5.138408E-01,  4.592072E-01, -8.928574E+00, 1.000,  201
 90.000000, 16.363636,  4.749816E-03,  1.130928E-01, -1.294084E+01,-1.000,  288
 90.000000, 16.363636,  4.754517E-03,  1.130070E-01, -1.295016E+01,-1.000,  288
 90.000000, 16.363636,  7.555897E-03,  8.983945E-02, -6.477425E+00, 1.000,  207
 90.000000, 16.363636,  7.557322E-03,  9.020482E-02, -6.503543E+00, 1.000,  213
 90.000000, 16.363636,  1.749117E-01,  3.128670E-01, -5.666841E+01, 1.000,  207
 90.000000, 16.363636,  5.044554E-01,  4.523412E-01,  5.142047E+00, 1.000,  204
 90.000000, 16.363636,  5.044624E-01,  4.525450E-01,  5.094218E+00, 1.000,  204
 90.000000, 16.363636,  5.084587E-01,  4.568153E-01, -9.075281E+00, 1.000,  204
 90.000000, 16.363636,  5.084642E-01,  4.569428E-01, -9.035346E+00, 1.000,  207
 90.000000, 16.363636,  5.086210E-01,  4.546492E-01, -8.911075E+00, 1.000,  207
 90.000000, 16.363636,  5.086215E-01,  4.548867E-01, -9.008680E+00, 1.000,  204
 90.000000, 14.318182,  4.713432E-03,  1.131162E-01, -1.292444E+01,-1.000,  284
 90.000000, 14.318182,  4.734213E-03,  1.127097E-01, -1.281179E+01,-1.000,  284
 90.000000, 14.318182,  7.484468E-03,  9.002416E-02, -6.309414E+00, 1.000,  210
 90.000000, 14.318182,  7.491039E-03,  8.837783E-02, -6.334179E+00, 1.000,  213
 90.000000, 14.318182,  1.741174E-01,  3.112193E-01, -5.551842E+01, 1.000,  201
 90.000000, 14.318182,  4.997421E-01,  4.475868E-01,  5.112030E+00, 1.000,  201
 90.000000, 14.318182,  4.997501E-01,  4.475060E-01,  5.147601E+00, 1.000,  201
 90.000000, 14.318182,  5.039411E-01,  4.530235E-01, -8.947925E+00, 1.000,  201
 90.000000, 14.318182,  5.039596E-01,  4.531609E-01, -8.987613E+00, 1.000,  201
 90.000000, 14.318182,  5.040813E-01,  4.509685E-01, -8.770012E+00, 1.000,  201
 90.000000, 14.318182,  5.041120E-01,  4.511572E-01, -8.939645E+00, 1.000,  201
 90.000000, 12.272727,  4.665403E-03,  1.114482E-01, -1.238336E+01,-1.000,  288
 90.000000, 12.272727,  4.670376E-03,  1.114183E-01, -1.237725E+01,-1.000,  288
 90.000000, 12.272727,  7.434547E-03,  8.878378E-02, -6.130966E+00, 1.000,  216
 90.000000, 12.272727,  7.438876E-03,  8.905452E-02, -6.206378E+00, 1.000,  210
 90.000000, 12.272727,  1.734229E-01,  3.096536E-01, -5.457014E+01, 1.000,  207
 90.000000, 12.272727,  4.957203E-01,  4.434405E-01,  5.105357E+00, 1.000,  204
 90.000000, 12.272727,  4.957246E-01,  4.433905E-01,  5.119341E+00, 1.000,  204
 90.000000, 12.272727,  5.000780E-01,  4.497971E-01, -8.872100E+00, 1.000,  198
 90.000000, 12.272727,  5.000827E-01,  4.498813E-01, -8.835197E+00, 1.000,  204
 90.000000, 12.272727,  5.002115E-01,  4.480629E-01, -8.836314E+00, 1.000,  198
 90.000000, 12.272727,  5.002177E-01,  4.480562E-01, -8.970590E+00, 1.000,  204
 90.000000, 10.227273,  4.628067E-03,  1.109645E-01, -1.224292E+01,-1.000,  292
 90.000000, 10.227273,  4.632845E-03,  1.110147E-01, -1.225975E+01,-1.000,  292
 90.000000, 10.227273,  7.385322E-03,  8.803627E-02, -6.052958E+00, 1.000,  207
 90.000000, 10.227273,  7.387470E-03,  8.814961E-02, -6.073817E+00, 1.000,  207
 90.000000, 10.227273,  1.728315E-01,  3.084493E-01, -5.376015E+01, 1.000,  207
 90.000000, 10.227273,  4.923542E-01,  4.401112E-01,  5.108357E+00, 1.000,  201
 90.000000, 10.227273,  4.923598E-01,  4.400673E-01,  5.105851E+00, 1.000,  201
 90.000000, 10.227273,  4.968393E-01,  4.468038E-01, -8.708198E+00, 1.000,  204
 90.000000, 10.227273,  4.968431E-01,  4.469044E-01, -8.688618E+00, 1.000,  204
 90.000000, 10.227273,  4.969602E-01,  4.456045E-01, -8.713532E+00, 1.000,  204
 90.000000, 10.227273,  4.969664E-01,  4.455878E-01, -8.671444E+00, 1.000,  204
 90.000000,  8.181818,  4.595120E-03,  1.098141E-01, -1.188205E+01,-1.000,  292
 90.000000,  8.181818,  4.598633E-03,  1.100672E-01, -1.198852E+01,-1.000,  292
 90.000000,  8.181818,  7.350474E-03,  8.794872E-02, -6.015220E+00, 1.000,  207
 90.000000,  8.181818,  7.352518E-03,  8.796477E-02, -6.010722E+00, 1.000,  210
 90.000000,  8.181818,  1.059801E-01,  2.082578E-01,  6.329962E+01, 1.000,    3
 90.000000,  8.181818,  1.065736E-01,  2.090251E-01,  6.294767E+01, 1.000,    3
 90.000000,  8.181818,  1.723264E-01,  3.072809E-01, -5.309962E+01, 1.000,  210
 90.000000,  8.181818,  4.896295E-01,  4.372753E-01,  5.072585E+00, 1.000,  207
 90.000000,  8.181818,  4.896342E-01,  4.373444E-01,  5.079467E+00, 1.000,  207
 90.000000,  8.181818,  4.942246E-01,  4.446983E-01, -8.832347E+00, 1.000,  204
 90.000000,  8.181818,  4.942263E-01,  4.447230E-01, -8.633879E+00, 1.000,  207
 90.000000,  8.181818,  4.943319E-01,  4.435806E-01, -8.645821E+00, 1.000,  207
 90.000000,  8.181818,  4.943324E-01,  4.436553E-01, -8.789976E+00, 1.000,  204
 90.000000,  6.136364,  4.575572E-03,  1.095836E-01, -1.184109E+01,-1.000,  280
 90.000000,  6.136364,  4.576226E-03,  1.095225E-01, -1.188153E+01,-1.000,  280
 90.000000,  6.136364,  7.320909E-03,  8.778723E-02, -5.956326E+00, 1.000,  216
 90.000000,  6.136364,  7.323450E-03,  8.749032E-02, -5.997600E+00, 1.000,  213
 90.000000,  6.136364,  1.054851E-01,  2.077011E-01,  6.774960E+01, 1.000,    3
 90.000000,  6.136364,  1.058988E-01,  2.082731E-01,  6.561190E+01, 1.000,    3
 90.000000,  6.136364,  1.719343E-01,  3.063135E-01, -5.257204E+01, 1.000,  207
 90.000000,  6.136364,  4.875235E-01,  4.350542E-01,  5.063279E+00, 1.000,  207
 90.000000,  6.136364,  4.875280E-01,  4.351852E-01,  5.088839E+00, 1.000,  207
 90.000000,  6.136364,  4.922032E-01,  4.425665E-01, -8.660671E+00, 1.000,  207
 90.000000,  6.136364,  4.922073E-01,  4.427521E-01, -8.766595E+00, 1.000,  207
 90.000000,  6.136364,  4.922937E-01,  4.420000E-01, -8.613678E+00, 1.000,  207
 90.000000,  6.136364,  4.923012E-01,  4.419623E-01, -8.764108E+00, 1.000,  207
 90.000000,  4.090909,  4.563095E-03,  1.095569E-01, -1.174529E+01,-1.000,  272
 90.000000,  4.090909,  4.564113E-03,  1.095858E-01, -1.170510E+01,-1.000,  272
 90.000000,  4.090909,  7.300154E-03,  8.754613E-02, -5.903877E+00, 1.000,  219
 90.000000,  4.090909,  7.301908E-03,  8.764088E-02, -5.908950E+00, 1.000,  216
 90.000000,  4.090909,  1.716603E-01,  3.058616E-01, -5.220394E+01, 1.000,  204
 90.000000,  4.090909,  4.860256E-01,  4.335942E-01,  5.082670E+00, 1.000,  204
 90.000000,  4.090909,  4.860313E-01,  4.337733E-01,  5.079786E+00, 1.000,  204
 90.000000,  4.090909,  4.907721E-01,  4.413764E-01, -8.695258E+00, 1.000,  204
 90.000000,  4.090909,  4.907726E-01,  4.416266E-01, -8.823878E+00, 1.000,  207
 90.000000,  4.090909,  4.908504E-01,  4.411683E-01, -8.650735E+00, 1.000,  204
 90.000000,  4.090909,  4.908505E-01,  4.412147E-01, -8.797473E+00, 1.000,  207
 90.000000,  2.045455,  4.550750E-03,  1.094810E-01, -1.168270E+01,-1.000,  280
 90.000000,  2.045455,  4.555382E-03,  1.095292E-01, -1.169709E+01,-1.000,  280
 90.000000,  2.045455,  7.285898E-03,  8.726017E-02, -5.860690E+00, 1.000,  225
 90.000000,  2.045455,  7.288199E-03,  8.743685E-02, -5.878727E+00, 1.000,  216
 90.000000,  2.045455,  1.714811E-01,  3.053872E-01, -5.196390E+01, 1.000,  210
 90.000000,  2.045455,  4.851295E-01,  4.326985E-01,  5.090995E+00, 1.000,  210
 90.000000,  2.045455,  4.851356E-01,  4.327108E-01,  5.089753E+00, 1.000,  210
 90.000000,  2.045455,  4.899173E-01,  4.406239E-01, -8.763960E+00, 1.000,  210
 90.000000,  2.045455,  4.899174E-01,  4.405617E-01, -8.619607E+00, 1.000,  210
 90.000000,  2.045455,  4.899800E-01,  4.403617E-01, -8.660259E+00, 1.000,  210
 90.000000,  2.045455,  4.899828E-01,  4.406258E-01, -8.659179E+00, 1.000,  210
 90.000000,  0.000000,  4.558220E-03,  1.092556E-01, -1.172028E+01,-1.000,  280
 90.000000,  0.000000,  4.566469E-03,  1.093651E-01, -1.172379E+01,-1.000,  280
 90.000000,  0.000000,  7.277441E-03,  8.725660E-02, -5.856444E+00, 1.000,  189
 90.000000,  0.000000,  7.281738E-03,  8.736860E-02, -5.855348E+00, 1.000,  210
 90.000000,  0.000000,  1.052118E-01,  2.065702E-01,  5.630780E+01, 1.000,    6
 90.000000,  0.000000,  1.052935E-01,  2.073939E-01,  5.615126E+01, 1.000,    3
 90.000000,  0.000000,  1.714502E-01,  3.053016E-01, -5.188403E+01, 1.000,  210
 90.000000,  0.000000,  4.848250E-01,  4.326180E-01,  5.116048E+00, 1.000,  210
 90.000000,  0.000000,  4.848283E-01,  4.327970E-01,  5.108535E+00, 1.000,  210
 90.000000,  0.000000,  4.896309E-01,  4.405237E-01, -8.700441E+00, 1.000,  210
 90.000000,  0.000000,  4.896345E-01,  4.401598E-01, -8.675726E+00, 1.000,  210
 90.000000,  0.000000,  4.896809E-01,  4.402751E-01, -8.602001E+00, 1.000,  210
 90.000000,  0.000000,  4.896818E-01,  4.406120E-01, -8.629202E+00, 1.000,  210
