 Short results file generated by S.K.E.A.F. v1.3.0 r149
 
 XCrysDen FS filename: simulated.bxsf                                    
 Fermi energy:     0.011652 Ryd 
 Original     nx =   50  ny =   50  nz =   50   numkpoints =      125000
 New      numint =  100                       numkpoints =    62570773
 H-vector direction: r   Number of auto rotated angles =    10
 Theta =  90.000000 to  90.000000 degrees;  Phi =   0.000000 to  60.000000 degrees 
 Minimum extremal FS freq.:   0.0000 kT 
 Maximum fractional diff. between orbit freqs. for averaging:   0.010
 Maximum distance (fraction of RUC side length) between orbit avg. coords. for averaging:   0.050
 Extremal orbits near super-cell walls are REJECTED from the output.
 
 Started finding DOS on 25/ 4/2023 at 22:51:56.849
 
 Reciprocal Unit Cell volume =     4.897049 Angstroms^-3 (   63521199 k-points)   Vol of 1 k-point =  0.000000077093 Angstroms^-3
 Band electron (occupied) volume =     0.980328 Angstroms^-3 (   12716156 k-points), Roughly estimated number of electrons in this band** =   0.400375
 Band hole (unoccupied) volume =     3.916721 Angstroms^-3 (   50805043 k-points), Roughly estimated number of holes in this band** =   1.599625
 (E_F - E_bandminimum)/E_bandwidth =   0.099519
 **Either the estimated number of electrons (for an electron-like band) or holes (for a hole-like band) calculated above should be used. 
 
 Contribution of this band to the DOS(E_F) =   84.136 Angstroms^-3 Rydbergs^-1 per spin direction
 (i.e. # of states per volume per energy per spin direction, at the Fermi energy)
 
 DOS calculation took  0hr: 0min:37.881s
 
 Started main FS algorithm on 25/ 4/2023 at 22:52:34.730
 
 ------------------------------ 
 ANGLE     1 of    10; theta =  90.000000, phi =   0.000000 degrees
 
 Predicted dHvA frequencies: 
 
 Freq. =   4.7304+/-  0.0000 kT, m* =   3.4553+/-  0.0000 m_e, Curv. =   1.6525E+01+/-  2.3921E-10 kT A^2, orbit (1=e,-1=h):  1.0+/- 0.0
 Orbit copies found:    12, RUC avg coords: (  0.5000+/-  0.0000,  0.5000+/-  0.0000,  0.0000+/-  0.0000)
 
 Freq. =   7.4337+/-  0.0000 kT, m* =   5.4251+/-  0.0000 m_e, Curv. =  -2.0545E+01+/-  2.6381E-10 kT A^2, orbit (1=e,-1=h):  1.0+/- 0.0
 Orbit copies found:    16, RUC avg coords: (  0.5000+/-  0.0000,  0.5000+/-  0.0000,  0.5019+/-  0.0048)
 
 
 ------------------------------ 
 ANGLE     2 of    10; theta =  90.000000, phi =   6.666667 degrees
 
 Predicted dHvA frequencies: 
 
 Freq. =   4.7711+/-  0.0002 kT, m* =   3.4916+/-  0.0022 m_e, Curv. =   1.6777E+01+/-  1.0136E-01 kT A^2, orbit (1=e,-1=h):  1.0+/- 0.0
 Orbit copies found:    20, RUC avg coords: (  0.5000+/-  0.0000,  0.5000+/-  0.0008,  0.9993+/-  0.0029)
 
 Freq. =   7.4688+/-  0.0002 kT, m* =   5.4421+/-  0.0025 m_e, Curv. =  -2.0577E+01+/-  3.2661E-02 kT A^2, orbit (1=e,-1=h):  1.0+/- 0.0
 Orbit copies found:    20, RUC avg coords: (  0.5000+/-  0.0000,  0.5001+/-  0.0010,  0.5006+/-  0.0030)
 
 
 ------------------------------ 
 ANGLE     3 of    10; theta =  90.000000, phi =  13.333333 degrees
 
 Predicted dHvA frequencies: 
 
 Freq. =   4.8962+/-  0.0002 kT, m* =   3.6022+/-  0.0025 m_e, Curv. =   1.7866E+01+/-  6.6853E-02 kT A^2, orbit (1=e,-1=h):  1.0+/- 0.0
 Orbit copies found:    22, RUC avg coords: (  0.5000+/-  0.0000,  0.4998+/-  0.0010,  0.9998+/-  0.0028)
 
 Freq. =   7.5747+/-  0.0002 kT, m* =   5.4842+/-  0.0019 m_e, Curv. =  -2.0592E+01+/-  1.4072E-01 kT A^2, orbit (1=e,-1=h):  1.0+/- 0.0
 Orbit copies found:    18, RUC avg coords: (  0.5000+/-  0.0000,  0.4997+/-  0.0006,  0.5002+/-  0.0030)
 
 
 ------------------------------ 
 ANGLE     4 of    10; theta =  90.000000, phi =  20.000000 degrees
 
 Predicted dHvA frequencies: 
 
 Freq. =   5.1190+/-  0.0001 kT, m* =   3.8005+/-  0.0005 m_e, Curv. =   1.9959E+01+/-  5.9509E-02 kT A^2, orbit (1=e,-1=h):  1.0+/- 0.0
 Orbit copies found:    22, RUC avg coords: (  0.5000+/-  0.0000,  0.4996+/-  0.0008,  0.0021+/-  0.0012)
 
 Freq. =   7.7571+/-  0.0002 kT, m* =   5.5577+/-  0.0025 m_e, Curv. =  -2.0581E+01+/-  6.6192E-02 kT A^2, orbit (1=e,-1=h):  1.0+/- 0.0
 Orbit copies found:    20, RUC avg coords: (  0.5000+/-  0.0000,  0.4989+/-  0.0008,  0.4969+/-  0.0011)
 
 
 ------------------------------ 
 ANGLE     5 of    10; theta =  90.000000, phi =  26.666667 degrees
 
 Predicted dHvA frequencies: 
 
 Freq. =   5.4655+/-  0.0003 kT, m* =   4.1210+/-  0.0011 m_e, Curv. =   2.2755E+01+/-  2.0278E-01 kT A^2, orbit (1=e,-1=h):  1.0+/- 0.0
 Orbit copies found:    20, RUC avg coords: (  0.5000+/-  0.0000,  0.4993+/-  0.0013,  0.0017+/-  0.0027)
 
 Freq. =   8.0259+/-  0.0002 kT, m* =   5.6685+/-  0.0030 m_e, Curv. =  -2.0487E+01+/-  2.3994E-01 kT A^2, orbit (1=e,-1=h):  1.0+/- 0.0
 Orbit copies found:    22, RUC avg coords: (  0.5000+/-  0.0000,  0.5003+/-  0.0008,  0.4994+/-  0.0035)
 
 
 ------------------------------ 
 ANGLE     6 of    10; theta =  90.000000, phi =  33.333333 degrees
 
 Predicted dHvA frequencies: 
 
 Freq. =   5.9822+/-  0.0003 kT, m* =   4.6106+/-  0.0018 m_e, Curv. =   2.7467E+01+/-  9.1305E-03 kT A^2, orbit (1=e,-1=h):  1.0+/- 0.0
 Orbit copies found:    18, RUC avg coords: (  0.5000+/-  0.0000,  0.5001+/-  0.0015,  0.9997+/-  0.0040)
 
 Freq. =   8.3969+/-  0.0002 kT, m* =   5.8249+/-  0.0036 m_e, Curv. =  -2.0363E+01+/-  1.5782E-01 kT A^2, orbit (1=e,-1=h):  1.0+/- 0.0
 Orbit copies found:    22, RUC avg coords: (  0.5000+/-  0.0000,  0.4999+/-  0.0009,  0.4999+/-  0.0036)
 
 
 ------------------------------ 
 ANGLE     7 of    10; theta =  90.000000, phi =  40.000000 degrees
 
 Predicted dHvA frequencies: 
 
 Freq. =   6.7549+/-  0.0004 kT, m* =   5.3734+/-  0.0016 m_e, Curv. =   3.2394E+01+/-  7.8054E-02 kT A^2, orbit (1=e,-1=h):  1.0+/- 0.0
 Orbit copies found:    16, RUC avg coords: (  0.5000+/-  0.0000,  0.5006+/-  0.0012,  0.9990+/-  0.0035)
 
 Freq. =   8.8956+/-  0.0002 kT, m* =   6.0413+/-  0.0032 m_e, Curv. =  -1.9805E+01+/-  1.6134E-01 kT A^2, orbit (1=e,-1=h):  1.0+/- 0.0
 Orbit copies found:    20, RUC avg coords: (  0.5000+/-  0.0000,  0.5001+/-  0.0009,  0.5004+/-  0.0029)
 
 
 ------------------------------ 
 ANGLE     8 of    10; theta =  90.000000, phi =  46.666667 degrees
 
 Predicted dHvA frequencies: 
 
 Freq. =   7.9417+/-  0.0000 kT, m* =   6.5739+/-  0.0012 m_e, Curv. =   3.1772E+01+/-  2.2734E-02 kT A^2, orbit (1=e,-1=h):  1.0+/- 0.0
 Orbit copies found:    14, RUC avg coords: (  0.5000+/-  0.0000,  0.5000+/-  0.0006,  0.9997+/-  0.0010)
 
 Freq. =   9.5636+/-  0.0000 kT, m* =   6.3503+/-  0.0022 m_e, Curv. =  -1.8096E+01+/-  1.8748E-02 kT A^2, orbit (1=e,-1=h):  1.0+/- 0.0
 Orbit copies found:    24, RUC avg coords: (  0.5000+/-  0.0000,  0.4993+/-  0.0006,  0.5005+/-  0.0012)
 
 
 ------------------------------ 
 ANGLE     9 of    10; theta =  90.000000, phi =  53.333333 degrees
 
 Predicted dHvA frequencies: 
 
 Freq. =   9.8149+/-  0.0001 kT, m* =   8.3568+/-  0.0029 m_e, Curv. =   4.6947E+00+/-  5.5548E-02 kT A^2, orbit (1=e,-1=h):  1.0+/- 0.0
 Orbit copies found:    16, RUC avg coords: (  0.5000+/-  0.0000,  0.4993+/-  0.0012,  1.0025+/-  0.0071)
 
 Freq. =  10.4743+/-  0.0001 kT, m* =   6.8011+/-  0.0016 m_e, Curv. =  -1.3632E+01+/-  5.5387E-02 kT A^2, orbit (1=e,-1=h):  1.0+/- 0.0
 Orbit copies found:    16, RUC avg coords: (  0.5000+/-  0.0000,  0.5004+/-  0.0007,  0.5008+/-  0.0033)
 
 
 ------------------------------ 
 ANGLE    10 of    10; theta =  90.000000, phi =  60.000000 degrees
 
 Predicted dHvA frequencies: 
 
 Freq. =  11.7827+/-  0.0000 kT, m* =   7.5607+/-  0.0042 m_e, Curv. =   1.5278E+00+/-  3.7709E-02 kT A^2, orbit (1=e,-1=h):  1.0+/- 0.0
 Orbit copies found:    14, RUC avg coords: (  0.5000+/-  0.0000,  0.5002+/-  0.0009,  0.4997+/-  0.0050)
 
 Freq. =  12.6657+/-  0.0005 kT, m* =  10.3660+/-  0.0037 m_e, Curv. =  -5.4913E+01+/-  1.3172E-01 kT A^2, orbit (1=e,-1=h):  1.0+/- 0.0
 Orbit copies found:    12, RUC avg coords: (  0.5000+/-  0.0000,  0.4995+/-  0.0008,  0.0012+/-  0.0070)
 
 
 Comparing the volumes enclosed by electron and hole orbits (angle-averaged), this band is estimated to be 100.0% electron-like and   0.0% hole-like.
 
 The interpolation and orbit detection for the first angle took  0hr: 0min:22.408s
 
 The FS matching/extremum finding for the first angle took  0hr: 0min: 0.032s
 
 Calculations for one angle took  0hr: 0min:22.440s
 
 Whole program run took  0hr: 4min:40.658s
 
 Program finished on 25/ 4/2023 at 22:56:37.507
