 Short results file generated by S.K.E.A.F. v1.3.0 r149
 
 XCrysDen FS filename: simulated.bxsf                                    
 Fermi energy:     0.011652 Ryd 
 Original     nx =   50  ny =   50  nz =   50   numkpoints =      125000
 New      numint =  100                       numkpoints =    62570773
 H-vector direction: r   Number of auto rotated angles =    10
 Theta =  90.000000 to  90.000000 degrees;  Phi =   0.000000 to  90.000000 degrees 
 Minimum extremal FS freq.:   0.0000 kT 
 Maximum fractional diff. between orbit freqs. for averaging:   0.010
 Maximum distance (fraction of RUC side length) between orbit avg. coords. for averaging:   0.050
 Extremal orbits near super-cell walls are REJECTED from the output.
 
 Started finding DOS on 25/ 4/2023 at 23: 3:30.127
 
 Reciprocal Unit Cell volume =     4.897049 Angstroms^-3 (   63521199 k-points)   Vol of 1 k-point =  0.000000077093 Angstroms^-3
 Band electron (occupied) volume =     0.041595 Angstroms^-3 (     539536 k-points), Roughly estimated number of electrons in this band** =   0.016988
 Band hole (unoccupied) volume =     4.855455 Angstroms^-3 (   62981663 k-points), Roughly estimated number of holes in this band** =   1.983012
 (E_F - E_bandminimum)/E_bandwidth =   0.020969
 **Either the estimated number of electrons (for an electron-like band) or holes (for a hole-like band) calculated above should be used. 
 
 Contribution of this band to the DOS(E_F) =    5.360 Angstroms^-3 Rydbergs^-1 per spin direction
 (i.e. # of states per volume per energy per spin direction, at the Fermi energy)
 
 DOS calculation took  0hr: 0min:39.542s
 
 Started main FS algorithm on 25/ 4/2023 at 23: 4: 9.670
 
 ------------------------------ 
 ANGLE     1 of    10; theta =  90.000000, phi =   0.000000 degrees
 
 Predicted dHvA frequencies: 
 
 Freq. =   1.5161+/-  0.0000 kT, m* =   1.1153+/-  0.0000 m_e, Curv. =  -6.6295E+01+/-  2.8216E-10 kT A^2, orbit (1=e,-1=h):  1.0+/- 0.0
 Orbit copies found:    64, RUC avg coords: (  0.5000+/-  0.0000,  0.5000+/-  0.0000,  0.5002+/-  0.0051)
 
 
 ------------------------------ 
 ANGLE     2 of    10; theta =  90.000000, phi =  10.000000 degrees
 
 Predicted dHvA frequencies: 
 
 Freq. =   1.5176+/-  0.0007 kT, m* =   1.1125+/-  0.0011 m_e, Curv. =  -6.6001E+01+/-  6.4028E-02 kT A^2, orbit (1=e,-1=h):  1.0+/- 0.0
 Orbit copies found:    56, RUC avg coords: (  0.5000+/-  0.0000,  0.5000+/-  0.0014,  0.5006+/-  0.0028)
 
 
 ------------------------------ 
 ANGLE     3 of    10; theta =  90.000000, phi =  20.000000 degrees
 
 Predicted dHvA frequencies: 
 
 Freq. =   1.5172+/-  0.0007 kT, m* =   1.1136+/-  0.0013 m_e, Curv. =  -6.6085E+01+/-  9.2345E-02 kT A^2, orbit (1=e,-1=h):  1.0+/- 0.0
 Orbit copies found:    56, RUC avg coords: (  0.5000+/-  0.0000,  0.4998+/-  0.0019,  0.4985+/-  0.0032)
 
 
 ------------------------------ 
 ANGLE     4 of    10; theta =  90.000000, phi =  30.000000 degrees
 
 Predicted dHvA frequencies: 
 
 Freq. =   1.5175+/-  0.0006 kT, m* =   1.1126+/-  0.0012 m_e, Curv. =  -6.6012E+01+/-  6.6138E-02 kT A^2, orbit (1=e,-1=h):  1.0+/- 0.0
 Orbit copies found:    52, RUC avg coords: (  0.5000+/-  0.0000,  0.5002+/-  0.0021,  0.5001+/-  0.0026)
 
 
 ------------------------------ 
 ANGLE     5 of    10; theta =  90.000000, phi =  40.000000 degrees
 
 Predicted dHvA frequencies: 
 
 Freq. =   1.5177+/-  0.0006 kT, m* =   1.1129+/-  0.0014 m_e, Curv. =  -6.6028E+01+/-  8.9986E-02 kT A^2, orbit (1=e,-1=h):  1.0+/- 0.0
 Orbit copies found:    56, RUC avg coords: (  0.5000+/-  0.0000,  0.5004+/-  0.0022,  0.5006+/-  0.0021)
 
 
 ------------------------------ 
 ANGLE     6 of    10; theta =  90.000000, phi =  50.000000 degrees
 
 Predicted dHvA frequencies: 
 
 Freq. =   1.5176+/-  0.0007 kT, m* =   1.1128+/-  0.0014 m_e, Curv. =  -6.6027E+01+/-  9.1935E-02 kT A^2, orbit (1=e,-1=h):  1.0+/- 0.0
 Orbit copies found:    48, RUC avg coords: (  0.5000+/-  0.0000,  0.4999+/-  0.0027,  0.4995+/-  0.0020)
 
 
 ------------------------------ 
 ANGLE     7 of    10; theta =  90.000000, phi =  60.000000 degrees
 
 Predicted dHvA frequencies: 
 
 Freq. =   1.5176+/-  0.0006 kT, m* =   1.1126+/-  0.0011 m_e, Curv. =  -6.6007E+01+/-  6.2444E-02 kT A^2, orbit (1=e,-1=h):  1.0+/- 0.0
 Orbit copies found:    60, RUC avg coords: (  0.5000+/-  0.0000,  0.5000+/-  0.0027,  0.5002+/-  0.0017)
 
 
 ------------------------------ 
 ANGLE     8 of    10; theta =  90.000000, phi =  70.000000 degrees
 
 Predicted dHvA frequencies: 
 
 Freq. =   1.5172+/-  0.0007 kT, m* =   1.1134+/-  0.0015 m_e, Curv. =  -6.6071E+01+/-  9.9623E-02 kT A^2, orbit (1=e,-1=h):  1.0+/- 0.0
 Orbit copies found:    60, RUC avg coords: (  0.5000+/-  0.0000,  0.5009+/-  0.0033,  0.5009+/-  0.0018)
 
 
 ------------------------------ 
 ANGLE     9 of    10; theta =  90.000000, phi =  80.000000 degrees
 
 Predicted dHvA frequencies: 
 
 Freq. =   1.5176+/-  0.0007 kT, m* =   1.1125+/-  0.0012 m_e, Curv. =  -6.6003E+01+/-  7.4535E-02 kT A^2, orbit (1=e,-1=h):  1.0+/- 0.0
 Orbit copies found:    56, RUC avg coords: (  0.5000+/-  0.0000,  0.4994+/-  0.0028,  0.4998+/-  0.0014)
 
 
 ------------------------------ 
 ANGLE    10 of    10; theta =  90.000000, phi =  90.000000 degrees
 
 Predicted dHvA frequencies: 
 
 Freq. =   1.5161+/-  0.0000 kT, m* =   1.1153+/-  0.0000 m_e, Curv. =  -6.6295E+01+/-  2.6381E-10 kT A^2, orbit (1=e,-1=h):  1.0+/- 0.0
 Orbit copies found:    64, RUC avg coords: (  0.5000+/-  0.0000,  0.5006+/-  0.0051,  0.5000+/-  0.0000)
 
 
 Comparing the volumes enclosed by electron and hole orbits (angle-averaged), this band is estimated to be 100.0% electron-like and   0.0% hole-like.
 
 The interpolation and orbit detection for the first angle took  0hr: 0min:23.360s
 
 The FS matching/extremum finding for the first angle took  0hr: 0min: 0.006s
 
 Calculations for one angle took  0hr: 0min:23.366s
 
 Whole program run took  0hr: 4min:38.339s
 
 Program finished on 25/ 4/2023 at 23: 8: 8.467
