Theta(deg),Phi(deg),Freq(kT),mstar(me),Curv(kTA2),Type(+e-h),NumOrbCopy
  0.000000, 90.000000,  1.719588E-01,  2.877580E-01, -6.267846E+01, 1.000,  210
  0.000000, 90.000000,  4.260602E-01,  4.276458E-01,  9.687605E+01, 1.000,  224
  0.000000, 90.000000,  4.260692E-01,  4.273736E-01,  9.695576E+01, 1.000,  224
  0.000000, 90.000000,  5.106556E-01,  5.102176E-01, -1.193155E+02, 1.000,  224
  0.000000, 90.000000,  5.106606E-01,  5.099682E-01, -1.194994E+02, 1.000,  224
  0.000000, 90.000000,  5.713843E-01,  4.446754E-01, -3.374256E+01, 1.000,  224
  0.000000, 90.000000,  5.713868E-01,  4.446795E-01, -3.373844E+01, 1.000,  224
  2.045455, 90.000000,  1.708494E-01,  2.864567E-01, -5.980767E+01, 1.000,  262
  2.045455, 90.000000,  4.260067E-01,  4.278196E-01,  9.911494E+01, 1.000,  224
  2.045455, 90.000000,  4.261996E-01,  4.278249E-01,  9.794614E+01, 1.000,  224
  2.045455, 90.000000,  5.099951E-01,  5.159501E-01, -1.320793E+02, 1.000,  224
  2.045455, 90.000000,  5.101136E-01,  5.188106E-01, -1.374848E+02, 1.000,  224
  2.045455, 90.000000,  5.717811E-01,  4.465621E-01, -3.089527E+01, 1.000,  224
  2.045455, 90.000000,  5.718364E-01,  4.463419E-01, -3.126793E+01, 1.000,  224
  4.090909, 90.000000,  1.702892E-01,  2.851946E-01, -5.871265E+01, 1.000,  259
  4.090909, 90.000000,  4.272247E-01,  4.290045E-01,  9.622378E+01, 1.000,  235
  4.090909, 90.000000,  4.273089E-01,  4.288517E-01,  9.594535E+01, 1.000,  231
  4.090909, 90.000000,  5.104331E-01,  5.149225E-01, -1.315103E+02, 1.000,  223
  4.090909, 90.000000,  5.104876E-01,  5.175308E-01, -1.357058E+02, 1.000,  225
  4.090909, 90.000000,  5.728114E-01,  4.473112E-01, -3.151674E+01, 1.000,  226
  4.090909, 90.000000,  5.728241E-01,  4.474188E-01, -3.127096E+01, 1.000,  227
  6.136364, 90.000000,  1.696891E-01,  2.842356E-01, -5.723962E+01, 1.000,  265
  6.136364, 90.000000,  4.292081E-01,  4.311779E-01,  9.305401E+01, 1.000,  240
  6.136364, 90.000000,  4.292311E-01,  4.311966E-01,  9.301183E+01, 1.000,  243
  6.136364, 90.000000,  5.112702E-01,  5.173484E-01, -1.352737E+02, 1.000,  223
  6.136364, 90.000000,  5.112840E-01,  5.153438E-01, -1.320780E+02, 1.000,  229
  6.136364, 90.000000,  5.744956E-01,  4.490769E-01, -3.127175E+01, 1.000,  225
  6.136364, 90.000000,  5.745004E-01,  4.489026E-01, -3.162963E+01, 1.000,  232
  8.181818, 90.000000,  1.691588E-01,  2.833331E-01, -5.585153E+01, 1.000,  261
  8.181818, 90.000000,  4.322341E-01,  4.344721E-01,  8.847186E+01, 1.000,  241
  8.181818, 90.000000,  4.323733E-01,  4.343735E-01,  8.852352E+01, 1.000,  231
  8.181818, 90.000000,  5.125973E-01,  5.109092E-01, -1.255144E+02, 1.000,  222
  8.181818, 90.000000,  5.126275E-01,  5.144261E-01, -1.303529E+02, 1.000,  229
  8.181818, 90.000000,  5.768477E-01,  4.509817E-01, -3.189134E+01, 1.000,  231
  8.181818, 90.000000,  5.768646E-01,  4.512730E-01, -3.139704E+01, 1.000,  221
 10.227273, 90.000000,  1.689192E-01,  2.827888E-01, -5.471360E+01, 1.000,  262
 10.227273, 90.000000,  4.359974E-01,  4.385680E-01,  8.494676E+01, 1.000,  237
 10.227273, 90.000000,  4.360174E-01,  4.384530E-01,  8.513945E+01, 1.000,  234
 10.227273, 90.000000,  5.141382E-01,  5.135743E-01, -1.285900E+02, 1.000,  218
 10.227273, 90.000000,  5.141504E-01,  5.112338E-01, -1.253995E+02, 1.000,  227
 10.227273, 90.000000,  5.798432E-01,  4.538933E-01, -3.193434E+01, 1.000,  230
 10.227273, 90.000000,  5.798537E-01,  4.541057E-01, -3.162081E+01, 1.000,  229
 12.272727, 90.000000,  1.686019E-01,  2.821638E-01, -5.375393E+01, 1.000,  262
 12.272727, 90.000000,  4.407769E-01,  4.437328E-01,  8.089153E+01, 1.000,  240
 12.272727, 90.000000,  4.407863E-01,  4.440884E-01,  8.061515E+01, 1.000,  237
 12.272727, 90.000000,  5.161272E-01,  5.124804E-01, -1.250570E+02, 1.000,  226
 12.272727, 90.000000,  5.161737E-01,  5.131838E-01, -1.259833E+02, 1.000,  227
 12.272727, 90.000000,  5.835447E-01,  4.577421E-01, -3.179935E+01, 1.000,  220
 12.272727, 90.000000,  5.835547E-01,  4.579385E-01, -3.152157E+01, 1.000,  234
 14.318182, 90.000000,  1.683822E-01,  2.820518E-01, -5.316742E+01, 1.000,  258
 14.318182, 90.000000,  4.464887E-01,  4.497467E-01,  7.670606E+01, 1.000,  228
 14.318182, 90.000000,  4.465946E-01,  4.495597E-01,  7.686706E+01, 1.000,  242
 14.318182, 90.000000,  5.187066E-01,  5.153802E-01, -1.257588E+02, 1.000,  221
 14.318182, 90.000000,  5.188879E-01,  5.152441E-01, -1.260576E+02, 1.000,  228
 14.318182, 90.000000,  5.880212E-01,  4.621147E-01, -3.188194E+01, 1.000,  231
 14.318182, 90.000000,  5.880363E-01,  4.620114E-01, -3.211840E+01, 1.000,  231
 16.363636, 90.000000,  1.683451E-01,  2.819955E-01, -5.275403E+01, 1.000,  258
 16.363636, 90.000000,  4.531339E-01,  4.567008E-01,  7.234018E+01, 1.000,  236
 16.363636, 90.000000,  4.531664E-01,  4.565430E-01,  7.234974E+01, 1.000,  235
 16.363636, 90.000000,  5.216315E-01,  5.161406E-01, -1.214379E+02, 1.000,  222
 16.363636, 90.000000,  5.216427E-01,  5.194175E-01, -1.262422E+02, 1.000,  225
 16.363636, 90.000000,  5.932206E-01,  4.671373E-01, -3.236286E+01, 1.000,  227
 16.363636, 90.000000,  5.932214E-01,  4.673794E-01, -3.215599E+01, 1.000,  228
 18.409091, 90.000000,  1.683046E-01,  2.819638E-01, -5.260370E+01, 1.000,  262
 18.409091, 90.000000,  4.608316E-01,  4.638571E-01,  6.758020E+01, 1.000,  234
 18.409091, 90.000000,  4.608444E-01,  4.640969E-01,  6.759862E+01, 1.000,  235
 18.409091, 90.000000,  5.251770E-01,  5.183659E-01, -1.178848E+02, 1.000,  224
 18.409091, 90.000000,  5.251915E-01,  5.184940E-01, -1.180694E+02, 1.000,  228
 18.409091, 90.000000,  5.992262E-01,  4.732292E-01, -3.215598E+01, 1.000,  220
 18.409091, 90.000000,  5.992290E-01,  4.732638E-01, -3.209848E+01, 1.000,  228
 20.454545, 90.000000,  1.683999E-01,  2.822685E-01, -5.257992E+01, 1.000,  257
 20.454545, 90.000000,  4.695260E-01,  4.708979E-01,  6.217579E+01, 1.000,  241
 20.454545, 90.000000,  4.695454E-01,  4.709458E-01,  6.218891E+01, 1.000,  234
 20.454545, 90.000000,  5.291754E-01,  5.207626E-01, -1.124212E+02, 1.000,  221
 20.454545, 90.000000,  5.292834E-01,  5.221458E-01, -1.148697E+02, 1.000,  223
 20.454545, 90.000000,  6.060674E-01,  4.799250E-01, -3.197177E+01, 1.000,  220
 20.454545, 90.000000,  6.060767E-01,  4.795633E-01, -3.244604E+01, 1.000,  235
 22.500000, 90.000000,  1.686317E-01,  2.825538E-01, -5.261244E+01, 1.000,  263
 22.500000, 90.000000,  4.791573E-01,  4.769577E-01,  5.600617E+01, 1.000,  235
 22.500000, 90.000000,  4.791772E-01,  4.782014E-01,  5.618011E+01, 1.000,  233
 22.500000, 90.000000,  5.338512E-01,  5.237179E-01, -1.062268E+02, 1.000,  224
 22.500000, 90.000000,  5.339939E-01,  5.225483E-01, -1.043247E+02, 1.000,  212
 22.500000, 90.000000,  6.138068E-01,  4.885906E-01, -3.068867E+01, 1.000,  224
 22.500000, 90.000000,  6.138554E-01,  4.883995E-01, -3.072494E+01, 1.000,  240
 24.545455, 90.000000,  1.687872E-01,  2.830617E-01, -5.254376E+01, 1.000,  264
 24.545455, 90.000000,  4.897615E-01,  4.813284E-01,  4.864047E+01, 1.000,  230
 24.545455, 90.000000,  4.898241E-01,  4.823563E-01,  4.873395E+01, 1.000,  234
 24.545455, 90.000000,  5.393267E-01,  5.271684E-01, -9.880272E+01, 1.000,  210
 24.545455, 90.000000,  5.393314E-01,  5.312101E-01, -1.067652E+02, 1.000,  219
 24.545455, 90.000000,  6.225539E-01,  4.966509E-01, -3.138464E+01, 1.000,  227
 24.545455, 90.000000,  6.225871E-01,  4.975960E-01, -3.048641E+01, 1.000,  238
 26.590909, 90.000000,  2.778741E-02,  3.246792E-01, -2.023163E+02, 1.000,    2
 26.590909, 90.000000,  2.828208E-02,  3.486240E-01, -1.980785E+02, 1.000,   19
 26.590909, 90.000000,  2.837456E-02,  3.423898E-01, -1.958328E+02, 1.000,   14
 26.590909, 90.000000,  1.691869E-01,  2.836763E-01, -5.250834E+01, 1.000,  257
 26.590909, 90.000000,  5.009278E-01,  4.794786E-01,  4.419622E+01, 1.000,  230
 26.590909, 90.000000,  5.009598E-01,  4.795056E-01,  4.446912E+01, 1.000,  236
 26.590909, 90.000000,  5.455722E-01,  5.328638E-01, -9.340482E+01, 1.000,  217
 26.590909, 90.000000,  5.456795E-01,  5.330218E-01, -9.358392E+01, 1.000,  211
 26.590909, 90.000000,  6.324013E-01,  5.074550E-01, -3.149186E+01, 1.000,  230
 26.590909, 90.000000,  6.324371E-01,  5.067560E-01, -3.181613E+01, 1.000,  229
 28.636364, 90.000000,  2.408533E-02,  2.765850E-01, -1.606793E+02, 1.000,    1
 28.636364, 90.000000,  2.447986E-02,  2.904688E-01, -1.567417E+02, 1.000,    3
 28.636364, 90.000000,  2.463230E-02,  2.926801E-01, -1.577820E+02, 1.000,    5
 28.636364, 90.000000,  2.551970E-02,  3.088423E-01, -1.577784E+02, 1.000,    4
 28.636364, 90.000000,  2.611422E-02,  3.200833E-01, -1.613789E+02, 1.000,   36
 28.636364, 90.000000,  2.630302E-02,  3.263028E-01, -1.614561E+02, 1.000,   32
 28.636364, 90.000000,  1.695855E-01,  2.847477E-01, -5.240319E+01, 1.000,  266
 28.636364, 90.000000,  5.120298E-01,  4.794108E-01,  5.097234E+01, 1.000,  241
 28.636364, 90.000000,  5.120526E-01,  4.793615E-01,  5.100787E+01, 1.000,  243
 28.636364, 90.000000,  5.520898E-01,  5.480848E-01, -1.079481E+02, 1.000,   19
 28.636364, 90.000000,  5.528570E-01,  5.390082E-01, -8.505718E+01, 1.000,  213
 28.636364, 90.000000,  5.529429E-01,  5.380045E-01, -8.257689E+01, 1.000,  193
 28.636364, 90.000000,  6.434519E-01,  5.190276E-01, -3.278163E+01, 1.000,  224
 28.636364, 90.000000,  6.434824E-01,  5.185220E-01, -3.293163E+01, 1.000,  232
 30.681818, 90.000000,  2.192704E-02,  2.474657E-01, -1.337077E+02, 1.000,    1
 30.681818, 90.000000,  2.223265E-02,  2.565631E-01, -1.369537E+02, 1.000,    1
 30.681818, 90.000000,  2.261722E-02,  2.602488E-01, -1.277057E+02, 1.000,    3
 30.681818, 90.000000,  2.311856E-02,  2.706416E-01, -1.302069E+02, 1.000,    7
 30.681818, 90.000000,  2.404399E-02,  2.998211E-01, -1.283424E+02, 1.000,   63
 30.681818, 90.000000,  2.420098E-02,  3.021296E-01, -1.274200E+02, 1.000,   63
 30.681818, 90.000000,  1.700989E-01,  2.858768E-01, -5.228546E+01, 1.000,  263
 30.681818, 90.000000,  5.232899E-01,  4.820654E-01,  6.068303E+01, 1.000,  239
 30.681818, 90.000000,  5.232914E-01,  4.811126E-01,  6.120013E+01, 1.000,  241
 30.681818, 90.000000,  5.609989E-01,  5.508567E-01, -8.997536E+01, 1.000,   41
 30.681818, 90.000000,  5.613994E-01,  5.464318E-01, -7.361776E+01, 1.000,  227
 30.681818, 90.000000,  5.614908E-01,  5.454491E-01, -7.004635E+01, 1.000,  178
 30.681818, 90.000000,  6.557988E-01,  5.307774E-01, -3.481481E+01, 1.000,  226
 30.681818, 90.000000,  6.558088E-01,  5.308746E-01, -3.483408E+01, 1.000,  229
 32.727273, 90.000000,  2.078374E-02,  2.319770E-01, -1.136151E+02, 1.000,    1
 32.727273, 90.000000,  2.129214E-02,  2.507475E-01, -1.181350E+02, 1.000,    5
 32.727273, 90.000000,  2.253068E-02,  2.875293E-01, -9.817449E+01, 1.000,  108
 32.727273, 90.000000,  2.253155E-02,  2.849579E-01, -9.780101E+01, 1.000,  107
 32.727273, 90.000000,  1.707159E-01,  2.871861E-01, -5.220714E+01, 1.000,  261
 32.727273, 90.000000,  5.348005E-01,  4.814052E-01,  7.318755E+01, 1.000,   71
 32.727273, 90.000000,  5.348090E-01,  4.872305E-01,  6.990836E+01, 1.000,  233
 32.727273, 90.000000,  5.348390E-01,  4.904558E-01,  6.791866E+01, 1.000,  162
 32.727273, 90.000000,  5.714551E-01,  5.579087E-01, -5.736442E+01, 1.000,  224
 32.727273, 90.000000,  5.714668E-01,  5.581287E-01, -6.272560E+01, 1.000,  224
 32.727273, 90.000000,  6.695258E-01,  5.437084E-01, -3.846295E+01, 1.000,  226
 32.727273, 90.000000,  6.695266E-01,  5.444942E-01, -3.864651E+01, 1.000,  224
 34.772727, 90.000000,  2.090286E-02,  2.639226E-01, -7.941886E+01, 1.000,  189
 34.772727, 90.000000,  2.097316E-02,  2.661633E-01, -7.978805E+01, 1.000,  178
 34.772727, 90.000000,  1.714039E-01,  2.886338E-01, -5.222994E+01, 1.000,  258
 34.772727, 90.000000,  5.469188E-01,  4.930413E-01,  8.165006E+01, 1.000,  235
 34.772727, 90.000000,  5.469434E-01,  4.944099E-01,  8.075545E+01, 1.000,  234
 34.772727, 90.000000,  5.839667E-01,  5.734902E-01, -4.517954E+01, 1.000,   37
 34.772727, 90.000000,  5.840283E-01,  5.808994E-01, -2.337462E+01, 1.000,  176
 34.772727, 90.000000,  5.840283E-01,  5.789249E-01, -2.848898E+01, 1.000,  226
 34.772727, 90.000000,  6.848084E-01,  5.576455E-01, -4.666426E+01, 1.000,  222
 34.772727, 90.000000,  6.848347E-01,  5.573040E-01, -4.595000E+01, 1.000,  226
 36.818182, 90.000000,  1.965237E-02,  2.479789E-01, -6.205875E+01, 1.000,  209
 36.818182, 90.000000,  1.966561E-02,  2.483802E-01, -6.293484E+01, 1.000,  208
 36.818182, 90.000000,  1.721996E-01,  2.904202E-01, -5.238546E+01, 1.000,  263
 36.818182, 90.000000,  5.597635E-01,  5.050464E-01,  9.328840E+01, 1.000,  236
 36.818182, 90.000000,  5.597932E-01,  5.041676E-01,  9.368994E+01, 1.000,  233
 36.818182, 90.000000,  6.025138E-01,  6.131793E-01, -5.969295E+01, 1.000,  226
 36.818182, 90.000000,  6.025337E-01,  6.134644E-01, -5.974398E+01, 1.000,  216
 36.818182, 90.000000,  7.016261E-01,  5.703025E-01, -5.762329E+01, 1.000,  226
 36.818182, 90.000000,  7.016620E-01,  5.705777E-01, -5.809840E+01, 1.000,  217
 38.863636, 90.000000,  1.858339E-02,  2.344372E-01, -4.654251E+01, 1.000,  209
 38.863636, 90.000000,  1.860189E-02,  2.356991E-01, -4.622373E+01, 1.000,  209
 38.863636, 90.000000,  1.731091E-01,  2.922997E-01, -5.268564E+01, 1.000,  253
 38.863636, 90.000000,  5.736789E-01,  5.164510E-01,  1.085138E+02, 1.000,  233
 38.863636, 90.000000,  5.737069E-01,  5.161619E-01,  1.086053E+02, 1.000,  235
 38.863636, 90.000000,  6.242707E-01,  6.288305E-01, -1.009745E+02, 1.000,  225
 38.863636, 90.000000,  6.242833E-01,  6.282731E-01, -1.024752E+02, 1.000,  227
 38.863636, 90.000000,  7.199715E-01,  5.831336E-01, -7.408488E+01, 1.000,  223
 38.863636, 90.000000,  7.200004E-01,  5.831032E-01, -7.317564E+01, 1.000,  229
 40.909091, 90.000000,  1.770644E-02,  2.203573E-01, -4.347377E+01, 1.000,  187
 40.909091, 90.000000,  1.771632E-02,  2.183171E-01, -4.373739E+01, 1.000,  184
 40.909091, 90.000000,  1.740854E-01,  2.944466E-01, -5.313964E+01, 1.000,  262
 40.909091, 90.000000,  5.888198E-01,  5.333929E-01,  1.242514E+02, 1.000,  230
 40.909091, 90.000000,  5.889167E-01,  5.334453E-01,  1.241207E+02, 1.000,  237
 40.909091, 90.000000,  6.481043E-01,  6.446848E-01, -1.332184E+02, 1.000,  227
 40.909091, 90.000000,  6.481919E-01,  6.448947E-01, -1.336247E+02, 1.000,  222
 40.909091, 90.000000,  7.399480E-01,  5.959718E-01, -8.776779E+01, 1.000,  227
 40.909091, 90.000000,  7.399618E-01,  5.962946E-01, -8.806912E+01, 1.000,  230
 42.954545, 90.000000,  1.723941E-02,  1.996497E-01, -6.101728E+01, 1.000,  231
 42.954545, 90.000000,  1.726693E-02,  1.948273E-01, -6.726422E+01, 1.000,  232
 42.954545, 90.000000,  1.754164E-01,  2.967287E-01, -5.377876E+01, 1.000,  262
 42.954545, 90.000000,  6.051771E-01,  5.535996E-01,  1.429290E+02, 1.000,  233
 42.954545, 90.000000,  6.054168E-01,  5.552733E-01,  1.426074E+02, 1.000,  236
 42.954545, 90.000000,  6.740373E-01,  6.662333E-01, -1.663517E+02, 1.000,  225
 42.954545, 90.000000,  6.743623E-01,  6.636828E-01, -1.679726E+02, 1.000,  226
 42.954545, 90.000000,  7.612465E-01,  6.110999E-01, -9.684217E+01, 1.000,  227
 42.954545, 90.000000,  7.615858E-01,  6.100571E-01, -9.987906E+01, 1.000,  227
 45.000000, 90.000000,  1.524667E-02,  2.233061E-01,  6.030913E+00, 1.000,   17
 45.000000, 90.000000,  1.542284E-02,  2.169507E-01,  7.551233E+00, 1.000,   66
 45.000000, 90.000000,  1.562803E-02,  2.122729E-01,  5.265640E-01, 1.000,   51
 45.000000, 90.000000,  1.610679E-02,  1.937734E-01, -2.550687E+01, 1.000,   10
 45.000000, 90.000000,  1.628673E-02,  2.045774E-01, -2.682707E+01, 1.000,    7
 45.000000, 90.000000,  1.670297E-02,  1.905115E-01, -6.226657E+01, 1.000,   93
 45.000000, 90.000000,  1.674356E-02,  1.911607E-01, -6.523971E+01, 1.000,   93
 45.000000, 90.000000,  1.763605E-01,  2.989174E-01, -5.445831E+01, 1.000,  259
 45.000000, 90.000000,  6.246763E-01,  5.745435E-01,  1.629296E+02, 1.000,  226
 45.000000, 90.000000,  6.247581E-01,  5.732501E-01,  1.624291E+02, 1.000,  233
 45.000000, 90.000000,  7.002567E-01,  6.731172E-01, -1.843300E+02, 1.000,  227
 45.000000, 90.000000,  7.003907E-01,  6.742968E-01, -1.863321E+02, 1.000,  215
 45.000000, 90.000000,  7.843189E-01,  6.228179E-01, -1.219291E+02, 1.000,  228
 45.000000, 90.000000,  7.845457E-01,  6.224795E-01, -1.223864E+02, 1.000,  227
 47.045455, 90.000000,  1.328919E-02,  1.671482E-01,  3.582986E+01, 1.000,    1
 47.045455, 90.000000,  1.335059E-02,  1.663415E-01,  3.534595E+01, 1.000,    3
 47.045455, 90.000000,  1.384987E-02,  1.995777E-01,  2.552623E+01, 1.000,    2
 47.045455, 90.000000,  1.445736E-02,  1.956026E-01,  1.890885E+01, 1.000,   98
 47.045455, 90.000000,  1.461369E-02,  1.956046E-01,  8.914835E+00, 1.000,  117
 47.045455, 90.000000,  1.508371E-02,  1.929591E-01,  1.294315E+01, 1.000,    2
 47.045455, 90.000000,  1.606205E-02,  1.806508E-01, -6.384511E+01, 1.000,  119
 47.045455, 90.000000,  1.620926E-02,  1.792986E-01, -6.507411E+01, 1.000,   81
 47.045455, 90.000000,  1.776156E-01,  3.019142E-01, -5.550895E+01, 1.000,  263
 47.045455, 90.000000,  6.456713E-01,  6.026911E-01,  1.876368E+02, 1.000,  162
 47.045455, 90.000000,  6.459068E-01,  6.003886E-01,  1.860253E+02, 1.000,  228
 47.045455, 90.000000,  6.466291E-01,  5.936851E-01,  1.817688E+02, 1.000,   68
 47.045455, 90.000000,  7.286266E-01,  6.869676E-01, -2.019565E+02, 1.000,  222
 47.045455, 90.000000,  7.286449E-01,  6.863031E-01, -2.010451E+02, 1.000,  218
 47.045455, 90.000000,  8.089689E-01,  6.364081E-01, -1.425079E+02, 1.000,  228
 47.045455, 90.000000,  8.089825E-01,  6.361646E-01, -1.428099E+02, 1.000,  221
 49.090909, 90.000000,  1.362125E-02,  1.863069E-01,  2.756248E+01, 1.000,  144
 49.090909, 90.000000,  1.364125E-02,  1.867716E-01,  2.722672E+01, 1.000,  133
 49.090909, 90.000000,  1.443825E-02,  1.967934E-01,  1.201507E+01, 1.000,    2
 49.090909, 90.000000,  1.547812E-02,  1.745267E-01, -5.033857E+01, 1.000,  119
 49.090909, 90.000000,  1.557615E-02,  1.757903E-01, -5.483547E+01, 1.000,  124
 49.090909, 90.000000,  1.789815E-01,  3.047550E-01, -5.647254E+01, 1.000,  264
 49.090909, 90.000000,  6.697134E-01,  6.295794E-01,  2.135547E+02, 1.000,  190
 49.090909, 90.000000,  6.699286E-01,  6.308328E-01,  2.128584E+02, 1.000,  230
 49.090909, 90.000000,  6.712668E-01,  6.213689E-01,  2.038501E+02, 1.000,   41
 49.090909, 90.000000,  7.579460E-01,  7.085629E-01, -2.348833E+02, 1.000,  100
 49.090909, 90.000000,  7.582937E-01,  6.980086E-01, -2.060607E+02, 1.000,  221
 49.090909, 90.000000,  7.586263E-01,  6.951975E-01, -1.976742E+02, 1.000,  119
 49.090909, 90.000000,  8.342358E-01,  6.545553E-01, -1.566038E+02, 1.000,   97
 49.090909, 90.000000,  8.350257E-01,  6.497063E-01, -1.652453E+02, 1.000,  226
 49.090909, 90.000000,  8.352914E-01,  6.483678E-01, -1.677211E+02, 1.000,  127
 51.136364, 90.000000,  1.304713E-02,  1.756242E-01,  2.883299E+01, 1.000,  169
 51.136364, 90.000000,  1.306971E-02,  1.771822E-01,  3.016300E+01, 1.000,  157
 51.136364, 90.000000,  1.424349E-02,  1.812816E-01, -1.457473E+01, 1.000,    2
 51.136364, 90.000000,  1.512167E-02,  1.729102E-01, -5.892872E+01, 1.000,  121
 51.136364, 90.000000,  1.518104E-02,  1.719782E-01, -6.184801E+01, 1.000,  136
 51.136364, 90.000000,  1.804610E-01,  3.078063E-01, -5.754720E+01, 1.000,  258
 51.136364, 90.000000,  6.977530E-01,  6.656240E-01,  2.397688E+02, 1.000,  227
 51.136364, 90.000000,  6.977753E-01,  6.648976E-01,  2.393373E+02, 1.000,  230
 51.136364, 90.000000,  7.890204E-01,  7.141577E-01, -2.150374E+02, 1.000,  218
 51.136364, 90.000000,  7.890265E-01,  7.137903E-01, -2.131639E+02, 1.000,  218
 51.136364, 90.000000,  8.623549E-01,  6.642394E-01, -1.859511E+02, 1.000,  218
 51.136364, 90.000000,  8.623908E-01,  6.642634E-01, -1.860197E+02, 1.000,  225
 53.181818, 90.000000,  1.078233E-02,  1.481573E-01,  6.336229E+01, 1.000,    1
 53.181818, 90.000000,  1.079380E-02,  1.505024E-01,  6.368386E+01, 1.000,    2
 53.181818, 90.000000,  1.089483E-02,  1.405171E-01,  5.773682E+01, 1.000,    1
 53.181818, 90.000000,  1.254008E-02,  1.688765E-01,  3.179372E+01, 1.000,  189
 53.181818, 90.000000,  1.344429E-02,  1.689978E-01, -5.975953E+00, 1.000,  309
 53.181818, 90.000000,  1.466178E-02,  1.688560E-01, -5.471018E+01, 1.000,  130
 53.181818, 90.000000,  1.572763E-02,  1.680466E-01, -8.182517E+01, 1.000,    1
 53.181818, 90.000000,  1.820321E-01,  3.110964E-01, -5.872681E+01, 1.000,  259
 53.181818, 90.000000,  7.292186E-01,  7.087085E-01,  2.695463E+02, 1.000,  173
 53.181818, 90.000000,  7.296689E-01,  7.043505E-01,  2.663514E+02, 1.000,  235
 53.181818, 90.000000,  7.311900E-01,  6.895287E-01,  2.550270E+02, 1.000,   53
 53.181818, 90.000000,  8.203148E-01,  7.363484E-01, -2.374082E+02, 1.000,   54
 53.181818, 90.000000,  8.212766E-01,  7.283879E-01, -2.102087E+02, 1.000,  217
 53.181818, 90.000000,  8.216183E-01,  7.261626E-01, -2.025913E+02, 1.000,  163
 53.181818, 90.000000,  8.898855E-01,  6.698001E-01, -2.005483E+02, 1.000,   44
 53.181818, 90.000000,  8.909538E-01,  6.774623E-01, -2.061432E+02, 1.000,  222
 53.181818, 90.000000,  8.912469E-01,  6.792932E-01, -2.076098E+02, 1.000,  174
 55.227273, 90.000000,  1.033314E-02,  1.370604E-01,  6.449903E+01, 1.000,    2
 55.227273, 90.000000,  1.057228E-02,  1.487551E-01,  6.756545E+01, 1.000,    1
 55.227273, 90.000000,  1.086668E-02,  1.477415E-01,  6.059446E+01, 1.000,    1
 55.227273, 90.000000,  1.086704E-02,  1.477239E-01,  6.059603E+01, 1.000,    1
 55.227273, 90.000000,  1.114796E-02,  1.518035E-01,  5.707092E+01, 1.000,    3
 55.227273, 90.000000,  1.180121E-02,  1.623397E-01,  4.075015E+01, 1.000,  158
 55.227273, 90.000000,  1.281401E-02,  1.640590E-01,  3.543594E+00, 1.000,  293
 55.227273, 90.000000,  1.365212E-02,  1.641555E-01, -2.561605E+01, 1.000,  118
 55.227273, 90.000000,  1.490779E-02,  1.692673E-01, -8.201742E+01, 1.000,   24
 55.227273, 90.000000,  1.505800E-02,  1.703019E-01, -9.456981E+01, 1.000,    6
 55.227273, 90.000000,  1.837133E-01,  3.147549E-01, -6.003289E+01, 1.000,  252
 55.227273, 90.000000,  7.663407E-01,  7.577029E-01,  2.902276E+02, 1.000,  167
 55.227273, 90.000000,  7.664273E-01,  7.372743E-01,  2.934974E+02, 1.000,   87
 55.227273, 90.000000,  7.668195E-01,  7.635965E-01,  2.846491E+02, 1.000,  136
 55.227273, 90.000000,  7.681782E-01,  7.313772E-01,  2.815493E+02, 1.000,   50
 55.227273, 90.000000,  8.552257E-01,  7.444283E-01, -1.965291E+02, 1.000,  215
 55.227273, 90.000000,  8.552951E-01,  7.453517E-01, -2.036015E+02, 1.000,  219
 55.227273, 90.000000,  9.206263E-01,  6.918343E-01, -2.244230E+02, 1.000,  222
 55.227273, 90.000000,  9.208214E-01,  6.897558E-01, -2.224401E+02, 1.000,  218
 57.272727, 90.000000,  1.006442E-02,  1.453183E-01,  6.053074E+01, 1.000,    4
 57.272727, 90.000000,  1.021528E-02,  1.384705E-01,  5.741806E+01, 1.000,    1
 57.272727, 90.000000,  1.047149E-02,  1.536963E-01,  5.723179E+01, 1.000,   25
 57.272727, 90.000000,  1.053163E-02,  1.537110E-01,  5.623033E+01, 1.000,   24
 57.272727, 90.000000,  1.093356E-02,  1.502853E-01,  4.684286E+01, 1.000,    4
 57.272727, 90.000000,  1.264662E-02,  1.604618E-01, -2.990741E+00, 1.000,  334
 57.272727, 90.000000,  1.266116E-02,  1.605160E-01, -4.550481E+00, 1.000,  335
 57.272727, 90.000000,  1.501599E-02,  1.777604E-01, -9.347000E+01, 1.000,    3
 57.272727, 90.000000,  1.854363E-01,  3.183856E-01, -6.145850E+01, 1.000,  271
 57.272727, 90.000000,  8.085365E-01,  8.159024E-01,  3.088096E+02, 1.000,    9
 57.272727, 90.000000,  8.096360E-01,  7.898740E-01,  3.112491E+02, 1.000,  149
 57.272727, 90.000000,  8.097741E-01,  8.045560E-01,  3.011932E+02, 1.000,  211
 57.272727, 90.000000,  8.107831E-01,  8.260175E-01,  2.802229E+02, 1.000,   60
 57.272727, 90.000000,  8.127326E-01,  7.707930E-01,  2.902930E+02, 1.000,   12
 57.272727, 90.000000,  8.909415E-01,  7.665779E-01, -1.900420E+02, 1.000,  220
 57.272727, 90.000000,  8.909524E-01,  7.662462E-01, -1.915247E+02, 1.000,  226
 57.272727, 90.000000,  9.513092E-01,  7.031733E-01, -2.346001E+02, 1.000,  217
 57.272727, 90.000000,  9.513413E-01,  7.029755E-01, -2.336801E+02, 1.000,  223
 59.318182, 90.000000,  1.192338E-02,  1.549337E-01,  6.498754E+00, 1.000,  390
 59.318182, 90.000000,  1.211906E-02,  1.564472E-01,  8.316685E-01, 1.000,  401
 59.318182, 90.000000,  1.458313E-02,  1.683345E-01, -8.491642E+01, 1.000,   23
 59.318182, 90.000000,  1.872850E-01,  3.223533E-01, -6.305791E+01, 1.000,  276
 59.318182, 90.000000,  8.597022E-01,  8.559639E-01,  3.075206E+02, 1.000,  201
 59.318182, 90.000000,  8.601884E-01,  8.576049E-01,  3.002095E+02, 1.000,  235
 59.318182, 90.000000,  8.634145E-01,  8.924622E-01,  2.322953E+02, 1.000,   20
 59.318182, 90.000000,  9.276203E-01,  8.001579E-01, -1.429913E+02, 1.000,    2
 59.318182, 90.000000,  9.293446E-01,  7.920443E-01, -1.722072E+02, 1.000,  211
 59.318182, 90.000000,  9.293526E-01,  7.919949E-01, -1.716646E+02, 1.000,  221
 59.318182, 90.000000,  9.827677E-01,  7.168899E-01, -2.405184E+02, 1.000,  210
 59.318182, 90.000000,  9.828195E-01,  7.173073E-01, -2.423769E+02, 1.000,  221
 61.363636, 90.000000,  1.045261E-02,  1.467730E-01,  4.554326E+01, 1.000,  219
 61.363636, 90.000000,  1.179055E-02,  1.541282E-01,  1.317290E+00, 1.000,  428
 61.363636, 90.000000,  1.305457E-02,  1.603723E-01, -4.450342E+01, 1.000,  213
 61.363636, 90.000000,  1.424324E-02,  1.629361E-01, -8.185018E+01, 1.000,    1
 61.363636, 90.000000,  1.438525E-02,  1.712257E-01, -8.733589E+01, 1.000,    2
 61.363636, 90.000000,  1.466468E-02,  1.651855E-01, -8.824488E+01, 1.000,    1
 61.363636, 90.000000,  1.892236E-01,  3.265359E-01, -6.483549E+01, 1.000,  276
 61.363636, 90.000000,  9.183896E-01,  9.142352E-01,  2.809577E+02, 1.000,  212
 61.363636, 90.000000,  9.185226E-01,  9.154138E-01,  2.771748E+02, 1.000,  236
 61.363636, 90.000000,  9.712548E-01,  8.275641E-01, -1.420985E+02, 1.000,  204
 61.363636, 90.000000,  9.712823E-01,  8.256922E-01, -1.459443E+02, 1.000,  227
 61.363636, 90.000000,  1.015091E+00,  7.315909E-01, -2.429063E+02, 1.000,  208
 61.363636, 90.000000,  1.015110E+00,  7.310347E-01, -2.395656E+02, 1.000,  233
 63.409091, 90.000000,  9.114362E-03,  1.281965E-01,  7.114811E+01, 1.000,    5
 63.409091, 90.000000,  9.132457E-03,  1.299353E-01,  6.946988E+01, 1.000,    2
 63.409091, 90.000000,  9.275991E-03,  1.358691E-01,  6.962137E+01, 1.000,    1
 63.409091, 90.000000,  1.152869E-02,  1.524892E-01, -2.785285E-01, 1.000,  412
 63.409091, 90.000000,  1.155571E-02,  1.527090E-01, -1.850062E+00, 1.000,  427
 63.409091, 90.000000,  1.911909E-01,  3.309443E-01, -6.684042E+01, 1.000,  268
 63.409091, 90.000000,  9.836912E-01,  9.344430E-01,  2.744969E+02, 1.000,  166
 63.409091, 90.000000,  9.841865E-01,  9.524807E-01,  2.555762E+02, 1.000,  208
 63.409091, 90.000000,  9.857467E-01,  1.009685E+00,  1.924649E+02, 1.000,   65
 63.409091, 90.000000,  9.882175E-01,  1.013807E+00,  1.429337E+02, 1.000,    2
 63.409091, 90.000000,  1.018949E+00,  8.820898E-01, -9.883195E+01, 1.000,  226
 63.409091, 90.000000,  1.018949E+00,  8.831050E-01, -9.765596E+01, 1.000,  202
 63.409091, 90.000000,  1.048347E+00,  7.479013E-01, -2.339585E+02, 1.000,  230
 63.409091, 90.000000,  1.048462E+00,  7.476717E-01, -2.327169E+02, 1.000,  209
 65.454545, 90.000000,  7.780417E-03,  1.162214E-01,  8.020441E+01, 1.000,    8
 65.454545, 90.000000,  7.812296E-03,  1.152133E-01,  7.895772E+01, 1.000,    8
 65.454545, 90.000000,  8.118679E-03,  1.144660E-01,  6.081260E+01, 1.000,    1
 65.454545, 90.000000,  8.679664E-03,  1.308263E-01,  6.426936E+01, 1.000,    1
 65.454545, 90.000000,  9.107911E-03,  1.441925E-01,  5.175690E+01, 1.000,    1
 65.454545, 90.000000,  9.113353E-03,  1.380038E-01,  7.212611E+01, 1.000,    1
 65.454545, 90.000000,  1.124086E-02,  1.512843E-01, -1.738672E+00, 1.000,  463
 65.454545, 90.000000,  1.125724E-02,  1.510867E-01, -1.995675E+00, 1.000,  467
 65.454545, 90.000000,  1.932902E-01,  3.358595E-01, -6.905596E+01, 1.000,  270
 65.454545, 90.000000,  1.053511E+00,  9.836022E-01,  2.415135E+02, 1.000,  176
 65.454545, 90.000000,  1.053861E+00,  9.650641E-01,  2.354769E+02, 1.000,  203
 65.454545, 90.000000,  1.056171E+00,  8.841614E-01,  1.910295E+02, 1.000,   50
 65.454545, 90.000000,  1.057508E+00,  8.715741E-01,  1.662421E+02, 1.000,    7
 65.454545, 90.000000,  1.080837E+00,  1.009234E+00, -9.191338E+01, 1.000,  207
 65.454545, 90.000000,  1.080847E+00,  1.008995E+00, -9.189060E+01, 1.000,  222
 65.454545, 90.000000,  1.083168E+00,  7.693741E-01, -2.042515E+02, 1.000,  208
 65.454545, 90.000000,  1.083242E+00,  7.689258E-01, -2.073851E+02, 1.000,  229
 67.500000, 90.000000,  7.634361E-03,  1.171197E-01,  7.593509E+01, 1.000,    2
 67.500000, 90.000000,  7.731275E-03,  1.218458E-01,  7.452382E+01, 1.000,    2
 67.500000, 90.000000,  7.791067E-03,  1.178874E-01,  7.362751E+01, 1.000,    1
 67.500000, 90.000000,  8.105837E-03,  1.331208E-01,  7.317497E+01, 1.000,   23
 67.500000, 90.000000,  8.139236E-03,  1.307500E-01,  7.155104E+01, 1.000,   32
 67.500000, 90.000000,  8.527864E-03,  1.318675E-01,  6.051582E+01, 1.000,   10
 67.500000, 90.000000,  8.571286E-03,  1.349832E-01,  6.072703E+01, 1.000,    8
 67.500000, 90.000000,  8.779480E-03,  1.326169E-01,  5.655410E+01, 1.000,    2
 67.500000, 90.000000,  8.785742E-03,  1.317187E-01,  5.156584E+01, 1.000,    2
 67.500000, 90.000000,  1.111513E-02,  1.515270E-01, -4.271880E+00, 1.000,  420
 67.500000, 90.000000,  1.116086E-02,  1.518415E-01, -6.267581E+00, 1.000,  427
 67.500000, 90.000000,  1.954399E-01,  3.409058E-01, -7.148554E+01, 1.000,  250
 67.500000, 90.000000,  1.118709E+00,  9.324121E-01,  2.309923E+02, 1.000,  136
 67.500000, 90.000000,  1.120314E+00,  8.589959E-01,  3.595908E+01, 1.000,  360
 67.500000, 90.000000,  1.121291E+00,  8.205478E-01, -7.066141E+01, 1.000,  226
 67.500000, 90.000000,  1.162649E+00,  1.102841E+00, -2.629008E+02, 1.000,   57
 67.500000, 90.000000,  1.163562E+00,  1.086646E+00, -2.206787E+02, 1.000,  214
 67.500000, 90.000000,  1.163841E+00,  1.079596E+00, -2.016314E+02, 1.000,  149
 69.545455, 90.000000,  7.685486E-03,  1.382830E-01,  8.685783E+01, 1.000,    1
 69.545455, 90.000000,  8.166546E-03,  1.312657E-01,  6.853478E+01, 1.000,   77
 69.545455, 90.000000,  9.254849E-03,  1.405376E-01,  4.812497E+01, 1.000,  267
 69.545455, 90.000000,  9.768730E-03,  1.469912E-01,  3.823672E+01, 1.000,  184
 69.545455, 90.000000,  1.095960E-02,  1.544433E-01, -1.346413E+01, 1.000,    3
 69.545455, 90.000000,  1.123060E-02,  1.558719E-01, -1.428472E+01, 1.000,   20
 69.545455, 90.000000,  1.226860E-02,  1.609388E-01, -5.476054E+01, 1.000,  218
 69.545455, 90.000000,  1.241754E-02,  1.604515E-01, -6.339654E+01, 1.000,  188
 69.545455, 90.000000,  1.400607E-02,  2.050164E-01, -1.189049E+02, 1.000,    1
 69.545455, 90.000000,  1.411965E-02,  1.776107E-01, -1.143525E+02, 1.000,    1
 69.545455, 90.000000,  1.976170E-01,  3.461407E-01, -7.410889E+01, 1.000,  252
 69.545455, 90.000000,  1.255817E+00,  1.123388E+00, -3.328621E+02, 1.000,  202
 69.545455, 90.000000,  1.255896E+00,  1.124430E+00, -3.360522E+02, 1.000,  213
 71.590909, 90.000000,  7.631656E-03,  1.273482E-01,  7.787333E+01, 1.000,    1
 71.590909, 90.000000,  9.038365E-03,  1.411224E-01,  4.683064E+01, 1.000,  267
 71.590909, 90.000000,  1.035537E-02,  1.500392E-01,  3.353846E+00, 1.000,  490
 71.590909, 90.000000,  1.207650E-02,  1.618178E-01, -5.197902E+01, 1.000,  217
 71.590909, 90.000000,  1.352865E-02,  1.859532E-01, -1.126943E+02, 1.000,    1
 71.590909, 90.000000,  1.998169E-01,  3.515625E-01, -7.697891E+01, 1.000,  252
 71.590909, 90.000000,  1.352596E+00,  1.147919E+00, -4.305993E+02, 1.000,  207
 71.590909, 90.000000,  1.352751E+00,  1.145673E+00, -4.145623E+02, 1.000,  204
 73.636364, 90.000000,  7.533661E-03,  1.193566E-01,  7.127601E+01, 1.000,    2
 73.636364, 90.000000,  7.577534E-03,  1.161163E-01,  7.088653E+01, 1.000,    1
 73.636364, 90.000000,  1.017390E-02,  1.513986E-01,  3.318583E+00, 1.000,  498
 73.636364, 90.000000,  1.019821E-02,  1.520170E-01,  2.815237E+00, 1.000,  511
 73.636364, 90.000000,  2.020295E-01,  3.572605E-01, -8.008537E+01, 1.000,  260
 73.636364, 90.000000,  1.450707E+00,  1.160636E+00, -4.792182E+02, 1.000,  206
 73.636364, 90.000000,  1.450845E+00,  1.158509E+00, -4.573234E+02, 1.000,  197
 75.681818, 90.000000,  7.328519E-03,  1.522620E-01,  7.870970E+01, 1.000,    2
 75.681818, 90.000000,  8.585305E-03,  1.449010E-01,  5.004607E+01, 1.000,  275
 75.681818, 90.000000,  8.588007E-03,  1.433032E-01,  5.029294E+01, 1.000,  269
 75.681818, 90.000000,  1.172583E-02,  1.658701E-01, -5.260671E+01, 1.000,  232
 75.681818, 90.000000,  1.175909E-02,  1.652022E-01, -5.483760E+01, 1.000,  239
 75.681818, 90.000000,  2.043121E-01,  3.629934E-01, -8.334691E+01, 1.000,  251
 75.681818, 90.000000,  1.546768E+00,  1.168200E+00, -4.964933E+02, 1.000,  192
 75.681818, 90.000000,  1.546888E+00,  1.168060E+00, -4.928012E+02, 1.000,  194
 77.727273, 90.000000,  6.039968E-03,  1.223432E-01,  9.294266E+01, 1.000,    1
 77.727273, 90.000000,  6.134289E-03,  1.224667E-01,  9.189806E+01, 1.000,    2
 77.727273, 90.000000,  6.163091E-03,  1.251565E-01,  9.069654E+01, 1.000,    2
 77.727273, 90.000000,  6.261763E-03,  1.271442E-01,  8.653990E+01, 1.000,    1
 77.727273, 90.000000,  6.444456E-03,  1.451511E-01,  9.179744E+01, 1.000,    1
 77.727273, 90.000000,  6.459036E-03,  1.258213E-01,  8.684288E+01, 1.000,    1
 77.727273, 90.000000,  6.589542E-03,  1.484731E-01,  8.969199E+01, 1.000,    1
 77.727273, 90.000000,  6.667513E-03,  1.448386E-01,  8.803482E+01, 1.000,    1
 77.727273, 90.000000,  6.707828E-03,  1.486352E-01,  8.674777E+01, 1.000,    2
 77.727273, 90.000000,  6.787000E-03,  1.527449E-01,  8.632519E+01, 1.000,    1
 77.727273, 90.000000,  6.813920E-03,  1.370752E-01,  8.481587E+01, 1.000,    1
 77.727273, 90.000000,  6.946649E-03,  1.469359E-01,  8.433823E+01, 1.000,    2
 77.727273, 90.000000,  7.069128E-03,  1.472999E-01,  8.244138E+01, 1.000,    1
 77.727273, 90.000000,  7.165967E-03,  1.581648E-01,  7.979167E+01, 1.000,    1
 77.727273, 90.000000,  7.245556E-03,  1.427771E-01,  7.862101E+01, 1.000,    3
 77.727273, 90.000000,  8.436885E-03,  1.445142E-01,  5.046156E+01, 1.000,  247
 77.727273, 90.000000,  8.474229E-03,  1.437895E-01,  4.957579E+01, 1.000,  247
 77.727273, 90.000000,  9.824842E-03,  1.833350E-01,  1.491891E+01, 1.000,    2
 77.727273, 90.000000,  1.159729E-02,  1.628467E-01, -5.391256E+01, 1.000,  233
 77.727273, 90.000000,  1.160296E-02,  1.628199E-01, -5.542087E+01, 1.000,  229
 77.727273, 90.000000,  2.065045E-01,  3.687760E-01, -8.678062E+01, 1.000,  251
 77.727273, 90.000000,  1.639234E+00,  1.175271E+00, -5.116747E+02, 1.000,  192
 77.727273, 90.000000,  1.639266E+00,  1.175418E+00, -5.110291E+02, 1.000,  192
 79.772727, 90.000000,  6.211685E-03,  1.263696E-01,  8.789581E+01, 1.000,    1
 79.772727, 90.000000,  6.319715E-03,  1.345292E-01,  8.736050E+01, 1.000,   16
 79.772727, 90.000000,  6.366256E-03,  1.337846E-01,  8.524929E+01, 1.000,   14
 79.772727, 90.000000,  6.613898E-03,  1.334413E-01,  7.901020E+01, 1.000,    3
 79.772727, 90.000000,  6.675418E-03,  1.390617E-01,  8.111802E+01, 1.000,    4
 79.772727, 90.000000,  6.843138E-03,  1.307565E-01,  7.454473E+01, 1.000,    1
 79.772727, 90.000000,  6.843492E-03,  1.307638E-01,  7.455719E+01, 1.000,    1
 79.772727, 90.000000,  6.919402E-03,  1.278430E-01,  7.321601E+01, 1.000,    1
 79.772727, 90.000000,  8.336298E-03,  1.462304E-01,  4.898228E+01, 1.000,  259
 79.772727, 90.000000,  8.364949E-03,  1.455981E-01,  4.862498E+01, 1.000,  262
 79.772727, 90.000000,  9.798887E-03,  1.418033E-01,  1.044969E+01, 1.000,    5
 79.772727, 90.000000,  1.151697E-02,  1.643550E-01, -5.687926E+01, 1.000,  244
 79.772727, 90.000000,  1.156282E-02,  1.627878E-01, -5.873135E+01, 1.000,  238
 79.772727, 90.000000,  1.291002E-02,  1.719605E-01, -1.121421E+02, 1.000,    6
 79.772727, 90.000000,  2.086932E-01,  3.745841E-01, -9.028242E+01, 1.000,  244
 79.772727, 90.000000,  1.725501E+00,  1.183695E+00, -5.194873E+02, 1.000,  196
 79.772727, 90.000000,  1.725653E+00,  1.184839E+00, -5.157173E+02, 1.000,  187
 81.818182, 90.000000,  7.870365E-03,  1.458253E-01,  5.601888E+01, 1.000,  256
 81.818182, 90.000000,  8.042078E-03,  1.453884E-01,  5.175818E+01, 1.000,  282
 81.818182, 90.000000,  9.786838E-03,  1.580476E-01, -1.738073E+00, 1.000,   37
 81.818182, 90.000000,  1.151889E-02,  1.648549E-01, -6.041883E+01, 1.000,  236
 81.818182, 90.000000,  1.161343E-02,  1.639332E-01, -6.305730E+01, 1.000,  225
 81.818182, 90.000000,  1.284511E-02,  1.583761E-01, -9.684233E+01, 1.000,    1
 81.818182, 90.000000,  2.108446E-01,  3.800474E-01, -9.378462E+01, 1.000,  249
 81.818182, 90.000000,  1.804117E+00,  1.197197E+00, -5.272929E+02, 1.000,  195
 81.818182, 90.000000,  1.804226E+00,  1.197179E+00, -5.271185E+02, 1.000,  190
 83.863636, 90.000000,  6.577897E-03,  1.305898E-01,  7.626230E+01, 1.000,   29
 83.863636, 90.000000,  6.774713E-03,  1.355878E-01,  7.174493E+01, 1.000,   59
 83.863636, 90.000000,  6.854511E-03,  1.351801E-01,  7.018493E+01, 1.000,   20
 83.863636, 90.000000,  7.028472E-03,  1.311503E-01,  6.328154E+01, 1.000,    8
 83.863636, 90.000000,  7.304254E-03,  1.446170E-01,  6.081512E+01, 1.000,   28
 83.863636, 90.000000,  7.924761E-03,  1.473831E-01,  5.370409E+01, 1.000,  151
 83.863636, 90.000000,  7.961058E-03,  1.475477E-01,  5.506583E+01, 1.000,  112
 83.863636, 90.000000,  8.775359E-03,  1.541304E-01,  3.185761E+01, 1.000,   41
 83.863636, 90.000000,  9.016030E-03,  1.506970E-01,  2.851111E+01, 1.000,   45
 83.863636, 90.000000,  9.403652E-03,  1.483690E-01,  1.771710E+01, 1.000,   41
 83.863636, 90.000000,  9.660274E-03,  1.594646E-01,  7.790009E+00, 1.000,   22
 83.863636, 90.000000,  1.005276E-02,  1.610047E-01, -2.938572E+01, 1.000,   15
 83.863636, 90.000000,  1.010662E-02,  1.606987E-01, -2.656232E+01, 1.000,   21
 83.863636, 90.000000,  1.044681E-02,  1.686147E-01, -3.593742E+01, 1.000,   27
 83.863636, 90.000000,  1.052388E-02,  1.622474E-01, -4.247453E+01, 1.000,   27
 83.863636, 90.000000,  1.102910E-02,  1.724432E-01, -5.114298E+01, 1.000,   41
 83.863636, 90.000000,  1.134528E-02,  1.654498E-01, -5.972449E+01, 1.000,  110
 83.863636, 90.000000,  1.159242E-02,  1.636148E-01, -6.660383E+01, 1.000,   79
 83.863636, 90.000000,  1.213692E-02,  1.591444E-01, -7.963858E+01, 1.000,   50
 83.863636, 90.000000,  1.214779E-02,  1.637531E-01, -8.074606E+01, 1.000,   40
 83.863636, 90.000000,  1.245562E-02,  1.684702E-01, -8.043383E+01, 1.000,    9
 83.863636, 90.000000,  1.261682E-02,  1.656335E-01, -9.561145E+01, 1.000,    4
 83.863636, 90.000000,  1.270749E-02,  1.680271E-01, -9.456008E+01, 1.000,   16
 83.863636, 90.000000,  2.128150E-01,  3.854035E-01, -9.721390E+01, 1.000,  239
 83.863636, 90.000000,  1.872987E+00,  1.213342E+00, -5.381901E+02, 1.000,  185
 83.863636, 90.000000,  1.873339E+00,  1.212526E+00, -5.381774E+02, 1.000,  184
 85.909091, 90.000000,  7.809235E-03,  1.429086E-01,  5.336964E+01, 1.000,  256
 85.909091, 90.000000,  7.829222E-03,  1.453172E-01,  5.307960E+01, 1.000,  253
 85.909091, 90.000000,  9.398806E-03,  1.540327E-01,  1.103135E+01, 1.000,   20
 85.909091, 90.000000,  9.430586E-03,  1.527249E-01,  2.086113E+01, 1.000,    8
 85.909091, 90.000000,  9.829202E-03,  1.591519E-01, -2.399430E+01, 1.000,    5
 85.909091, 90.000000,  9.911344E-03,  1.644280E-01, -2.278156E+01, 1.000,   14
 85.909091, 90.000000,  1.132493E-02,  1.639563E-01, -6.123751E+01, 1.000,  206
 85.909091, 90.000000,  1.133979E-02,  1.669130E-01, -6.198075E+01, 1.000,  194
 85.909091, 90.000000,  1.272877E-02,  1.679276E-01, -1.035165E+02, 1.000,    4
 85.909091, 90.000000,  2.146296E-01,  3.901955E-01, -1.004603E+02, 1.000,  229
 85.909091, 90.000000,  1.930493E+00,  1.233096E+00, -5.540342E+02, 1.000,  136
 85.909091, 90.000000,  1.931122E+00,  1.234061E+00, -5.532487E+02, 1.000,  124
 87.954545, 90.000000,  6.886262E-03,  1.358799E-01,  7.483824E+01, 1.000,   85
 87.954545, 90.000000,  6.902717E-03,  1.367848E-01,  7.512046E+01, 1.000,   81
 87.954545, 90.000000,  7.620337E-03,  1.463871E-01,  5.254262E+01, 1.000,    1
 87.954545, 90.000000,  7.628409E-03,  1.459000E-01,  5.488820E+01, 1.000,    1
 87.954545, 90.000000,  8.178010E-03,  1.453446E-01,  4.315661E+01, 1.000,  168
 87.954545, 90.000000,  8.186896E-03,  1.447612E-01,  4.332947E+01, 1.000,  170
 87.954545, 90.000000,  1.011370E-02,  1.567427E-01, -1.825939E+01, 1.000,   58
 87.954545, 90.000000,  1.016668E-02,  1.545514E-01, -1.826692E+01, 1.000,   60
 87.954545, 90.000000,  1.117800E-02,  1.595735E-01, -6.348364E+01, 1.000,    2
 87.954545, 90.000000,  1.172221E-02,  1.640265E-01, -7.736738E+01, 1.000,  147
 87.954545, 90.000000,  1.176397E-02,  1.628581E-01, -7.793606E+01, 1.000,  144
 87.954545, 90.000000,  2.163654E-01,  3.946099E-01, -1.033801E+02, 1.000,  206
 90.000000, 90.000000,  7.385846E-03,  1.199977E-01,  7.036784E+01, 1.000,   27
 90.000000, 90.000000,  7.387172E-03,  1.201040E-01,  7.038419E+01, 1.000,   27
 90.000000, 90.000000,  7.658344E-03,  1.223996E-01,  6.573650E+01, 1.000,   54
 90.000000, 90.000000,  7.659382E-03,  1.224692E-01,  6.573452E+01, 1.000,   54
 90.000000, 90.000000,  7.967340E-03,  1.251262E-01,  5.868542E+01, 1.000,   27
 90.000000, 90.000000,  7.987702E-03,  1.258212E-01,  5.900038E+01, 1.000,   27
 90.000000, 90.000000,  8.366772E-03,  1.285948E-01,  4.716213E+01, 1.000,   24
 90.000000, 90.000000,  8.406965E-03,  1.298701E-01,  4.745530E+01, 1.000,   24
 90.000000, 90.000000,  8.785222E-03,  1.328684E-01,  3.575207E+01, 1.000,   39
 90.000000, 90.000000,  8.788763E-03,  1.329982E-01,  3.575666E+01, 1.000,   39
 90.000000, 90.000000,  9.174439E-03,  1.356318E-01,  2.301446E+01, 1.000,   15
 90.000000, 90.000000,  9.254320E-03,  1.373479E-01,  2.314757E+01, 1.000,   15
 90.000000, 90.000000,  1.054650E-02,  1.464249E-01, -2.121728E+01, 1.000,    3
 90.000000, 90.000000,  1.070684E-02,  1.500893E-01, -2.234212E+01, 1.000,    3
 90.000000, 90.000000,  1.216030E-02,  1.640523E-01, -8.073195E+01, 1.000,    3
 90.000000, 90.000000,  1.216270E-02,  1.642043E-01, -8.053213E+01, 1.000,    3
 90.000000, 90.000000,  1.238075E-02,  1.692023E-01, -9.074949E+01, 1.000,   15
 90.000000, 90.000000,  1.242173E-02,  1.658579E-01, -8.331489E+01, 1.000,    3
 90.000000, 90.000000,  1.259373E-02,  1.693935E-01, -9.185884E+01, 1.000,    6
 90.000000, 90.000000,  2.178801E-01,  3.990315E-01, -1.060700E+02, 1.000,  210
