 Long results file generated by S.K.E.A.F. v1.3.0 r149
 
 XCrysDen FS filename: band9_cb.bxsf                                     
 Fermi energy:     0.000147 Ryd 
 Original     nx =   71  ny =   71  nz =   71   numkpoints =      357911
 New      numint =  150                       numkpoints =   212776173
 H-vector direction: r   Number of auto rotated angles =    45
 Theta =  90.000000 to  90.000000 degrees;  Phi =  90.000000 to   0.000000 degrees 
 Minimum extremal FS freq.:   0.0000 kT 
 Maximum fractional diff. between orbit freqs. for averaging:   0.010
 Maximum distance (fraction of RUC side length) between orbit avg. coords. for averaging:   0.050
 Extremal orbits near super-cell walls are REJECTED from the output.
 
 Original reciprocal lattice vector lengths (a, b, c) in a.u.^-1 (no 2Pi factor)
 ( 0.14275080,  0.07734248,  0.05826659)
 
 Reciprocal lattice vector lengths (a, b, c) in Angstroms^-1 (2Pi factor included)
 ( 1.69495155,  0.91832589,  0.69182833)
 
 Default kpointspacings (a, b, c, min) in Angstroms^-1 (2Pi factor included)
 ( 0.02421359,  0.01311894,  0.00988326,  0.00988326)
 
 Actual used (interpolated) kpointspacing in Angstroms^-1 (2Pi factor included) =  0.01137551
 
 Frequency for 2 k-points on original RUC faces (ab, ac, bc, max) in kT
( 0.00665540,  0.00501390,  0.00271653,  0.00665540)
 
 Started finding DOS on  7/ 5/2023 at 20:43:17.924
 
 Min band energy =    -0.011243 Ryd, max band energy =     0.122633 Ryd, bandwidth =     0.133877 Ryd
 
 Reciprocal Unit Cell volume =     1.076843 Angstroms^-3 (  214921799 k-points)   Vol of 1 k-point =  0.000000005010 Angstroms^-3
 Band electron (occupied) volume =     0.041558 Angstroms^-3 (    8294261 k-points), Roughly estimated number of electrons in this band** =   0.077184
 Band hole (unoccupied) volume =     1.035286 Angstroms^-3 (  206627538 k-points), Roughly estimated number of holes in this band** =   1.922816
 (E_F - E_bandminimum)/E_bandwidth =   0.085081
 **Either the estimated number of electrons (for an electron-like band) or holes (for a hole-like band) calculated above should be used. 
 
 Contribution of this band to the DOS(E_F) =    6.392 Angstroms^-3 Rydbergs^-1 per spin direction
 (i.e. # of states per volume per energy per spin direction, at the Fermi energy)
 
 DOS calculation took  0hr: 2min:23.081s
 
 Started main FS algorithm on  7/ 5/2023 at 20:45:41.006
 
 Note: In autorotation mode, detailed long results information is disabled. If you want this information, please do a single run at the angle of interest. 
 
 ------------------------------ 
 ANGLE     1 of    45; theta =  90.000000, phi =  90.000000 degrees
 
 Predicted dHvA frequencies: 
 
 Freq. =   0.0096+/-  0.0000 kT, m* =   0.1382+/-  0.0001 m_e, Curv. =   8.2122E+01+/-  3.6184E-01 kT A^2, orbit (1=e,-1=h):  1.0+/- 0.0
 Orbit copies found:     6, RUC avg coords: (  1.0000+/-  0.0000,  0.4999+/-  0.0000,  0.5898+/-  0.0015)
 
 Freq. =   0.0096+/-  0.0000 kT, m* =   0.1383+/-  0.0000 m_e, Curv. =   8.1812E+01+/-  2.8360E-01 kT A^2, orbit (1=e,-1=h):  1.0+/- 0.0
 Orbit copies found:     6, RUC avg coords: (  0.0000+/-  0.0000,  0.4999+/-  0.0000,  0.4088+/-  0.0015)
 
 Freq. =   0.0099+/-  0.0000 kT, m* =   0.1405+/-  0.0002 m_e, Curv. =   7.6548E+01+/-  2.4992E-01 kT A^2, orbit (1=e,-1=h):  1.0+/- 0.0
 Orbit copies found:     9, RUC avg coords: (  0.0000+/-  0.0000,  0.5004+/-  0.0011,  0.4093+/-  0.0014)
 
 Freq. =   0.0099+/-  0.0000 kT, m* =   0.1407+/-  0.0002 m_e, Curv. =   7.6650E+01+/-  3.1483E-01 kT A^2, orbit (1=e,-1=h):  1.0+/- 0.0
 Orbit copies found:     9, RUC avg coords: (  1.0000+/-  0.0000,  0.5004+/-  0.0011,  0.5902+/-  0.0014)
 
 Freq. =   0.2248+/-  0.0005 kT, m* =   0.4049+/-  0.0004 m_e, Curv. =  -1.0683E+02+/-  2.2092E-01 kT A^2, orbit (1=e,-1=h):  1.0+/- 0.0
 Orbit copies found:   210, RUC avg coords: (  1.0000+/-  0.0002,  0.9997+/-  0.0034,  0.9999+/-  0.0012)
 
 Freq. =   1.8942+/-  0.0001 kT, m* =   0.7513+/-  0.0025 m_e, Curv. =   4.0728E+02+/-  2.6520E+00 kT A^2, orbit (1=e,-1=h): -1.0+/- 0.0
 Orbit copies found:    15, RUC avg coords: (  1.0000+/-  0.0000,  1.0000+/-  0.0000,  1.0000+/-  0.0013)
 
 Freq. =   5.9278+/-  0.0003 kT, m* =   1.8076+/-  0.0024 m_e, Curv. =  -1.0449E+03+/-  4.0049E+00 kT A^2, orbit (1=e,-1=h):  1.0+/- 0.0
 Orbit copies found:    15, RUC avg coords: (  1.0000+/-  0.0000,  1.0000+/-  0.0000,  1.0000+/-  0.0025)
 
 Comparing the volumes enclosed by electron and hole orbits (at this angle), this band is estimated to be  93.3% electron-like and   6.7% hole-like.
 
 Array bounds (read/defined): Max numslfs(slice) =    270 /   4800, numchunks =   5318 /  19200, numnd =    270 /  19200
 
 
 ------------------------------ 
 ANGLE     2 of    45; theta =  90.000000, phi =  87.954545 degrees
 
 Predicted dHvA frequencies: 
 
 Freq. =   0.0101+/-  0.0000 kT, m* =   0.1430+/-  0.0001 m_e, Curv. =   7.1640E+01+/-  4.8370E-01 kT A^2, orbit (1=e,-1=h):  1.0+/- 0.0
 Orbit copies found:     9, RUC avg coords: (  0.0000+/-  0.0000,  0.4983+/-  0.0001,  0.5910+/-  0.0001)
 
 Freq. =   0.0101+/-  0.0000 kT, m* =   0.1432+/-  0.0000 m_e, Curv. =   7.0516E+01+/-  5.4444E-10 kT A^2, orbit (1=e,-1=h):  1.0+/- 0.0
 Orbit copies found:     3, RUC avg coords: (  1.0000+/-  0.0000,  0.5019+/-  0.0000,  0.4088+/-  0.0000)
 
 Freq. =   0.0105+/-  0.0000 kT, m* =   0.1460+/-  0.0000 m_e, Curv. =   6.0739E+01+/-  5.7522E-10 kT A^2, orbit (1=e,-1=h):  1.0+/- 0.0
 Orbit copies found:     3, RUC avg coords: (  0.0000+/-  0.0000,  0.4970+/-  0.0000,  0.5899+/-  0.0000)
 
 Freq. =   0.0106+/-  0.0000 kT, m* =   0.1464+/-  0.0002 m_e, Curv. =   5.9191E+01+/-  6.8317E-01 kT A^2, orbit (1=e,-1=h):  1.0+/- 0.0
 Orbit copies found:     9, RUC avg coords: (  1.0000+/-  0.0000,  0.5031+/-  0.0001,  0.4100+/-  0.0001)
 
 Freq. =   0.2247+/-  0.0005 kT, m* =   0.4049+/-  0.0005 m_e, Curv. =  -1.0688E+02+/-  1.8650E-01 kT A^2, orbit (1=e,-1=h):  1.0+/- 0.0
 Orbit copies found:   198, RUC avg coords: (  1.0000+/-  0.0002,  1.0002+/-  0.0037,  0.0000+/-  0.0012)
 
 Freq. =   3.9802+/-  0.0062 kT, m* =   2.6296+/-  0.0566 m_e, Curv. =  -1.2515E+03+/-  4.6515E+00 kT A^2, orbit (1=e,-1=h):  1.0+/- 0.0
 Orbit copies found:   138, RUC avg coords: (  1.0000+/-  0.0003,  1.0003+/-  0.0038,  0.0004+/-  0.0070)
 
 Freq. =   5.8956+/-  0.0010 kT, m* =   1.8965+/-  0.0240 m_e, Curv. =  -3.0734E+04+/-  6.6062E+00 kT A^2, orbit (1=e,-1=h):  1.0+/- 0.0
 Orbit copies found:    30, RUC avg coords: (  1.0000+/-  0.0000,  0.9998+/-  0.0010, -0.0002+/-  0.0023)
 
 Comparing the volumes enclosed by electron and hole orbits (at this angle), this band is estimated to be  99.2% electron-like and   0.8% hole-like.
 
 Array bounds (read/defined): Max numslfs(slice) =     82 /   4800, numchunks =   5695 /  19200, numnd =    390 /  19200
 
 
 ------------------------------ 
 ANGLE     3 of    45; theta =  90.000000, phi =  85.909091 degrees
 
 Predicted dHvA frequencies: 
 
 Freq. =   0.0106+/-  0.0000 kT, m* =   0.1513+/-  0.0001 m_e, Curv. =   5.7423E+01+/-  8.4171E-01 kT A^2, orbit (1=e,-1=h):  1.0+/- 0.0
 Orbit copies found:     6, RUC avg coords: (  0.0000+/-  0.0000,  0.4966+/-  0.0001,  0.5967+/-  0.0001)
 
 Freq. =   0.0108+/-  0.0000 kT, m* =   0.1519+/-  0.0000 m_e, Curv. =   5.3275E+01+/-  5.4285E-10 kT A^2, orbit (1=e,-1=h):  1.0+/- 0.0
 Orbit copies found:     3, RUC avg coords: (  0.0000+/-  0.0000,  0.4962+/-  0.0000,  0.5947+/-  0.0000)
 
 Freq. =   0.0108+/-  0.0000 kT, m* =   0.1523+/-  0.0000 m_e, Curv. =   5.1233E+01+/-  1.1556E-10 kT A^2, orbit (1=e,-1=h):  1.0+/- 0.0
 Orbit copies found:     3, RUC avg coords: (  1.0000+/-  0.0000,  0.5040+/-  0.0000,  0.4051+/-  0.0000)
 
 Freq. =   0.0117+/-  0.0000 kT, m* =   0.1570+/-  0.0000 m_e, Curv. =   2.3537E+01+/-  1.9800E-10 kT A^2, orbit (1=e,-1=h):  1.0+/- 0.0
 Orbit copies found:     3, RUC avg coords: (  0.0000+/-  0.0000,  0.4938+/-  0.0000,  0.5935+/-  0.0000)
 
 Freq. =   0.0118+/-  0.0000 kT, m* =   0.1576+/-  0.0000 m_e, Curv. =   2.0943E+01+/-  3.5286E-10 kT A^2, orbit (1=e,-1=h):  1.0+/- 0.0
 Orbit copies found:     3, RUC avg coords: (  1.0000+/-  0.0000,  0.5064+/-  0.0000,  0.4063+/-  0.0000)
 
 Freq. =   0.0120+/-  0.0000 kT, m* =   0.1615+/-  0.0003 m_e, Curv. =   1.4467E+01+/-  1.4755E+00 kT A^2, orbit (1=e,-1=h):  1.0+/- 0.0
 Orbit copies found:     6, RUC avg coords: (  1.0000+/-  0.0000,  0.5072+/-  0.0001,  0.4011+/-  0.0001)
 
 Freq. =   0.2246+/-  0.0005 kT, m* =   0.4045+/-  0.0004 m_e, Curv. =  -1.0690E+02+/-  1.8998E-01 kT A^2, orbit (1=e,-1=h):  1.0+/- 0.0
 Orbit copies found:   195, RUC avg coords: (  1.0000+/-  0.0002,  1.0000+/-  0.0035,  1.0000+/-  0.0014)
 
 Freq. =   1.9382+/-  0.0000 kT, m* =   1.2690+/-  0.0002 m_e, Curv. =  -4.9976E+02+/-  7.4977E-01 kT A^2, orbit (1=e,-1=h):  1.0+/- 0.0
 Orbit copies found:     6, RUC avg coords: (  0.8214+/-  0.0004,  0.9996+/-  0.0000, -0.0006+/-  0.0014)
 
 Freq. =   1.9383+/-  0.0000 kT, m* =   1.2740+/-  0.0013 m_e, Curv. =  -4.9947E+02+/-  2.7823E-01 kT A^2, orbit (1=e,-1=h):  1.0+/- 0.0
 Orbit copies found:     6, RUC avg coords: (  0.1774+/-  0.0004,  0.9998+/-  0.0000,  0.9947+/-  0.0014)
 
 Comparing the volumes enclosed by electron and hole orbits (at this angle), this band is estimated to be  99.9% electron-like and   0.1% hole-like.
 
 Array bounds (read/defined): Max numslfs(slice) =     45 /   4800, numchunks =   6433 /  19200, numnd =    231 /  19200
 
 
 ------------------------------ 
 ANGLE     4 of    45; theta =  90.000000, phi =  83.863636 degrees
 
 Predicted dHvA frequencies: 
 
 Freq. =   0.0115+/-  0.0000 kT, m* =   0.1606+/-  0.0000 m_e, Curv. =   2.9075E+01+/-  2.7458E-11 kT A^2, orbit (1=e,-1=h):  1.0+/- 0.0
 Orbit copies found:     3, RUC avg coords: (  0.0000+/-  0.0000,  0.4941+/-  0.0000,  0.5953+/-  0.0000)
 
 Freq. =   0.0115+/-  0.0000 kT, m* =   0.1607+/-  0.0001 m_e, Curv. =   2.8887E+01+/-  2.4876E-01 kT A^2, orbit (1=e,-1=h):  1.0+/- 0.0
 Orbit copies found:     6, RUC avg coords: (  1.0000+/-  0.0000,  0.5059+/-  0.0001,  0.4043+/-  0.0005)
 
 Freq. =   0.0119+/-  0.0000 kT, m* =   0.1635+/-  0.0001 m_e, Curv. =   1.5683E+01+/-  3.5402E-01 kT A^2, orbit (1=e,-1=h):  1.0+/- 0.0
 Orbit copies found:     9, RUC avg coords: (  0.0000+/-  0.0000,  0.4929+/-  0.0001,  0.5969+/-  0.0008)
 
 Freq. =   0.0129+/-  0.0000 kT, m* =   0.1684+/-  0.0011 m_e, Curv. =  -1.6587E+01+/-  1.8171E-01 kT A^2, orbit (1=e,-1=h):  1.0+/- 0.0
 Orbit copies found:     6, RUC avg coords: (  0.0000+/-  0.0000,  0.4907+/-  0.0006,  0.5921+/-  0.0076)
 
 Freq. =   0.0129+/-  0.0000 kT, m* =   0.1674+/-  0.0000 m_e, Curv. =  -1.6703E+01+/-  1.9388E-10 kT A^2, orbit (1=e,-1=h):  1.0+/- 0.0
 Orbit copies found:     3, RUC avg coords: (  1.0000+/-  0.0000,  0.5087+/-  0.0000,  0.4148+/-  0.0000)
 
 Freq. =   0.2244+/-  0.0005 kT, m* =   0.4042+/-  0.0006 m_e, Curv. =  -1.0693E+02+/-  1.5745E-01 kT A^2, orbit (1=e,-1=h):  1.0+/- 0.0
 Orbit copies found:   198, RUC avg coords: (  1.0000+/-  0.0002,  1.0003+/-  0.0036, -0.0000+/-  0.0013)
 
 Freq. =   1.8603+/-  0.0024 kT, m* =   1.2484+/-  0.0034 m_e, Curv. =  -4.7268E+02+/-  2.0788E+00 kT A^2, orbit (1=e,-1=h):  1.0+/- 0.0
 Orbit copies found:   165, RUC avg coords: (  0.1852+/-  0.0011, -0.0012+/-  0.0028, -0.0067+/-  0.0091)
 
 Freq. =   1.8605+/-  0.0020 kT, m* =   1.2475+/-  0.0048 m_e, Curv. =  -4.7304E+02+/-  2.3076E+00 kT A^2, orbit (1=e,-1=h):  1.0+/- 0.0
 Orbit copies found:   165, RUC avg coords: (  0.8147+/-  0.0011,  0.0005+/-  0.0028,  0.0052+/-  0.0096)
 
 Comparing the volumes enclosed by electron and hole orbits (at this angle), this band is estimated to be  99.9% electron-like and   0.1% hole-like.
 
 Array bounds (read/defined): Max numslfs(slice) =     54 /   4800, numchunks =   6806 /  19200, numnd =    555 /  19200
 
 
 ------------------------------ 
 ANGLE     5 of    45; theta =  90.000000, phi =  81.818182 degrees
 
 Predicted dHvA frequencies: 
 
 Freq. =   0.0125+/-  0.0000 kT, m* =   0.1670+/-  0.0000 m_e, Curv. =  -5.2249E+00+/-  1.4530E-10 kT A^2, orbit (1=e,-1=h):  1.0+/- 0.0
 Orbit copies found:     3, RUC avg coords: (  1.0000+/-  0.0000,  0.5091+/-  0.0000,  0.4048+/-  0.0000)
 
 Freq. =   0.0130+/-  0.0000 kT, m* =   0.1663+/-  0.0000 m_e, Curv. =  -2.8963E+01+/-  2.3113E-10 kT A^2, orbit (1=e,-1=h):  1.0+/- 0.0
 Orbit copies found:     3, RUC avg coords: (  0.0000+/-  0.0000,  0.4889+/-  0.0000,  0.5915+/-  0.0000)
 
 Freq. =   0.2240+/-  0.0005 kT, m* =   0.4036+/-  0.0005 m_e, Curv. =  -1.0694E+02+/-  1.4662E-01 kT A^2, orbit (1=e,-1=h):  1.0+/- 0.0
 Orbit copies found:   201, RUC avg coords: (  0.0000+/-  0.0002,  0.0001+/-  0.0035, -0.0000+/-  0.0015)
 
 Freq. =   1.7710+/-  0.0021 kT, m* =   1.2328+/-  0.0047 m_e, Curv. =  -4.3861E+02+/-  2.2976E+00 kT A^2, orbit (1=e,-1=h):  1.0+/- 0.0
 Orbit copies found:   174, RUC avg coords: (  0.1912+/-  0.0009,  0.9996+/-  0.0024,  0.9950+/-  0.0109)
 
 Freq. =   1.7710+/-  0.0021 kT, m* =   1.2333+/-  0.0055 m_e, Curv. =  -4.3846E+02+/-  2.0216E+00 kT A^2, orbit (1=e,-1=h):  1.0+/- 0.0
 Orbit copies found:   174, RUC avg coords: (  0.8088+/-  0.0009,  1.0005+/-  0.0024,  1.0047+/-  0.0107)
 
 Comparing the volumes enclosed by electron and hole orbits (at this angle), this band is estimated to be  99.9% electron-like and   0.1% hole-like.
 
 Array bounds (read/defined): Max numslfs(slice) =     36 /   4800, numchunks =   7420 /  19200, numnd =    555 /  19200
 
 
 ------------------------------ 
 ANGLE     6 of    45; theta =  90.000000, phi =  79.772727 degrees
 
 Predicted dHvA frequencies: 
 
 Freq. =   0.0119+/-  0.0000 kT, m* =   0.1762+/-  0.0000 m_e, Curv. =   5.3614E+01+/-  1.6232E-11 kT A^2, orbit (1=e,-1=h):  1.0+/- 0.0
 Orbit copies found:     3, RUC avg coords: (  1.0000+/-  0.0000,  0.5022+/-  0.0000,  0.4174+/-  0.0000)
 
 Freq. =   0.2235+/-  0.0005 kT, m* =   0.4029+/-  0.0005 m_e, Curv. =  -1.0692E+02+/-  1.4402E-01 kT A^2, orbit (1=e,-1=h):  1.0+/- 0.0
 Orbit copies found:   204, RUC avg coords: ( -0.0000+/-  0.0002, -0.0001+/-  0.0035, -0.0001+/-  0.0017)
 
 Freq. =   1.6723+/-  0.0020 kT, m* =   1.2191+/-  0.0059 m_e, Curv. =  -4.1187E+02+/-  2.2035E+00 kT A^2, orbit (1=e,-1=h):  1.0+/- 0.0
 Orbit copies found:   183, RUC avg coords: (  0.8029+/-  0.0007,  0.0005+/-  0.0019,  0.0050+/-  0.0133)
 
 Freq. =   1.6723+/-  0.0019 kT, m* =   1.2197+/-  0.0059 m_e, Curv. =  -4.1196E+02+/-  2.4974E+00 kT A^2, orbit (1=e,-1=h):  1.0+/- 0.0
 Orbit copies found:   183, RUC avg coords: (  0.1971+/-  0.0009, -0.0006+/-  0.0019, -0.0053+/-  0.0135)
 
 Comparing the volumes enclosed by electron and hole orbits (at this angle), this band is estimated to be  99.9% electron-like and   0.1% hole-like.
 
 Array bounds (read/defined): Max numslfs(slice) =     54 /   4800, numchunks =   7279 /  19200, numnd =    573 /  19200
 
 
 ------------------------------ 
 ANGLE     7 of    45; theta =  90.000000, phi =  77.727273 degrees
 
 Predicted dHvA frequencies: 
 
 Freq. =   0.2230+/-  0.0005 kT, m* =   0.4018+/-  0.0004 m_e, Curv. =  -1.0687E+02+/-  1.6038E-01 kT A^2, orbit (1=e,-1=h):  1.0+/- 0.0
 Orbit copies found:   204, RUC avg coords: (  1.0000+/-  0.0002,  1.0001+/-  0.0034,  1.0000+/-  0.0019)
 
 Freq. =   1.5687+/-  0.0018 kT, m* =   1.2080+/-  0.0059 m_e, Curv. =  -3.9167E+02+/-  3.6822E+00 kT A^2, orbit (1=e,-1=h):  1.0+/- 0.0
 Orbit copies found:   180, RUC avg coords: (  0.2023+/-  0.0012,  0.9994+/-  0.0013,  0.9950+/-  0.0149)
 
 Freq. =   1.5687+/-  0.0018 kT, m* =   1.2092+/-  0.0064 m_e, Curv. =  -3.9167E+02+/-  3.4877E+00 kT A^2, orbit (1=e,-1=h):  1.0+/- 0.0
 Orbit copies found:   180, RUC avg coords: (  0.7978+/-  0.0013,  1.0006+/-  0.0013,  1.0057+/-  0.0150)
 
 Comparing the volumes enclosed by electron and hole orbits (at this angle), this band is estimated to be  99.9% electron-like and   0.1% hole-like.
 
 Array bounds (read/defined): Max numslfs(slice) =     45 /   4800, numchunks =   6879 /  19200, numnd =    564 /  19200
 
 
 ------------------------------ 
 ANGLE     8 of    45; theta =  90.000000, phi =  75.681818 degrees
 
 Predicted dHvA frequencies: 
 
 Freq. =   0.2224+/-  0.0005 kT, m* =   0.4008+/-  0.0004 m_e, Curv. =  -1.0681E+02+/-  2.1785E-01 kT A^2, orbit (1=e,-1=h):  1.0+/- 0.0
 Orbit copies found:   201, RUC avg coords: ( -0.0000+/-  0.0001,  0.0000+/-  0.0030,  0.0005+/-  0.0018)
 
 Freq. =   1.4614+/-  0.0010 kT, m* =   1.1981+/-  0.0059 m_e, Curv. =  -3.6193E+02+/-  1.8545E+00 kT A^2, orbit (1=e,-1=h):  1.0+/- 0.0
 Orbit copies found:    30, RUC avg coords: (  0.2083+/-  0.0009,  0.9998+/-  0.0005,  0.0195+/-  0.0041)
 
 Freq. =   1.4638+/-  0.0015 kT, m* =   1.1969+/-  0.0053 m_e, Curv. =  -3.6448E+02+/-  2.4900E+00 kT A^2, orbit (1=e,-1=h):  1.0+/- 0.0
 Orbit copies found:   186, RUC avg coords: (  0.7925+/-  0.0009,  0.0004+/-  0.0007,  0.0042+/-  0.0152)
 
 Freq. =   1.4640+/-  0.0016 kT, m* =   1.1963+/-  0.0059 m_e, Curv. =  -3.6461E+02+/-  2.8219E+00 kT A^2, orbit (1=e,-1=h):  1.0+/- 0.0
 Orbit copies found:   156, RUC avg coords: (  0.2074+/-  0.0008,  0.9994+/-  0.0007,  0.9931+/-  0.0146)
 
 Comparing the volumes enclosed by electron and hole orbits (at this angle), this band is estimated to be  99.9% electron-like and   0.1% hole-like.
 
 Array bounds (read/defined): Max numslfs(slice) =     46 /   4800, numchunks =   6323 /  19200, numnd =    573 /  19200
 
 
 ------------------------------ 
 ANGLE     9 of    45; theta =  90.000000, phi =  73.636364 degrees
 
 Predicted dHvA frequencies: 
 
 Freq. =   0.2215+/-  0.0005 kT, m* =   0.3994+/-  0.0004 m_e, Curv. =  -1.0655E+02+/-  2.6092E-01 kT A^2, orbit (1=e,-1=h):  1.0+/- 0.0
 Orbit copies found:   204, RUC avg coords: (  1.0000+/-  0.0002,  1.0000+/-  0.0033, -0.0001+/-  0.0023)
 
 Freq. =   1.3600+/-  0.0015 kT, m* =   1.1750+/-  0.0066 m_e, Curv. =  -2.8041E+02+/-  1.0516E+01 kT A^2, orbit (1=e,-1=h):  1.0+/- 0.0
 Orbit copies found:   183, RUC avg coords: (  0.7862+/-  0.0011,  1.0006+/-  0.0007,  0.0042+/-  0.0172)
 
 Freq. =   1.3602+/-  0.0016 kT, m* =   1.1748+/-  0.0070 m_e, Curv. =  -2.8173E+02+/-  1.1562E+01 kT A^2, orbit (1=e,-1=h):  1.0+/- 0.0
 Orbit copies found:   183, RUC avg coords: (  0.2136+/-  0.0012, -0.0007+/-  0.0007,  0.9941+/-  0.0167)
 
 Comparing the volumes enclosed by electron and hole orbits (at this angle), this band is estimated to be  99.9% electron-like and   0.1% hole-like.
 
 Array bounds (read/defined): Max numslfs(slice) =     66 /   4800, numchunks =   6024 /  19200, numnd =    570 /  19200
 
 
 ------------------------------ 
 ANGLE    10 of    45; theta =  90.000000, phi =  71.590909 degrees
 
 Predicted dHvA frequencies: 
 
 Freq. =   0.2206+/-  0.0005 kT, m* =   0.3978+/-  0.0005 m_e, Curv. =  -1.0626E+02+/-  3.0337E-01 kT A^2, orbit (1=e,-1=h):  1.0+/- 0.0
 Orbit copies found:   207, RUC avg coords: (  0.0000+/-  0.0001,  0.0001+/-  0.0032,  0.0001+/-  0.0026)
 
 Freq. =   1.2637+/-  0.0008 kT, m* =   1.1302+/-  0.0053 m_e, Curv. =  -1.5354E+02+/-  4.8574E+00 kT A^2, orbit (1=e,-1=h):  1.0+/- 0.0
 Orbit copies found:   186, RUC avg coords: (  0.7807+/-  0.0013,  1.0008+/-  0.0009,  0.0082+/-  0.0156)
 
 Freq. =   1.2637+/-  0.0008 kT, m* =   1.1312+/-  0.0050 m_e, Curv. =  -1.5335E+02+/-  5.5441E+00 kT A^2, orbit (1=e,-1=h):  1.0+/- 0.0
 Orbit copies found:   186, RUC avg coords: (  0.2196+/-  0.0010,  0.9991+/-  0.0009, -0.0060+/-  0.0150)
 
 Comparing the volumes enclosed by electron and hole orbits (at this angle), this band is estimated to be  99.9% electron-like and   0.1% hole-like.
 
 Array bounds (read/defined): Max numslfs(slice) =     84 /   4800, numchunks =   6050 /  19200, numnd =    579 /  19200
 
 
 ------------------------------ 
 ANGLE    11 of    45; theta =  90.000000, phi =  69.545455 degrees
 
 Predicted dHvA frequencies: 
 
 Freq. =   0.0154+/-  0.0001 kT, m* =   0.1973+/-  0.0078 m_e, Curv. =  -2.7033E+01+/-  3.1523E+00 kT A^2, orbit (1=e,-1=h):  1.0+/- 0.0
 Orbit copies found:    84, RUC avg coords: (  1.0000+/-  0.0000,  0.4927+/-  0.0008,  0.4268+/-  0.0075)
 
 Freq. =   0.0154+/-  0.0001 kT, m* =   0.1976+/-  0.0070 m_e, Curv. =  -2.7186E+01+/-  3.0227E+00 kT A^2, orbit (1=e,-1=h):  1.0+/- 0.0
 Orbit copies found:    84, RUC avg coords: (  0.0000+/-  0.0000,  0.5071+/-  0.0007,  0.5742+/-  0.0071)
 
 Freq. =   0.2195+/-  0.0005 kT, m* =   0.3961+/-  0.0006 m_e, Curv. =  -1.0590E+02+/-  3.6147E-01 kT A^2, orbit (1=e,-1=h):  1.0+/- 0.0
 Orbit copies found:   207, RUC avg coords: (  0.0000+/-  0.0002,  0.0002+/-  0.0032, -0.0000+/-  0.0030)
 
 Freq. =   1.1789+/-  0.0003 kT, m* =   1.0667+/-  0.0051 m_e, Curv. =  -6.3674E+01+/-  8.4496E+00 kT A^2, orbit (1=e,-1=h):  1.0+/- 0.0
 Orbit copies found:   186, RUC avg coords: (  0.7772+/-  0.0012,  0.0011+/-  0.0007,  0.0099+/-  0.0134)
 
 Freq. =   1.1790+/-  0.0003 kT, m* =   1.0658+/-  0.0059 m_e, Curv. =  -6.4250E+01+/-  8.6847E+00 kT A^2, orbit (1=e,-1=h):  1.0+/- 0.0
 Orbit copies found:   183, RUC avg coords: (  0.2229+/-  0.0010,  0.9989+/-  0.0007,  0.9897+/-  0.0135)
 
 Comparing the volumes enclosed by electron and hole orbits (at this angle), this band is estimated to be  99.9% electron-like and   0.1% hole-like.
 
 Array bounds (read/defined): Max numslfs(slice) =     65 /   4800, numchunks =   6360 /  19200, numnd =    744 /  19200
 
 
 ------------------------------ 
 ANGLE    12 of    45; theta =  90.000000, phi =  67.500000 degrees
 
 Predicted dHvA frequencies: 
 
 Freq. =   0.0152+/-  0.0002 kT, m* =   0.1868+/-  0.0051 m_e, Curv. =  -3.4052E+01+/-  4.0016E+00 kT A^2, orbit (1=e,-1=h):  1.0+/- 0.0
 Orbit copies found:   147, RUC avg coords: (  1.0000+/-  0.0000,  0.4940+/-  0.0012,  0.4210+/-  0.0072)
 
 Freq. =   0.0152+/-  0.0001 kT, m* =   0.1868+/-  0.0053 m_e, Curv. =  -3.4262E+01+/-  4.8202E+00 kT A^2, orbit (1=e,-1=h):  1.0+/- 0.0
 Orbit copies found:   147, RUC avg coords: (  0.0000+/-  0.0000,  0.5060+/-  0.0013,  0.5785+/-  0.0069)
 
 Freq. =   0.2184+/-  0.0005 kT, m* =   0.3942+/-  0.0007 m_e, Curv. =  -1.0530E+02+/-  3.7539E-01 kT A^2, orbit (1=e,-1=h):  1.0+/- 0.0
 Orbit copies found:   204, RUC avg coords: ( -0.0000+/-  0.0002, -0.0001+/-  0.0032,  0.0001+/-  0.0031)
 
 Freq. =   1.1067+/-  0.0001 kT, m* =   1.0037+/-  0.0029 m_e, Curv. =  -3.2196E+01+/-  8.6040E+00 kT A^2, orbit (1=e,-1=h):  1.0+/- 0.0
 Orbit copies found:   192, RUC avg coords: (  0.2246+/-  0.0012,  0.9985+/-  0.0010,  0.9897+/-  0.0106)
 
 Freq. =   1.1067+/-  0.0001 kT, m* =   1.0036+/-  0.0027 m_e, Curv. =  -3.3116E+01+/-  9.3697E+00 kT A^2, orbit (1=e,-1=h):  1.0+/- 0.0
 Orbit copies found:   192, RUC avg coords: (  0.7754+/-  0.0013,  0.0014+/-  0.0009,  0.0119+/-  0.0106)
 
 Comparing the volumes enclosed by electron and hole orbits (at this angle), this band is estimated to be  99.9% electron-like and   0.1% hole-like.
 
 Array bounds (read/defined): Max numslfs(slice) =     55 /   4800, numchunks =   6310 /  19200, numnd =    882 /  19200
 
 
 ------------------------------ 
 ANGLE    13 of    45; theta =  90.000000, phi =  65.454545 degrees
 
 Predicted dHvA frequencies: 
 
 Freq. =   0.0149+/-  0.0002 kT, m* =   0.1800+/-  0.0025 m_e, Curv. =  -3.6826E+01+/-  5.8730E+00 kT A^2, orbit (1=e,-1=h):  1.0+/- 0.0
 Orbit copies found:   198, RUC avg coords: (  1.0000+/-  0.0000,  0.4952+/-  0.0013,  0.4210+/-  0.0095)
 
 Freq. =   0.0149+/-  0.0002 kT, m* =   0.1797+/-  0.0023 m_e, Curv. =  -3.7369E+01+/-  5.3695E+00 kT A^2, orbit (1=e,-1=h):  1.0+/- 0.0
 Orbit copies found:   204, RUC avg coords: (  0.0000+/-  0.0000,  0.5049+/-  0.0013,  0.5788+/-  0.0088)
 
 Freq. =   0.2172+/-  0.0005 kT, m* =   0.3920+/-  0.0009 m_e, Curv. =  -1.0467E+02+/-  4.1213E-01 kT A^2, orbit (1=e,-1=h):  1.0+/- 0.0
 Orbit copies found:   204, RUC avg coords: (  1.0000+/-  0.0002,  1.0001+/-  0.0034,  0.0002+/-  0.0027)
 
 Freq. =   1.0446+/-  0.0001 kT, m* =   0.9486+/-  0.0017 m_e, Curv. =  -2.7987E+01+/-  2.7921E+00 kT A^2, orbit (1=e,-1=h):  1.0+/- 0.0
 Orbit copies found:   192, RUC avg coords: (  0.7753+/-  0.0008,  0.0012+/-  0.0009,  1.0045+/-  0.0098)
 
 Freq. =   1.0446+/-  0.0001 kT, m* =   0.9487+/-  0.0020 m_e, Curv. =  -2.8033E+01+/-  2.9087E+00 kT A^2, orbit (1=e,-1=h):  1.0+/- 0.0
 Orbit copies found:   192, RUC avg coords: (  0.2247+/-  0.0008,  0.9989+/-  0.0010,  0.9946+/-  0.0092)
 
 Comparing the volumes enclosed by electron and hole orbits (at this angle), this band is estimated to be  99.9% electron-like and   0.1% hole-like.
 
 Array bounds (read/defined): Max numslfs(slice) =     53 /   4800, numchunks =   6480 /  19200, numnd =    990 /  19200
 
 
 ------------------------------ 
 ANGLE    14 of    45; theta =  90.000000, phi =  63.409091 degrees
 
 Predicted dHvA frequencies: 
 
 Freq. =   0.0147+/-  0.0002 kT, m* =   0.1728+/-  0.0024 m_e, Curv. =  -3.7147E+01+/-  4.7013E+00 kT A^2, orbit (1=e,-1=h):  1.0+/- 0.0
 Orbit copies found:   204, RUC avg coords: (  0.0000+/-  0.0000,  0.5045+/-  0.0018,  0.5795+/-  0.0074)
 
 Freq. =   0.0147+/-  0.0003 kT, m* =   0.1728+/-  0.0023 m_e, Curv. =  -3.7467E+01+/-  4.4289E+00 kT A^2, orbit (1=e,-1=h):  1.0+/- 0.0
 Orbit copies found:   210, RUC avg coords: (  1.0000+/-  0.0000,  0.4957+/-  0.0019,  0.4198+/-  0.0073)
 
 Freq. =   0.2159+/-  0.0005 kT, m* =   0.3895+/-  0.0008 m_e, Curv. =  -1.0362E+02+/-  3.4748E-01 kT A^2, orbit (1=e,-1=h):  1.0+/- 0.0
 Orbit copies found:   207, RUC avg coords: (  0.0000+/-  0.0001,  0.0001+/-  0.0030,  0.0004+/-  0.0034)
 
 Freq. =   0.9903+/-  0.0002 kT, m* =   0.9028+/-  0.0020 m_e, Curv. =  -3.3787E+01+/-  7.0397E-01 kT A^2, orbit (1=e,-1=h):  1.0+/- 0.0
 Orbit copies found:   189, RUC avg coords: (  0.7757+/-  0.0010,  0.0008+/-  0.0012,  0.0030+/-  0.0080)
 
 Freq. =   0.9903+/-  0.0002 kT, m* =   0.9027+/-  0.0019 m_e, Curv. =  -3.3825E+01+/-  7.3031E-01 kT A^2, orbit (1=e,-1=h):  1.0+/- 0.0
 Orbit copies found:   189, RUC avg coords: (  0.2243+/-  0.0010,  0.9991+/-  0.0012,  0.9971+/-  0.0079)
 
 Comparing the volumes enclosed by electron and hole orbits (at this angle), this band is estimated to be  99.9% electron-like and   0.1% hole-like.
 
 Array bounds (read/defined): Max numslfs(slice) =     68 /   4800, numchunks =   7043 /  19200, numnd =    999 /  19200
 
 
 ------------------------------ 
 ANGLE    15 of    45; theta =  90.000000, phi =  61.363636 degrees
 
 Predicted dHvA frequencies: 
 
 Freq. =   0.0140+/-  0.0000 kT, m* =   0.1652+/-  0.0053 m_e, Curv. =  -2.9803E+01+/-  2.0886E+00 kT A^2, orbit (1=e,-1=h):  1.0+/- 0.0
 Orbit copies found:    36, RUC avg coords: (  1.0000+/-  0.0000,  0.4970+/-  0.0026,  0.4227+/-  0.0102)
 
 Freq. =   0.0144+/-  0.0002 kT, m* =   0.1663+/-  0.0036 m_e, Curv. =  -3.6489E+01+/-  3.9280E+00 kT A^2, orbit (1=e,-1=h):  1.0+/- 0.0
 Orbit copies found:   204, RUC avg coords: (  0.0000+/-  0.0000,  0.5039+/-  0.0017,  0.5794+/-  0.0071)
 
 Freq. =   0.0145+/-  0.0002 kT, m* =   0.1670+/-  0.0033 m_e, Curv. =  -3.8053E+01+/-  2.3683E+00 kT A^2, orbit (1=e,-1=h):  1.0+/- 0.0
 Orbit copies found:   168, RUC avg coords: (  1.0000+/-  0.0000,  0.4959+/-  0.0015,  0.4187+/-  0.0059)
 
 Freq. =   0.2146+/-  0.0004 kT, m* =   0.3870+/-  0.0009 m_e, Curv. =  -1.0255E+02+/-  2.9959E-01 kT A^2, orbit (1=e,-1=h):  1.0+/- 0.0
 Orbit copies found:   207, RUC avg coords: (  1.0000+/-  0.0001,  1.0001+/-  0.0026,  1.0001+/-  0.0031)
 
 Freq. =   0.9418+/-  0.0002 kT, m* =   0.8622+/-  0.0017 m_e, Curv. =  -3.7439E+01+/-  5.0479E-01 kT A^2, orbit (1=e,-1=h):  1.0+/- 0.0
 Orbit copies found:   198, RUC avg coords: (  0.7763+/-  0.0006,  1.0007+/-  0.0011,  1.0018+/-  0.0068)
 
 Freq. =   0.9418+/-  0.0002 kT, m* =   0.8622+/-  0.0017 m_e, Curv. =  -3.7424E+01+/-  5.0171E-01 kT A^2, orbit (1=e,-1=h):  1.0+/- 0.0
 Orbit copies found:   198, RUC avg coords: (  0.2237+/-  0.0006,  0.9995+/-  0.0011,  0.9986+/-  0.0069)
 
 Comparing the volumes enclosed by electron and hole orbits (at this angle), this band is estimated to be  99.9% electron-like and   0.1% hole-like.
 
 Array bounds (read/defined): Max numslfs(slice) =     65 /   4800, numchunks =   7658 /  19200, numnd =   1011 /  19200
 
 
 ------------------------------ 
 ANGLE    16 of    45; theta =  90.000000, phi =  59.318182 degrees
 
 Predicted dHvA frequencies: 
 
 Freq. =   0.0142+/-  0.0002 kT, m* =   0.1609+/-  0.0040 m_e, Curv. =  -3.5573E+01+/-  2.8634E+00 kT A^2, orbit (1=e,-1=h):  1.0+/- 0.0
 Orbit copies found:   210, RUC avg coords: (  0.0000+/-  0.0000,  0.5036+/-  0.0017,  0.5805+/-  0.0073)
 
 Freq. =   0.0142+/-  0.0002 kT, m* =   0.1608+/-  0.0039 m_e, Curv. =  -3.5598E+01+/-  2.7587E+00 kT A^2, orbit (1=e,-1=h):  1.0+/- 0.0
 Orbit copies found:   207, RUC avg coords: (  1.0000+/-  0.0000,  0.4964+/-  0.0018,  0.4198+/-  0.0067)
 
 Freq. =   0.2129+/-  0.0005 kT, m* =   0.3842+/-  0.0010 m_e, Curv. =  -1.0120E+02+/-  2.6179E-01 kT A^2, orbit (1=e,-1=h):  1.0+/- 0.0
 Orbit copies found:   204, RUC avg coords: (  1.0000+/-  0.0001,  1.0001+/-  0.0028,  0.9999+/-  0.0035)
 
 Freq. =   0.8980+/-  0.0002 kT, m* =   0.8259+/-  0.0015 m_e, Curv. =  -3.7735E+01+/-  5.1839E-01 kT A^2, orbit (1=e,-1=h):  1.0+/- 0.0
 Orbit copies found:   198, RUC avg coords: (  0.7764+/-  0.0001,  0.0006+/-  0.0012,  1.0010+/-  0.0073)
 
 Freq. =   0.8980+/-  0.0002 kT, m* =   0.8259+/-  0.0016 m_e, Curv. =  -3.7800E+01+/-  5.1868E-01 kT A^2, orbit (1=e,-1=h):  1.0+/- 0.0
 Orbit copies found:   198, RUC avg coords: (  0.2236+/-  0.0001,  0.9993+/-  0.0011,  0.9980+/-  0.0074)
 
 Comparing the volumes enclosed by electron and hole orbits (at this angle), this band is estimated to be  99.9% electron-like and   0.1% hole-like.
 
 Array bounds (read/defined): Max numslfs(slice) =     73 /   4800, numchunks =   7757 /  19200, numnd =   1017 /  19200
 
 
 ------------------------------ 
 ANGLE    17 of    45; theta =  90.000000, phi =  57.272727 degrees
 
 Predicted dHvA frequencies: 
 
 Freq. =   0.0138+/-  0.0002 kT, m* =   0.1556+/-  0.0040 m_e, Curv. =  -3.3029E+01+/-  2.7381E+00 kT A^2, orbit (1=e,-1=h):  1.0+/- 0.0
 Orbit copies found:   210, RUC avg coords: (  0.0000+/-  0.0000,  0.5033+/-  0.0019,  0.5810+/-  0.0070)
 
 Freq. =   0.0139+/-  0.0002 kT, m* =   0.1549+/-  0.0039 m_e, Curv. =  -3.3483E+01+/-  2.5162E+00 kT A^2, orbit (1=e,-1=h):  1.0+/- 0.0
 Orbit copies found:   201, RUC avg coords: (  1.0000+/-  0.0000,  0.4968+/-  0.0019,  0.4203+/-  0.0069)
 
 Freq. =   0.2113+/-  0.0005 kT, m* =   0.3812+/-  0.0011 m_e, Curv. =  -9.9642E+01+/-  2.6098E-01 kT A^2, orbit (1=e,-1=h):  1.0+/- 0.0
 Orbit copies found:   210, RUC avg coords: (  1.0000+/-  0.0001,  0.9999+/-  0.0027,  1.0000+/-  0.0037)
 
 Freq. =   0.8582+/-  0.0002 kT, m* =   0.7920+/-  0.0015 m_e, Curv. =  -3.5347E+01+/-  4.9846E-01 kT A^2, orbit (1=e,-1=h):  1.0+/- 0.0
 Orbit copies found:   201, RUC avg coords: (  0.7764+/-  0.0002,  1.0005+/-  0.0011,  1.0007+/-  0.0074)
 
 Freq. =   0.8582+/-  0.0002 kT, m* =   0.7922+/-  0.0015 m_e, Curv. =  -3.5406E+01+/-  5.3304E-01 kT A^2, orbit (1=e,-1=h):  1.0+/- 0.0
 Orbit copies found:   201, RUC avg coords: (  0.2237+/-  0.0002,  0.9995+/-  0.0010,  0.9983+/-  0.0075)
 
 Comparing the volumes enclosed by electron and hole orbits (at this angle), this band is estimated to be 100.0% electron-like and   0.0% hole-like.
 
 Array bounds (read/defined): Max numslfs(slice) =     58 /   4800, numchunks =   7806 /  19200, numnd =   1023 /  19200
 
 
 ------------------------------ 
 ANGLE    18 of    45; theta =  90.000000, phi =  55.227273 degrees
 
 Predicted dHvA frequencies: 
 
 Freq. =   0.0135+/-  0.0002 kT, m* =   0.1494+/-  0.0043 m_e, Curv. =  -3.0783E+01+/-  2.3805E+00 kT A^2, orbit (1=e,-1=h):  1.0+/- 0.0
 Orbit copies found:   207, RUC avg coords: (  0.0000+/-  0.0000,  0.5027+/-  0.0013,  0.5798+/-  0.0066)
 
 Freq. =   0.0135+/-  0.0002 kT, m* =   0.1511+/-  0.0035 m_e, Curv. =  -3.0147E+01+/-  3.1894E+00 kT A^2, orbit (1=e,-1=h):  1.0+/- 0.0
 Orbit copies found:   204, RUC avg coords: (  1.0000+/-  0.0000,  0.4971+/-  0.0014,  0.4173+/-  0.0059)
 
 Freq. =   0.2097+/-  0.0005 kT, m* =   0.3783+/-  0.0007 m_e, Curv. =  -9.7753E+01+/-  2.8995E-01 kT A^2, orbit (1=e,-1=h):  1.0+/- 0.0
 Orbit copies found:   207, RUC avg coords: (  1.0000+/-  0.0001,  1.0004+/-  0.0026,  1.0004+/-  0.0039)
 
 Freq. =   0.8219+/-  0.0002 kT, m* =   0.7606+/-  0.0012 m_e, Curv. =  -3.1281E+01+/-  5.2542E-01 kT A^2, orbit (1=e,-1=h):  1.0+/- 0.0
 Orbit copies found:   198, RUC avg coords: (  0.2237+/-  0.0002,  0.9995+/-  0.0009,  0.9988+/-  0.0076)
 
 Freq. =   0.8219+/-  0.0001 kT, m* =   0.7605+/-  0.0010 m_e, Curv. =  -3.1281E+01+/-  3.8846E-01 kT A^2, orbit (1=e,-1=h):  1.0+/- 0.0
 Orbit copies found:   198, RUC avg coords: (  0.7763+/-  0.0002,  1.0005+/-  0.0010,  1.0009+/-  0.0071)
 
 Comparing the volumes enclosed by electron and hole orbits (at this angle), this band is estimated to be 100.0% electron-like and   0.0% hole-like.
 
 Array bounds (read/defined): Max numslfs(slice) =     71 /   4800, numchunks =   7811 /  19200, numnd =   1014 /  19200
 
 
 ------------------------------ 
 ANGLE    19 of    45; theta =  90.000000, phi =  53.181818 degrees
 
 Predicted dHvA frequencies: 
 
 Freq. =   0.0132+/-  0.0001 kT, m* =   0.1445+/-  0.0042 m_e, Curv. =  -2.7431E+01+/-  3.1268E+00 kT A^2, orbit (1=e,-1=h):  1.0+/- 0.0
 Orbit copies found:   213, RUC avg coords: (  0.0000+/-  0.0000,  0.5030+/-  0.0015,  0.5800+/-  0.0066)
 
 Freq. =   0.0132+/-  0.0001 kT, m* =   0.1451+/-  0.0041 m_e, Curv. =  -2.7057E+01+/-  3.1653E+00 kT A^2, orbit (1=e,-1=h):  1.0+/- 0.0
 Orbit copies found:   195, RUC avg coords: (  1.0000+/-  0.0000,  0.4970+/-  0.0015,  0.4190+/-  0.0068)
 
 Freq. =   0.2080+/-  0.0005 kT, m* =   0.3746+/-  0.0006 m_e, Curv. =  -9.5954E+01+/-  4.1635E-01 kT A^2, orbit (1=e,-1=h):  1.0+/- 0.0
 Orbit copies found:   195, RUC avg coords: (  1.0000+/-  0.0001,  1.0002+/-  0.0024,  1.0002+/-  0.0037)
 
 Freq. =   0.7888+/-  0.0001 kT, m* =   0.7309+/-  0.0012 m_e, Curv. =  -2.6310E+01+/-  4.8822E-01 kT A^2, orbit (1=e,-1=h):  1.0+/- 0.0
 Orbit copies found:   195, RUC avg coords: (  0.2238+/-  0.0001,  0.9998+/-  0.0007,  0.9993+/-  0.0071)
 
 Freq. =   0.7888+/-  0.0001 kT, m* =   0.7308+/-  0.0011 m_e, Curv. =  -2.6349E+01+/-  4.5320E-01 kT A^2, orbit (1=e,-1=h):  1.0+/- 0.0
 Orbit copies found:   195, RUC avg coords: (  0.7762+/-  0.0001,  0.0004+/-  0.0006,  1.0015+/-  0.0070)
 
 Comparing the volumes enclosed by electron and hole orbits (at this angle), this band is estimated to be  99.9% electron-like and   0.1% hole-like.
 
 Array bounds (read/defined): Max numslfs(slice) =     73 /   4800, numchunks =   7894 /  19200, numnd =    993 /  19200
 
 
 ------------------------------ 
 ANGLE    20 of    45; theta =  90.000000, phi =  51.136364 degrees
 
 Predicted dHvA frequencies: 
 
 Freq. =   0.0128+/-  0.0001 kT, m* =   0.1402+/-  0.0042 m_e, Curv. =  -2.4097E+01+/-  3.1751E+00 kT A^2, orbit (1=e,-1=h):  1.0+/- 0.0
 Orbit copies found:   201, RUC avg coords: (  1.0000+/-  0.0000,  0.4973+/-  0.0018,  0.4189+/-  0.0072)
 
 Freq. =   0.0128+/-  0.0001 kT, m* =   0.1403+/-  0.0038 m_e, Curv. =  -2.4134E+01+/-  3.0025E+00 kT A^2, orbit (1=e,-1=h):  1.0+/- 0.0
 Orbit copies found:   207, RUC avg coords: (  0.0000+/-  0.0000,  0.5025+/-  0.0019,  0.5815+/-  0.0064)
 
 Freq. =   0.2064+/-  0.0004 kT, m* =   0.3711+/-  0.0003 m_e, Curv. =  -9.3901E+01+/-  4.4859E-01 kT A^2, orbit (1=e,-1=h):  1.0+/- 0.0
 Orbit copies found:   198, RUC avg coords: ( -0.0000+/-  0.0001, -0.0000+/-  0.0020, -0.0002+/-  0.0038)
 
 Freq. =   0.7584+/-  0.0001 kT, m* =   0.7028+/-  0.0012 m_e, Curv. =  -2.1091E+01+/-  4.4570E-01 kT A^2, orbit (1=e,-1=h):  1.0+/- 0.0
 Orbit copies found:   195, RUC avg coords: (  0.7761+/-  0.0001,  0.0003+/-  0.0006, -0.0005+/-  0.0063)
 
 Freq. =   0.7584+/-  0.0001 kT, m* =   0.7030+/-  0.0011 m_e, Curv. =  -2.1143E+01+/-  4.3922E-01 kT A^2, orbit (1=e,-1=h):  1.0+/- 0.0
 Orbit copies found:   195, RUC avg coords: (  0.2239+/-  0.0001, -0.0003+/-  0.0007, -0.0007+/-  0.0060)
 
 Comparing the volumes enclosed by electron and hole orbits (at this angle), this band is estimated to be 100.0% electron-like and   0.0% hole-like.
 
 Array bounds (read/defined): Max numslfs(slice) =     81 /   4800, numchunks =   7198 /  19200, numnd =    996 /  19200
 
 
 ------------------------------ 
 ANGLE    21 of    45; theta =  90.000000, phi =  49.090909 degrees
 
 Predicted dHvA frequencies: 
 
 Freq. =   0.0125+/-  0.0001 kT, m* =   0.1350+/-  0.0039 m_e, Curv. =  -2.1804E+01+/-  2.7010E+00 kT A^2, orbit (1=e,-1=h):  1.0+/- 0.0
 Orbit copies found:   213, RUC avg coords: (  0.0000+/-  0.0000,  0.5023+/-  0.0017,  0.5805+/-  0.0067)
 
 Freq. =   0.0125+/-  0.0001 kT, m* =   0.1353+/-  0.0041 m_e, Curv. =  -2.1703E+01+/-  2.9309E+00 kT A^2, orbit (1=e,-1=h):  1.0+/- 0.0
 Orbit copies found:   207, RUC avg coords: (  1.0000+/-  0.0000,  0.4977+/-  0.0015,  0.4191+/-  0.0069)
 
 Freq. =   0.2045+/-  0.0005 kT, m* =   0.3675+/-  0.0005 m_e, Curv. =  -9.1585E+01+/-  4.7399E-01 kT A^2, orbit (1=e,-1=h):  1.0+/- 0.0
 Orbit copies found:   207, RUC avg coords: (  1.0000+/-  0.0001,  1.0002+/-  0.0022,  1.0004+/-  0.0042)
 
 Freq. =   0.7307+/-  0.0001 kT, m* =   0.6767+/-  0.0015 m_e, Curv. =  -1.6089E+01+/-  4.0211E-01 kT A^2, orbit (1=e,-1=h):  1.0+/- 0.0
 Orbit copies found:   201, RUC avg coords: (  0.2240+/-  0.0001,  0.9995+/-  0.0008,  0.9999+/-  0.0069)
 
 Freq. =   0.7307+/-  0.0001 kT, m* =   0.6769+/-  0.0014 m_e, Curv. =  -1.6152E+01+/-  3.8820E-01 kT A^2, orbit (1=e,-1=h):  1.0+/- 0.0
 Orbit copies found:   201, RUC avg coords: (  0.7760+/-  0.0001,  1.0002+/-  0.0007,  1.0010+/-  0.0069)
 
 Comparing the volumes enclosed by electron and hole orbits (at this angle), this band is estimated to be 100.0% electron-like and   0.0% hole-like.
 
 Array bounds (read/defined): Max numslfs(slice) =     68 /   4800, numchunks =   6931 /  19200, numnd =   1029 /  19200
 
 
 ------------------------------ 
 ANGLE    22 of    45; theta =  90.000000, phi =  47.045455 degrees
 
 Predicted dHvA frequencies: 
 
 Freq. =   0.0121+/-  0.0001 kT, m* =   0.1312+/-  0.0041 m_e, Curv. =  -1.9152E+01+/-  2.5203E+00 kT A^2, orbit (1=e,-1=h):  1.0+/- 0.0
 Orbit copies found:   207, RUC avg coords: (  1.0000+/-  0.0000,  0.4979+/-  0.0011,  0.4185+/-  0.0062)
 
 Freq. =   0.0122+/-  0.0001 kT, m* =   0.1311+/-  0.0038 m_e, Curv. =  -1.9229E+01+/-  2.5196E+00 kT A^2, orbit (1=e,-1=h):  1.0+/- 0.0
 Orbit copies found:   210, RUC avg coords: (  0.0000+/-  0.0000,  0.5020+/-  0.0011,  0.5814+/-  0.0059)
 
 Freq. =   0.2027+/-  0.0005 kT, m* =   0.3642+/-  0.0007 m_e, Curv. =  -8.9159E+01+/-  5.1635E-01 kT A^2, orbit (1=e,-1=h):  1.0+/- 0.0
 Orbit copies found:   207, RUC avg coords: (  1.0000+/-  0.0001,  0.0000+/-  0.0019,  0.0000+/-  0.0050)
 
 Freq. =   0.7054+/-  0.0001 kT, m* =   0.6523+/-  0.0017 m_e, Curv. =  -1.1645E+01+/-  2.6207E-01 kT A^2, orbit (1=e,-1=h):  1.0+/- 0.0
 Orbit copies found:   204, RUC avg coords: (  0.7759+/-  0.0001,  0.0004+/-  0.0007,  1.0009+/-  0.0069)
 
 Freq. =   0.7054+/-  0.0001 kT, m* =   0.6524+/-  0.0016 m_e, Curv. =  -1.1633E+01+/-  2.8238E-01 kT A^2, orbit (1=e,-1=h):  1.0+/- 0.0
 Orbit copies found:   204, RUC avg coords: (  0.2241+/-  0.0001,  0.9998+/-  0.0007, -0.0006+/-  0.0068)
 
 Comparing the volumes enclosed by electron and hole orbits (at this angle), this band is estimated to be 100.0% electron-like and   0.0% hole-like.
 
 Array bounds (read/defined): Max numslfs(slice) =     64 /   4800, numchunks =   6747 /  19200, numnd =   1032 /  19200
 
 
 ------------------------------ 
 ANGLE    23 of    45; theta =  90.000000, phi =  45.000000 degrees
 
 Predicted dHvA frequencies: 
 
 Freq. =   0.0118+/-  0.0001 kT, m* =   0.1264+/-  0.0051 m_e, Curv. =  -1.7575E+01+/-  2.3587E+00 kT A^2, orbit (1=e,-1=h):  1.0+/- 0.0
 Orbit copies found:   207, RUC avg coords: (  1.0000+/-  0.0000,  0.4984+/-  0.0012,  0.4194+/-  0.0089)
 
 Freq. =   0.0118+/-  0.0001 kT, m* =   0.1292+/-  0.0029 m_e, Curv. =  -1.5576E+01+/-  1.4825E+00 kT A^2, orbit (1=e,-1=h):  1.0+/- 0.0
 Orbit copies found:   216, RUC avg coords: (  0.0000+/-  0.0000,  0.5022+/-  0.0017,  0.5850+/-  0.0047)
 
 Freq. =   0.2009+/-  0.0004 kT, m* =   0.3603+/-  0.0009 m_e, Curv. =  -8.6743E+01+/-  3.0924E-01 kT A^2, orbit (1=e,-1=h):  1.0+/- 0.0
 Orbit copies found:   210, RUC avg coords: ( -0.0001+/-  0.0001, -0.0016+/-  0.0017, -0.0014+/-  0.0036)
 
 Freq. =   0.6822+/-  0.0000 kT, m* =   0.6295+/-  0.0009 m_e, Curv. =  -7.7093E+00+/-  1.1862E-01 kT A^2, orbit (1=e,-1=h):  1.0+/- 0.0
 Orbit copies found:   201, RUC avg coords: (  0.7758+/-  0.0001,  0.0003+/-  0.0005, -0.0034+/-  0.0054)
 
 Freq. =   0.6823+/-  0.0001 kT, m* =   0.6302+/-  0.0012 m_e, Curv. =  -7.8318E+00+/-  1.0944E-01 kT A^2, orbit (1=e,-1=h):  1.0+/- 0.0
 Orbit copies found:   201, RUC avg coords: (  0.2242+/-  0.0001, -0.0004+/-  0.0005, -0.0039+/-  0.0043)
 
 Comparing the volumes enclosed by electron and hole orbits (at this angle), this band is estimated to be 100.0% electron-like and   0.0% hole-like.
 
 Array bounds (read/defined): Max numslfs(slice) =    108 /   4800, numchunks =   6654 /  19200, numnd =   1035 /  19200
 
 
 ------------------------------ 
 ANGLE    24 of    45; theta =  90.000000, phi =  42.954545 degrees
 
 Predicted dHvA frequencies: 
 
 Freq. =   0.0115+/-  0.0001 kT, m* =   0.1240+/-  0.0046 m_e, Curv. =  -1.4838E+01+/-  2.0988E+00 kT A^2, orbit (1=e,-1=h):  1.0+/- 0.0
 Orbit copies found:   213, RUC avg coords: (  0.0000+/-  0.0000,  0.5020+/-  0.0020,  0.5825+/-  0.0078)
 
 Freq. =   0.0115+/-  0.0001 kT, m* =   0.1229+/-  0.0042 m_e, Curv. =  -1.5652E+01+/-  2.0473E+00 kT A^2, orbit (1=e,-1=h):  1.0+/- 0.0
 Orbit copies found:   213, RUC avg coords: (  1.0000+/-  0.0000,  0.4986+/-  0.0019,  0.4192+/-  0.0070)
 
 Freq. =   0.1990+/-  0.0006 kT, m* =   0.3567+/-  0.0011 m_e, Curv. =  -8.4047E+01+/-  3.5351E-01 kT A^2, orbit (1=e,-1=h):  1.0+/- 0.0
 Orbit copies found:   207, RUC avg coords: (  0.0000+/-  0.0001,  0.0007+/-  0.0022,  1.0011+/-  0.0047)
 
 Freq. =   0.6611+/-  0.0000 kT, m* =   0.6088+/-  0.0012 m_e, Curv. =  -4.6856E+00+/-  1.5597E-01 kT A^2, orbit (1=e,-1=h):  1.0+/- 0.0
 Orbit copies found:   201, RUC avg coords: (  0.7757+/-  0.0000,  0.0003+/-  0.0008,  1.0040+/-  0.0062)
 
 Freq. =   0.6611+/-  0.0000 kT, m* =   0.6086+/-  0.0012 m_e, Curv. =  -4.6552E+00+/-  1.5850E-01 kT A^2, orbit (1=e,-1=h):  1.0+/- 0.0
 Orbit copies found:   201, RUC avg coords: (  0.2243+/-  0.0000, -0.0002+/-  0.0009, -0.0004+/-  0.0073)
 
 Comparing the volumes enclosed by electron and hole orbits (at this angle), this band is estimated to be 100.0% electron-like and   0.0% hole-like.
 
 Array bounds (read/defined): Max numslfs(slice) =     76 /   4800, numchunks =   6161 /  19200, numnd =   1035 /  19200
 
 
 ------------------------------ 
 ANGLE    25 of    45; theta =  90.000000, phi =  40.909091 degrees
 
 Predicted dHvA frequencies: 
 
 Freq. =   0.0113+/-  0.0001 kT, m* =   0.1207+/-  0.0037 m_e, Curv. =  -1.3391E+01+/-  1.5987E+00 kT A^2, orbit (1=e,-1=h):  1.0+/- 0.0
 Orbit copies found:   210, RUC avg coords: (  1.0000+/-  0.0000,  0.4983+/-  0.0022,  0.4171+/-  0.0060)
 
 Freq. =   0.0113+/-  0.0001 kT, m* =   0.1205+/-  0.0037 m_e, Curv. =  -1.3605E+01+/-  1.5694E+00 kT A^2, orbit (1=e,-1=h):  1.0+/- 0.0
 Orbit copies found:   213, RUC avg coords: (  0.0000+/-  0.0000,  0.5020+/-  0.0019,  0.5822+/-  0.0063)
 
 Freq. =   0.1973+/-  0.0004 kT, m* =   0.3526+/-  0.0010 m_e, Curv. =  -8.1450E+01+/-  2.7700E-01 kT A^2, orbit (1=e,-1=h):  1.0+/- 0.0
 Orbit copies found:   207, RUC avg coords: ( -0.0000+/-  0.0001,  0.0001+/-  0.0018,  1.0004+/-  0.0047)
 
 Freq. =   0.6419+/-  0.0000 kT, m* =   0.5892+/-  0.0011 m_e, Curv. =  -2.1504E+00+/-  1.7809E-01 kT A^2, orbit (1=e,-1=h):  1.0+/- 0.0
 Orbit copies found:   204, RUC avg coords: (  0.7757+/-  0.0001,  1.0004+/-  0.0006,  1.0010+/-  0.0064)
 
 Freq. =   0.6419+/-  0.0000 kT, m* =   0.5895+/-  0.0010 m_e, Curv. =  -2.1357E+00+/-  1.7229E-01 kT A^2, orbit (1=e,-1=h):  1.0+/- 0.0
 Orbit copies found:   201, RUC avg coords: (  0.2243+/-  0.0001, -0.0002+/-  0.0005,  0.9993+/-  0.0064)
 
 Comparing the volumes enclosed by electron and hole orbits (at this angle), this band is estimated to be 100.0% electron-like and   0.0% hole-like.
 
 Array bounds (read/defined): Max numslfs(slice) =     84 /   4800, numchunks =   6573 /  19200, numnd =   1035 /  19200
 
 
 ------------------------------ 
 ANGLE    26 of    45; theta =  90.000000, phi =  38.863636 degrees
 
 Predicted dHvA frequencies: 
 
 Freq. =   0.0110+/-  0.0001 kT, m* =   0.1175+/-  0.0038 m_e, Curv. =  -1.2200E+01+/-  1.5587E+00 kT A^2, orbit (1=e,-1=h):  1.0+/- 0.0
 Orbit copies found:   216, RUC avg coords: (  1.0000+/-  0.0000,  0.4986+/-  0.0016,  0.4171+/-  0.0060)
 
 Freq. =   0.0110+/-  0.0001 kT, m* =   0.1178+/-  0.0037 m_e, Curv. =  -1.2145E+01+/-  1.5287E+00 kT A^2, orbit (1=e,-1=h):  1.0+/- 0.0
 Orbit copies found:   216, RUC avg coords: (  0.0000+/-  0.0000,  0.5016+/-  0.0016,  0.5833+/-  0.0062)
 
 Freq. =   0.1955+/-  0.0003 kT, m* =   0.3490+/-  0.0011 m_e, Curv. =  -7.8884E+01+/-  2.1440E-01 kT A^2, orbit (1=e,-1=h):  1.0+/- 0.0
 Orbit copies found:   213, RUC avg coords: (  0.0000+/-  0.0001,  0.0002+/-  0.0017,  0.0004+/-  0.0044)
 
 Freq. =   0.6244+/-  0.0000 kT, m* =   0.5708+/-  0.0014 m_e, Curv. =  -5.7834E-01+/-  4.5708E-01 kT A^2, orbit (1=e,-1=h):  1.0+/- 0.0
 Orbit copies found:   234, RUC avg coords: (  0.7756+/-  0.0001,  1.0007+/-  0.0008, -0.0026+/-  0.0140)
 
 Freq. =   0.6244+/-  0.0000 kT, m* =   0.5711+/-  0.0012 m_e, Curv. =  -5.7409E-01+/-  3.9640E-01 kT A^2, orbit (1=e,-1=h):  1.0+/- 0.0
 Orbit copies found:   213, RUC avg coords: (  0.2244+/-  0.0001,  0.9994+/-  0.0008,  1.0006+/-  0.0136)
 
 Comparing the volumes enclosed by electron and hole orbits (at this angle), this band is estimated to be 100.0% electron-like and   0.0% hole-like.
 
 Array bounds (read/defined): Max numslfs(slice) =     90 /   4800, numchunks =   6513 /  19200, numnd =   1092 /  19200
 
 
 ------------------------------ 
 ANGLE    27 of    45; theta =  90.000000, phi =  36.818182 degrees
 
 Predicted dHvA frequencies: 
 
 Freq. =   0.0108+/-  0.0001 kT, m* =   0.1147+/-  0.0038 m_e, Curv. =  -1.1300E+01+/-  1.6042E+00 kT A^2, orbit (1=e,-1=h):  1.0+/- 0.0
 Orbit copies found:   207, RUC avg coords: (  1.0000+/-  0.0000,  0.4987+/-  0.0013,  0.4170+/-  0.0063)
 
 Freq. =   0.0108+/-  0.0001 kT, m* =   0.1154+/-  0.0037 m_e, Curv. =  -1.1121E+01+/-  1.5031E+00 kT A^2, orbit (1=e,-1=h):  1.0+/- 0.0
 Orbit copies found:   222, RUC avg coords: (  0.0000+/-  0.0000,  0.5014+/-  0.0013,  0.5841+/-  0.0061)
 
 Freq. =   0.1938+/-  0.0004 kT, m* =   0.3454+/-  0.0012 m_e, Curv. =  -7.6301E+01+/-  2.1016E-01 kT A^2, orbit (1=e,-1=h):  1.0+/- 0.0
 Orbit copies found:   219, RUC avg coords: (  0.0000+/-  0.0001,  0.0002+/-  0.0016,  0.0002+/-  0.0046)
 
 Freq. =   0.6085+/-  0.0001 kT, m* =   0.5537+/-  0.0021 m_e, Curv. =  -7.8532E-01+/-  2.3444E+00 kT A^2, orbit (1=e,-1=h):  1.0+/- 0.0
 Orbit copies found:   426, RUC avg coords: (  0.2248+/-  0.0008,  0.9992+/-  0.0007,  0.9805+/-  0.0206)
 
 Freq. =   0.6085+/-  0.0001 kT, m* =   0.5533+/-  0.0022 m_e, Curv. =  -1.3238E+00+/-  2.3128E+00 kT A^2, orbit (1=e,-1=h):  1.0+/- 0.0
 Orbit copies found:   342, RUC avg coords: (  0.7751+/-  0.0009,  0.0010+/-  0.0008,  0.0261+/-  0.0180)
 
 Freq. =   0.6086+/-  0.0001 kT, m* =   0.5497+/-  0.0038 m_e, Curv. =  -1.8874E+00+/-  2.4376E+00 kT A^2, orbit (1=e,-1=h):  1.0+/- 0.0
 Orbit copies found:   291, RUC avg coords: (  0.7748+/-  0.0011,  0.9994+/-  0.0007,  0.9682+/-  0.0174)
 
 Freq. =   0.6087+/-  0.0000 kT, m* =   0.5476+/-  0.0020 m_e, Curv. =  -3.2501E+00+/-  1.3591E+00 kT A^2, orbit (1=e,-1=h):  1.0+/- 0.0
 Orbit copies found:   216, RUC avg coords: (  0.2255+/-  0.0011,  0.0009+/-  0.0005,  0.0424+/-  0.0064)
 
 Comparing the volumes enclosed by electron and hole orbits (at this angle), this band is estimated to be 100.0% electron-like and   0.0% hole-like.
 
 Array bounds (read/defined): Max numslfs(slice) =    109 /   4800, numchunks =   6444 /  19200, numnd =   1923 /  19200
 
 
 ------------------------------ 
 ANGLE    28 of    45; theta =  90.000000, phi =  34.772727 degrees
 
 Predicted dHvA frequencies: 
 
 Freq. =   0.0105+/-  0.0001 kT, m* =   0.1106+/-  0.0040 m_e, Curv. =  -1.1117E+01+/-  1.4559E+00 kT A^2, orbit (1=e,-1=h):  1.0+/- 0.0
 Orbit copies found:   213, RUC avg coords: (  0.0000+/-  0.0000,  0.5008+/-  0.0012,  0.5812+/-  0.0066)
 
 Freq. =   0.0106+/-  0.0001 kT, m* =   0.1107+/-  0.0026 m_e, Curv. =  -1.0417E+01+/-  1.5210E+00 kT A^2, orbit (1=e,-1=h):  1.0+/- 0.0
 Orbit copies found:   207, RUC avg coords: (  1.0000+/-  0.0000,  0.4989+/-  0.0013,  0.4189+/-  0.0038)
 
 Freq. =   0.1924+/-  0.0001 kT, m* =   0.3418+/-  0.0010 m_e, Curv. =  -7.3909E+01+/-  2.1354E-01 kT A^2, orbit (1=e,-1=h):  1.0+/- 0.0
 Orbit copies found:   204, RUC avg coords: (  1.0000+/-  0.0001,  0.9997+/-  0.0009,  0.9988+/-  0.0023)
 
 Freq. =   0.5939+/-  0.0001 kT, m* =   0.5406+/-  0.0012 m_e, Curv. =   2.4406E+00+/-  7.2617E-01 kT A^2, orbit (1=e,-1=h):  1.0+/- 0.0
 Orbit copies found:   201, RUC avg coords: (  0.2245+/-  0.0001,  0.9998+/-  0.0009, -0.0005+/-  0.0060)
 
 Freq. =   0.5939+/-  0.0001 kT, m* =   0.5403+/-  0.0013 m_e, Curv. =   2.1763E+00+/-  1.4473E+00 kT A^2, orbit (1=e,-1=h):  1.0+/- 0.0
 Orbit copies found:   213, RUC avg coords: (  0.7755+/-  0.0001,  0.0003+/-  0.0009,  0.0014+/-  0.0116)
 
 Freq. =   0.5945+/-  0.0000 kT, m* =   0.5350+/-  0.0016 m_e, Curv. =  -5.5849E+00+/-  1.8566E+00 kT A^2, orbit (1=e,-1=h):  1.0+/- 0.0
 Orbit copies found:   195, RUC avg coords: (  0.2263+/-  0.0009,  0.9984+/-  0.0009,  0.9458+/-  0.0075)
 
 Freq. =   0.5945+/-  0.0000 kT, m* =   0.5344+/-  0.0009 m_e, Curv. =  -5.8960E+00+/-  9.0115E-01 kT A^2, orbit (1=e,-1=h):  1.0+/- 0.0
 Orbit copies found:   186, RUC avg coords: (  0.7732+/-  0.0002,  0.0017+/-  0.0008,  0.0567+/-  0.0026)
 
 Freq. =   0.5946+/-  0.0000 kT, m* =   0.5300+/-  0.0016 m_e, Curv. =  -6.2341E+00+/-  1.3233E+00 kT A^2, orbit (1=e,-1=h):  1.0+/- 0.0
 Orbit copies found:   195, RUC avg coords: (  0.7734+/-  0.0004,  0.9989+/-  0.0008,  0.9414+/-  0.0051)
 
 Freq. =   0.5946+/-  0.0000 kT, m* =   0.5302+/-  0.0010 m_e, Curv. =  -5.7610E+00+/-  9.6742E-01 kT A^2, orbit (1=e,-1=h):  1.0+/- 0.0
 Orbit copies found:   198, RUC avg coords: (  0.2267+/-  0.0001,  0.0012+/-  0.0007,  0.0575+/-  0.0027)
 
 Comparing the volumes enclosed by electron and hole orbits (at this angle), this band is estimated to be 100.0% electron-like and   0.0% hole-like.
 
 Array bounds (read/defined): Max numslfs(slice) =     85 /   4800, numchunks =   6285 /  19200, numnd =   1812 /  19200
 
 
 ------------------------------ 
 ANGLE    29 of    45; theta =  90.000000, phi =  32.727273 degrees
 
 Predicted dHvA frequencies: 
 
 Freq. =   0.0103+/-  0.0001 kT, m* =   0.1099+/-  0.0039 m_e, Curv. =  -9.7346E+00+/-  1.8371E+00 kT A^2, orbit (1=e,-1=h):  1.0+/- 0.0
 Orbit copies found:   210, RUC avg coords: (  0.0000+/-  0.0000,  0.5011+/-  0.0016,  0.5837+/-  0.0059)
 
 Freq. =   0.0103+/-  0.0001 kT, m* =   0.1102+/-  0.0038 m_e, Curv. =  -9.7138E+00+/-  1.8436E+00 kT A^2, orbit (1=e,-1=h):  1.0+/- 0.0
 Orbit copies found:   207, RUC avg coords: (  1.0000+/-  0.0000,  0.4989+/-  0.0016,  0.4157+/-  0.0059)
 
 Freq. =   0.1905+/-  0.0003 kT, m* =   0.3385+/-  0.0007 m_e, Curv. =  -7.1380E+01+/-  2.6829E-01 kT A^2, orbit (1=e,-1=h):  1.0+/- 0.0
 Orbit copies found:   207, RUC avg coords: (  1.0000+/-  0.0001,  0.9999+/-  0.0014, -0.0004+/-  0.0047)
 
 Freq. =   0.5807+/-  0.0000 kT, m* =   0.5270+/-  0.0008 m_e, Curv. =   3.3323E+00+/-  3.6721E-01 kT A^2, orbit (1=e,-1=h):  1.0+/- 0.0
 Orbit copies found:   198, RUC avg coords: (  0.2245+/-  0.0001,  0.9998+/-  0.0006,  0.9988+/-  0.0056)
 
 Freq. =   0.5810+/-  0.0005 kT, m* =   0.5258+/-  0.0022 m_e, Curv. =   1.1267E+00+/-  3.5853E+00 kT A^2, orbit (1=e,-1=h):  1.0+/- 0.0
 Orbit copies found:   276, RUC avg coords: (  0.7749+/-  0.0011,  0.0007+/-  0.0009,  0.0147+/-  0.0252)
 
 Freq. =   0.5818+/-  0.0000 kT, m* =   0.5214+/-  0.0015 m_e, Curv. =  -6.1793E+00+/-  1.4393E+00 kT A^2, orbit (1=e,-1=h):  1.0+/- 0.0
 Orbit copies found:   198, RUC avg coords: (  0.2268+/-  0.0001,  0.9982+/-  0.0007,  0.9396+/-  0.0054)
 
 Freq. =   0.5818+/-  0.0000 kT, m* =   0.5209+/-  0.0014 m_e, Curv. =  -6.9851E+00+/-  1.0518E+00 kT A^2, orbit (1=e,-1=h):  1.0+/- 0.0
 Orbit copies found:   117, RUC avg coords: (  0.7732+/-  0.0001,  0.0019+/-  0.0007,  0.0636+/-  0.0037)
 
 Freq. =   0.5819+/-  0.0000 kT, m* =   0.5175+/-  0.0015 m_e, Curv. =  -6.4000E+00+/-  1.5623E+00 kT A^2, orbit (1=e,-1=h):  1.0+/- 0.0
 Orbit copies found:   195, RUC avg coords: (  0.2268+/-  0.0001,  0.0012+/-  0.0007,  0.0623+/-  0.0059)
 
 Freq. =   0.5819+/-  0.0000 kT, m* =   0.5175+/-  0.0017 m_e, Curv. =  -6.3385E+00+/-  1.4067E+00 kT A^2, orbit (1=e,-1=h):  1.0+/- 0.0
 Orbit copies found:   198, RUC avg coords: (  0.7732+/-  0.0001,  0.9988+/-  0.0007,  0.9378+/-  0.0053)
 
 Comparing the volumes enclosed by electron and hole orbits (at this angle), this band is estimated to be 100.0% electron-like and   0.0% hole-like.
 
 Array bounds (read/defined): Max numslfs(slice) =     88 /   4800, numchunks =   6420 /  19200, numnd =   1806 /  19200
 
 
 ------------------------------ 
 ANGLE    30 of    45; theta =  90.000000, phi =  30.681818 degrees
 
 Predicted dHvA frequencies: 
 
 Freq. =   0.0102+/-  0.0001 kT, m* =   0.1087+/-  0.0038 m_e, Curv. =  -9.0268E+00+/-  1.8637E+00 kT A^2, orbit (1=e,-1=h):  1.0+/- 0.0
 Orbit copies found:   216, RUC avg coords: (  1.0000+/-  0.0000,  0.4992+/-  0.0021,  0.4145+/-  0.0060)
 
 Freq. =   0.0102+/-  0.0001 kT, m* =   0.1084+/-  0.0037 m_e, Curv. =  -9.0235E+00+/-  1.8591E+00 kT A^2, orbit (1=e,-1=h):  1.0+/- 0.0
 Orbit copies found:   210, RUC avg coords: (  0.0000+/-  0.0000,  0.5010+/-  0.0019,  0.5848+/-  0.0058)
 
 Freq. =   0.1889+/-  0.0003 kT, m* =   0.3350+/-  0.0006 m_e, Curv. =  -6.9080E+01+/-  2.7682E-01 kT A^2, orbit (1=e,-1=h):  1.0+/- 0.0
 Orbit copies found:   207, RUC avg coords: (  1.0000+/-  0.0001,  0.9998+/-  0.0015,  0.9993+/-  0.0046)
 
 Freq. =   0.5687+/-  0.0000 kT, m* =   0.5147+/-  0.0007 m_e, Curv. =   3.9257E+00+/-  2.1788E-01 kT A^2, orbit (1=e,-1=h):  1.0+/- 0.0
 Orbit copies found:   204, RUC avg coords: (  0.7755+/-  0.0001,  1.0002+/-  0.0005,  0.9999+/-  0.0054)
 
 Freq. =   0.5687+/-  0.0000 kT, m* =   0.5147+/-  0.0007 m_e, Curv. =   3.9175E+00+/-  2.2605E-01 kT A^2, orbit (1=e,-1=h):  1.0+/- 0.0
 Orbit copies found:   204, RUC avg coords: (  0.2245+/-  0.0001,  0.9997+/-  0.0006,  0.9989+/-  0.0053)
 
 Freq. =   0.5702+/-  0.0000 kT, m* =   0.5096+/-  0.0013 m_e, Curv. =  -7.2328E+00+/-  1.5341E+00 kT A^2, orbit (1=e,-1=h):  1.0+/- 0.0
 Orbit copies found:   201, RUC avg coords: (  0.7732+/-  0.0001,  0.0018+/-  0.0005,  0.0669+/-  0.0055)
 
 Freq. =   0.5702+/-  0.0000 kT, m* =   0.5096+/-  0.0014 m_e, Curv. =  -6.9198E+00+/-  1.5315E+00 kT A^2, orbit (1=e,-1=h):  1.0+/- 0.0
 Orbit copies found:   204, RUC avg coords: (  0.2268+/-  0.0001,  0.9982+/-  0.0005,  0.9342+/-  0.0055)
 
 Freq. =   0.5704+/-  0.0000 kT, m* =   0.5059+/-  0.0017 m_e, Curv. =  -7.1764E+00+/-  1.5934E+00 kT A^2, orbit (1=e,-1=h):  1.0+/- 0.0
 Orbit copies found:   204, RUC avg coords: (  0.7732+/-  0.0001,  0.9987+/-  0.0005,  0.9324+/-  0.0056)
 
 Freq. =   0.5704+/-  0.0000 kT, m* =   0.5057+/-  0.0018 m_e, Curv. =  -7.4151E+00+/-  1.5293E+00 kT A^2, orbit (1=e,-1=h):  1.0+/- 0.0
 Orbit copies found:   201, RUC avg coords: (  0.2268+/-  0.0001,  0.0013+/-  0.0006,  0.0684+/-  0.0053)
 
 Comparing the volumes enclosed by electron and hole orbits (at this angle), this band is estimated to be 100.0% electron-like and   0.0% hole-like.
 
 Array bounds (read/defined): Max numslfs(slice) =     88 /   4800, numchunks =   6400 /  19200, numnd =   1851 /  19200
 
 
 ------------------------------ 
 ANGLE    31 of    45; theta =  90.000000, phi =  28.636364 degrees
 
 Predicted dHvA frequencies: 
 
 Freq. =   0.0100+/-  0.0001 kT, m* =   0.1067+/-  0.0040 m_e, Curv. =  -8.8629E+00+/-  1.8131E+00 kT A^2, orbit (1=e,-1=h):  1.0+/- 0.0
 Orbit copies found:   210, RUC avg coords: (  0.0000+/-  0.0000,  0.5006+/-  0.0021,  0.5856+/-  0.0060)
 
 Freq. =   0.0100+/-  0.0001 kT, m* =   0.1069+/-  0.0035 m_e, Curv. =  -8.6049E+00+/-  1.8256E+00 kT A^2, orbit (1=e,-1=h):  1.0+/- 0.0
 Orbit copies found:   210, RUC avg coords: (  1.0000+/-  0.0000,  0.4995+/-  0.0023,  0.4142+/-  0.0054)
 
 Freq. =   0.1874+/-  0.0003 kT, m* =   0.3319+/-  0.0005 m_e, Curv. =  -6.6927E+01+/-  2.2709E-01 kT A^2, orbit (1=e,-1=h):  1.0+/- 0.0
 Orbit copies found:   210, RUC avg coords: (  0.0000+/-  0.0001,  0.0001+/-  0.0018,  0.0007+/-  0.0047)
 
 Freq. =   0.5578+/-  0.0000 kT, m* =   0.5036+/-  0.0009 m_e, Curv. =   4.3385E+00+/-  2.0120E-01 kT A^2, orbit (1=e,-1=h):  1.0+/- 0.0
 Orbit copies found:   201, RUC avg coords: (  0.7754+/-  0.0001,  0.0002+/-  0.0008,  0.0010+/-  0.0054)
 
 Freq. =   0.5578+/-  0.0000 kT, m* =   0.5035+/-  0.0009 m_e, Curv. =   4.3270E+00+/-  1.8671E-01 kT A^2, orbit (1=e,-1=h):  1.0+/- 0.0
 Orbit copies found:   201, RUC avg coords: (  0.2246+/-  0.0001, -0.0003+/-  0.0008,  0.0003+/-  0.0055)
 
 Freq. =   0.5599+/-  0.0000 kT, m* =   0.4993+/-  0.0011 m_e, Curv. =  -7.7996E+00+/-  1.5682E+00 kT A^2, orbit (1=e,-1=h):  1.0+/- 0.0
 Orbit copies found:   204, RUC avg coords: (  0.7732+/-  0.0002,  0.0019+/-  0.0009,  0.0713+/-  0.0055)
 
 Freq. =   0.5599+/-  0.0000 kT, m* =   0.4993+/-  0.0011 m_e, Curv. =  -7.8633E+00+/-  1.5193E+00 kT A^2, orbit (1=e,-1=h):  1.0+/- 0.0
 Orbit copies found:   201, RUC avg coords: (  0.2268+/-  0.0002,  0.9981+/-  0.0009,  0.9286+/-  0.0053)
 
 Freq. =   0.5600+/-  0.0000 kT, m* =   0.4958+/-  0.0018 m_e, Curv. =  -8.0324E+00+/-  1.6160E+00 kT A^2, orbit (1=e,-1=h):  1.0+/- 0.0
 Orbit copies found:   204, RUC avg coords: (  0.2268+/-  0.0002,  1.0014+/-  0.0009,  0.0728+/-  0.0054)
 
 Freq. =   0.5600+/-  0.0000 kT, m* =   0.4961+/-  0.0017 m_e, Curv. =  -7.9442E+00+/-  1.6349E+00 kT A^2, orbit (1=e,-1=h):  1.0+/- 0.0
 Orbit copies found:   201, RUC avg coords: (  0.7732+/-  0.0002, -0.0015+/-  0.0009,  0.9277+/-  0.0053)
 
 Comparing the volumes enclosed by electron and hole orbits (at this angle), this band is estimated to be 100.0% electron-like and   0.0% hole-like.
 
 Array bounds (read/defined): Max numslfs(slice) =     95 /   4800, numchunks =   6392 /  19200, numnd =   1842 /  19200
 
 
 ------------------------------ 
 ANGLE    32 of    45; theta =  90.000000, phi =  26.590909 degrees
 
 Predicted dHvA frequencies: 
 
 Freq. =   0.0098+/-  0.0001 kT, m* =   0.1055+/-  0.0040 m_e, Curv. =  -8.3001E+00+/-  1.6901E+00 kT A^2, orbit (1=e,-1=h):  1.0+/- 0.0
 Orbit copies found:   204, RUC avg coords: (  0.0000+/-  0.0000,  0.5010+/-  0.0022,  0.5861+/-  0.0061)
 
 Freq. =   0.0098+/-  0.0001 kT, m* =   0.1047+/-  0.0036 m_e, Curv. =  -8.1092E+00+/-  1.7505E+00 kT A^2, orbit (1=e,-1=h):  1.0+/- 0.0
 Orbit copies found:   210, RUC avg coords: (  1.0000+/-  0.0000,  0.4992+/-  0.0023,  0.4149+/-  0.0057)
 
 Freq. =   0.1860+/-  0.0003 kT, m* =   0.3289+/-  0.0005 m_e, Curv. =  -6.4851E+01+/-  1.3952E-01 kT A^2, orbit (1=e,-1=h):  1.0+/- 0.0
 Orbit copies found:   207, RUC avg coords: ( -0.0000+/-  0.0001, -0.0002+/-  0.0017,  0.9999+/-  0.0047)
 
 Freq. =   0.5480+/-  0.0000 kT, m* =   0.4935+/-  0.0008 m_e, Curv. =   4.6380E+00+/-  3.5334E-01 kT A^2, orbit (1=e,-1=h):  1.0+/- 0.0
 Orbit copies found:   207, RUC avg coords: (  0.7754+/-  0.0001,  0.0003+/-  0.0009,  0.9999+/-  0.0053)
 
 Freq. =   0.5480+/-  0.0000 kT, m* =   0.4934+/-  0.0008 m_e, Curv. =   4.6506E+00+/-  3.4451E-01 kT A^2, orbit (1=e,-1=h):  1.0+/- 0.0
 Orbit copies found:   207, RUC avg coords: (  0.2246+/-  0.0001, -0.0003+/-  0.0009,  1.0000+/-  0.0053)
 
 Freq. =   0.5505+/-  0.0000 kT, m* =   0.4904+/-  0.0009 m_e, Curv. =  -8.0868E+00+/-  1.4190E+00 kT A^2, orbit (1=e,-1=h):  1.0+/- 0.0
 Orbit copies found:   207, RUC avg coords: (  0.7732+/-  0.0003,  0.0017+/-  0.0007,  0.0746+/-  0.0053)
 
 Freq. =   0.5505+/-  0.0000 kT, m* =   0.4903+/-  0.0010 m_e, Curv. =  -8.1165E+00+/-  1.3956E+00 kT A^2, orbit (1=e,-1=h):  1.0+/- 0.0
 Orbit copies found:   201, RUC avg coords: (  0.2269+/-  0.0003,  0.9981+/-  0.0008,  0.9255+/-  0.0053)
 
 Freq. =   0.5506+/-  0.0000 kT, m* =   0.4871+/-  0.0018 m_e, Curv. =  -8.3580E+00+/-  1.4637E+00 kT A^2, orbit (1=e,-1=h):  1.0+/- 0.0
 Orbit copies found:   207, RUC avg coords: (  0.2268+/-  0.0001,  0.0012+/-  0.0007,  0.0762+/-  0.0054)
 
 Freq. =   0.5507+/-  0.0000 kT, m* =   0.4873+/-  0.0018 m_e, Curv. =  -8.3985E+00+/-  1.4312E+00 kT A^2, orbit (1=e,-1=h):  1.0+/- 0.0
 Orbit copies found:   201, RUC avg coords: (  0.7732+/-  0.0001,  0.9987+/-  0.0008,  0.9238+/-  0.0052)
 
 Comparing the volumes enclosed by electron and hole orbits (at this angle), this band is estimated to be 100.0% electron-like and   0.0% hole-like.
 
 Array bounds (read/defined): Max numslfs(slice) =    121 /   4800, numchunks =   6427 /  19200, numnd =   1851 /  19200
 
 
 ------------------------------ 
 ANGLE    33 of    45; theta =  90.000000, phi =  24.545455 degrees
 
 Predicted dHvA frequencies: 
 
 Freq. =   0.0097+/-  0.0001 kT, m* =   0.1050+/-  0.0039 m_e, Curv. =  -7.4277E+00+/-  1.5801E+00 kT A^2, orbit (1=e,-1=h):  1.0+/- 0.0
 Orbit copies found:   210, RUC avg coords: (  0.0000+/-  0.0000,  0.5014+/-  0.0022,  0.5875+/-  0.0055)
 
 Freq. =   0.0097+/-  0.0001 kT, m* =   0.1047+/-  0.0040 m_e, Curv. =  -7.3920E+00+/-  1.5777E+00 kT A^2, orbit (1=e,-1=h):  1.0+/- 0.0
 Orbit copies found:   207, RUC avg coords: (  1.0000+/-  0.0000,  0.4986+/-  0.0022,  0.4129+/-  0.0057)
 
 Freq. =   0.1847+/-  0.0003 kT, m* =   0.3261+/-  0.0004 m_e, Curv. =  -6.2977E+01+/-  1.0218E-01 kT A^2, orbit (1=e,-1=h):  1.0+/- 0.0
 Orbit copies found:   207, RUC avg coords: (  1.0000+/-  0.0001,  0.0001+/-  0.0018,  0.0001+/-  0.0045)
 
 Freq. =   0.5392+/-  0.0000 kT, m* =   0.4844+/-  0.0006 m_e, Curv. =   4.9768E+00+/-  4.0202E-01 kT A^2, orbit (1=e,-1=h):  1.0+/- 0.0
 Orbit copies found:   207, RUC avg coords: (  0.7754+/-  0.0002,  0.0003+/-  0.0007,  0.0013+/-  0.0051)
 
 Freq. =   0.5392+/-  0.0000 kT, m* =   0.4843+/-  0.0006 m_e, Curv. =   4.9837E+00+/-  3.8034E-01 kT A^2, orbit (1=e,-1=h):  1.0+/- 0.0
 Orbit copies found:   207, RUC avg coords: (  0.2246+/-  0.0002,  0.9997+/-  0.0007, -0.0010+/-  0.0052)
 
 Freq. =   0.5420+/-  0.0000 kT, m* =   0.4826+/-  0.0009 m_e, Curv. =  -8.4859E+00+/-  1.2116E+00 kT A^2, orbit (1=e,-1=h):  1.0+/- 0.0
 Orbit copies found:   207, RUC avg coords: (  0.2269+/-  0.0005,  0.9982+/-  0.0005,  0.9224+/-  0.0052)
 
 Freq. =   0.5420+/-  0.0000 kT, m* =   0.4826+/-  0.0008 m_e, Curv. =  -8.3792E+00+/-  1.2013E+00 kT A^2, orbit (1=e,-1=h):  1.0+/- 0.0
 Orbit copies found:   204, RUC avg coords: (  0.7731+/-  0.0003,  0.0018+/-  0.0005,  0.0770+/-  0.0052)
 
 Freq. =   0.5422+/-  0.0000 kT, m* =   0.4789+/-  0.0012 m_e, Curv. =  -8.5586E+00+/-  1.1360E+00 kT A^2, orbit (1=e,-1=h):  1.0+/- 0.0
 Orbit copies found:   204, RUC avg coords: (  0.2268+/-  0.0001,  0.0012+/-  0.0005,  0.0784+/-  0.0051)
 
 Freq. =   0.5422+/-  0.0000 kT, m* =   0.4789+/-  0.0011 m_e, Curv. =  -8.4934E+00+/-  1.1587E+00 kT A^2, orbit (1=e,-1=h):  1.0+/- 0.0
 Orbit copies found:   204, RUC avg coords: (  0.7731+/-  0.0003,  0.9988+/-  0.0005,  0.9219+/-  0.0051)
 
 Comparing the volumes enclosed by electron and hole orbits (at this angle), this band is estimated to be 100.0% electron-like and   0.0% hole-like.
 
 Array bounds (read/defined): Max numslfs(slice) =     95 /   4800, numchunks =   6377 /  19200, numnd =   1857 /  19200
 
 
 ------------------------------ 
 ANGLE    34 of    45; theta =  90.000000, phi =  22.500000 degrees
 
 Predicted dHvA frequencies: 
 
 Freq. =   0.0096+/-  0.0001 kT, m* =   0.1029+/-  0.0040 m_e, Curv. =  -7.5129E+00+/-  1.2302E+00 kT A^2, orbit (1=e,-1=h):  1.0+/- 0.0
 Orbit copies found:   210, RUC avg coords: (  1.0000+/-  0.0000,  0.4992+/-  0.0018,  0.4132+/-  0.0060)
 
 Freq. =   0.0096+/-  0.0001 kT, m* =   0.1029+/-  0.0040 m_e, Curv. =  -7.5673E+00+/-  1.2482E+00 kT A^2, orbit (1=e,-1=h):  1.0+/- 0.0
 Orbit copies found:   210, RUC avg coords: (  0.0000+/-  0.0000,  0.5006+/-  0.0018,  0.5868+/-  0.0060)
 
 Freq. =   0.1835+/-  0.0003 kT, m* =   0.3235+/-  0.0004 m_e, Curv. =  -6.1185E+01+/-  1.0639E-01 kT A^2, orbit (1=e,-1=h):  1.0+/- 0.0
 Orbit copies found:   207, RUC avg coords: ( -0.0000+/-  0.0001, -0.0000+/-  0.0013,  0.0000+/-  0.0046)
 
 Freq. =   0.5312+/-  0.0000 kT, m* =   0.4763+/-  0.0008 m_e, Curv. =   4.9895E+00+/-  4.4893E-01 kT A^2, orbit (1=e,-1=h):  1.0+/- 0.0
 Orbit copies found:   204, RUC avg coords: (  0.7754+/-  0.0002,  0.0002+/-  0.0005, -0.0004+/-  0.0050)
 
 Freq. =   0.5312+/-  0.0000 kT, m* =   0.4762+/-  0.0008 m_e, Curv. =   5.0186E+00+/-  4.3720E-01 kT A^2, orbit (1=e,-1=h):  1.0+/- 0.0
 Orbit copies found:   204, RUC avg coords: (  0.2246+/-  0.0002, -0.0002+/-  0.0005,  0.0004+/-  0.0050)
 
 Freq. =   0.5344+/-  0.0000 kT, m* =   0.4755+/-  0.0008 m_e, Curv. =  -8.5898E+00+/-  1.4587E+00 kT A^2, orbit (1=e,-1=h):  1.0+/- 0.0
 Orbit copies found:   207, RUC avg coords: (  0.7728+/-  0.0008,  0.0016+/-  0.0007,  0.0801+/-  0.0053)
 
 Freq. =   0.5344+/-  0.0000 kT, m* =   0.4754+/-  0.0008 m_e, Curv. =  -8.6761E+00+/-  1.4870E+00 kT A^2, orbit (1=e,-1=h):  1.0+/- 0.0
 Orbit copies found:   204, RUC avg coords: (  0.2273+/-  0.0009,  0.9984+/-  0.0007,  0.9195+/-  0.0053)
 
 Freq. =   0.5346+/-  0.0001 kT, m* =   0.4729+/-  0.0011 m_e, Curv. =  -9.0079E+00+/-  1.7011E+00 kT A^2, orbit (1=e,-1=h):  1.0+/- 0.0
 Orbit copies found:   207, RUC avg coords: (  0.2268+/-  0.0002,  0.0011+/-  0.0007,  0.0814+/-  0.0055)
 
 Freq. =   0.5346+/-  0.0001 kT, m* =   0.4729+/-  0.0011 m_e, Curv. =  -9.0292E+00+/-  1.7562E+00 kT A^2, orbit (1=e,-1=h):  1.0+/- 0.0
 Orbit copies found:   204, RUC avg coords: (  0.7731+/-  0.0004,  0.9989+/-  0.0007,  0.9184+/-  0.0054)
 
 Comparing the volumes enclosed by electron and hole orbits (at this angle), this band is estimated to be 100.0% electron-like and   0.0% hole-like.
 
 Array bounds (read/defined): Max numslfs(slice) =     92 /   4800, numchunks =   6374 /  19200, numnd =   1857 /  19200
 
 
 ------------------------------ 
 ANGLE    35 of    45; theta =  90.000000, phi =  20.454545 degrees
 
 Predicted dHvA frequencies: 
 
 Freq. =   0.0094+/-  0.0000 kT, m* =   0.1018+/-  0.0042 m_e, Curv. =  -7.1153E+00+/-  1.0152E+00 kT A^2, orbit (1=e,-1=h):  1.0+/- 0.0
 Orbit copies found:   216, RUC avg coords: (  1.0000+/-  0.0000,  0.4991+/-  0.0018,  0.4130+/-  0.0060)
 
 Freq. =   0.0094+/-  0.0001 kT, m* =   0.1016+/-  0.0040 m_e, Curv. =  -7.0400E+00+/-  1.0157E+00 kT A^2, orbit (1=e,-1=h):  1.0+/- 0.0
 Orbit copies found:   213, RUC avg coords: (  0.0000+/-  0.0000,  0.5005+/-  0.0018,  0.5870+/-  0.0057)
 
 Freq. =   0.1824+/-  0.0003 kT, m* =   0.3211+/-  0.0004 m_e, Curv. =  -5.9585E+01+/-  1.2059E-01 kT A^2, orbit (1=e,-1=h):  1.0+/- 0.0
 Orbit copies found:   207, RUC avg coords: (  1.0000+/-  0.0001,  1.0000+/-  0.0011,  0.0001+/-  0.0042)
 
 Freq. =   0.5241+/-  0.0000 kT, m* =   0.4690+/-  0.0011 m_e, Curv. =   5.0441E+00+/-  4.2957E-01 kT A^2, orbit (1=e,-1=h):  1.0+/- 0.0
 Orbit copies found:   201, RUC avg coords: (  0.7753+/-  0.0002,  0.0003+/-  0.0006,  0.0002+/-  0.0045)
 
 Freq. =   0.5241+/-  0.0000 kT, m* =   0.4692+/-  0.0010 m_e, Curv. =   5.0858E+00+/-  4.5464E-01 kT A^2, orbit (1=e,-1=h):  1.0+/- 0.0
 Orbit copies found:   201, RUC avg coords: (  0.2246+/-  0.0002, -0.0002+/-  0.0006, -0.0003+/-  0.0046)
 
 Freq. =   0.5277+/-  0.0000 kT, m* =   0.4696+/-  0.0014 m_e, Curv. =  -9.1556E+00+/-  1.2971E+00 kT A^2, orbit (1=e,-1=h):  1.0+/- 0.0
 Orbit copies found:   201, RUC avg coords: (  0.7725+/-  0.0010,  0.0014+/-  0.0009,  0.0843+/-  0.0049)
 
 Freq. =   0.5277+/-  0.0000 kT, m* =   0.4696+/-  0.0011 m_e, Curv. =  -9.0374E+00+/-  1.2662E+00 kT A^2, orbit (1=e,-1=h):  1.0+/- 0.0
 Orbit copies found:   204, RUC avg coords: (  0.2274+/-  0.0010, -0.0015+/-  0.0010,  0.9163+/-  0.0048)
 
 Freq. =   0.5278+/-  0.0001 kT, m* =   0.4672+/-  0.0008 m_e, Curv. =  -9.1860E+00+/-  1.5612E+00 kT A^2, orbit (1=e,-1=h):  1.0+/- 0.0
 Orbit copies found:   201, RUC avg coords: (  0.2268+/-  0.0003,  0.0011+/-  0.0009,  0.0841+/-  0.0050)
 
 Freq. =   0.5278+/-  0.0001 kT, m* =   0.4673+/-  0.0008 m_e, Curv. =  -9.1190E+00+/-  1.5426E+00 kT A^2, orbit (1=e,-1=h):  1.0+/- 0.0
 Orbit copies found:   204, RUC avg coords: (  0.7732+/-  0.0004,  0.9990+/-  0.0010,  0.9158+/-  0.0049)
 
 Comparing the volumes enclosed by electron and hole orbits (at this angle), this band is estimated to be 100.0% electron-like and   0.0% hole-like.
 
 Array bounds (read/defined): Max numslfs(slice) =    100 /   4800, numchunks =   6217 /  19200, numnd =   1848 /  19200
 
 
 ------------------------------ 
 ANGLE    36 of    45; theta =  90.000000, phi =  18.409091 degrees
 
 Predicted dHvA frequencies: 
 
 Freq. =   0.0093+/-  0.0000 kT, m* =   0.1006+/-  0.0037 m_e, Curv. =  -6.7768E+00+/-  7.8561E-01 kT A^2, orbit (1=e,-1=h):  1.0+/- 0.0
 Orbit copies found:   213, RUC avg coords: (  1.0000+/-  0.0000,  0.4994+/-  0.0016,  0.4126+/-  0.0053)
 
 Freq. =   0.0093+/-  0.0000 kT, m* =   0.1010+/-  0.0038 m_e, Curv. =  -6.7895E+00+/-  8.2255E-01 kT A^2, orbit (1=e,-1=h):  1.0+/- 0.0
 Orbit copies found:   210, RUC avg coords: (  0.0000+/-  0.0000,  0.5006+/-  0.0016,  0.5878+/-  0.0053)
 
 Freq. =   0.1813+/-  0.0003 kT, m* =   0.3188+/-  0.0004 m_e, Curv. =  -5.8141E+01+/-  1.2973E-01 kT A^2, orbit (1=e,-1=h):  1.0+/- 0.0
 Orbit copies found:   210, RUC avg coords: (  0.0000+/-  0.0001,  0.0000+/-  0.0010,  1.0000+/-  0.0049)
 
 Freq. =   0.5179+/-  0.0000 kT, m* =   0.4625+/-  0.0012 m_e, Curv. =   5.1753E+00+/-  4.3128E-01 kT A^2, orbit (1=e,-1=h):  1.0+/- 0.0
 Orbit copies found:   201, RUC avg coords: (  0.7753+/-  0.0002,  0.0002+/-  0.0007,  1.0001+/-  0.0051)
 
 Freq. =   0.5179+/-  0.0000 kT, m* =   0.4627+/-  0.0012 m_e, Curv. =   5.1154E+00+/-  4.4073E-01 kT A^2, orbit (1=e,-1=h):  1.0+/- 0.0
 Orbit copies found:   201, RUC avg coords: (  0.2247+/-  0.0002, -0.0003+/-  0.0007,  0.9993+/-  0.0051)
 
 Freq. =   0.5217+/-  0.0000 kT, m* =   0.4640+/-  0.0011 m_e, Curv. =  -8.8347E+00+/-  1.3443E+00 kT A^2, orbit (1=e,-1=h):  1.0+/- 0.0
 Orbit copies found:   201, RUC avg coords: (  0.2275+/-  0.0010,  0.9986+/-  0.0008,  0.9152+/-  0.0050)
 
 Freq. =   0.5217+/-  0.0000 kT, m* =   0.4639+/-  0.0012 m_e, Curv. =  -8.8640E+00+/-  1.3739E+00 kT A^2, orbit (1=e,-1=h):  1.0+/- 0.0
 Orbit copies found:   201, RUC avg coords: (  0.7724+/-  0.0011,  0.0014+/-  0.0008,  0.0847+/-  0.0050)
 
 Freq. =   0.5218+/-  0.0000 kT, m* =   0.4622+/-  0.0009 m_e, Curv. =  -9.0544E+00+/-  1.5184E+00 kT A^2, orbit (1=e,-1=h):  1.0+/- 0.0
 Orbit copies found:   201, RUC avg coords: (  0.2269+/-  0.0006,  1.0009+/-  0.0008,  0.0854+/-  0.0051)
 
 Freq. =   0.5218+/-  0.0000 kT, m* =   0.4622+/-  0.0008 m_e, Curv. =  -9.0460E+00+/-  1.4730E+00 kT A^2, orbit (1=e,-1=h):  1.0+/- 0.0
 Orbit copies found:   201, RUC avg coords: (  0.7731+/-  0.0006,  0.9991+/-  0.0008,  0.9145+/-  0.0050)
 
 Comparing the volumes enclosed by electron and hole orbits (at this angle), this band is estimated to be 100.0% electron-like and   0.0% hole-like.
 
 Array bounds (read/defined): Max numslfs(slice) =     92 /   4800, numchunks =   6258 /  19200, numnd =   1839 /  19200
 
 
 ------------------------------ 
 ANGLE    37 of    45; theta =  90.000000, phi =  16.363636 degrees
 
 Predicted dHvA frequencies: 
 
 Freq. =   0.0092+/-  0.0000 kT, m* =   0.0995+/-  0.0037 m_e, Curv. =  -6.5162E+00+/-  6.4555E-01 kT A^2, orbit (1=e,-1=h):  1.0+/- 0.0
 Orbit copies found:   207, RUC avg coords: (  0.0000+/-  0.0000,  0.5005+/-  0.0015,  0.5875+/-  0.0051)
 
 Freq. =   0.0092+/-  0.0000 kT, m* =   0.0998+/-  0.0034 m_e, Curv. =  -6.5641E+00+/-  6.3857E-01 kT A^2, orbit (1=e,-1=h):  1.0+/- 0.0
 Orbit copies found:   213, RUC avg coords: (  1.0000+/-  0.0000,  0.4993+/-  0.0015,  0.4122+/-  0.0049)
 
 Freq. =   0.1804+/-  0.0003 kT, m* =   0.3168+/-  0.0004 m_e, Curv. =  -5.6857E+01+/-  1.4750E-01 kT A^2, orbit (1=e,-1=h):  1.0+/- 0.0
 Orbit copies found:   207, RUC avg coords: ( -0.0000+/-  0.0001, -0.0001+/-  0.0010, -0.0002+/-  0.0048)
 
 Freq. =   0.5123+/-  0.0000 kT, m* =   0.4570+/-  0.0013 m_e, Curv. =   5.1892E+00+/-  4.3982E-01 kT A^2, orbit (1=e,-1=h):  1.0+/- 0.0
 Orbit copies found:   204, RUC avg coords: (  0.7753+/-  0.0001,  0.0002+/-  0.0009,  1.0002+/-  0.0053)
 
 Freq. =   0.5123+/-  0.0000 kT, m* =   0.4570+/-  0.0013 m_e, Curv. =   5.1329E+00+/-  4.0007E-01 kT A^2, orbit (1=e,-1=h):  1.0+/- 0.0
 Orbit copies found:   204, RUC avg coords: (  0.2247+/-  0.0001,  0.9996+/-  0.0009,  0.9994+/-  0.0052)
 
 Freq. =   0.5164+/-  0.0001 kT, m* =   0.4593+/-  0.0011 m_e, Curv. =  -9.0479E+00+/-  1.5606E+00 kT A^2, orbit (1=e,-1=h):  1.0+/- 0.0
 Orbit copies found:   204, RUC avg coords: (  0.2278+/-  0.0011,  0.9988+/-  0.0005,  0.9131+/-  0.0051)
 
 Freq. =   0.5164+/-  0.0001 kT, m* =   0.4592+/-  0.0010 m_e, Curv. =  -8.9921E+00+/-  1.6086E+00 kT A^2, orbit (1=e,-1=h):  1.0+/- 0.0
 Orbit copies found:   207, RUC avg coords: (  0.7722+/-  0.0011,  0.0014+/-  0.0006,  0.0860+/-  0.0052)
 
 Freq. =   0.5165+/-  0.0000 kT, m* =   0.4578+/-  0.0009 m_e, Curv. =  -8.9558E+00+/-  1.3897E+00 kT A^2, orbit (1=e,-1=h):  1.0+/- 0.0
 Orbit copies found:   207, RUC avg coords: (  0.2271+/-  0.0009,  0.0008+/-  0.0006,  0.0870+/-  0.0051)
 
 Freq. =   0.5165+/-  0.0000 kT, m* =   0.4578+/-  0.0008 m_e, Curv. =  -8.9583E+00+/-  1.3019E+00 kT A^2, orbit (1=e,-1=h):  1.0+/- 0.0
 Orbit copies found:   204, RUC avg coords: (  0.7729+/-  0.0008,  0.9993+/-  0.0005,  0.9129+/-  0.0050)
 
 Comparing the volumes enclosed by electron and hole orbits (at this angle), this band is estimated to be 100.0% electron-like and   0.0% hole-like.
 
 Array bounds (read/defined): Max numslfs(slice) =     92 /   4800, numchunks =   6263 /  19200, numnd =   1857 /  19200
 
 
 ------------------------------ 
 ANGLE    38 of    45; theta =  90.000000, phi =  14.318182 degrees
 
 Predicted dHvA frequencies: 
 
 Freq. =   0.0092+/-  0.0000 kT, m* =   0.0991+/-  0.0038 m_e, Curv. =  -6.4695E+00+/-  5.2532E-01 kT A^2, orbit (1=e,-1=h):  1.0+/- 0.0
 Orbit copies found:   213, RUC avg coords: (  0.0000+/-  0.0000,  0.5006+/-  0.0015,  0.5882+/-  0.0057)
 
 Freq. =   0.0092+/-  0.0000 kT, m* =   0.1002+/-  0.0027 m_e, Curv. =  -6.4421E+00+/-  5.0196E-01 kT A^2, orbit (1=e,-1=h):  1.0+/- 0.0
 Orbit copies found:   210, RUC avg coords: (  1.0000+/-  0.0000,  0.4997+/-  0.0014,  0.4102+/-  0.0036)
 
 Freq. =   0.1795+/-  0.0003 kT, m* =   0.3150+/-  0.0003 m_e, Curv. =  -5.5680E+01+/-  1.4602E-01 kT A^2, orbit (1=e,-1=h):  1.0+/- 0.0
 Orbit copies found:   201, RUC avg coords: ( -0.0000+/-  0.0001,  0.0001+/-  0.0009,  1.0018+/-  0.0044)
 
 Freq. =   0.5075+/-  0.0000 kT, m* =   0.4521+/-  0.0016 m_e, Curv. =   5.1789E+00+/-  4.1433E-01 kT A^2, orbit (1=e,-1=h):  1.0+/- 0.0
 Orbit copies found:   201, RUC avg coords: (  0.7753+/-  0.0001,  0.0005+/-  0.0009,  1.0019+/-  0.0045)
 
 Freq. =   0.5075+/-  0.0000 kT, m* =   0.4518+/-  0.0013 m_e, Curv. =   5.2741E+00+/-  3.7759E-01 kT A^2, orbit (1=e,-1=h):  1.0+/- 0.0
 Orbit copies found:   201, RUC avg coords: (  0.2247+/-  0.0001,  0.9999+/-  0.0008,  1.0011+/-  0.0050)
 
 Freq. =   0.5118+/-  0.0001 kT, m* =   0.4554+/-  0.0011 m_e, Curv. =  -9.0442E+00+/-  1.6497E+00 kT A^2, orbit (1=e,-1=h):  1.0+/- 0.0
 Orbit copies found:   201, RUC avg coords: (  0.2278+/-  0.0012,  0.9990+/-  0.0005,  0.9127+/-  0.0056)
 
 Freq. =   0.5118+/-  0.0001 kT, m* =   0.4554+/-  0.0010 m_e, Curv. =  -8.9824E+00+/-  1.3000E+00 kT A^2, orbit (1=e,-1=h):  1.0+/- 0.0
 Orbit copies found:   201, RUC avg coords: (  0.7721+/-  0.0012,  0.0011+/-  0.0005,  0.0881+/-  0.0036)
 
 Freq. =   0.5119+/-  0.0000 kT, m* =   0.4540+/-  0.0010 m_e, Curv. =  -8.9080E+00+/-  1.4547E+00 kT A^2, orbit (1=e,-1=h):  1.0+/- 0.0
 Orbit copies found:   201, RUC avg coords: (  0.7729+/-  0.0009,  0.9994+/-  0.0006,  0.9121+/-  0.0056)
 
 Freq. =   0.5120+/-  0.0000 kT, m* =   0.4539+/-  0.0009 m_e, Curv. =  -8.9324E+00+/-  9.3478E-01 kT A^2, orbit (1=e,-1=h):  1.0+/- 0.0
 Orbit copies found:   201, RUC avg coords: (  0.2271+/-  0.0008,  0.0006+/-  0.0005,  0.0882+/-  0.0036)
 
 Comparing the volumes enclosed by electron and hole orbits (at this angle), this band is estimated to be 100.0% electron-like and   0.0% hole-like.
 
 Array bounds (read/defined): Max numslfs(slice) =    113 /   4800, numchunks =   6029 /  19200, numnd =   1830 /  19200
 
 
 ------------------------------ 
 ANGLE    39 of    45; theta =  90.000000, phi =  12.272727 degrees
 
 Predicted dHvA frequencies: 
 
 Freq. =   0.0091+/-  0.0000 kT, m* =   0.0982+/-  0.0036 m_e, Curv. =  -6.3108E+00+/-  4.4658E-01 kT A^2, orbit (1=e,-1=h):  1.0+/- 0.0
 Orbit copies found:   216, RUC avg coords: (  0.0000+/-  0.0000,  0.5003+/-  0.0016,  0.5879+/-  0.0049)
 
 Freq. =   0.0091+/-  0.0000 kT, m* =   0.0980+/-  0.0033 m_e, Curv. =  -6.2735E+00+/-  4.3782E-01 kT A^2, orbit (1=e,-1=h):  1.0+/- 0.0
 Orbit copies found:   210, RUC avg coords: (  1.0000+/-  0.0000,  0.4996+/-  0.0015,  0.4122+/-  0.0047)
 
 Freq. =   0.1788+/-  0.0003 kT, m* =   0.3135+/-  0.0003 m_e, Curv. =  -5.4716E+01+/-  1.4083E-01 kT A^2, orbit (1=e,-1=h):  1.0+/- 0.0
 Orbit copies found:   207, RUC avg coords: (  1.0000+/-  0.0001,  1.0001+/-  0.0009,  0.9998+/-  0.0047)
 
 Freq. =   0.5034+/-  0.0000 kT, m* =   0.4480+/-  0.0014 m_e, Curv. =   5.1528E+00+/-  3.3900E-01 kT A^2, orbit (1=e,-1=h):  1.0+/- 0.0
 Orbit copies found:   201, RUC avg coords: (  0.7753+/-  0.0002,  0.0003+/-  0.0009,  0.0003+/-  0.0047)
 
 Freq. =   0.5035+/-  0.0000 kT, m* =   0.4481+/-  0.0015 m_e, Curv. =   5.1862E+00+/-  3.7001E-01 kT A^2, orbit (1=e,-1=h):  1.0+/- 0.0
 Orbit copies found:   204, RUC avg coords: (  0.2247+/-  0.0002,  0.9997+/-  0.0009, -0.0004+/-  0.0048)
 
 Freq. =   0.5079+/-  0.0001 kT, m* =   0.4519+/-  0.0010 m_e, Curv. =  -9.0952E+00+/-  1.4984E+00 kT A^2, orbit (1=e,-1=h):  1.0+/- 0.0
 Orbit copies found:   198, RUC avg coords: (  0.7719+/-  0.0012,  0.0010+/-  0.0007,  0.0891+/-  0.0051)
 
 Freq. =   0.5079+/-  0.0001 kT, m* =   0.4520+/-  0.0011 m_e, Curv. =  -8.8709E+00+/-  1.5076E+00 kT A^2, orbit (1=e,-1=h):  1.0+/- 0.0
 Orbit copies found:   204, RUC avg coords: (  0.2281+/-  0.0012,  0.9990+/-  0.0006,  0.9116+/-  0.0048)
 
 Freq. =   0.5080+/-  0.0000 kT, m* =   0.4507+/-  0.0007 m_e, Curv. =  -8.7114E+00+/-  1.2840E+00 kT A^2, orbit (1=e,-1=h):  1.0+/- 0.0
 Orbit copies found:   198, RUC avg coords: (  0.2270+/-  0.0008,  0.0004+/-  0.0006,  0.0885+/-  0.0050)
 
 Freq. =   0.5080+/-  0.0000 kT, m* =   0.4508+/-  0.0008 m_e, Curv. =  -8.9358E+00+/-  1.2299E+00 kT A^2, orbit (1=e,-1=h):  1.0+/- 0.0
 Orbit copies found:   204, RUC avg coords: (  0.7729+/-  0.0008,  0.9995+/-  0.0006,  0.9107+/-  0.0047)
 
 Comparing the volumes enclosed by electron and hole orbits (at this angle), this band is estimated to be 100.0% electron-like and   0.0% hole-like.
 
 Array bounds (read/defined): Max numslfs(slice) =    105 /   4800, numchunks =   6131 /  19200, numnd =   1842 /  19200
 
 
 ------------------------------ 
 ANGLE    40 of    45; theta =  90.000000, phi =  10.227273 degrees
 
 Predicted dHvA frequencies: 
 
 Freq. =   0.0090+/-  0.0000 kT, m* =   0.0979+/-  0.0032 m_e, Curv. =  -6.2503E+00+/-  3.7216E-01 kT A^2, orbit (1=e,-1=h):  1.0+/- 0.0
 Orbit copies found:   207, RUC avg coords: (  1.0000+/-  0.0000,  0.4997+/-  0.0016,  0.4113+/-  0.0048)
 
 Freq. =   0.0090+/-  0.0000 kT, m* =   0.0981+/-  0.0035 m_e, Curv. =  -6.2764E+00+/-  4.2378E-01 kT A^2, orbit (1=e,-1=h):  1.0+/- 0.0
 Orbit copies found:   207, RUC avg coords: (  0.0000+/-  0.0000,  0.5003+/-  0.0015,  0.5889+/-  0.0048)
 
 Freq. =   0.1109+/-  0.0000 kT, m* =   0.2109+/-  0.0000 m_e, Curv. =   5.5051E+01+/-  1.5775E-09 kT A^2, orbit (1=e,-1=h):  1.0+/- 0.0
 Orbit copies found:     3, RUC avg coords: (  0.9142+/-  0.0000,  0.9990+/-  0.0000,  0.6165+/-  0.0000)
 
 Freq. =   0.1109+/-  0.0000 kT, m* =   0.2109+/-  0.0000 m_e, Curv. =   5.4463E+01+/-  6.1153E-10 kT A^2, orbit (1=e,-1=h):  1.0+/- 0.0
 Orbit copies found:     3, RUC avg coords: (  0.0858+/-  0.0000,  0.0009+/-  0.0000,  0.3835+/-  0.0000)
 
 Freq. =   0.1118+/-  0.0000 kT, m* =   0.2132+/-  0.0000 m_e, Curv. =   5.5070E+01+/-  2.5925E-10 kT A^2, orbit (1=e,-1=h):  1.0+/- 0.0
 Orbit copies found:     3, RUC avg coords: (  0.9143+/-  0.0000,  0.0004+/-  0.0000,  0.3836+/-  0.0000)
 
 Freq. =   0.1118+/-  0.0000 kT, m* =   0.2132+/-  0.0000 m_e, Curv. =   5.5307E+01+/-  1.8260E-01 kT A^2, orbit (1=e,-1=h):  1.0+/- 0.0
 Orbit copies found:     6, RUC avg coords: (  0.0857+/-  0.0000,  0.9997+/-  0.0002,  0.6164+/-  0.0000)
 
 Freq. =   0.1782+/-  0.0003 kT, m* =   0.3123+/-  0.0004 m_e, Curv. =  -5.3904E+01+/-  1.3658E-01 kT A^2, orbit (1=e,-1=h):  1.0+/- 0.0
 Orbit copies found:   207, RUC avg coords: ( -0.0000+/-  0.0001, -0.0000+/-  0.0009,  0.9999+/-  0.0046)
 
 Freq. =   0.5000+/-  0.0000 kT, m* =   0.4444+/-  0.0013 m_e, Curv. =   5.1538E+00+/-  3.1593E-01 kT A^2, orbit (1=e,-1=h):  1.0+/- 0.0
 Orbit copies found:   201, RUC avg coords: (  0.7753+/-  0.0002,  1.0003+/-  0.0008,  0.0003+/-  0.0048)
 
 Freq. =   0.5000+/-  0.0000 kT, m* =   0.4446+/-  0.0015 m_e, Curv. =   5.1640E+00+/-  2.9191E-01 kT A^2, orbit (1=e,-1=h):  1.0+/- 0.0
 Orbit copies found:   201, RUC avg coords: (  0.2247+/-  0.0002,  0.9996+/-  0.0008, -0.0008+/-  0.0048)
 
 Freq. =   0.5046+/-  0.0001 kT, m* =   0.4491+/-  0.0013 m_e, Curv. =  -8.8517E+00+/-  1.5414E+00 kT A^2, orbit (1=e,-1=h):  1.0+/- 0.0
 Orbit copies found:   204, RUC avg coords: (  0.7717+/-  0.0012,  0.0008+/-  0.0008,  0.0899+/-  0.0050)
 
 Freq. =   0.5046+/-  0.0001 kT, m* =   0.4491+/-  0.0013 m_e, Curv. =  -8.7805E+00+/-  1.3713E+00 kT A^2, orbit (1=e,-1=h):  1.0+/- 0.0
 Orbit copies found:   204, RUC avg coords: (  0.2284+/-  0.0012,  0.9991+/-  0.0008,  0.9105+/-  0.0049)
 
 Freq. =   0.5047+/-  0.0000 kT, m* =   0.4483+/-  0.0007 m_e, Curv. =  -8.9115E+00+/-  1.3758E+00 kT A^2, orbit (1=e,-1=h):  1.0+/- 0.0
 Orbit copies found:   204, RUC avg coords: (  0.2271+/-  0.0008,  0.0002+/-  0.0007,  0.0905+/-  0.0051)
 
 Freq. =   0.5047+/-  0.0000 kT, m* =   0.4483+/-  0.0009 m_e, Curv. =  -8.7932E+00+/-  1.2325E+00 kT A^2, orbit (1=e,-1=h):  1.0+/- 0.0
 Orbit copies found:   204, RUC avg coords: (  0.7729+/-  0.0008,  0.9996+/-  0.0008,  0.9101+/-  0.0049)
 
 Comparing the volumes enclosed by electron and hole orbits (at this angle), this band is estimated to be 100.0% electron-like and   0.0% hole-like.
 
 Array bounds (read/defined): Max numslfs(slice) =     95 /   4800, numchunks =   6151 /  19200, numnd =   1854 /  19200
 
 
 ------------------------------ 
 ANGLE    41 of    45; theta =  90.000000, phi =   8.181818 degrees
 
 Predicted dHvA frequencies: 
 
 Freq. =   0.0090+/-  0.0000 kT, m* =   0.0977+/-  0.0037 m_e, Curv. =  -6.2100E+00+/-  4.3497E-01 kT A^2, orbit (1=e,-1=h):  1.0+/- 0.0
 Orbit copies found:   207, RUC avg coords: (  1.0000+/-  0.0000,  0.5004+/-  0.0016,  0.5888+/-  0.0048)
 
 Freq. =   0.0090+/-  0.0000 kT, m* =   0.0973+/-  0.0034 m_e, Curv. =  -6.1976E+00+/-  3.9448E-01 kT A^2, orbit (1=e,-1=h):  1.0+/- 0.0
 Orbit copies found:   210, RUC avg coords: ( -0.0000+/-  0.0000,  0.4995+/-  0.0016,  0.4115+/-  0.0048)
 
 Freq. =   0.1777+/-  0.0003 kT, m* =   0.3112+/-  0.0005 m_e, Curv. =  -5.3230E+01+/-  1.0712E-01 kT A^2, orbit (1=e,-1=h):  1.0+/- 0.0
 Orbit copies found:   210, RUC avg coords: (  1.0000+/-  0.0001,  1.0000+/-  0.0009, -0.0001+/-  0.0048)
 
 Freq. =   0.4973+/-  0.0000 kT, m* =   0.4419+/-  0.0014 m_e, Curv. =   5.1446E+00+/-  2.3489E-01 kT A^2, orbit (1=e,-1=h):  1.0+/- 0.0
 Orbit copies found:   207, RUC avg coords: (  0.7753+/-  0.0002,  0.0003+/-  0.0007,  0.0000+/-  0.0049)
 
 Freq. =   0.4973+/-  0.0000 kT, m* =   0.4419+/-  0.0015 m_e, Curv. =   5.1397E+00+/-  2.2871E-01 kT A^2, orbit (1=e,-1=h):  1.0+/- 0.0
 Orbit copies found:   207, RUC avg coords: (  0.2247+/-  0.0002, -0.0003+/-  0.0007, -0.0006+/-  0.0048)
 
 Freq. =   0.5019+/-  0.0001 kT, m* =   0.4468+/-  0.0016 m_e, Curv. =  -8.7008E+00+/-  1.3274E+00 kT A^2, orbit (1=e,-1=h):  1.0+/- 0.0
 Orbit copies found:   207, RUC avg coords: (  0.2283+/-  0.0012,  0.9994+/-  0.0009,  0.9099+/-  0.0048)
 
 Freq. =   0.5019+/-  0.0001 kT, m* =   0.4471+/-  0.0014 m_e, Curv. =  -9.0404E+00+/-  1.3028E+00 kT A^2, orbit (1=e,-1=h):  1.0+/- 0.0
 Orbit copies found:   204, RUC avg coords: (  0.7717+/-  0.0012,  0.0006+/-  0.0010,  0.0912+/-  0.0048)
 
 Freq. =   0.5020+/-  0.0001 kT, m* =   0.4462+/-  0.0011 m_e, Curv. =  -8.8329E+00+/-  1.2725E+00 kT A^2, orbit (1=e,-1=h):  1.0+/- 0.0
 Orbit copies found:   207, RUC avg coords: (  0.7728+/-  0.0009, -0.0002+/-  0.0009,  0.9091+/-  0.0048)
 
 Freq. =   0.5020+/-  0.0000 kT, m* =   0.4463+/-  0.0011 m_e, Curv. =  -8.9592E+00+/-  1.3207E+00 kT A^2, orbit (1=e,-1=h):  1.0+/- 0.0
 Orbit copies found:   204, RUC avg coords: (  0.2272+/-  0.0009,  0.0002+/-  0.0009,  0.0912+/-  0.0049)
 
 Comparing the volumes enclosed by electron and hole orbits (at this angle), this band is estimated to be 100.0% electron-like and   0.0% hole-like.
 
 Array bounds (read/defined): Max numslfs(slice) =     98 /   4800, numchunks =   6020 /  19200, numnd =   1863 /  19200
 
 
 ------------------------------ 
 ANGLE    42 of    45; theta =  90.000000, phi =   6.136364 degrees
 
 Predicted dHvA frequencies: 
 
 Freq. =   0.0090+/-  0.0000 kT, m* =   0.0969+/-  0.0032 m_e, Curv. =  -6.1039E+00+/-  3.9539E-01 kT A^2, orbit (1=e,-1=h):  1.0+/- 0.0
 Orbit copies found:   216, RUC avg coords: ( -0.0000+/-  0.0000,  0.4993+/-  0.0015,  0.4116+/-  0.0048)
 
 Freq. =   0.0090+/-  0.0000 kT, m* =   0.0967+/-  0.0033 m_e, Curv. =  -6.1268E+00+/-  3.4209E-01 kT A^2, orbit (1=e,-1=h):  1.0+/- 0.0
 Orbit copies found:   213, RUC avg coords: (  1.0000+/-  0.0000,  0.5001+/-  0.0015,  0.5882+/-  0.0048)
 
 Freq. =   0.1097+/-  0.0000 kT, m* =   0.2107+/-  0.0000 m_e, Curv. =   6.3064E+01+/-  7.7821E-12 kT A^2, orbit (1=e,-1=h):  1.0+/- 0.0
 Orbit copies found:     3, RUC avg coords: (  0.9143+/-  0.0000,  0.9979+/-  0.0000,  0.6159+/-  0.0000)
 
 Freq. =   0.1099+/-  0.0000 kT, m* =   0.2101+/-  0.0000 m_e, Curv. =   5.4758E+01+/-  2.8064E-11 kT A^2, orbit (1=e,-1=h):  1.0+/- 0.0
 Orbit copies found:     3, RUC avg coords: (  0.0858+/-  0.0000,  0.0022+/-  0.0000,  0.3837+/-  0.0000)
 
 Freq. =   0.1101+/-  0.0000 kT, m* =   0.2112+/-  0.0000 m_e, Curv. =   6.3527E+01+/-  4.2469E-11 kT A^2, orbit (1=e,-1=h):  1.0+/- 0.0
 Orbit copies found:     3, RUC avg coords: (  0.0857+/-  0.0000,  0.9985+/-  0.0000,  0.6158+/-  0.0000)
 
 Freq. =   0.1103+/-  0.0000 kT, m* =   0.2107+/-  0.0000 m_e, Curv. =   5.6163E+01+/-  3.5950E-11 kT A^2, orbit (1=e,-1=h):  1.0+/- 0.0
 Orbit copies found:     3, RUC avg coords: (  0.9142+/-  0.0000,  0.0017+/-  0.0000,  0.3838+/-  0.0000)
 
 Freq. =   0.1773+/-  0.0003 kT, m* =   0.3104+/-  0.0004 m_e, Curv. =  -5.2693E+01+/-  8.3434E-02 kT A^2, orbit (1=e,-1=h):  1.0+/- 0.0
 Orbit copies found:   207, RUC avg coords: (  1.0000+/-  0.0001,  1.0001+/-  0.0009,  1.0001+/-  0.0048)
 
 Freq. =   0.4951+/-  0.0000 kT, m* =   0.4399+/-  0.0015 m_e, Curv. =   5.1650E+00+/-  1.9387E-01 kT A^2, orbit (1=e,-1=h):  1.0+/- 0.0
 Orbit copies found:   207, RUC avg coords: (  0.7752+/-  0.0002,  0.0003+/-  0.0007,  1.0003+/-  0.0048)
 
 Freq. =   0.4951+/-  0.0000 kT, m* =   0.4400+/-  0.0015 m_e, Curv. =   5.1896E+00+/-  2.2005E-01 kT A^2, orbit (1=e,-1=h):  1.0+/- 0.0
 Orbit copies found:   207, RUC avg coords: (  0.2247+/-  0.0002,  0.9997+/-  0.0006,  0.9999+/-  0.0048)
 
 Freq. =   0.4999+/-  0.0001 kT, m* =   0.4449+/-  0.0016 m_e, Curv. =  -8.7892E+00+/-  1.3790E+00 kT A^2, orbit (1=e,-1=h):  1.0+/- 0.0
 Orbit copies found:   207, RUC avg coords: (  0.7716+/-  0.0011,  1.0005+/-  0.0010,  0.0913+/-  0.0049)
 
 Freq. =   0.4999+/-  0.0000 kT, m* =   0.4449+/-  0.0016 m_e, Curv. =  -8.8650E+00+/-  1.1700E+00 kT A^2, orbit (1=e,-1=h):  1.0+/- 0.0
 Orbit copies found:   207, RUC avg coords: (  0.2285+/-  0.0011,  0.9994+/-  0.0010,  0.9088+/-  0.0048)
 
 Freq. =   0.5000+/-  0.0000 kT, m* =   0.4444+/-  0.0017 m_e, Curv. =  -8.7356E+00+/-  1.3668E+00 kT A^2, orbit (1=e,-1=h):  1.0+/- 0.0
 Orbit copies found:   207, RUC avg coords: (  0.2273+/-  0.0010,  0.9999+/-  0.0010,  0.0914+/-  0.0049)
 
 Freq. =   0.5000+/-  0.0001 kT, m* =   0.4447+/-  0.0014 m_e, Curv. =  -8.8338E+00+/-  1.1691E+00 kT A^2, orbit (1=e,-1=h):  1.0+/- 0.0
 Orbit copies found:   207, RUC avg coords: (  0.7732+/-  0.0005, -0.0001+/-  0.0009,  0.9088+/-  0.0048)
 
 Comparing the volumes enclosed by electron and hole orbits (at this angle), this band is estimated to be 100.0% electron-like and   0.0% hole-like.
 
 Array bounds (read/defined): Max numslfs(slice) =    105 /   4800, numchunks =   5851 /  19200, numnd =   1890 /  19200
 
 
 ------------------------------ 
 ANGLE    43 of    45; theta =  90.000000, phi =   4.090909 degrees
 
 Predicted dHvA frequencies: 
 
 Freq. =   0.0089+/-  0.0000 kT, m* =   0.0970+/-  0.0033 m_e, Curv. =  -6.1170E+00+/-  3.5825E-01 kT A^2, orbit (1=e,-1=h):  1.0+/- 0.0
 Orbit copies found:   219, RUC avg coords: (  1.0000+/-  0.0000,  0.5001+/-  0.0017,  0.5891+/-  0.0048)
 
 Freq. =   0.0089+/-  0.0000 kT, m* =   0.0968+/-  0.0036 m_e, Curv. =  -6.1283E+00+/-  3.9068E-01 kT A^2, orbit (1=e,-1=h):  1.0+/- 0.0
 Orbit copies found:   213, RUC avg coords: (  0.0000+/-  0.0000,  0.4999+/-  0.0016,  0.4112+/-  0.0047)
 
 Freq. =   0.1770+/-  0.0002 kT, m* =   0.3098+/-  0.0005 m_e, Curv. =  -5.2324E+01+/-  9.2981E-02 kT A^2, orbit (1=e,-1=h):  1.0+/- 0.0
 Orbit copies found:   204, RUC avg coords: (  1.0000+/-  0.0001,  1.0000+/-  0.0009, -0.0000+/-  0.0047)
 
 Freq. =   0.4936+/-  0.0000 kT, m* =   0.4383+/-  0.0014 m_e, Curv. =   5.1543E+00+/-  1.3245E-01 kT A^2, orbit (1=e,-1=h):  1.0+/- 0.0
 Orbit copies found:   204, RUC avg coords: (  0.7753+/-  0.0002,  1.0003+/-  0.0006,  0.0009+/-  0.0047)
 
 Freq. =   0.4936+/-  0.0000 kT, m* =   0.4382+/-  0.0014 m_e, Curv. =   5.1387E+00+/-  1.0002E-01 kT A^2, orbit (1=e,-1=h):  1.0+/- 0.0
 Orbit copies found:   204, RUC avg coords: (  0.2247+/-  0.0002,  0.9997+/-  0.0006, -0.0005+/-  0.0047)
 
 Freq. =   0.4984+/-  0.0000 kT, m* =   0.4437+/-  0.0019 m_e, Curv. =  -8.6991E+00+/-  1.1695E+00 kT A^2, orbit (1=e,-1=h):  1.0+/- 0.0
 Orbit copies found:   204, RUC avg coords: (  0.7715+/-  0.0011,  0.0004+/-  0.0010,  0.0911+/-  0.0048)
 
 Freq. =   0.4984+/-  0.0000 kT, m* =   0.4436+/-  0.0017 m_e, Curv. =  -8.8187E+00+/-  1.1483E+00 kT A^2, orbit (1=e,-1=h):  1.0+/- 0.0
 Orbit copies found:   207, RUC avg coords: (  0.2285+/-  0.0011,  0.9996+/-  0.0010,  0.9084+/-  0.0047)
 
 Freq. =   0.4985+/-  0.0000 kT, m* =   0.4437+/-  0.0015 m_e, Curv. =  -8.6690E+00+/-  1.1575E+00 kT A^2, orbit (1=e,-1=h):  1.0+/- 0.0
 Orbit copies found:   204, RUC avg coords: (  0.2271+/-  0.0008,  0.0000+/-  0.0010,  0.0912+/-  0.0048)
 
 Freq. =   0.4985+/-  0.0000 kT, m* =   0.4438+/-  0.0016 m_e, Curv. =  -8.7933E+00+/-  1.1506E+00 kT A^2, orbit (1=e,-1=h):  1.0+/- 0.0
 Orbit copies found:   207, RUC avg coords: (  0.7729+/-  0.0009,  1.0001+/-  0.0009,  0.9083+/-  0.0047)
 
 Comparing the volumes enclosed by electron and hole orbits (at this angle), this band is estimated to be 100.0% electron-like and   0.0% hole-like.
 
 Array bounds (read/defined): Max numslfs(slice) =     89 /   4800, numchunks =   5685 /  19200, numnd =   1866 /  19200
 
 
 ------------------------------ 
 ANGLE    44 of    45; theta =  90.000000, phi =   2.045455 degrees
 
 Predicted dHvA frequencies: 
 
 Freq. =   0.0089+/-  0.0000 kT, m* =   0.0967+/-  0.0035 m_e, Curv. =  -6.0939E+00+/-  3.5201E-01 kT A^2, orbit (1=e,-1=h):  1.0+/- 0.0
 Orbit copies found:   225, RUC avg coords: (  1.0000+/-  0.0000,  0.5002+/-  0.0016,  0.5889+/-  0.0048)
 
 Freq. =   0.0089+/-  0.0000 kT, m* =   0.0963+/-  0.0037 m_e, Curv. =  -6.0683E+00+/-  3.4878E-01 kT A^2, orbit (1=e,-1=h):  1.0+/- 0.0
 Orbit copies found:   213, RUC avg coords: (  0.0000+/-  0.0000,  0.4998+/-  0.0016,  0.4116+/-  0.0048)
 
 Freq. =   0.1096+/-  0.0000 kT, m* =   0.2100+/-  0.0000 m_e, Curv. =   5.3937E+01+/-  1.8680E-10 kT A^2, orbit (1=e,-1=h):  1.0+/- 0.0
 Orbit copies found:     3, RUC avg coords: (  0.9142+/-  0.0000,  0.0017+/-  0.0000,  0.3840+/-  0.0000)
 
 Freq. =   0.1768+/-  0.0002 kT, m* =   0.3094+/-  0.0006 m_e, Curv. =  -5.2101E+01+/-  9.5913E-02 kT A^2, orbit (1=e,-1=h):  1.0+/- 0.0
 Orbit copies found:   210, RUC avg coords: (  1.0000+/-  0.0001,  1.0001+/-  0.0009,  0.0001+/-  0.0047)
 
 Freq. =   0.4927+/-  0.0000 kT, m* =   0.4372+/-  0.0015 m_e, Curv. =   5.1446E+00+/-  8.0139E-02 kT A^2, orbit (1=e,-1=h):  1.0+/- 0.0
 Orbit copies found:   210, RUC avg coords: (  0.7753+/-  0.0002,  1.0003+/-  0.0006,  0.0001+/-  0.0047)
 
 Freq. =   0.4927+/-  0.0000 kT, m* =   0.4373+/-  0.0014 m_e, Curv. =   5.1384E+00+/-  6.4925E-02 kT A^2, orbit (1=e,-1=h):  1.0+/- 0.0
 Orbit copies found:   210, RUC avg coords: (  0.2247+/-  0.0002,  0.9998+/-  0.0006, -0.0004+/-  0.0048)
 
 Freq. =   0.4976+/-  0.0000 kT, m* =   0.4428+/-  0.0015 m_e, Curv. =  -8.9003E+00+/-  1.1837E+00 kT A^2, orbit (1=e,-1=h):  1.0+/- 0.0
 Orbit copies found:   210, RUC avg coords: (  0.2286+/-  0.0010,  0.9997+/-  0.0010,  0.9077+/-  0.0049)
 
 Freq. =   0.4976+/-  0.0000 kT, m* =   0.4428+/-  0.0015 m_e, Curv. =  -8.8765E+00+/-  1.1744E+00 kT A^2, orbit (1=e,-1=h):  1.0+/- 0.0
 Orbit copies found:   210, RUC avg coords: (  0.7715+/-  0.0010,  0.0003+/-  0.0010,  0.0922+/-  0.0048)
 
 Freq. =   0.4976+/-  0.0000 kT, m* =   0.4432+/-  0.0019 m_e, Curv. =  -8.8707E+00+/-  1.1637E+00 kT A^2, orbit (1=e,-1=h):  1.0+/- 0.0
 Orbit copies found:   210, RUC avg coords: (  0.7728+/-  0.0009,  1.0001+/-  0.0008,  0.9077+/-  0.0049)
 
 Freq. =   0.4976+/-  0.0000 kT, m* =   0.4430+/-  0.0019 m_e, Curv. =  -8.7799E+00+/-  1.1619E+00 kT A^2, orbit (1=e,-1=h):  1.0+/- 0.0
 Orbit copies found:   210, RUC avg coords: (  0.2272+/-  0.0009,  0.9999+/-  0.0009,  0.0920+/-  0.0048)
 
 Comparing the volumes enclosed by electron and hole orbits (at this angle), this band is estimated to be 100.0% electron-like and   0.0% hole-like.
 
 Array bounds (read/defined): Max numslfs(slice) =     81 /   4800, numchunks =   5783 /  19200, numnd =   1911 /  19200
 
 
 ------------------------------ 
 ANGLE    45 of    45; theta =  90.000000, phi =   0.000000 degrees
 
 Predicted dHvA frequencies: 
 
 Freq. =   0.0089+/-  0.0000 kT, m* =   0.0977+/-  0.0032 m_e, Curv. =  -6.1681E+00+/-  2.7893E-01 kT A^2, orbit (1=e,-1=h):  1.0+/- 0.0
 Orbit copies found:   189, RUC avg coords: (  0.0000+/-  0.0000,  0.4998+/-  0.0016,  0.4098+/-  0.0042)
 
 Freq. =   0.0089+/-  0.0000 kT, m* =   0.0963+/-  0.0032 m_e, Curv. =  -6.0507E+00+/-  2.8762E-01 kT A^2, orbit (1=e,-1=h):  1.0+/- 0.0
 Orbit copies found:   210, RUC avg coords: (  1.0000+/-  0.0000,  0.4998+/-  0.0016,  0.5882+/-  0.0043)
 
 Freq. =   0.1093+/-  0.0000 kT, m* =   0.2074+/-  0.0009 m_e, Curv. =   5.6201E+01+/-  5.5118E-01 kT A^2, orbit (1=e,-1=h):  1.0+/- 0.0
 Orbit copies found:     6, RUC avg coords: (  0.0858+/-  0.0000,  1.0000+/-  0.0024,  0.6158+/-  0.0000)
 
 Freq. =   0.1094+/-  0.0000 kT, m* =   0.2080+/-  0.0015 m_e, Curv. =   5.6244E+01+/-  2.3933E-01 kT A^2, orbit (1=e,-1=h):  1.0+/- 0.0
 Orbit copies found:     6, RUC avg coords: (  0.9143+/-  0.0000,  0.9995+/-  0.0024,  0.3842+/-  0.0000)
 
 Freq. =   0.1094+/-  0.0000 kT, m* =   0.2078+/-  0.0009 m_e, Curv. =   5.5722E+01+/-  5.6326E-01 kT A^2, orbit (1=e,-1=h):  1.0+/- 0.0
 Orbit copies found:     6, RUC avg coords: (  0.0858+/-  0.0001,  1.0000+/-  0.0024,  0.3842+/-  0.0000)
 
 Freq. =   0.1094+/-  0.0000 kT, m* =   0.2085+/-  0.0012 m_e, Curv. =   5.5815E+01+/-  2.3750E-01 kT A^2, orbit (1=e,-1=h):  1.0+/- 0.0
 Orbit copies found:     6, RUC avg coords: (  0.9143+/-  0.0000,  0.9994+/-  0.0024,  0.6158+/-  0.0000)
 
 Freq. =   0.1768+/-  0.0002 kT, m* =   0.3093+/-  0.0006 m_e, Curv. =  -5.2005E+01+/-  8.1840E-02 kT A^2, orbit (1=e,-1=h):  1.0+/- 0.0
 Orbit copies found:   210, RUC avg coords: (  1.0000+/-  0.0001,  0.9998+/-  0.0009,  0.9993+/-  0.0043)
 
 Freq. =   0.4924+/-  0.0000 kT, m* =   0.4371+/-  0.0017 m_e, Curv. =   5.1667E+00+/-  6.6248E-02 kT A^2, orbit (1=e,-1=h):  1.0+/- 0.0
 Orbit copies found:   210, RUC avg coords: (  0.7752+/-  0.0002,  1.0003+/-  0.0007,  0.9993+/-  0.0043)
 
 Freq. =   0.4924+/-  0.0000 kT, m* =   0.4369+/-  0.0013 m_e, Curv. =   5.1695E+00+/-  5.6947E-02 kT A^2, orbit (1=e,-1=h):  1.0+/- 0.0
 Orbit copies found:   210, RUC avg coords: (  0.2248+/-  0.0002,  0.9995+/-  0.0007,  0.9993+/-  0.0043)
 
 Freq. =   0.4973+/-  0.0000 kT, m* =   0.4426+/-  0.0020 m_e, Curv. =  -8.8946E+00+/-  1.2100E+00 kT A^2, orbit (1=e,-1=h):  1.0+/- 0.0
 Orbit copies found:   210, RUC avg coords: (  0.2286+/-  0.0010, -0.0002+/-  0.0009,  0.9077+/-  0.0050)
 
 Freq. =   0.4973+/-  0.0000 kT, m* =   0.4426+/-  0.0015 m_e, Curv. =  -8.8853E+00+/-  1.1971E+00 kT A^2, orbit (1=e,-1=h):  1.0+/- 0.0
 Orbit copies found:   210, RUC avg coords: (  0.7714+/-  0.0010,  0.0001+/-  0.0010,  0.0923+/-  0.0050)
 
 Freq. =   0.4973+/-  0.0000 kT, m* =   0.4432+/-  0.0018 m_e, Curv. =  -8.7992E+00+/-  1.2008E+00 kT A^2, orbit (1=e,-1=h):  1.0+/- 0.0
 Orbit copies found:   210, RUC avg coords: (  0.7727+/-  0.0010,  0.0002+/-  0.0009,  0.9079+/-  0.0050)
 
 Freq. =   0.4973+/-  0.0000 kT, m* =   0.4431+/-  0.0020 m_e, Curv. =  -8.8105E+00+/-  1.1911E+00 kT A^2, orbit (1=e,-1=h):  1.0+/- 0.0
 Orbit copies found:   210, RUC avg coords: (  0.2272+/-  0.0009, -0.0004+/-  0.0008,  0.0921+/-  0.0050)
 
 Comparing the volumes enclosed by electron and hole orbits (at this angle), this band is estimated to be 100.0% electron-like and   0.0% hole-like.
 
 Array bounds (read/defined): Max numslfs(slice) =    112 /   4800, numchunks =   5782 /  19200, numnd =   1893 /  19200
 
 
 Comparing the volumes enclosed by electron and hole orbits (angle-averaged), this band is estimated to be  99.8% electron-like and   0.2% hole-like.
 
 The interpolation and orbit detection for the first angle took  0hr: 1min:22.171s
 
 The FS matching/extremum finding for the first angle took  0hr: 0min: 0.721s
 
 Calculations for one angle took  0hr: 1min:22.892s
 
 Whole program run took **hr:27min:40.392s
 
 Program finished on  8/ 5/2023 at  0:10:58.317
