 Short results file generated by S.K.E.A.F. v1.3.0 r149
 
 XCrysDen FS filename: band9_cb.bxsf                                     
 Fermi energy:     0.000146 Ryd 
 Original     nx =   71  ny =   71  nz =   71   numkpoints =      357911
 New      numint =  150                       numkpoints =   212776173
 H-vector direction: r   Number of auto rotated angles =    45
 Theta =   0.000000 to   0.000000 degrees;  Phi =   0.000000 to  90.000000 degrees 
 Minimum extremal FS freq.:   0.0000 kT 
 Maximum fractional diff. between orbit freqs. for averaging:   0.010
 Maximum distance (fraction of RUC side length) between orbit avg. coords. for averaging:   0.050
 Extremal orbits near super-cell walls are REJECTED from the output.
 
 Started finding DOS on  7/ 5/2023 at 15: 5:44.642
 
 Reciprocal Unit Cell volume =     1.076843 Angstroms^-3 (  214921799 k-points)   Vol of 1 k-point =  0.000000005010 Angstroms^-3
 Band electron (occupied) volume =     0.041551 Angstroms^-3 (    8292930 k-points), Roughly estimated number of electrons in this band** =   0.077172
 Band hole (unoccupied) volume =     1.035292 Angstroms^-3 (  206628869 k-points), Roughly estimated number of holes in this band** =   1.922828
 (E_F - E_bandminimum)/E_bandwidth =   0.085074
 **Either the estimated number of electrons (for an electron-like band) or holes (for a hole-like band) calculated above should be used. 
 
 Contribution of this band to the DOS(E_F) =    6.391 Angstroms^-3 Rydbergs^-1 per spin direction
 (i.e. # of states per volume per energy per spin direction, at the Fermi energy)
 
 DOS calculation took  0hr: 2min:18.224s
 
 Started main FS algorithm on  7/ 5/2023 at 15: 8: 2.868
 
 ------------------------------ 
 ANGLE     1 of    45; theta =   0.000000, phi =   0.000000 degrees
 
 Predicted dHvA frequencies: 
 
 Freq. =   0.0089+/-  0.0000 kT, m* =   0.0977+/-  0.0032 m_e, Curv. =  -6.1668E+00+/-  2.7771E-01 kT A^2, orbit (1=e,-1=h):  1.0+/- 0.0
 Orbit copies found:   189, RUC avg coords: (  0.0000+/-  0.0000,  0.4998+/-  0.0016,  0.4098+/-  0.0042)
 
 Freq. =   0.0089+/-  0.0000 kT, m* =   0.0963+/-  0.0032 m_e, Curv. =  -6.0499E+00+/-  2.8641E-01 kT A^2, orbit (1=e,-1=h):  1.0+/- 0.0
 Orbit copies found:   210, RUC avg coords: (  1.0000+/-  0.0000,  0.4998+/-  0.0016,  0.5882+/-  0.0043)
 
 Freq. =   0.1093+/-  0.0000 kT, m* =   0.2074+/-  0.0009 m_e, Curv. =   5.6020E+01+/-  5.4179E-01 kT A^2, orbit (1=e,-1=h):  1.0+/- 0.0
 Orbit copies found:     6, RUC avg coords: (  0.0858+/-  0.0000,  1.0000+/-  0.0024,  0.6158+/-  0.0000)
 
 Freq. =   0.1093+/-  0.0000 kT, m* =   0.2080+/-  0.0015 m_e, Curv. =   5.6067E+01+/-  2.2866E-01 kT A^2, orbit (1=e,-1=h):  1.0+/- 0.0
 Orbit copies found:     6, RUC avg coords: (  0.9143+/-  0.0001,  0.9995+/-  0.0024,  0.3842+/-  0.0000)
 
 Freq. =   0.1094+/-  0.0000 kT, m* =   0.2077+/-  0.0009 m_e, Curv. =   5.5542E+01+/-  5.5430E-01 kT A^2, orbit (1=e,-1=h):  1.0+/- 0.0
 Orbit copies found:     6, RUC avg coords: (  0.0858+/-  0.0001,  1.0000+/-  0.0024,  0.3842+/-  0.0000)
 
 Freq. =   0.1094+/-  0.0000 kT, m* =   0.2085+/-  0.0012 m_e, Curv. =   5.5638E+01+/-  2.2649E-01 kT A^2, orbit (1=e,-1=h):  1.0+/- 0.0
 Orbit copies found:     6, RUC avg coords: (  0.9143+/-  0.0000,  0.9994+/-  0.0024,  0.6158+/-  0.0000)
 
 Freq. =   0.1767+/-  0.0002 kT, m* =   0.3093+/-  0.0006 m_e, Curv. =  -5.2004E+01+/-  8.1406E-02 kT A^2, orbit (1=e,-1=h):  1.0+/- 0.0
 Orbit copies found:   210, RUC avg coords: (  1.0000+/-  0.0001,  0.9998+/-  0.0009,  0.9993+/-  0.0043)
 
 Freq. =   0.4923+/-  0.0000 kT, m* =   0.4370+/-  0.0017 m_e, Curv. =   5.1662E+00+/-  6.6264E-02 kT A^2, orbit (1=e,-1=h):  1.0+/- 0.0
 Orbit copies found:   210, RUC avg coords: (  0.7752+/-  0.0002,  1.0003+/-  0.0007,  0.9993+/-  0.0043)
 
 Freq. =   0.4923+/-  0.0000 kT, m* =   0.4369+/-  0.0013 m_e, Curv. =   5.1690E+00+/-  5.6951E-02 kT A^2, orbit (1=e,-1=h):  1.0+/- 0.0
 Orbit copies found:   210, RUC avg coords: (  0.2248+/-  0.0002,  0.9995+/-  0.0007,  0.9993+/-  0.0043)
 
 Freq. =   0.4972+/-  0.0000 kT, m* =   0.4426+/-  0.0020 m_e, Curv. =  -8.8949E+00+/-  1.2097E+00 kT A^2, orbit (1=e,-1=h):  1.0+/- 0.0
 Orbit copies found:   210, RUC avg coords: (  0.2286+/-  0.0009, -0.0002+/-  0.0009,  0.9077+/-  0.0050)
 
 Freq. =   0.4972+/-  0.0000 kT, m* =   0.4425+/-  0.0015 m_e, Curv. =  -8.8856E+00+/-  1.1969E+00 kT A^2, orbit (1=e,-1=h):  1.0+/- 0.0
 Orbit copies found:   210, RUC avg coords: (  0.7714+/-  0.0010,  0.0001+/-  0.0010,  0.0923+/-  0.0050)
 
 Freq. =   0.4973+/-  0.0000 kT, m* =   0.4431+/-  0.0018 m_e, Curv. =  -8.7998E+00+/-  1.2008E+00 kT A^2, orbit (1=e,-1=h):  1.0+/- 0.0
 Orbit copies found:   210, RUC avg coords: (  0.7727+/-  0.0010,  0.0002+/-  0.0009,  0.9079+/-  0.0050)
 
 Freq. =   0.4973+/-  0.0000 kT, m* =   0.4431+/-  0.0020 m_e, Curv. =  -8.8112E+00+/-  1.1912E+00 kT A^2, orbit (1=e,-1=h):  1.0+/- 0.0
 Orbit copies found:   210, RUC avg coords: (  0.2273+/-  0.0010, -0.0004+/-  0.0008,  0.0921+/-  0.0050)
 
 
 ------------------------------ 
 ANGLE     2 of    45; theta =   0.000000, phi =   2.045455 degrees
 
 Predicted dHvA frequencies: 
 
 Freq. =   0.0090+/-  0.0001 kT, m* =   0.0936+/-  0.0092 m_e, Curv. =  -5.8199E+00+/-  6.2916E-01 kT A^2, orbit (1=e,-1=h):  1.0+/- 0.0
 Orbit copies found:   259, RUC avg coords: ( -0.0000+/-  0.0006,  0.4999+/-  0.0023,  0.5885+/-  0.0049)
 
 Freq. =   0.0090+/-  0.0001 kT, m* =   0.0924+/-  0.0083 m_e, Curv. =  -5.7316E+00+/-  5.9541E-01 kT A^2, orbit (1=e,-1=h):  1.0+/- 0.0
 Orbit copies found:   245, RUC avg coords: (  0.0001+/-  0.0005,  0.4999+/-  0.0022,  0.4113+/-  0.0048)
 
 Freq. =   0.1004+/-  0.0001 kT, m* =   0.2049+/-  0.0014 m_e, Curv. =   6.1827E+01+/-  3.8315E+00 kT A^2, orbit (1=e,-1=h):  1.0+/- 0.0
 Orbit copies found:    20, RUC avg coords: (  0.9182+/-  0.0005,  0.9993+/-  0.0009,  0.3913+/-  0.0002)
 
 Freq. =   0.1005+/-  0.0000 kT, m* =   0.2048+/-  0.0019 m_e, Curv. =   5.8645E+01+/-  1.8156E+00 kT A^2, orbit (1=e,-1=h):  1.0+/- 0.0
 Orbit copies found:     9, RUC avg coords: (  0.0826+/-  0.0003,  1.0002+/-  0.0010,  0.6089+/-  0.0001)
 
 Freq. =   0.1767+/-  0.0003 kT, m* =   0.3091+/-  0.0006 m_e, Curv. =  -5.1989E+01+/-  9.5939E-02 kT A^2, orbit (1=e,-1=h):  1.0+/- 0.0
 Orbit copies found:   210, RUC avg coords: (  1.0000+/-  0.0008,  0.9999+/-  0.0009,  1.0000+/-  0.0047)
 
 Freq. =   0.4928+/-  0.0000 kT, m* =   0.4361+/-  0.0015 m_e, Curv. =   5.0868E+00+/-  1.1564E-01 kT A^2, orbit (1=e,-1=h):  1.0+/- 0.0
 Orbit copies found:   245, RUC avg coords: (  0.7745+/-  0.0009,  1.0003+/-  0.0007,  0.9918+/-  0.0048)
 
 Freq. =   0.4928+/-  0.0000 kT, m* =   0.4362+/-  0.0014 m_e, Curv. =   5.0831E+00+/-  1.0565E-01 kT A^2, orbit (1=e,-1=h):  1.0+/- 0.0
 Orbit copies found:   210, RUC avg coords: (  0.2255+/-  0.0010,  0.9995+/-  0.0007,  0.0078+/-  0.0048)
 
 Freq. =   0.4973+/-  0.0001 kT, m* =   0.4449+/-  0.0020 m_e, Curv. =  -8.4767E+00+/-  1.2005E+00 kT A^2, orbit (1=e,-1=h):  1.0+/- 0.0
 Orbit copies found:   245, RUC avg coords: (  0.7718+/-  0.0009,  0.0002+/-  0.0009,  0.9014+/-  0.0047)
 
 Freq. =   0.4973+/-  0.0001 kT, m* =   0.4450+/-  0.0020 m_e, Curv. =  -8.4876E+00+/-  1.2042E+00 kT A^2, orbit (1=e,-1=h):  1.0+/- 0.0
 Orbit copies found:   210, RUC avg coords: (  0.2282+/-  0.0009, -0.0003+/-  0.0008,  0.0988+/-  0.0047)
 
 Freq. =   0.4981+/-  0.0001 kT, m* =   0.4443+/-  0.0018 m_e, Curv. =  -9.2196E+00+/-  1.1090E+00 kT A^2, orbit (1=e,-1=h):  1.0+/- 0.0
 Orbit copies found:   210, RUC avg coords: (  0.2289+/-  0.0012, -0.0002+/-  0.0010,  0.9147+/-  0.0048)
 
 Freq. =   0.4981+/-  0.0001 kT, m* =   0.4443+/-  0.0017 m_e, Curv. =  -9.2629E+00+/-  1.1300E+00 kT A^2, orbit (1=e,-1=h):  1.0+/- 0.0
 Orbit copies found:   245, RUC avg coords: (  0.7710+/-  0.0013,  0.0000+/-  0.0010,  0.0855+/-  0.0048)
 
 
 ------------------------------ 
 ANGLE     3 of    45; theta =   0.000000, phi =   4.090909 degrees
 
 Predicted dHvA frequencies: 
 
 Freq. =   0.0090+/-  0.0001 kT, m* =   0.0933+/-  0.0078 m_e, Curv. =  -5.6957E+00+/-  7.3309E-01 kT A^2, orbit (1=e,-1=h):  1.0+/- 0.0
 Orbit copies found:   266, RUC avg coords: (  0.9999+/-  0.0007,  0.4998+/-  0.0021,  0.4127+/-  0.0046)
 
 Freq. =   0.0090+/-  0.0001 kT, m* =   0.0914+/-  0.0055 m_e, Curv. =  -5.9232E+00+/-  6.0671E-01 kT A^2, orbit (1=e,-1=h):  1.0+/- 0.0
 Orbit copies found:   273, RUC avg coords: ( -0.0000+/-  0.0005,  0.5000+/-  0.0022,  0.5890+/-  0.0047)
 
 Freq. =   0.0917+/-  0.0001 kT, m* =   0.2065+/-  0.0017 m_e, Curv. =   6.2721E+01+/-  4.1126E+00 kT A^2, orbit (1=e,-1=h):  1.0+/- 0.0
 Orbit copies found:    48, RUC avg coords: (  0.9247+/-  0.0003, -0.0004+/-  0.0012,  0.3983+/-  0.0004)
 
 Freq. =   0.0918+/-  0.0001 kT, m* =   0.2048+/-  0.0018 m_e, Curv. =   5.8734E+01+/-  2.8053E+00 kT A^2, orbit (1=e,-1=h):  1.0+/- 0.0
 Orbit copies found:    30, RUC avg coords: (  0.0756+/-  0.0003,  0.0005+/-  0.0011,  0.6021+/-  0.0003)
 
 Freq. =   0.1768+/-  0.0002 kT, m* =   0.3088+/-  0.0006 m_e, Curv. =  -5.1871E+01+/-  9.4669E-02 kT A^2, orbit (1=e,-1=h):  1.0+/- 0.0
 Orbit copies found:   231, RUC avg coords: (  0.0000+/-  0.0010,  0.9999+/-  0.0009,  0.0009+/-  0.0044)
 
 Freq. =   0.4939+/-  0.0000 kT, m* =   0.4357+/-  0.0016 m_e, Curv. =   4.9479E+00+/-  1.6760E-01 kT A^2, orbit (1=e,-1=h):  1.0+/- 0.0
 Orbit copies found:   252, RUC avg coords: (  0.7743+/-  0.0009,  1.0001+/-  0.0006,  0.9819+/-  0.0050)
 
 Freq. =   0.4939+/-  0.0000 kT, m* =   0.4359+/-  0.0012 m_e, Curv. =   4.9938E+00+/-  1.2346E-01 kT A^2, orbit (1=e,-1=h):  1.0+/- 0.0
 Orbit copies found:   210, RUC avg coords: (  0.2257+/-  0.0013, -0.0004+/-  0.0007,  0.0165+/-  0.0048)
 
 Freq. =   0.4983+/-  0.0001 kT, m* =   0.4472+/-  0.0021 m_e, Curv. =  -8.5865E+00+/-  1.4263E+00 kT A^2, orbit (1=e,-1=h):  1.0+/- 0.0
 Orbit copies found:   210, RUC avg coords: (  0.2279+/-  0.0012, -0.0001+/-  0.0006,  0.1057+/-  0.0051)
 
 Freq. =   0.4983+/-  0.0001 kT, m* =   0.4475+/-  0.0018 m_e, Curv. =  -8.8998E+00+/-  1.2824E+00 kT A^2, orbit (1=e,-1=h):  1.0+/- 0.0
 Orbit copies found:   245, RUC avg coords: (  0.7719+/-  0.0013,  0.0002+/-  0.0008,  0.8930+/-  0.0046)
 
 Freq. =   0.4998+/-  0.0001 kT, m* =   0.4458+/-  0.0018 m_e, Curv. =  -9.6643E+00+/-  1.1571E+00 kT A^2, orbit (1=e,-1=h):  1.0+/- 0.0
 Orbit copies found:   217, RUC avg coords: (  0.2291+/-  0.0013, -0.0002+/-  0.0011,  0.9216+/-  0.0048)
 
 Freq. =   0.4998+/-  0.0001 kT, m* =   0.4459+/-  0.0017 m_e, Curv. =  -9.9393E+00+/-  9.4281E-01 kT A^2, orbit (1=e,-1=h):  1.0+/- 0.0
 Orbit copies found:   245, RUC avg coords: (  0.7706+/-  0.0009, -0.0000+/-  0.0010,  0.0798+/-  0.0045)
 
 
 ------------------------------ 
 ANGLE     4 of    45; theta =   0.000000, phi =   6.136364 degrees
 
 Predicted dHvA frequencies: 
 
 Freq. =   0.0091+/-  0.0001 kT, m* =   0.0909+/-  0.0083 m_e, Curv. =  -5.8421E+00+/-  8.6847E-01 kT A^2, orbit (1=e,-1=h):  1.0+/- 0.0
 Orbit copies found:   273, RUC avg coords: (  0.9999+/-  0.0006,  0.5000+/-  0.0022,  0.5868+/-  0.0050)
 
 Freq. =   0.0091+/-  0.0001 kT, m* =   0.0922+/-  0.0108 m_e, Curv. =  -5.9532E+00+/-  9.8891E-01 kT A^2, orbit (1=e,-1=h):  1.0+/- 0.0
 Orbit copies found:   266, RUC avg coords: (  0.0001+/-  0.0006,  0.4999+/-  0.0024,  0.4127+/-  0.0051)
 
 Freq. =   0.0832+/-  0.0000 kT, m* =   0.2094+/-  0.0012 m_e, Curv. =   5.2292E+01+/-  5.2779E-01 kT A^2, orbit (1=e,-1=h):  1.0+/- 0.0
 Orbit copies found:     6, RUC avg coords: (  0.9317+/-  0.0003, -0.0005+/-  0.0008,  0.4051+/-  0.0001)
 
 Freq. =   0.0832+/-  0.0001 kT, m* =   0.2078+/-  0.0025 m_e, Curv. =   5.2576E+01+/-  2.3845E+00 kT A^2, orbit (1=e,-1=h):  1.0+/- 0.0
 Orbit copies found:    10, RUC avg coords: (  0.0681+/-  0.0003,  0.0006+/-  0.0008,  0.5950+/-  0.0003)
 
 Freq. =   0.1767+/-  0.0002 kT, m* =   0.3083+/-  0.0006 m_e, Curv. =  -5.1631E+01+/-  1.0317E-01 kT A^2, orbit (1=e,-1=h):  1.0+/- 0.0
 Orbit copies found:   231, RUC avg coords: (  1.0000+/-  0.0007,  0.9999+/-  0.0009,  0.9993+/-  0.0046)
 
 Freq. =   0.4959+/-  0.0000 kT, m* =   0.4358+/-  0.0012 m_e, Curv. =   5.1174E+00+/-  1.7400E-01 kT A^2, orbit (1=e,-1=h):  1.0+/- 0.0
 Orbit copies found:   245, RUC avg coords: (  0.7743+/-  0.0012,  1.0000+/-  0.0005,  0.9736+/-  0.0050)
 
 Freq. =   0.4959+/-  0.0000 kT, m* =   0.4357+/-  0.0014 m_e, Curv. =   5.0659E+00+/-  1.8280E-01 kT A^2, orbit (1=e,-1=h):  1.0+/- 0.0
 Orbit copies found:   224, RUC avg coords: (  0.2258+/-  0.0011, -0.0002+/-  0.0006,  0.0276+/-  0.0050)
 
 Freq. =   0.5003+/-  0.0001 kT, m* =   0.4512+/-  0.0025 m_e, Curv. =  -9.1789E+00+/-  1.6228E+00 kT A^2, orbit (1=e,-1=h):  1.0+/- 0.0
 Orbit copies found:   217, RUC avg coords: (  0.2274+/-  0.0012, -0.0001+/-  0.0006,  0.1134+/-  0.0049)
 
 Freq. =   0.5003+/-  0.0001 kT, m* =   0.4516+/-  0.0026 m_e, Curv. =  -9.5239E+00+/-  1.5925E+00 kT A^2, orbit (1=e,-1=h):  1.0+/- 0.0
 Orbit copies found:   252, RUC avg coords: (  0.7728+/-  0.0011,  0.0004+/-  0.0007,  0.8854+/-  0.0048)
 
 Freq. =   0.5023+/-  0.0001 kT, m* =   0.4480+/-  0.0017 m_e, Curv. =  -1.0426E+01+/-  1.1146E+00 kT A^2, orbit (1=e,-1=h):  1.0+/- 0.0
 Orbit copies found:   245, RUC avg coords: (  0.7709+/-  0.0009,  0.0001+/-  0.0010,  0.0732+/-  0.0049)
 
 Freq. =   0.5023+/-  0.0001 kT, m* =   0.4482+/-  0.0016 m_e, Curv. =  -1.0185E+01+/-  1.1897E+00 kT A^2, orbit (1=e,-1=h):  1.0+/- 0.0
 Orbit copies found:   217, RUC avg coords: (  0.2291+/-  0.0009, -0.0002+/-  0.0010,  0.9279+/-  0.0051)
 
 
 ------------------------------ 
 ANGLE     5 of    45; theta =   0.000000, phi =   8.181818 degrees
 
 Predicted dHvA frequencies: 
 
 Freq. =   0.0091+/-  0.0001 kT, m* =   0.0936+/-  0.0086 m_e, Curv. =  -5.9517E+00+/-  1.1967E+00 kT A^2, orbit (1=e,-1=h):  1.0+/- 0.0
 Orbit copies found:   266, RUC avg coords: (  0.9999+/-  0.0006,  0.5000+/-  0.0022,  0.5890+/-  0.0052)
 
 Freq. =   0.0091+/-  0.0001 kT, m* =   0.0935+/-  0.0087 m_e, Curv. =  -6.0686E+00+/-  1.0584E+00 kT A^2, orbit (1=e,-1=h):  1.0+/- 0.0
 Orbit copies found:   266, RUC avg coords: (  1.0000+/-  0.0007,  0.4999+/-  0.0023,  0.4108+/-  0.0055)
 
 Freq. =   0.1456+/-  0.0000 kT, m* =   0.2966+/-  0.0026 m_e, Curv. =   4.5983E+01+/-  2.0580E+00 kT A^2, orbit (1=e,-1=h):  1.0+/- 0.0
 Orbit copies found:    56, RUC avg coords: (  0.0916+/-  0.0006,  0.0001+/-  0.0007,  0.3730+/-  0.0003)
 
 Freq. =   0.1456+/-  0.0001 kT, m* =   0.2978+/-  0.0028 m_e, Curv. =   4.4516E+01+/-  2.9583E+00 kT A^2, orbit (1=e,-1=h):  1.0+/- 0.0
 Orbit copies found:    49, RUC avg coords: (  0.9084+/-  0.0006,  0.9996+/-  0.0007,  0.6269+/-  0.0003)
 
 Freq. =   0.1505+/-  0.0003 kT, m* =   0.3317+/-  0.0025 m_e, Curv. =  -3.8115E+02+/-  2.2572E+00 kT A^2, orbit (1=e,-1=h):  1.0+/- 0.0
 Orbit copies found:    49, RUC avg coords: (  0.9301+/-  0.0008,  0.9996+/-  0.0007,  0.6027+/-  0.0002)
 
 Freq. =   0.1506+/-  0.0002 kT, m* =   0.3328+/-  0.0024 m_e, Curv. =  -3.8223E+02+/-  1.5854E+00 kT A^2, orbit (1=e,-1=h):  1.0+/- 0.0
 Orbit copies found:    49, RUC avg coords: (  0.0702+/-  0.0007,  0.0002+/-  0.0007,  0.3971+/-  0.0002)
 
 Freq. =   0.1766+/-  0.0002 kT, m* =   0.3075+/-  0.0007 m_e, Curv. =  -5.1322E+01+/-  1.0423E-01 kT A^2, orbit (1=e,-1=h):  1.0+/- 0.0
 Orbit copies found:   252, RUC avg coords: ( -0.0001+/-  0.0008,  0.9998+/-  0.0009,  0.9998+/-  0.0047)
 
 Freq. =   0.4986+/-  0.0000 kT, m* =   0.4366+/-  0.0013 m_e, Curv. =   5.5299E+00+/-  2.3700E-01 kT A^2, orbit (1=e,-1=h):  1.0+/- 0.0
 Orbit copies found:   252, RUC avg coords: (  0.7743+/-  0.0012,  1.0000+/-  0.0005,  0.9663+/-  0.0048)
 
 Freq. =   0.4986+/-  0.0000 kT, m* =   0.4366+/-  0.0014 m_e, Curv. =   5.5198E+00+/-  2.5150E-01 kT A^2, orbit (1=e,-1=h):  1.0+/- 0.0
 Orbit copies found:   217, RUC avg coords: (  0.2258+/-  0.0012, -0.0002+/-  0.0006,  0.0338+/-  0.0049)
 
 Freq. =   0.5034+/-  0.0001 kT, m* =   0.4582+/-  0.0026 m_e, Curv. =  -1.0529E+01+/-  1.7285E+00 kT A^2, orbit (1=e,-1=h):  1.0+/- 0.0
 Orbit copies found:   224, RUC avg coords: (  0.2264+/-  0.0008, -0.0001+/-  0.0006,  0.1228+/-  0.0049)
 
 Freq. =   0.5034+/-  0.0001 kT, m* =   0.4579+/-  0.0025 m_e, Curv. =  -1.0287E+01+/-  1.6935E+00 kT A^2, orbit (1=e,-1=h):  1.0+/- 0.0
 Orbit copies found:   245, RUC avg coords: (  0.7736+/-  0.0009,  0.0004+/-  0.0006,  0.8780+/-  0.0050)
 
 Freq. =   0.5054+/-  0.0001 kT, m* =   0.4506+/-  0.0016 m_e, Curv. =  -1.0970E+01+/-  1.2398E+00 kT A^2, orbit (1=e,-1=h):  1.0+/- 0.0
 Orbit copies found:   252, RUC avg coords: (  0.7707+/-  0.0009,  0.0002+/-  0.0009,  0.0675+/-  0.0048)
 
 Freq. =   0.5054+/-  0.0001 kT, m* =   0.4506+/-  0.0014 m_e, Curv. =  -1.1079E+01+/-  1.2267E+00 kT A^2, orbit (1=e,-1=h):  1.0+/- 0.0
 Orbit copies found:   224, RUC avg coords: (  0.2293+/-  0.0009, -0.0002+/-  0.0009,  0.9322+/-  0.0048)
 
 
 ------------------------------ 
 ANGLE     6 of    45; theta =   0.000000, phi =  10.227273 degrees
 
 Predicted dHvA frequencies: 
 
 Freq. =   0.0092+/-  0.0001 kT, m* =   0.0932+/-  0.0077 m_e, Curv. =  -6.3327E+00+/-  1.2167E+00 kT A^2, orbit (1=e,-1=h):  1.0+/- 0.0
 Orbit copies found:   266, RUC avg coords: ( -0.0001+/-  0.0005,  0.5000+/-  0.0022,  0.5900+/-  0.0055)
 
 Freq. =   0.0092+/-  0.0001 kT, m* =   0.0919+/-  0.0088 m_e, Curv. =  -6.0079E+00+/-  1.1009E+00 kT A^2, orbit (1=e,-1=h):  1.0+/- 0.0
 Orbit copies found:   266, RUC avg coords: (  1.0001+/-  0.0006,  0.5000+/-  0.0022,  0.4114+/-  0.0053)
 
 Freq. =   0.1551+/-  0.0003 kT, m* =   0.2552+/-  0.0181 m_e, Curv. =   8.7313E+01+/-  4.9412E+01 kT A^2, orbit (1=e,-1=h):  1.0+/- 0.0
 Orbit copies found:    97, RUC avg coords: (  0.1016+/-  0.0043, -0.0001+/-  0.0011,  0.3558+/-  0.0080)
 
 Freq. =   0.1552+/-  0.0003 kT, m* =   0.2529+/-  0.0198 m_e, Curv. =   7.9073E+01+/-  5.1459E+01 kT A^2, orbit (1=e,-1=h):  1.0+/- 0.0
 Orbit copies found:   112, RUC avg coords: (  0.8978+/-  0.0043,  1.0000+/-  0.0010,  0.6455+/-  0.0084)
 
 Freq. =   0.1679+/-  0.0009 kT, m* =   0.3440+/-  0.0062 m_e, Curv. =  -4.0677E+02+/-  3.9305E+00 kT A^2, orbit (1=e,-1=h):  1.0+/- 0.0
 Orbit copies found:    35, RUC avg coords: (  0.0740+/-  0.0015,  0.0004+/-  0.0009,  0.3893+/-  0.0007)
 
 Freq. =   0.1693+/-  0.0024 kT, m* =   0.3612+/-  0.0269 m_e, Curv. =  -4.1300E+02+/-  1.1731E+01 kT A^2, orbit (1=e,-1=h):  1.0+/- 0.0
 Orbit copies found:    64, RUC avg coords: (  0.9267+/-  0.0015,  0.9999+/-  0.0008,  0.6111+/-  0.0010)
 
 Freq. =   0.1718+/-  0.0009 kT, m* =   0.3890+/-  0.0211 m_e, Curv. =  -4.2483E+02+/-  4.8212E+00 kT A^2, orbit (1=e,-1=h):  1.0+/- 0.0
 Orbit copies found:    27, RUC avg coords: (  0.0725+/-  0.0014,  0.0003+/-  0.0007,  0.3879+/-  0.0008)
 
 Freq. =   0.1765+/-  0.0002 kT, m* =   0.3065+/-  0.0006 m_e, Curv. =  -5.0896E+01+/-  1.2109E-01 kT A^2, orbit (1=e,-1=h):  1.0+/- 0.0
 Orbit copies found:   254, RUC avg coords: (  0.0001+/-  0.0009,  0.9999+/-  0.0009, -0.0004+/-  0.0045)
 
 Freq. =   0.5024+/-  0.0000 kT, m* =   0.4387+/-  0.0012 m_e, Curv. =   6.1592E+00+/-  3.6097E-01 kT A^2, orbit (1=e,-1=h):  1.0+/- 0.0
 Orbit copies found:   259, RUC avg coords: (  0.7743+/-  0.0012,  1.0001+/-  0.0005,  0.9602+/-  0.0046)
 
 Freq. =   0.5024+/-  0.0000 kT, m* =   0.4387+/-  0.0012 m_e, Curv. =   6.1340E+00+/-  3.8777E-01 kT A^2, orbit (1=e,-1=h):  1.0+/- 0.0
 Orbit copies found:   224, RUC avg coords: (  0.2259+/-  0.0011, -0.0003+/-  0.0006,  0.0395+/-  0.0052)
 
 Freq. =   0.5078+/-  0.0001 kT, m* =   0.4663+/-  0.0030 m_e, Curv. =  -1.1376E+01+/-  1.7855E+00 kT A^2, orbit (1=e,-1=h):  1.0+/- 0.0
 Orbit copies found:   252, RUC avg coords: (  0.7749+/-  0.0011,  0.0003+/-  0.0006,  0.8703+/-  0.0052)
 
 Freq. =   0.5078+/-  0.0001 kT, m* =   0.4663+/-  0.0030 m_e, Curv. =  -1.1444E+01+/-  2.0004E+00 kT A^2, orbit (1=e,-1=h):  1.0+/- 0.0
 Orbit copies found:   224, RUC avg coords: (  0.2251+/-  0.0012, -0.0003+/-  0.0006,  0.1301+/-  0.0049)
 
 Freq. =   0.5093+/-  0.0001 kT, m* =   0.4530+/-  0.0015 m_e, Curv. =  -1.1097E+01+/-  1.2717E+00 kT A^2, orbit (1=e,-1=h):  1.0+/- 0.0
 Orbit copies found:   252, RUC avg coords: (  0.7707+/-  0.0011,  0.0003+/-  0.0008,  0.0604+/-  0.0047)
 
 Freq. =   0.5093+/-  0.0001 kT, m* =   0.4527+/-  0.0013 m_e, Curv. =  -1.1149E+01+/-  1.3069E+00 kT A^2, orbit (1=e,-1=h):  1.0+/- 0.0
 Orbit copies found:   217, RUC avg coords: (  0.2299+/-  0.0012, -0.0002+/-  0.0007,  0.9397+/-  0.0051)
 
 
 ------------------------------ 
 ANGLE     7 of    45; theta =   0.000000, phi =  12.272727 degrees
 
 Predicted dHvA frequencies: 
 
 Freq. =   0.0093+/-  0.0001 kT, m* =   0.0943+/-  0.0089 m_e, Curv. =  -6.2953E+00+/-  1.2699E+00 kT A^2, orbit (1=e,-1=h):  1.0+/- 0.0
 Orbit copies found:   273, RUC avg coords: (  0.0000+/-  0.0006,  0.5000+/-  0.0022,  0.4106+/-  0.0055)
 
 Freq. =   0.0093+/-  0.0001 kT, m* =   0.0916+/-  0.0078 m_e, Curv. =  -6.5454E+00+/-  1.1500E+00 kT A^2, orbit (1=e,-1=h):  1.0+/- 0.0
 Orbit copies found:   273, RUC avg coords: ( -0.0000+/-  0.0006,  0.5000+/-  0.0022,  0.5884+/-  0.0054)
 
 Freq. =   0.1643+/-  0.0001 kT, m* =   0.2337+/-  0.0071 m_e, Curv. =   3.5729E+01+/-  5.9042E+01 kT A^2, orbit (1=e,-1=h):  1.0+/- 0.0
 Orbit copies found:   161, RUC avg coords: (  0.1123+/-  0.0029, -0.0005+/-  0.0008,  0.3321+/-  0.0063)
 
 Freq. =   0.1644+/-  0.0000 kT, m* =   0.2325+/-  0.0057 m_e, Curv. =   2.6445E+01+/-  4.7490E+01 kT A^2, orbit (1=e,-1=h):  1.0+/- 0.0
 Orbit copies found:   171, RUC avg coords: (  0.8871+/-  0.0026,  0.0003+/-  0.0008,  0.6689+/-  0.0057)
 
 Freq. =   0.1763+/-  0.0003 kT, m* =   0.3053+/-  0.0006 m_e, Curv. =  -5.0405E+01+/-  1.2321E-01 kT A^2, orbit (1=e,-1=h):  1.0+/- 0.0
 Orbit copies found:   245, RUC avg coords: (  0.9998+/-  0.0009,  0.9999+/-  0.0009,  0.9995+/-  0.0045)
 
 Freq. =   0.1878+/-  0.0007 kT, m* =   0.4164+/-  0.0229 m_e, Curv. =  -4.0932E+02+/-  1.1618E+00 kT A^2, orbit (1=e,-1=h):  1.0+/- 0.0
 Orbit copies found:    28, RUC avg coords: (  0.9229+/-  0.0014, -0.0001+/-  0.0006,  0.6219+/-  0.0008)
 
 Freq. =   0.1878+/-  0.0007 kT, m* =   0.4170+/-  0.0201 m_e, Curv. =  -4.0921E+02+/-  9.9979E-01 kT A^2, orbit (1=e,-1=h):  1.0+/- 0.0
 Orbit copies found:    29, RUC avg coords: (  0.0767+/-  0.0015,  0.0004+/-  0.0006,  0.3782+/-  0.0008)
 
 Freq. =   0.5072+/-  0.0000 kT, m* =   0.4421+/-  0.0012 m_e, Curv. =   6.8021E+00+/-  4.6134E-01 kT A^2, orbit (1=e,-1=h):  1.0+/- 0.0
 Orbit copies found:   252, RUC avg coords: (  0.7741+/-  0.0007,  0.0001+/-  0.0006,  0.9553+/-  0.0049)
 
 Freq. =   0.5072+/-  0.0000 kT, m* =   0.4423+/-  0.0012 m_e, Curv. =   6.7229E+00+/-  4.7663E-01 kT A^2, orbit (1=e,-1=h):  1.0+/- 0.0
 Orbit copies found:   231, RUC avg coords: (  0.2258+/-  0.0008, -0.0003+/-  0.0006,  0.0443+/-  0.0047)
 
 Freq. =   0.5136+/-  0.0001 kT, m* =   0.4765+/-  0.0035 m_e, Curv. =  -1.2808E+01+/-  2.1106E+00 kT A^2, orbit (1=e,-1=h):  1.0+/- 0.0
 Orbit copies found:   231, RUC avg coords: (  0.2236+/-  0.0011,  0.9996+/-  0.0006,  0.1369+/-  0.0052)
 
 Freq. =   0.5136+/-  0.0001 kT, m* =   0.4769+/-  0.0035 m_e, Curv. =  -1.3016E+01+/-  2.2112E+00 kT A^2, orbit (1=e,-1=h):  1.0+/- 0.0
 Orbit copies found:   245, RUC avg coords: (  0.7760+/-  0.0010,  0.0001+/-  0.0005,  0.8628+/-  0.0050)
 
 Freq. =   0.5139+/-  0.0001 kT, m* =   0.4549+/-  0.0014 m_e, Curv. =  -1.1199E+01+/-  1.2782E+00 kT A^2, orbit (1=e,-1=h):  1.0+/- 0.0
 Orbit copies found:   231, RUC avg coords: (  0.2297+/-  0.0009, -0.0002+/-  0.0006,  0.9476+/-  0.0049)
 
 Freq. =   0.5139+/-  0.0001 kT, m* =   0.4546+/-  0.0015 m_e, Curv. =  -1.1332E+01+/-  1.2280E+00 kT A^2, orbit (1=e,-1=h):  1.0+/- 0.0
 Orbit copies found:   238, RUC avg coords: (  0.7701+/-  0.0009,  0.0003+/-  0.0008,  0.0530+/-  0.0049)
 
 
 ------------------------------ 
 ANGLE     8 of    45; theta =   0.000000, phi =  14.318182 degrees
 
 Predicted dHvA frequencies: 
 
 Freq. =   0.0094+/-  0.0001 kT, m* =   0.0947+/-  0.0089 m_e, Curv. =  -6.5102E+00+/-  1.1813E+00 kT A^2, orbit (1=e,-1=h):  1.0+/- 0.0
 Orbit copies found:   273, RUC avg coords: (  0.0000+/-  0.0007,  0.4999+/-  0.0021,  0.5880+/-  0.0066)
 
 Freq. =   0.0094+/-  0.0001 kT, m* =   0.0928+/-  0.0083 m_e, Curv. =  -6.5087E+00+/-  1.4328E+00 kT A^2, orbit (1=e,-1=h):  1.0+/- 0.0
 Orbit copies found:   273, RUC avg coords: (  0.9999+/-  0.0006,  0.5000+/-  0.0022,  0.4130+/-  0.0048)
 
 Freq. =   0.1731+/-  0.0001 kT, m* =   0.2422+/-  0.0023 m_e, Curv. =   2.9008E+01+/-  3.9664E+00 kT A^2, orbit (1=e,-1=h):  1.0+/- 0.0
 Orbit copies found:   176, RUC avg coords: (  0.1169+/-  0.0017,  0.9995+/-  0.0007,  0.3201+/-  0.0041)
 
 Freq. =   0.1731+/-  0.0001 kT, m* =   0.2424+/-  0.0027 m_e, Curv. =   3.0779E+01+/-  4.6694E+00 kT A^2, orbit (1=e,-1=h):  1.0+/- 0.0
 Orbit copies found:   156, RUC avg coords: (  0.8830+/-  0.0022,  0.0005+/-  0.0010,  0.6801+/-  0.0050)
 
 Freq. =   0.1761+/-  0.0003 kT, m* =   0.3040+/-  0.0007 m_e, Curv. =  -4.9866E+01+/-  1.2182E-01 kT A^2, orbit (1=e,-1=h):  1.0+/- 0.0
 Orbit copies found:   252, RUC avg coords: (  1.0001+/-  0.0010,  0.9999+/-  0.0009,  0.9998+/-  0.0049)
 
 Freq. =   0.5133+/-  0.0000 kT, m* =   0.4473+/-  0.0011 m_e, Curv. =   7.3772E+00+/-  6.9350E-01 kT A^2, orbit (1=e,-1=h):  1.0+/- 0.0
 Orbit copies found:   238, RUC avg coords: (  0.2259+/-  0.0009, -0.0004+/-  0.0006,  0.0476+/-  0.0049)
 
 Freq. =   0.5133+/-  0.0000 kT, m* =   0.4472+/-  0.0011 m_e, Curv. =   7.4826E+00+/-  7.2942E-01 kT A^2, orbit (1=e,-1=h):  1.0+/- 0.0
 Orbit copies found:   238, RUC avg coords: (  0.7742+/-  0.0009,  0.0001+/-  0.0005,  0.9531+/-  0.0054)
 
 Freq. =   0.5194+/-  0.0001 kT, m* =   0.4562+/-  0.0014 m_e, Curv. =  -1.1360E+01+/-  1.3316E+00 kT A^2, orbit (1=e,-1=h):  1.0+/- 0.0
 Orbit copies found:   238, RUC avg coords: (  0.7701+/-  0.0007,  0.0003+/-  0.0006,  0.0447+/-  0.0051)
 
 Freq. =   0.5194+/-  0.0001 kT, m* =   0.4563+/-  0.0013 m_e, Curv. =  -1.1222E+01+/-  1.4130E+00 kT A^2, orbit (1=e,-1=h):  1.0+/- 0.0
 Orbit copies found:   224, RUC avg coords: (  0.2299+/-  0.0008, -0.0002+/-  0.0006,  0.9565+/-  0.0056)
 
 Freq. =   0.5210+/-  0.0001 kT, m* =   0.4891+/-  0.0042 m_e, Curv. =  -1.5312E+01+/-  2.7336E+00 kT A^2, orbit (1=e,-1=h):  1.0+/- 0.0
 Orbit copies found:   245, RUC avg coords: (  0.2218+/-  0.0010,  0.9995+/-  0.0007,  0.1445+/-  0.0056)
 
 Freq. =   0.5210+/-  0.0001 kT, m* =   0.4887+/-  0.0035 m_e, Curv. =  -1.4956E+01+/-  2.2382E+00 kT A^2, orbit (1=e,-1=h):  1.0+/- 0.0
 Orbit copies found:   238, RUC avg coords: (  0.7781+/-  0.0013,  1.0002+/-  0.0007,  0.8561+/-  0.0046)
 
 
 ------------------------------ 
 ANGLE     9 of    45; theta =   0.000000, phi =  16.363636 degrees
 
 Predicted dHvA frequencies: 
 
 Freq. =   0.0095+/-  0.0001 kT, m* =   0.0955+/-  0.0083 m_e, Curv. =  -6.3708E+00+/-  1.2726E+00 kT A^2, orbit (1=e,-1=h):  1.0+/- 0.0
 Orbit copies found:   258, RUC avg coords: (  0.0002+/-  0.0006,  0.4999+/-  0.0022,  0.4108+/-  0.0054)
 
 Freq. =   0.0095+/-  0.0001 kT, m* =   0.0937+/-  0.0083 m_e, Curv. =  -6.4058E+00+/-  1.4727E+00 kT A^2, orbit (1=e,-1=h):  1.0+/- 0.0
 Orbit copies found:   268, RUC avg coords: (  0.0001+/-  0.0004,  0.5000+/-  0.0023,  0.5871+/-  0.0050)
 
 Freq. =   0.1760+/-  0.0002 kT, m* =   0.3025+/-  0.0006 m_e, Curv. =  -4.9282E+01+/-  1.1252E-01 kT A^2, orbit (1=e,-1=h):  1.0+/- 0.0
 Orbit copies found:   259, RUC avg coords: (  0.9998+/-  0.0012,  0.9998+/-  0.0009, -0.0000+/-  0.0042)
 
 Freq. =   0.5208+/-  0.0000 kT, m* =   0.4537+/-  0.0011 m_e, Curv. =   8.0188E+00+/-  7.8863E-01 kT A^2, orbit (1=e,-1=h):  1.0+/- 0.0
 Orbit copies found:   238, RUC avg coords: (  0.7742+/-  0.0010,  1.0001+/-  0.0005,  0.9520+/-  0.0052)
 
 Freq. =   0.5208+/-  0.0000 kT, m* =   0.4537+/-  0.0012 m_e, Curv. =   7.8621E+00+/-  7.5733E-01 kT A^2, orbit (1=e,-1=h):  1.0+/- 0.0
 Orbit copies found:   245, RUC avg coords: (  0.2260+/-  0.0011, -0.0004+/-  0.0006,  0.0490+/-  0.0050)
 
 Freq. =   0.5258+/-  0.0001 kT, m* =   0.4573+/-  0.0011 m_e, Curv. =  -1.1182E+01+/-  1.4724E+00 kT A^2, orbit (1=e,-1=h):  1.0+/- 0.0
 Orbit copies found:   238, RUC avg coords: (  0.7696+/-  0.0011,  0.0003+/-  0.0005,  0.0346+/-  0.0052)
 
 Freq. =   0.5258+/-  0.0001 kT, m* =   0.4577+/-  0.0012 m_e, Curv. =  -1.1222E+01+/-  1.3099E+00 kT A^2, orbit (1=e,-1=h):  1.0+/- 0.0
 Orbit copies found:   238, RUC avg coords: (  0.2302+/-  0.0010, -0.0003+/-  0.0006,  0.9654+/-  0.0050)
 
 Freq. =   0.5300+/-  0.0001 kT, m* =   0.5027+/-  0.0046 m_e, Curv. =  -1.7705E+01+/-  2.6615E+00 kT A^2, orbit (1=e,-1=h):  1.0+/- 0.0
 Orbit copies found:   231, RUC avg coords: (  0.7803+/-  0.0014,  1.0005+/-  0.0008,  0.8491+/-  0.0053)
 
 Freq. =   0.5300+/-  0.0001 kT, m* =   0.5028+/-  0.0047 m_e, Curv. =  -1.7989E+01+/-  3.0157E+00 kT A^2, orbit (1=e,-1=h):  1.0+/- 0.0
 Orbit copies found:   238, RUC avg coords: (  0.2197+/-  0.0011,  0.9997+/-  0.0008,  0.1509+/-  0.0053)
 
 
 ------------------------------ 
 ANGLE    10 of    45; theta =   0.000000, phi =  18.409091 degrees
 
 Predicted dHvA frequencies: 
 
 Freq. =   0.0096+/-  0.0001 kT, m* =   0.0955+/-  0.0085 m_e, Curv. =  -6.6317E+00+/-  1.1569E+00 kT A^2, orbit (1=e,-1=h):  1.0+/- 0.0
 Orbit copies found:   227, RUC avg coords: (  0.0000+/-  0.0004,  0.4999+/-  0.0023,  0.4115+/-  0.0052)
 
 Freq. =   0.0096+/-  0.0000 kT, m* =   0.0945+/-  0.0075 m_e, Curv. =  -6.8853E+00+/-  1.2805E+00 kT A^2, orbit (1=e,-1=h):  1.0+/- 0.0
 Orbit copies found:   244, RUC avg coords: ( -0.0000+/-  0.0005,  0.5000+/-  0.0022,  0.5882+/-  0.0051)
 
 Freq. =   0.1757+/-  0.0002 kT, m* =   0.3009+/-  0.0007 m_e, Curv. =  -4.8675E+01+/-  1.0573E-01 kT A^2, orbit (1=e,-1=h):  1.0+/- 0.0
 Orbit copies found:   259, RUC avg coords: ( -0.0000+/-  0.0012,  0.9999+/-  0.0010,  1.0002+/-  0.0046)
 
 Freq. =   0.5299+/-  0.0000 kT, m* =   0.4618+/-  0.0011 m_e, Curv. =   8.2422E+00+/-  1.1010E+00 kT A^2, orbit (1=e,-1=h):  1.0+/- 0.0
 Orbit copies found:   238, RUC avg coords: (  0.2258+/-  0.0010, -0.0003+/-  0.0006,  0.0482+/-  0.0054)
 
 Freq. =   0.5299+/-  0.0001 kT, m* =   0.4617+/-  0.0012 m_e, Curv. =   8.1676E+00+/-  1.0549E+00 kT A^2, orbit (1=e,-1=h):  1.0+/- 0.0
 Orbit copies found:   238, RUC avg coords: (  0.7740+/-  0.0012,  0.0001+/-  0.0005,  0.9520+/-  0.0059)
 
 Freq. =   0.5333+/-  0.0001 kT, m* =   0.4596+/-  0.0012 m_e, Curv. =  -1.0517E+01+/-  1.6384E+00 kT A^2, orbit (1=e,-1=h):  1.0+/- 0.0
 Orbit copies found:   238, RUC avg coords: (  0.7697+/-  0.0011,  0.0001+/-  0.0005,  0.0235+/-  0.0054)
 
 Freq. =   0.5333+/-  0.0001 kT, m* =   0.4595+/-  0.0012 m_e, Curv. =  -1.0609E+01+/-  1.5316E+00 kT A^2, orbit (1=e,-1=h):  1.0+/- 0.0
 Orbit copies found:   238, RUC avg coords: (  0.2304+/-  0.0010, -0.0003+/-  0.0006,  0.9759+/-  0.0054)
 
 Freq. =   0.5410+/-  0.0001 kT, m* =   0.5206+/-  0.0061 m_e, Curv. =  -2.0070E+01+/-  3.2214E+00 kT A^2, orbit (1=e,-1=h):  1.0+/- 0.0
 Orbit copies found:   238, RUC avg coords: (  0.7828+/-  0.0014,  1.0004+/-  0.0009,  0.8417+/-  0.0060)
 
 Freq. =   0.5410+/-  0.0001 kT, m* =   0.5217+/-  0.0059 m_e, Curv. =  -2.0517E+01+/-  3.2202E+00 kT A^2, orbit (1=e,-1=h):  1.0+/- 0.0
 Orbit copies found:   231, RUC avg coords: (  0.2169+/-  0.0013, -0.0003+/-  0.0009,  0.1594+/-  0.0057)
 
 
 ------------------------------ 
 ANGLE    11 of    45; theta =   0.000000, phi =  20.454545 degrees
 
 Predicted dHvA frequencies: 
 
 Freq. =   0.0097+/-  0.0000 kT, m* =   0.0975+/-  0.0087 m_e, Curv. =  -7.0745E+00+/-  1.2476E+00 kT A^2, orbit (1=e,-1=h):  1.0+/- 0.0
 Orbit copies found:   244, RUC avg coords: (  0.9999+/-  0.0006,  0.5000+/-  0.0023,  0.4117+/-  0.0078)
 
 Freq. =   0.0098+/-  0.0000 kT, m* =   0.0985+/-  0.0089 m_e, Curv. =  -7.3090E+00+/-  1.1601E+00 kT A^2, orbit (1=e,-1=h):  1.0+/- 0.0
 Orbit copies found:   267, RUC avg coords: (  1.0001+/-  0.0005,  0.5000+/-  0.0023,  0.5919+/-  0.0063)
 
 Freq. =   0.1757+/-  0.0001 kT, m* =   0.2992+/-  0.0007 m_e, Curv. =  -4.8050E+01+/-  9.3358E-02 kT A^2, orbit (1=e,-1=h):  1.0+/- 0.0
 Orbit copies found:   259, RUC avg coords: (  0.9999+/-  0.0010,  0.9998+/-  0.0009,  0.9990+/-  0.0016)
 
 Freq. =   0.5408+/-  0.0000 kT, m* =   0.4728+/-  0.0010 m_e, Curv. =   9.2401E+00+/-  5.9606E-01 kT A^2, orbit (1=e,-1=h):  1.0+/- 0.0
 Orbit copies found:    31, RUC avg coords: (  0.2256+/-  0.0009, -0.0004+/-  0.0006,  0.0544+/-  0.0012)
 
 Freq. =   0.5409+/-  0.0005 kT, m* =   0.4697+/-  0.0018 m_e, Curv. =   4.6809E+00+/-  4.3128E+00 kT A^2, orbit (1=e,-1=h):  1.0+/- 0.0
 Orbit copies found:   274, RUC avg coords: (  0.7729+/-  0.0011,  1.0000+/-  0.0005,  0.9653+/-  0.0133)
 
 Freq. =   0.5415+/-  0.0007 kT, m* =   0.4669+/-  0.0031 m_e, Curv. =  -1.6118E+00+/-  7.3667E+00 kT A^2, orbit (1=e,-1=h):  1.0+/- 0.0
 Orbit copies found:   417, RUC avg coords: (  0.2287+/-  0.0019, -0.0002+/-  0.0006,  1.0133+/-  0.0235)
 
 Freq. =   0.5422+/-  0.0000 kT, m* =   0.4630+/-  0.0010 m_e, Curv. =  -1.0658E+01+/-  9.2874E-01 kT A^2, orbit (1=e,-1=h):  1.0+/- 0.0
 Orbit copies found:   202, RUC avg coords: (  0.7692+/-  0.0007,  1.0000+/-  0.0005,  0.0161+/-  0.0015)
 
 Freq. =   0.5545+/-  0.0001 kT, m* =   0.5511+/-  0.0072 m_e, Curv. =  -2.9680E+01+/-  5.0115E+00 kT A^2, orbit (1=e,-1=h):  1.0+/- 0.0
 Orbit copies found:   238, RUC avg coords: (  0.7870+/-  0.0014,  1.0006+/-  0.0009,  0.8271+/-  0.0064)
 
 Freq. =   0.5546+/-  0.0001 kT, m* =   0.5509+/-  0.0029 m_e, Curv. =  -2.9487E+01+/-  1.7484E+00 kT A^2, orbit (1=e,-1=h):  1.0+/- 0.0
 Orbit copies found:   231, RUC avg coords: (  0.2125+/-  0.0009,  0.9998+/-  0.0010,  0.1735+/-  0.0017)
 
 
 ------------------------------ 
 ANGLE    12 of    45; theta =   0.000000, phi =  22.500000 degrees
 
 Predicted dHvA frequencies: 
 
 Freq. =   0.0100+/-  0.0001 kT, m* =   0.0980+/-  0.0081 m_e, Curv. =  -7.0468E+00+/-  9.4998E-01 kT A^2, orbit (1=e,-1=h):  1.0+/- 0.0
 Orbit copies found:   252, RUC avg coords: (  0.0001+/-  0.0005,  0.4999+/-  0.0022,  0.4116+/-  0.0051)
 
 Freq. =   0.0100+/-  0.0001 kT, m* =   0.0994+/-  0.0083 m_e, Curv. =  -7.3421E+00+/-  1.0721E+00 kT A^2, orbit (1=e,-1=h):  1.0+/- 0.0
 Orbit copies found:   254, RUC avg coords: (  0.0001+/-  0.0006,  0.4999+/-  0.0022,  0.5885+/-  0.0051)
 
 Freq. =   0.1752+/-  0.0002 kT, m* =   0.2976+/-  0.0007 m_e, Curv. =  -4.7533E+01+/-  9.9703E-02 kT A^2, orbit (1=e,-1=h):  1.0+/- 0.0
 Orbit copies found:   238, RUC avg coords: (  0.0000+/-  0.0014,  0.9999+/-  0.0010,  0.0002+/-  0.0041)
 
 Freq. =   0.5533+/-  0.0000 kT, m* =   0.4771+/-  0.0027 m_e, Curv. =  -2.4030E-01+/-  4.2967E+00 kT A^2, orbit (1=e,-1=h):  1.0+/- 0.0
 Orbit copies found:    92, RUC avg coords: (  0.7713+/-  0.0015,  1.0001+/-  0.0006,  0.9759+/-  0.0108)
 
 Freq. =   0.5534+/-  0.0000 kT, m* =   0.4775+/-  0.0028 m_e, Curv. =   2.6968E-01+/-  4.3794E+00 kT A^2, orbit (1=e,-1=h):  1.0+/- 0.0
 Orbit copies found:    70, RUC avg coords: (  0.2287+/-  0.0015,  0.9996+/-  0.0006,  0.0254+/-  0.0109)
 
 Freq. =   0.5712+/-  0.0001 kT, m* =   0.5762+/-  0.0105 m_e, Curv. =  -2.8542E+01+/-  4.3556E+00 kT A^2, orbit (1=e,-1=h):  1.0+/- 0.0
 Orbit copies found:   245, RUC avg coords: (  0.2093+/-  0.0016,  0.9996+/-  0.0009,  0.1788+/-  0.0068)
 
 Freq. =   0.5712+/-  0.0001 kT, m* =   0.5750+/-  0.0100 m_e, Curv. =  -2.8070E+01+/-  4.1689E+00 kT A^2, orbit (1=e,-1=h):  1.0+/- 0.0
 Orbit copies found:   238, RUC avg coords: (  0.7906+/-  0.0017,  1.0004+/-  0.0009,  0.8219+/-  0.0065)
 
 
 ------------------------------ 
 ANGLE    13 of    45; theta =   0.000000, phi =  24.545455 degrees
 
 Predicted dHvA frequencies: 
 
 Freq. =   0.0101+/-  0.0001 kT, m* =   0.1015+/-  0.0090 m_e, Curv. =  -7.5404E+00+/-  1.2747E+00 kT A^2, orbit (1=e,-1=h):  1.0+/- 0.0
 Orbit copies found:   225, RUC avg coords: (  0.0001+/-  0.0005,  0.4999+/-  0.0023,  0.4114+/-  0.0057)
 
 Freq. =   0.0101+/-  0.0001 kT, m* =   0.1018+/-  0.0090 m_e, Curv. =  -7.6647E+00+/-  1.2655E+00 kT A^2, orbit (1=e,-1=h):  1.0+/- 0.0
 Orbit copies found:   211, RUC avg coords: ( -0.0000+/-  0.0005,  0.4999+/-  0.0021,  0.5880+/-  0.0053)
 
 Freq. =   0.1750+/-  0.0002 kT, m* =   0.2960+/-  0.0007 m_e, Curv. =  -4.7007E+01+/-  1.0563E-01 kT A^2, orbit (1=e,-1=h):  1.0+/- 0.0
 Orbit copies found:   238, RUC avg coords: (  0.0001+/-  0.0012,  1.0000+/-  0.0010,  0.0006+/-  0.0043)
 
 
 ------------------------------ 
 ANGLE    14 of    45; theta =   0.000000, phi =  26.590909 degrees
 
 Predicted dHvA frequencies: 
 
 Freq. =   0.0104+/-  0.0001 kT, m* =   0.1039+/-  0.0100 m_e, Curv. =  -8.4894E+00+/-  1.8323E+00 kT A^2, orbit (1=e,-1=h):  1.0+/- 0.0
 Orbit copies found:   198, RUC avg coords: (  1.0000+/-  0.0005,  0.5000+/-  0.0022,  0.5885+/-  0.0064)
 
 Freq. =   0.0104+/-  0.0001 kT, m* =   0.1029+/-  0.0097 m_e, Curv. =  -8.1357E+00+/-  1.6482E+00 kT A^2, orbit (1=e,-1=h):  1.0+/- 0.0
 Orbit copies found:   190, RUC avg coords: (  1.0000+/-  0.0005,  0.5000+/-  0.0022,  0.4117+/-  0.0054)
 
 Freq. =   0.1748+/-  0.0002 kT, m* =   0.2944+/-  0.0006 m_e, Curv. =  -4.6528E+01+/-  1.0135E-01 kT A^2, orbit (1=e,-1=h):  1.0+/- 0.0
 Orbit copies found:   245, RUC avg coords: (  1.0000+/-  0.0011,  1.0000+/-  0.0010,  1.0003+/-  0.0044)
 
 
 ------------------------------ 
 ANGLE    15 of    45; theta =   0.000000, phi =  28.636364 degrees
 
 Predicted dHvA frequencies: 
 
 Freq. =   0.0106+/-  0.0001 kT, m* =   0.1056+/-  0.0092 m_e, Curv. =  -8.8042E+00+/-  2.4606E+00 kT A^2, orbit (1=e,-1=h):  1.0+/- 0.0
 Orbit copies found:   163, RUC avg coords: (  1.0000+/-  0.0005,  0.4999+/-  0.0024,  0.4123+/-  0.0058)
 
 Freq. =   0.0106+/-  0.0001 kT, m* =   0.1057+/-  0.0102 m_e, Curv. =  -9.0145E+00+/-  2.4603E+00 kT A^2, orbit (1=e,-1=h):  1.0+/- 0.0
 Orbit copies found:   171, RUC avg coords: (  1.0000+/-  0.0005,  0.5000+/-  0.0024,  0.5887+/-  0.0052)
 
 Freq. =   0.1745+/-  0.0002 kT, m* =   0.2928+/-  0.0006 m_e, Curv. =  -4.6105E+01+/-  1.0131E-01 kT A^2, orbit (1=e,-1=h):  1.0+/- 0.0
 Orbit copies found:   266, RUC avg coords: (  1.0001+/-  0.0011,  1.0000+/-  0.0010,  0.0005+/-  0.0041)
 
 Freq. =   0.6769+/-  0.0001 kT, m* =   0.7253+/-  0.0024 m_e, Curv. =  -3.1610E+02+/-  2.4431E+00 kT A^2, orbit (1=e,-1=h):  1.0+/- 0.0
 Orbit copies found:     7, RUC avg coords: (  0.8176+/-  0.0003,  1.0002+/-  0.0014,  0.7772+/-  0.0004)
 
 Freq. =   0.6777+/-  0.0007 kT, m* =   0.7266+/-  0.0019 m_e, Curv. =  -3.3210E+02+/-  1.0921E+01 kT A^2, orbit (1=e,-1=h):  1.0+/- 0.0
 Orbit copies found:     9, RUC avg coords: (  0.1833+/-  0.0007,  0.9999+/-  0.0013,  0.2209+/-  0.0015)
 
 
 ------------------------------ 
 ANGLE    16 of    45; theta =   0.000000, phi =  30.681818 degrees
 
 Predicted dHvA frequencies: 
 
 Freq. =   0.0108+/-  0.0001 kT, m* =   0.1034+/-  0.0065 m_e, Curv. =  -8.6824E+00+/-  1.8862E+00 kT A^2, orbit (1=e,-1=h):  1.0+/- 0.0
 Orbit copies found:   156, RUC avg coords: ( -0.0001+/-  0.0005,  0.5000+/-  0.0022,  0.5860+/-  0.0070)
 
 Freq. =   0.0108+/-  0.0001 kT, m* =   0.1054+/-  0.0088 m_e, Curv. =  -9.1544E+00+/-  2.6899E+00 kT A^2, orbit (1=e,-1=h):  1.0+/- 0.0
 Orbit copies found:   204, RUC avg coords: (  1.0000+/-  0.0005,  0.4999+/-  0.0025,  0.4112+/-  0.0069)
 
 Freq. =   0.1743+/-  0.0002 kT, m* =   0.2913+/-  0.0006 m_e, Curv. =  -4.5750E+01+/-  9.9102E-02 kT A^2, orbit (1=e,-1=h):  1.0+/- 0.0
 Orbit copies found:   266, RUC avg coords: (  0.9998+/-  0.0012,  1.0000+/-  0.0010,  0.0005+/-  0.0038)
 
 Freq. =   0.7108+/-  0.0011 kT, m* =   0.7232+/-  0.0031 m_e, Curv. =  -2.9828E+02+/-  1.9740E+01 kT A^2, orbit (1=e,-1=h):  1.0+/- 0.0
 Orbit copies found:    42, RUC avg coords: (  0.8172+/-  0.0012,  0.9999+/-  0.0011,  0.7923+/-  0.0016)
 
 Freq. =   0.7109+/-  0.0010 kT, m* =   0.7232+/-  0.0029 m_e, Curv. =  -2.9961E+02+/-  1.7970E+01 kT A^2, orbit (1=e,-1=h):  1.0+/- 0.0
 Orbit copies found:    28, RUC avg coords: (  0.1835+/-  0.0020,  0.9998+/-  0.0010,  0.2066+/-  0.0028)
 
 
 ------------------------------ 
 ANGLE    17 of    45; theta =   0.000000, phi =  32.727273 degrees
 
 Predicted dHvA frequencies: 
 
 Freq. =   0.0111+/-  0.0001 kT, m* =   0.1085+/-  0.0107 m_e, Curv. =  -1.0682E+01+/-  2.9779E+00 kT A^2, orbit (1=e,-1=h):  1.0+/- 0.0
 Orbit copies found:   154, RUC avg coords: (  0.9999+/-  0.0004,  0.4997+/-  0.0022,  0.4119+/-  0.0070)
 
 Freq. =   0.0112+/-  0.0001 kT, m* =   0.1092+/-  0.0100 m_e, Curv. =  -1.0742E+01+/-  3.0647E+00 kT A^2, orbit (1=e,-1=h):  1.0+/- 0.0
 Orbit copies found:   143, RUC avg coords: (  0.0000+/-  0.0004,  0.4998+/-  0.0023,  0.5880+/-  0.0068)
 
 Freq. =   0.1741+/-  0.0002 kT, m* =   0.2900+/-  0.0006 m_e, Curv. =  -4.5483E+01+/-  1.0762E-01 kT A^2, orbit (1=e,-1=h):  1.0+/- 0.0
 Orbit copies found:   266, RUC avg coords: (  0.9999+/-  0.0013,  1.0000+/-  0.0010,  1.0000+/-  0.0040)
 
 Freq. =   0.7447+/-  0.0010 kT, m* =   0.7289+/-  0.0040 m_e, Curv. =  -2.6848E+02+/-  1.6145E+01 kT A^2, orbit (1=e,-1=h):  1.0+/- 0.0
 Orbit copies found:    51, RUC avg coords: (  0.8140+/-  0.0011,  0.0001+/-  0.0006,  0.8108+/-  0.0019)
 
 Freq. =   0.7449+/-  0.0012 kT, m* =   0.7297+/-  0.0043 m_e, Curv. =  -2.7492E+02+/-  2.4578E+01 kT A^2, orbit (1=e,-1=h):  1.0+/- 0.0
 Orbit copies found:    58, RUC avg coords: (  0.1861+/-  0.0010,  1.0000+/-  0.0008,  0.1886+/-  0.0023)
 
 
 ------------------------------ 
 ANGLE    18 of    45; theta =   0.000000, phi =  34.772727 degrees
 
 Predicted dHvA frequencies: 
 
 Freq. =   0.0114+/-  0.0001 kT, m* =   0.1134+/-  0.0125 m_e, Curv. =  -1.2670E+01+/-  3.2101E+00 kT A^2, orbit (1=e,-1=h):  1.0+/- 0.0
 Orbit copies found:   145, RUC avg coords: (  0.0001+/-  0.0004,  0.4999+/-  0.0021,  0.5883+/-  0.0100)
 
 Freq. =   0.0114+/-  0.0002 kT, m* =   0.1135+/-  0.0108 m_e, Curv. =  -1.2493E+01+/-  3.2443E+00 kT A^2, orbit (1=e,-1=h):  1.0+/- 0.0
 Orbit copies found:   182, RUC avg coords: (  0.0000+/-  0.0004,  0.4999+/-  0.0021,  0.4104+/-  0.0092)
 
 Freq. =   0.1742+/-  0.0001 kT, m* =   0.2887+/-  0.0006 m_e, Curv. =  -4.5218E+01+/-  7.9647E-02 kT A^2, orbit (1=e,-1=h):  1.0+/- 0.0
 Orbit copies found:   259, RUC avg coords: (  1.0002+/-  0.0007,  1.0000+/-  0.0010,  0.0008+/-  0.0019)
 
 Freq. =   0.7795+/-  0.0001 kT, m* =   0.7310+/-  0.0023 m_e, Curv. =  -2.3703E+02+/-  4.2472E-01 kT A^2, orbit (1=e,-1=h):  1.0+/- 0.0
 Orbit copies found:     7, RUC avg coords: (  0.8102+/-  0.0006,  0.0002+/-  0.0009,  0.8286+/-  0.0010)
 
 Freq. =   0.7840+/-  0.0001 kT, m* =   0.7441+/-  0.0017 m_e, Curv. =  -3.5510E+02+/-  3.6573E-01 kT A^2, orbit (1=e,-1=h):  1.0+/- 0.0
 Orbit copies found:     2, RUC avg coords: (  0.1894+/-  0.0002,  0.9994+/-  0.0011,  0.1639+/-  0.0003)
 
 
 ------------------------------ 
 ANGLE    19 of    45; theta =   0.000000, phi =  36.818182 degrees
 
 Predicted dHvA frequencies: 
 
 Freq. =   0.0119+/-  0.0002 kT, m* =   0.1180+/-  0.0086 m_e, Curv. =  -1.5132E+01+/-  2.5302E+00 kT A^2, orbit (1=e,-1=h):  1.0+/- 0.0
 Orbit copies found:    93, RUC avg coords: (  0.0000+/-  0.0003,  0.4998+/-  0.0018,  0.5894+/-  0.0094)
 
 Freq. =   0.0119+/-  0.0002 kT, m* =   0.1186+/-  0.0085 m_e, Curv. =  -1.5293E+01+/-  2.5230E+00 kT A^2, orbit (1=e,-1=h):  1.0+/- 0.0
 Orbit copies found:    92, RUC avg coords: (  0.0000+/-  0.0003,  0.4998+/-  0.0018,  0.4098+/-  0.0089)
 
 Freq. =   0.1739+/-  0.0002 kT, m* =   0.2876+/-  0.0006 m_e, Curv. =  -4.5150E+01+/-  1.0160E-01 kT A^2, orbit (1=e,-1=h):  1.0+/- 0.0
 Orbit copies found:   252, RUC avg coords: (  0.0002+/-  0.0013,  1.0000+/-  0.0011,  0.0004+/-  0.0035)
 
 Freq. =   0.8170+/-  0.0015 kT, m* =   0.7241+/-  0.0028 m_e, Curv. =  -2.6470E+02+/-  2.8207E+01 kT A^2, orbit (1=e,-1=h):  1.0+/- 0.0
 Orbit copies found:   147, RUC avg coords: (  0.8068+/-  0.0010,  0.0001+/-  0.0005,  0.8517+/-  0.0034)
 
 Freq. =   0.8172+/-  0.0014 kT, m* =   0.7250+/-  0.0034 m_e, Curv. =  -2.7515E+02+/-  3.9205E+01 kT A^2, orbit (1=e,-1=h):  1.0+/- 0.0
 Orbit copies found:   146, RUC avg coords: (  0.1930+/-  0.0011, -0.0002+/-  0.0005,  0.1478+/-  0.0038)
 
 
 ------------------------------ 
 ANGLE    20 of    45; theta =   0.000000, phi =  38.863636 degrees
 
 Predicted dHvA frequencies: 
 
 Freq. =   0.0120+/-     NaN kT, m* =   0.1048+/-     NaN m_e, Curv. =  -1.4122E+01+/-         NaN kT A^2, orbit (1=e,-1=h):  1.0+/- NaN
 Orbit copies found:     1, RUC avg coords: (  1.0004+/-     NaN,  0.4976+/-     NaN,  0.5724+/-     NaN)
 
 Freq. =   0.0124+/-  0.0002 kT, m* =   0.1179+/-  0.0066 m_e, Curv. =  -1.6282E+01+/-  1.8199E+00 kT A^2, orbit (1=e,-1=h):  1.0+/- 0.0
 Orbit copies found:    81, RUC avg coords: (  1.0000+/-  0.0004,  0.4998+/-  0.0020,  0.4114+/-  0.0090)
 
 Freq. =   0.0124+/-  0.0002 kT, m* =   0.1180+/-  0.0082 m_e, Curv. =  -1.6467E+01+/-  1.7668E+00 kT A^2, orbit (1=e,-1=h):  1.0+/- 0.0
 Orbit copies found:    79, RUC avg coords: (  1.0000+/-  0.0004,  0.4999+/-  0.0019,  0.5892+/-  0.0089)
 
 Freq. =   0.1737+/-  0.0002 kT, m* =   0.2865+/-  0.0006 m_e, Curv. =  -4.5140E+01+/-  1.1352E-01 kT A^2, orbit (1=e,-1=h):  1.0+/- 0.0
 Orbit copies found:   273, RUC avg coords: ( -0.0000+/-  0.0012,  1.0000+/-  0.0011,  0.0002+/-  0.0039)
 
 Freq. =   0.8447+/-  0.0011 kT, m* =   0.7000+/-  0.0026 m_e, Curv. =  -2.5855E+02+/-  3.4126E+01 kT A^2, orbit (1=e,-1=h):  1.0+/- 0.0
 Orbit copies found:   203, RUC avg coords: (  0.1956+/-  0.0015, -0.0000+/-  0.0005,  0.1291+/-  0.0044)
 
 Freq. =   0.8447+/-  0.0012 kT, m* =   0.7001+/-  0.0030 m_e, Curv. =  -2.6304E+02+/-  3.7801E+01 kT A^2, orbit (1=e,-1=h):  1.0+/- 0.0
 Orbit copies found:   210, RUC avg coords: (  0.8046+/-  0.0014,  1.0000+/-  0.0005,  0.8712+/-  0.0050)
 
 
 ------------------------------ 
 ANGLE    21 of    45; theta =   0.000000, phi =  40.909091 degrees
 
 Predicted dHvA frequencies: 
 
 Freq. =   0.0128+/-  0.0002 kT, m* =   0.1190+/-  0.0124 m_e, Curv. =  -1.6477E+01+/-  1.0888E+00 kT A^2, orbit (1=e,-1=h):  1.0+/- 0.0
 Orbit copies found:    31, RUC avg coords: (  0.9998+/-  0.0004,  0.4999+/-  0.0021,  0.4107+/-  0.0082)
 
 Freq. =   0.0128+/-  0.0001 kT, m* =   0.1167+/-  0.0066 m_e, Curv. =  -1.5882E+01+/-  1.8851E+00 kT A^2, orbit (1=e,-1=h):  1.0+/- 0.0
 Orbit copies found:    35, RUC avg coords: (  0.9996+/-  0.0004,  0.4998+/-  0.0017,  0.5884+/-  0.0070)
 
 Freq. =   0.1737+/-  0.0002 kT, m* =   0.2857+/-  0.0006 m_e, Curv. =  -4.5213E+01+/-  1.2127E-01 kT A^2, orbit (1=e,-1=h):  1.0+/- 0.0
 Orbit copies found:   273, RUC avg coords: (  1.0000+/-  0.0014,  1.0000+/-  0.0011,  0.9999+/-  0.0035)
 
 Freq. =   0.8631+/-  0.0012 kT, m* =   0.6724+/-  0.0015 m_e, Curv. =  -2.2088E+02+/-  1.5966E+01 kT A^2, orbit (1=e,-1=h):  1.0+/- 0.0
 Orbit copies found:   203, RUC avg coords: (  0.8031+/-  0.0014,  1.0001+/-  0.0006,  0.8832+/-  0.0050)
 
 Freq. =   0.8632+/-  0.0010 kT, m* =   0.6723+/-  0.0014 m_e, Curv. =  -2.1839E+02+/-  1.3066E+01 kT A^2, orbit (1=e,-1=h):  1.0+/- 0.0
 Orbit copies found:   203, RUC avg coords: (  0.1973+/-  0.0014,  0.9998+/-  0.0006,  0.1168+/-  0.0043)
 
 
 ------------------------------ 
 ANGLE    22 of    45; theta =   0.000000, phi =  42.954545 degrees
 
 Predicted dHvA frequencies: 
 
 Freq. =   0.0131+/-     NaN kT, m* =   0.1246+/-     NaN m_e, Curv. =  -1.4459E+01+/-         NaN kT A^2, orbit (1=e,-1=h):  1.0+/- NaN
 Orbit copies found:     1, RUC avg coords: ( -0.0003+/-     NaN,  0.4960+/-     NaN,  0.5963+/-     NaN)
 
 Freq. =   0.0131+/-  0.0001 kT, m* =   0.1303+/-  0.0069 m_e, Curv. =  -1.4322E+01+/-  1.2962E+00 kT A^2, orbit (1=e,-1=h):  1.0+/- 0.0
 Orbit copies found:    16, RUC avg coords: (  0.9997+/-  0.0002,  0.4999+/-  0.0032,  0.4086+/-  0.0058)
 
 Freq. =   0.0133+/-  0.0000 kT, m* =   0.1172+/-  0.0017 m_e, Curv. =  -1.6492E+01+/-  2.5446E-01 kT A^2, orbit (1=e,-1=h):  1.0+/- 0.0
 Orbit copies found:     2, RUC avg coords: (  0.0000+/-  0.0000,  0.4996+/-  0.0023,  0.5962+/-  0.0000)
 
 Freq. =   0.1736+/-  0.0003 kT, m* =   0.2849+/-  0.0006 m_e, Curv. =  -4.5415E+01+/-  1.4242E-01 kT A^2, orbit (1=e,-1=h):  1.0+/- 0.0
 Orbit copies found:   259, RUC avg coords: (  0.0005+/-  0.0014,  1.0001+/-  0.0011,  0.0011+/-  0.0040)
 
 Freq. =   0.8727+/-  0.0004 kT, m* =   0.6487+/-  0.0013 m_e, Curv. =  -1.9571E+02+/-  6.0820E+00 kT A^2, orbit (1=e,-1=h):  1.0+/- 0.0
 Orbit copies found:   208, RUC avg coords: (  0.1977+/-  0.0015,  0.9999+/-  0.0005,  0.1043+/-  0.0036)
 
 Freq. =   0.8728+/-  0.0004 kT, m* =   0.6491+/-  0.0017 m_e, Curv. =  -1.9342E+02+/-  4.8377E+00 kT A^2, orbit (1=e,-1=h):  1.0+/- 0.0
 Orbit copies found:   217, RUC avg coords: (  0.8020+/-  0.0014,  1.0001+/-  0.0007,  0.8942+/-  0.0036)
 
 
 ------------------------------ 
 ANGLE    23 of    45; theta =   0.000000, phi =  45.000000 degrees
 
 Predicted dHvA frequencies: 
 
 Freq. =   0.0136+/-  0.0000 kT, m* =   0.1259+/-  0.0022 m_e, Curv. =  -1.4710E+01+/-  5.0986E-02 kT A^2, orbit (1=e,-1=h):  1.0+/- 0.0
 Orbit copies found:    24, RUC avg coords: (  0.9995+/-  0.0003,  0.4998+/-  0.0027,  0.4180+/-  0.0008)
 
 Freq. =   0.1736+/-  0.0002 kT, m* =   0.2843+/-  0.0007 m_e, Curv. =  -4.5658E+01+/-  1.4912E-01 kT A^2, orbit (1=e,-1=h):  1.0+/- 0.0
 Orbit copies found:   266, RUC avg coords: ( -0.0002+/-  0.0009,  1.0000+/-  0.0011, -0.0001+/-  0.0040)
 
 Freq. =   0.8736+/-  0.0008 kT, m* =   0.6308+/-  0.0023 m_e, Curv. =  -1.7458E+02+/-  2.4163E+00 kT A^2, orbit (1=e,-1=h):  1.0+/- 0.0
 Orbit copies found:   210, RUC avg coords: (  0.8021+/-  0.0016,  0.9999+/-  0.0006,  0.9036+/-  0.0035)
 
 Freq. =   0.8738+/-  0.0006 kT, m* =   0.6305+/-  0.0022 m_e, Curv. =  -1.7485E+02+/-  2.3339E+00 kT A^2, orbit (1=e,-1=h):  1.0+/- 0.0
 Orbit copies found:   210, RUC avg coords: (  0.1977+/-  0.0016,  1.0000+/-  0.0005,  0.0961+/-  0.0032)
 
 
 ------------------------------ 
 ANGLE    24 of    45; theta =   0.000000, phi =  47.045455 degrees
 
 Predicted dHvA frequencies: 
 
 Freq. =   0.0140+/-  0.0000 kT, m* =   0.1256+/-  0.0015 m_e, Curv. =  -1.6196E+01+/-  7.7016E-02 kT A^2, orbit (1=e,-1=h):  1.0+/- 0.0
 Orbit copies found:     3, RUC avg coords: (  0.0005+/-  0.0003,  0.5011+/-  0.0021,  0.5767+/-  0.0009)
 
 Freq. =   0.1737+/-  0.0002 kT, m* =   0.2838+/-  0.0006 m_e, Curv. =  -4.6040E+01+/-  1.3365E-01 kT A^2, orbit (1=e,-1=h):  1.0+/- 0.0
 Orbit copies found:   252, RUC avg coords: (  0.9998+/-  0.0014,  1.0000+/-  0.0011,  1.0001+/-  0.0032)
 
 Freq. =   0.8675+/-  0.0008 kT, m* =   0.6156+/-  0.0018 m_e, Curv. =  -1.5799E+02+/-  1.8015E+00 kT A^2, orbit (1=e,-1=h):  1.0+/- 0.0
 Orbit copies found:   210, RUC avg coords: (  0.8023+/-  0.0024,  0.9999+/-  0.0007,  0.9147+/-  0.0025)
 
 Freq. =   0.8676+/-  0.0007 kT, m* =   0.6159+/-  0.0018 m_e, Curv. =  -1.5767E+02+/-  1.4954E+00 kT A^2, orbit (1=e,-1=h):  1.0+/- 0.0
 Orbit copies found:   210, RUC avg coords: (  0.1979+/-  0.0022,  1.0000+/-  0.0006,  0.0857+/-  0.0027)
 
 
 ------------------------------ 
 ANGLE    25 of    45; theta =   0.000000, phi =  49.090909 degrees
 
 Predicted dHvA frequencies: 
 
 Freq. =   0.0146+/-  0.0000 kT, m* =   0.1272+/-  0.0004 m_e, Curv. =  -1.8156E+01+/-  2.1626E-02 kT A^2, orbit (1=e,-1=h):  1.0+/- 0.0
 Orbit copies found:     2, RUC avg coords: (  0.0000+/-  0.0000,  0.5000+/-  0.0011,  0.4029+/-  0.0000)
 
 Freq. =   0.1737+/-  0.0002 kT, m* =   0.2836+/-  0.0006 m_e, Curv. =  -4.6493E+01+/-  1.3505E-01 kT A^2, orbit (1=e,-1=h):  1.0+/- 0.0
 Orbit copies found:   238, RUC avg coords: ( -0.0001+/-  0.0016,  1.0001+/-  0.0011,  0.0002+/-  0.0032)
 
 Freq. =   0.8557+/-  0.0007 kT, m* =   0.6039+/-  0.0014 m_e, Curv. =  -1.4139E+02+/-  1.3252E+00 kT A^2, orbit (1=e,-1=h):  1.0+/- 0.0
 Orbit copies found:   217, RUC avg coords: (  0.1968+/-  0.0021,  1.0000+/-  0.0004,  0.0768+/-  0.0029)
 
 Freq. =   0.8558+/-  0.0006 kT, m* =   0.6036+/-  0.0013 m_e, Curv. =  -1.4152E+02+/-  1.3954E+00 kT A^2, orbit (1=e,-1=h):  1.0+/- 0.0
 Orbit copies found:   217, RUC avg coords: (  0.8034+/-  0.0022,  1.0001+/-  0.0006,  0.9233+/-  0.0027)
 
 
 ------------------------------ 
 ANGLE    26 of    45; theta =   0.000000, phi =  51.136364 degrees
 
 Predicted dHvA frequencies: 
 
 Freq. =   0.0153+/-  0.0001 kT, m* =   0.1309+/-  0.0037 m_e, Curv. =  -2.0422E+01+/-  6.2381E-01 kT A^2, orbit (1=e,-1=h):  1.0+/- 0.0
 Orbit copies found:     8, RUC avg coords: (  0.9999+/-  0.0001,  0.5004+/-  0.0010,  0.5907+/-  0.0055)
 
 Freq. =   0.0154+/-  0.0000 kT, m* =   0.1291+/-  0.0019 m_e, Curv. =  -2.0285E+01+/-  3.9803E-01 kT A^2, orbit (1=e,-1=h):  1.0+/- 0.0
 Orbit copies found:    14, RUC avg coords: (  0.0000+/-  0.0000,  0.5001+/-  0.0013,  0.4119+/-  0.0025)
 
 Freq. =   0.1738+/-  0.0002 kT, m* =   0.2835+/-  0.0006 m_e, Curv. =  -4.6975E+01+/-  1.3913E-01 kT A^2, orbit (1=e,-1=h):  1.0+/- 0.0
 Orbit copies found:   252, RUC avg coords: (  0.0002+/-  0.0015,  1.0001+/-  0.0011,  0.0005+/-  0.0032)
 
 Freq. =   0.8394+/-  0.0006 kT, m* =   0.5941+/-  0.0009 m_e, Curv. =  -1.2588E+02+/-  1.8023E+00 kT A^2, orbit (1=e,-1=h):  1.0+/- 0.0
 Orbit copies found:   210, RUC avg coords: (  0.1950+/-  0.0023,  1.0000+/-  0.0004,  0.0682+/-  0.0029)
 
 Freq. =   0.8394+/-  0.0006 kT, m* =   0.5941+/-  0.0009 m_e, Curv. =  -1.2596E+02+/-  1.8618E+00 kT A^2, orbit (1=e,-1=h):  1.0+/- 0.0
 Orbit copies found:   224, RUC avg coords: (  0.8051+/-  0.0024,  1.0001+/-  0.0005,  0.9317+/-  0.0027)
 
 
 ------------------------------ 
 ANGLE    27 of    45; theta =   0.000000, phi =  53.181818 degrees
 
 Predicted dHvA frequencies: 
 
 Freq. =   0.0160+/-  0.0001 kT, m* =   0.1407+/-  0.0043 m_e, Curv. =  -2.4317E+01+/-  1.1925E+00 kT A^2, orbit (1=e,-1=h):  1.0+/- 0.0
 Orbit copies found:     9, RUC avg coords: (  0.0001+/-  0.0001,  0.5001+/-  0.0013,  0.4075+/-  0.0027)
 
 Freq. =   0.0161+/-  0.0001 kT, m* =   0.1376+/-  0.0026 m_e, Curv. =  -2.3556E+01+/-  3.5563E-01 kT A^2, orbit (1=e,-1=h):  1.0+/- 0.0
 Orbit copies found:    11, RUC avg coords: (  0.9999+/-  0.0001,  0.5000+/-  0.0014,  0.5903+/-  0.0031)
 
 Freq. =   0.1739+/-  0.0002 kT, m* =   0.2835+/-  0.0006 m_e, Curv. =  -4.7446E+01+/-  1.5276E-01 kT A^2, orbit (1=e,-1=h):  1.0+/- 0.0
 Orbit copies found:   259, RUC avg coords: (  1.0001+/-  0.0016,  1.0001+/-  0.0011,  1.0000+/-  0.0032)
 
 Freq. =   0.8197+/-  0.0005 kT, m* =   0.5866+/-  0.0009 m_e, Curv. =  -1.1142E+02+/-  2.7298E+00 kT A^2, orbit (1=e,-1=h):  1.0+/- 0.0
 Orbit copies found:   217, RUC avg coords: (  0.8071+/-  0.0025,  1.0001+/-  0.0005,  0.9400+/-  0.0028)
 
 Freq. =   0.8198+/-  0.0006 kT, m* =   0.5866+/-  0.0008 m_e, Curv. =  -1.1172E+02+/-  2.7694E+00 kT A^2, orbit (1=e,-1=h):  1.0+/- 0.0
 Orbit copies found:   217, RUC avg coords: (  0.1928+/-  0.0024,  1.0000+/-  0.0004,  0.0595+/-  0.0029)
 
 
 ------------------------------ 
 ANGLE    28 of    45; theta =   0.000000, phi =  55.227273 degrees
 
 Predicted dHvA frequencies: 
 
 Freq. =   0.0167+/-  0.0000 kT, m* =   0.1490+/-  0.0005 m_e, Curv. =  -2.7893E+01+/-  4.8680E-01 kT A^2, orbit (1=e,-1=h):  1.0+/- 0.0
 Orbit copies found:     4, RUC avg coords: (  1.0000+/-  0.0000,  0.4998+/-  0.0016,  0.5952+/-  0.0000)
 
 Freq. =   0.1740+/-  0.0002 kT, m* =   0.2833+/-  0.0007 m_e, Curv. =  -4.7944E+01+/-  1.6968E-01 kT A^2, orbit (1=e,-1=h):  1.0+/- 0.0
 Orbit copies found:   252, RUC avg coords: (  0.9998+/-  0.0016,  1.0001+/-  0.0011,  0.9997+/-  0.0029)
 
 Freq. =   0.7979+/-  0.0005 kT, m* =   0.5809+/-  0.0012 m_e, Curv. =  -9.8889E+01+/-  3.5937E+00 kT A^2, orbit (1=e,-1=h):  1.0+/- 0.0
 Orbit copies found:   217, RUC avg coords: (  0.8099+/-  0.0028,  1.0000+/-  0.0006,  0.9460+/-  0.0029)
 
 Freq. =   0.7980+/-  0.0005 kT, m* =   0.5809+/-  0.0011 m_e, Curv. =  -9.8463E+01+/-  3.4096E+00 kT A^2, orbit (1=e,-1=h):  1.0+/- 0.0
 Orbit copies found:   217, RUC avg coords: (  0.1903+/-  0.0025,  0.9999+/-  0.0006,  0.0541+/-  0.0027)
 
 
 ------------------------------ 
 ANGLE    29 of    45; theta =   0.000000, phi =  57.272727 degrees
 
 Predicted dHvA frequencies: 
 
 Freq. =   0.0176+/-  0.0000 kT, m* =   0.1563+/-  0.0003 m_e, Curv. =  -3.1313E+01+/-  1.9566E-02 kT A^2, orbit (1=e,-1=h):  1.0+/- 0.0
 Orbit copies found:     2, RUC avg coords: (  1.0000+/-  0.0000,  0.5000+/-  0.0011,  0.5927+/-  0.0000)
 
 Freq. =   0.0177+/-  0.0000 kT, m* =   0.1559+/-  0.0003 m_e, Curv. =  -3.1446E+01+/-  1.8829E-02 kT A^2, orbit (1=e,-1=h):  1.0+/- 0.0
 Orbit copies found:     2, RUC avg coords: (  0.0000+/-  0.0000,  0.5000+/-  0.0011,  0.4078+/-  0.0000)
 
 Freq. =   0.1742+/-  0.0002 kT, m* =   0.2837+/-  0.0007 m_e, Curv. =  -4.8405E+01+/-  1.8465E-01 kT A^2, orbit (1=e,-1=h):  1.0+/- 0.0
 Orbit copies found:   266, RUC avg coords: (  0.9999+/-  0.0017,  1.0001+/-  0.0011,  0.9996+/-  0.0023)
 
 Freq. =   0.7748+/-  0.0004 kT, m* =   0.5763+/-  0.0016 m_e, Curv. =  -8.9530E+01+/-  4.5125E+00 kT A^2, orbit (1=e,-1=h):  1.0+/- 0.0
 Orbit copies found:   224, RUC avg coords: (  0.1877+/-  0.0026,  0.9999+/-  0.0007,  0.0465+/-  0.0034)
 
 Freq. =   0.7748+/-  0.0004 kT, m* =   0.5760+/-  0.0016 m_e, Curv. =  -8.8849E+01+/-  4.1170E+00 kT A^2, orbit (1=e,-1=h):  1.0+/- 0.0
 Orbit copies found:   217, RUC avg coords: (  0.8117+/-  0.0020,  0.9999+/-  0.0006,  0.9543+/-  0.0025)
 
 
 ------------------------------ 
 ANGLE    30 of    45; theta =   0.000000, phi =  59.318182 degrees
 
 Predicted dHvA frequencies: 
 
 Freq. =   0.1744+/-  0.0002 kT, m* =   0.2839+/-  0.0007 m_e, Curv. =  -4.8988E+01+/-  2.0671E-01 kT A^2, orbit (1=e,-1=h):  1.0+/- 0.0
 Orbit copies found:   252, RUC avg coords: ( -0.0010+/-  0.0012,  1.0000+/-  0.0011, -0.0014+/-  0.0017)
 
 Freq. =   0.7505+/-  0.0004 kT, m* =   0.5711+/-  0.0014 m_e, Curv. =  -7.9612E+01+/-  3.4419E+00 kT A^2, orbit (1=e,-1=h):  1.0+/- 0.0
 Orbit copies found:   203, RUC avg coords: (  0.8136+/-  0.0016,  1.0001+/-  0.0005,  0.9579+/-  0.0027)
 
 Freq. =   0.7506+/-  0.0003 kT, m* =   0.5731+/-  0.0017 m_e, Curv. =  -8.6666E+01+/-  4.3910E+00 kT A^2, orbit (1=e,-1=h):  1.0+/- 0.0
 Orbit copies found:   217, RUC avg coords: (  0.1837+/-  0.0019,  0.9998+/-  0.0004,  0.0424+/-  0.0038)
 
 
 ------------------------------ 
 ANGLE    31 of    45; theta =   0.000000, phi =  61.363636 degrees
 
 Predicted dHvA frequencies: 
 
 Freq. =   0.1746+/-  0.0002 kT, m* =   0.2842+/-  0.0008 m_e, Curv. =  -4.9744E+01+/-  2.2701E-01 kT A^2, orbit (1=e,-1=h):  1.0+/- 0.0
 Orbit copies found:   259, RUC avg coords: (  0.9997+/-  0.0014,  1.0001+/-  0.0011,  0.9994+/-  0.0030)
 
 Freq. =   0.7251+/-  0.0004 kT, m* =   0.5686+/-  0.0022 m_e, Curv. =  -8.1146E+01+/-  6.8191E+00 kT A^2, orbit (1=e,-1=h):  1.0+/- 0.0
 Orbit copies found:   217, RUC avg coords: (  0.8174+/-  0.0025,  0.0002+/-  0.0005,  0.9621+/-  0.0034)
 
 Freq. =   0.7251+/-  0.0004 kT, m* =   0.5691+/-  0.0021 m_e, Curv. =  -8.1949E+01+/-  6.5047E+00 kT A^2, orbit (1=e,-1=h):  1.0+/- 0.0
 Orbit copies found:   224, RUC avg coords: (  0.1821+/-  0.0025,  0.9999+/-  0.0004,  0.0387+/-  0.0040)
 
 
 ------------------------------ 
 ANGLE    32 of    45; theta =   0.000000, phi =  63.409091 degrees
 
 Predicted dHvA frequencies: 
 
 Freq. =   0.1748+/-  0.0002 kT, m* =   0.2846+/-  0.0008 m_e, Curv. =  -5.0699E+01+/-  2.2784E-01 kT A^2, orbit (1=e,-1=h):  1.0+/- 0.0
 Orbit copies found:   252, RUC avg coords: ( -0.0001+/-  0.0016,  1.0001+/-  0.0011, -0.0004+/-  0.0027)
 
 Freq. =   0.6981+/-  0.0004 kT, m* =   0.5644+/-  0.0023 m_e, Curv. =  -7.8475E+01+/-  7.7556E+00 kT A^2, orbit (1=e,-1=h):  1.0+/- 0.0
 Orbit copies found:   224, RUC avg coords: (  0.1810+/-  0.0027,  0.9998+/-  0.0004,  0.0360+/-  0.0042)
 
 Freq. =   0.6982+/-  0.0004 kT, m* =   0.5649+/-  0.0024 m_e, Curv. =  -8.0528E+01+/-  7.7396E+00 kT A^2, orbit (1=e,-1=h):  1.0+/- 0.0
 Orbit copies found:   203, RUC avg coords: (  0.8196+/-  0.0027,  0.0003+/-  0.0005,  0.9637+/-  0.0041)
 
 
 ------------------------------ 
 ANGLE    33 of    45; theta =   0.000000, phi =  65.454545 degrees
 
 Predicted dHvA frequencies: 
 
 Freq. =   0.1750+/-  0.0003 kT, m* =   0.2850+/-  0.0008 m_e, Curv. =  -5.1814E+01+/-  2.1572E-01 kT A^2, orbit (1=e,-1=h):  1.0+/- 0.0
 Orbit copies found:   252, RUC avg coords: (  1.0002+/-  0.0018,  1.0002+/-  0.0011,  1.0001+/-  0.0024)
 
 Freq. =   0.6695+/-  0.0004 kT, m* =   0.5603+/-  0.0028 m_e, Curv. =  -7.7138E+01+/-  7.7716E+00 kT A^2, orbit (1=e,-1=h):  1.0+/- 0.0
 Orbit copies found:   217, RUC avg coords: (  0.1790+/-  0.0029, -0.0003+/-  0.0005,  0.0358+/-  0.0051)
 
 Freq. =   0.6696+/-  0.0003 kT, m* =   0.5604+/-  0.0025 m_e, Curv. =  -7.7776E+01+/-  7.0362E+00 kT A^2, orbit (1=e,-1=h):  1.0+/- 0.0
 Orbit copies found:   203, RUC avg coords: (  0.8212+/-  0.0027,  0.0004+/-  0.0004,  0.9643+/-  0.0051)
 
 
 ------------------------------ 
 ANGLE    34 of    45; theta =   0.000000, phi =  67.500000 degrees
 
 Predicted dHvA frequencies: 
 
 Freq. =   0.1752+/-  0.0003 kT, m* =   0.2856+/-  0.0008 m_e, Curv. =  -5.2988E+01+/-  2.4443E-01 kT A^2, orbit (1=e,-1=h):  1.0+/- 0.0
 Orbit copies found:   259, RUC avg coords: (  0.9997+/-  0.0017,  1.0001+/-  0.0011,  0.9996+/-  0.0026)
 
 Freq. =   0.5951+/-  0.0007 kT, m* =   0.4669+/-  0.0111 m_e, Curv. =   4.4897E+00+/-  2.6858E+01 kT A^2, orbit (1=e,-1=h):  1.0+/- 0.0
 Orbit copies found:   441, RUC avg coords: (  0.7646+/-  0.0051, -0.0003+/-  0.0005,  0.0344+/-  0.0022)
 
 Freq. =   0.5951+/-  0.0006 kT, m* =   0.4670+/-  0.0118 m_e, Curv. =   3.8504E+00+/-  2.8401E+01 kT A^2, orbit (1=e,-1=h):  1.0+/- 0.0
 Orbit copies found:   476, RUC avg coords: (  0.2357+/-  0.0056,  0.0002+/-  0.0006,  0.9652+/-  0.0025)
 
 Freq. =   0.6397+/-  0.0003 kT, m* =   0.5518+/-  0.0021 m_e, Curv. =  -6.5149E+01+/-  5.4204E+00 kT A^2, orbit (1=e,-1=h):  1.0+/- 0.0
 Orbit copies found:   224, RUC avg coords: (  0.8209+/-  0.0032,  0.0003+/-  0.0005,  0.9661+/-  0.0066)
 
 Freq. =   0.6397+/-  0.0003 kT, m* =   0.5517+/-  0.0019 m_e, Curv. =  -6.4768E+01+/-  5.2533E+00 kT A^2, orbit (1=e,-1=h):  1.0+/- 0.0
 Orbit copies found:   210, RUC avg coords: (  0.1793+/-  0.0030, -0.0003+/-  0.0008,  0.0342+/-  0.0062)
 
 
 ------------------------------ 
 ANGLE    35 of    45; theta =   0.000000, phi =  69.545455 degrees
 
 Predicted dHvA frequencies: 
 
 Freq. =   0.1754+/-  0.0003 kT, m* =   0.2860+/-  0.0007 m_e, Curv. =  -5.4093E+01+/-  2.8171E-01 kT A^2, orbit (1=e,-1=h):  1.0+/- 0.0
 Orbit copies found:   259, RUC avg coords: (  0.9997+/-  0.0018,  1.0001+/-  0.0011,  1.0002+/-  0.0021)
 
 Freq. =   0.5832+/-  0.0002 kT, m* =   0.4939+/-  0.0079 m_e, Curv. =   4.2361E+01+/-  5.0471E+00 kT A^2, orbit (1=e,-1=h):  1.0+/- 0.0
 Orbit copies found:   224, RUC avg coords: (  0.7796+/-  0.0023,  0.9998+/-  0.0008,  0.0299+/-  0.0028)
 
 Freq. =   0.5832+/-  0.0002 kT, m* =   0.4918+/-  0.0085 m_e, Curv. =   4.0718E+01+/-  5.7610E+00 kT A^2, orbit (1=e,-1=h):  1.0+/- 0.0
 Orbit copies found:   224, RUC avg coords: (  0.2211+/-  0.0026,  0.0002+/-  0.0007,  0.9696+/-  0.0036)
 
 Freq. =   0.5902+/-  0.0001 kT, m* =   0.4538+/-  0.0007 m_e, Curv. =  -2.7050E+01+/-  7.1305E-01 kT A^2, orbit (1=e,-1=h):  1.0+/- 0.0
 Orbit copies found:   231, RUC avg coords: (  0.2415+/-  0.0021,  0.0003+/-  0.0005,  0.9631+/-  0.0017)
 
 Freq. =   0.5902+/-  0.0001 kT, m* =   0.4536+/-  0.0007 m_e, Curv. =  -2.7118E+01+/-  6.6026E-01 kT A^2, orbit (1=e,-1=h):  1.0+/- 0.0
 Orbit copies found:   224, RUC avg coords: (  0.7584+/-  0.0019,  0.9996+/-  0.0004,  0.0362+/-  0.0017)
 
 Freq. =   0.6096+/-  0.0002 kT, m* =   0.5391+/-  0.0018 m_e, Curv. =  -4.7924E+01+/-  2.3652E+00 kT A^2, orbit (1=e,-1=h):  1.0+/- 0.0
 Orbit copies found:   224, RUC avg coords: (  0.8212+/-  0.0030,  0.0002+/-  0.0005,  0.9659+/-  0.0061)
 
 Freq. =   0.6096+/-  0.0003 kT, m* =   0.5391+/-  0.0018 m_e, Curv. =  -4.7982E+01+/-  2.3968E+00 kT A^2, orbit (1=e,-1=h):  1.0+/- 0.0
 Orbit copies found:   217, RUC avg coords: (  0.1789+/-  0.0030, -0.0003+/-  0.0007,  0.0340+/-  0.0065)
 
 
 ------------------------------ 
 ANGLE    36 of    45; theta =   0.000000, phi =  71.590909 degrees
 
 Predicted dHvA frequencies: 
 
 Freq. =   0.1756+/-  0.0003 kT, m* =   0.2869+/-  0.0008 m_e, Curv. =  -5.4941E+01+/-  3.4275E-01 kT A^2, orbit (1=e,-1=h):  1.0+/- 0.0
 Orbit copies found:   266, RUC avg coords: (  0.0002+/-  0.0018,  1.0002+/-  0.0011,  0.0001+/-  0.0018)
 
 Freq. =   0.5690+/-  0.0002 kT, m* =   0.5039+/-  0.0060 m_e, Curv. =   3.8498E+01+/-  1.5566E+00 kT A^2, orbit (1=e,-1=h):  1.0+/- 0.0
 Orbit copies found:   224, RUC avg coords: (  0.2114+/-  0.0024,  0.0001+/-  0.0009,  0.9757+/-  0.0038)
 
 Freq. =   0.5690+/-  0.0002 kT, m* =   0.5051+/-  0.0062 m_e, Curv. =   3.8404E+01+/-  1.5236E+00 kT A^2, orbit (1=e,-1=h):  1.0+/- 0.0
 Orbit copies found:   231, RUC avg coords: (  0.7891+/-  0.0025, -0.0003+/-  0.0009,  0.0234+/-  0.0044)
 
 Freq. =   0.5806+/-  0.0001 kT, m* =   0.5215+/-  0.0025 m_e, Curv. =  -3.1599E+01+/-  3.7032E+00 kT A^2, orbit (1=e,-1=h):  1.0+/- 0.0
 Orbit copies found:   224, RUC avg coords: (  0.1781+/-  0.0028, -0.0003+/-  0.0006,  0.0354+/-  0.0057)
 
 Freq. =   0.5807+/-  0.0002 kT, m* =   0.5212+/-  0.0023 m_e, Curv. =  -3.1891E+01+/-  3.6850E+00 kT A^2, orbit (1=e,-1=h):  1.0+/- 0.0
 Orbit copies found:   231, RUC avg coords: (  0.8220+/-  0.0028,  1.0001+/-  0.0005,  0.9647+/-  0.0055)
 
 Freq. =   0.5849+/-  0.0001 kT, m* =   0.4525+/-  0.0007 m_e, Curv. =  -2.3947E+01+/-  4.9038E-01 kT A^2, orbit (1=e,-1=h):  1.0+/- 0.0
 Orbit copies found:   224, RUC avg coords: (  0.7580+/-  0.0019, -0.0004+/-  0.0005,  0.0355+/-  0.0025)
 
 Freq. =   0.5850+/-  0.0001 kT, m* =   0.4525+/-  0.0007 m_e, Curv. =  -2.3843E+01+/-  3.9355E-01 kT A^2, orbit (1=e,-1=h):  1.0+/- 0.0
 Orbit copies found:   238, RUC avg coords: (  0.2425+/-  0.0019,  0.0002+/-  0.0005,  0.9648+/-  0.0025)
 
 
 ------------------------------ 
 ANGLE    37 of    45; theta =   0.000000, phi =  73.636364 degrees
 
 Predicted dHvA frequencies: 
 
 Freq. =   0.1758+/-  0.0003 kT, m* =   0.2876+/-  0.0008 m_e, Curv. =  -5.5473E+01+/-  2.8443E-01 kT A^2, orbit (1=e,-1=h):  1.0+/- 0.0
 Orbit copies found:   259, RUC avg coords: (  0.9997+/-  0.0017,  1.0001+/-  0.0011, -0.0001+/-  0.0020)
 
 Freq. =   0.5513+/-  0.0002 kT, m* =   0.5084+/-  0.0030 m_e, Curv. =   2.6670E+01+/-  6.7867E+00 kT A^2, orbit (1=e,-1=h):  1.0+/- 0.0
 Orbit copies found:   231, RUC avg coords: (  0.1996+/-  0.0028,  0.0001+/-  0.0006,  0.9923+/-  0.0062)
 
 Freq. =   0.5525+/-  0.0013 kT, m* =   0.5069+/-  0.0034 m_e, Curv. =   3.9152E+00+/-  2.2541E+01 kT A^2, orbit (1=e,-1=h):  1.0+/- 0.0
 Orbit copies found:   469, RUC avg coords: (  0.8110+/-  0.0105,  0.0000+/-  0.0007, -0.0133+/-  0.0209)
 
 Freq. =   0.5537+/-  0.0001 kT, m* =   0.5045+/-  0.0018 m_e, Curv. =  -1.8569E+01+/-  3.5918E+00 kT A^2, orbit (1=e,-1=h):  1.0+/- 0.0
 Orbit copies found:   231, RUC avg coords: (  0.1784+/-  0.0026,  0.9998+/-  0.0006,  0.0339+/-  0.0051)
 
 Freq. =   0.5800+/-  0.0000 kT, m* =   0.4536+/-  0.0003 m_e, Curv. =  -2.0343E+01+/-  1.3131E-01 kT A^2, orbit (1=e,-1=h):  1.0+/- 0.0
 Orbit copies found:    14, RUC avg coords: (  0.7534+/-  0.0001,  0.9996+/-  0.0005,  0.0320+/-  0.0003)
 
 Freq. =   0.5802+/-  0.0001 kT, m* =   0.4532+/-  0.0006 m_e, Curv. =  -2.1547E+01+/-  6.2291E-01 kT A^2, orbit (1=e,-1=h):  1.0+/- 0.0
 Orbit copies found:   238, RUC avg coords: (  0.2436+/-  0.0020,  0.0002+/-  0.0005,  0.9668+/-  0.0021)
 
 Freq. =   0.5802+/-  0.0001 kT, m* =   0.4531+/-  0.0006 m_e, Curv. =  -2.1671E+01+/-  4.7165E-01 kT A^2, orbit (1=e,-1=h):  1.0+/- 0.0
 Orbit copies found:   224, RUC avg coords: (  0.7567+/-  0.0017, -0.0004+/-  0.0005,  0.0334+/-  0.0022)
 
 
 ------------------------------ 
 ANGLE    38 of    45; theta =   0.000000, phi =  75.681818 degrees
 
 Predicted dHvA frequencies: 
 
 Freq. =   0.1760+/-  0.0002 kT, m* =   0.2881+/-  0.0008 m_e, Curv. =  -5.5739E+01+/-  2.5093E-01 kT A^2, orbit (1=e,-1=h):  1.0+/- 0.0
 Orbit copies found:   259, RUC avg coords: (  0.0003+/-  0.0017,  1.0002+/-  0.0011,  0.0001+/-  0.0018)
 
 Freq. =   0.5759+/-  0.0001 kT, m* =   0.4561+/-  0.0007 m_e, Curv. =  -1.5715E+01+/-  3.1764E+00 kT A^2, orbit (1=e,-1=h):  1.0+/- 0.0
 Orbit copies found:   231, RUC avg coords: (  0.2452+/-  0.0020,  0.0001+/-  0.0006,  0.9696+/-  0.0023)
 
 Freq. =   0.5759+/-  0.0001 kT, m* =   0.4562+/-  0.0007 m_e, Curv. =  -1.5970E+01+/-  2.7301E+00 kT A^2, orbit (1=e,-1=h):  1.0+/- 0.0
 Orbit copies found:   245, RUC avg coords: (  0.7549+/-  0.0016,  0.9997+/-  0.0005,  0.0305+/-  0.0023)
 
 
 ------------------------------ 
 ANGLE    39 of    45; theta =   0.000000, phi =  77.727273 degrees
 
 Predicted dHvA frequencies: 
 
 Freq. =   0.1761+/-  0.0003 kT, m* =   0.2886+/-  0.0008 m_e, Curv. =  -5.5958E+01+/-  3.1114E-01 kT A^2, orbit (1=e,-1=h):  1.0+/- 0.0
 Orbit copies found:   259, RUC avg coords: (  0.9998+/-  0.0018,  1.0001+/-  0.0011,  0.9997+/-  0.0016)
 
 Freq. =   0.5059+/-  0.0028 kT, m* =   0.4751+/-  0.0063 m_e, Curv. =  -1.2176E+01+/-  3.3503E+01 kT A^2, orbit (1=e,-1=h):  1.0+/- 0.0
 Orbit copies found:   462, RUC avg coords: (  0.1518+/-  0.0101, -0.0005+/-  0.0007,  0.0612+/-  0.0076)
 
 Freq. =   0.5059+/-  0.0028 kT, m* =   0.4757+/-  0.0068 m_e, Curv. =  -1.3734E+01+/-  3.5346E+01 kT A^2, orbit (1=e,-1=h):  1.0+/- 0.0
 Orbit copies found:   462, RUC avg coords: (  0.8486+/-  0.0103,  0.0006+/-  0.0007,  0.9382+/-  0.0082)
 
 Freq. =   0.5730+/-  0.0001 kT, m* =   0.4558+/-  0.0010 m_e, Curv. =  -7.4355E+00+/-  1.6671E+00 kT A^2, orbit (1=e,-1=h):  1.0+/- 0.0
 Orbit copies found:   231, RUC avg coords: (  0.2551+/-  0.0018, -0.0000+/-  0.0006,  0.9814+/-  0.0037)
 
 Freq. =   0.5730+/-  0.0001 kT, m* =   0.4556+/-  0.0010 m_e, Curv. =  -7.8105E+00+/-  1.6095E+00 kT A^2, orbit (1=e,-1=h):  1.0+/- 0.0
 Orbit copies found:   238, RUC avg coords: (  0.7444+/-  0.0018,  0.9998+/-  0.0006,  0.0190+/-  0.0030)
 
 
 ------------------------------ 
 ANGLE    40 of    45; theta =   0.000000, phi =  79.772727 degrees
 
 Predicted dHvA frequencies: 
 
 Freq. =   0.1763+/-  0.0003 kT, m* =   0.2890+/-  0.0008 m_e, Curv. =  -5.6441E+01+/-  3.8465E-01 kT A^2, orbit (1=e,-1=h):  1.0+/- 0.0
 Orbit copies found:   259, RUC avg coords: (  0.9998+/-  0.0019,  1.0001+/-  0.0011,  1.0001+/-  0.0015)
 
 Freq. =   0.4836+/-  0.0002 kT, m* =   0.4617+/-  0.0018 m_e, Curv. =   3.5588E+01+/-  4.1413E+00 kT A^2, orbit (1=e,-1=h):  1.0+/- 0.0
 Orbit copies found:   231, RUC avg coords: (  0.1679+/-  0.0022,  0.9997+/-  0.0006,  0.0407+/-  0.0039)
 
 Freq. =   0.4836+/-  0.0002 kT, m* =   0.4617+/-  0.0019 m_e, Curv. =   3.5892E+01+/-  4.1534E+00 kT A^2, orbit (1=e,-1=h):  1.0+/- 0.0
 Orbit copies found:   231, RUC avg coords: (  0.8322+/-  0.0021,  0.0003+/-  0.0006,  0.9587+/-  0.0043)
 
 Freq. =   0.5077+/-  0.0004 kT, m* =   0.4912+/-  0.0093 m_e, Curv. =  -8.0231E+01+/-  1.8081E+01 kT A^2, orbit (1=e,-1=h):  1.0+/- 0.0
 Orbit copies found:   231, RUC avg coords: (  0.1375+/-  0.0020,  0.9992+/-  0.0006,  0.0570+/-  0.0043)
 
 Freq. =   0.5077+/-  0.0004 kT, m* =   0.4905+/-  0.0091 m_e, Curv. =  -7.8676E+01+/-  1.7674E+01 kT A^2, orbit (1=e,-1=h):  1.0+/- 0.0
 Orbit copies found:   231, RUC avg coords: (  0.8624+/-  0.0020,  0.0009+/-  0.0005,  0.9410+/-  0.0039)
 
 Freq. =   0.5735+/-  0.0001 kT, m* =   0.4520+/-  0.0013 m_e, Curv. =  -1.5798E+01+/-  2.6789E+00 kT A^2, orbit (1=e,-1=h):  1.0+/- 0.0
 Orbit copies found:   231, RUC avg coords: (  0.7385+/-  0.0019, -0.0002+/-  0.0005,  0.0110+/-  0.0020)
 
 Freq. =   0.5735+/-  0.0001 kT, m* =   0.4520+/-  0.0012 m_e, Curv. =  -1.5864E+01+/-  2.6673E+00 kT A^2, orbit (1=e,-1=h):  1.0+/- 0.0
 Orbit copies found:   231, RUC avg coords: (  0.2614+/-  0.0018, -0.0000+/-  0.0005,  0.9902+/-  0.0035)
 
 
 ------------------------------ 
 ANGLE    41 of    45; theta =   0.000000, phi =  81.818182 degrees
 
 Predicted dHvA frequencies: 
 
 Freq. =   0.1763+/-  0.0003 kT, m* =   0.2893+/-  0.0008 m_e, Curv. =  -5.7281E+01+/-  3.3998E-01 kT A^2, orbit (1=e,-1=h):  1.0+/- 0.0
 Orbit copies found:   259, RUC avg coords: ( -0.0000+/-  0.0021,  1.0001+/-  0.0012, -0.0001+/-  0.0011)
 
 Freq. =   0.4663+/-  0.0003 kT, m* =   0.4517+/-  0.0020 m_e, Curv. =   5.1633E+01+/-  2.4986E+00 kT A^2, orbit (1=e,-1=h):  1.0+/- 0.0
 Orbit copies found:   236, RUC avg coords: (  0.1705+/-  0.0021, -0.0002+/-  0.0006,  0.0320+/-  0.0040)
 
 Freq. =   0.4663+/-  0.0002 kT, m* =   0.4517+/-  0.0021 m_e, Curv. =   5.1669E+01+/-  2.5099E+00 kT A^2, orbit (1=e,-1=h):  1.0+/- 0.0
 Orbit copies found:   238, RUC avg coords: (  0.8296+/-  0.0021,  1.0002+/-  0.0006,  0.9680+/-  0.0039)
 
 Freq. =   0.5101+/-  0.0005 kT, m* =   0.4996+/-  0.0118 m_e, Curv. =  -1.0419E+02+/-  2.0722E+01 kT A^2, orbit (1=e,-1=h):  1.0+/- 0.0
 Orbit copies found:   224, RUC avg coords: (  0.1358+/-  0.0020, -0.0009+/-  0.0005,  0.0456+/-  0.0041)
 
 Freq. =   0.5102+/-  0.0005 kT, m* =   0.5000+/-  0.0112 m_e, Curv. =  -1.0473E+02+/-  1.9150E+01 kT A^2, orbit (1=e,-1=h):  1.0+/- 0.0
 Orbit copies found:   224, RUC avg coords: (  0.8643+/-  0.0019,  1.0010+/-  0.0004,  0.9536+/-  0.0038)
 
 Freq. =   0.5751+/-  0.0001 kT, m* =   0.4498+/-  0.0012 m_e, Curv. =  -2.2959E+01+/-  2.4471E+00 kT A^2, orbit (1=e,-1=h):  1.0+/- 0.0
 Orbit copies found:   224, RUC avg coords: (  0.2640+/-  0.0019, -0.0000+/-  0.0005,  0.9945+/-  0.0028)
 
 Freq. =   0.5751+/-  0.0001 kT, m* =   0.4498+/-  0.0012 m_e, Curv. =  -2.2944E+01+/-  2.3977E+00 kT A^2, orbit (1=e,-1=h):  1.0+/- 0.0
 Orbit copies found:   231, RUC avg coords: (  0.7360+/-  0.0018, -0.0001+/-  0.0005,  0.0060+/-  0.0030)
 
 
 ------------------------------ 
 ANGLE    42 of    45; theta =   0.000000, phi =  83.863636 degrees
 
 Predicted dHvA frequencies: 
 
 Freq. =   0.1764+/-  0.0003 kT, m* =   0.2896+/-  0.0008 m_e, Curv. =  -5.8411E+01+/-  2.9834E-01 kT A^2, orbit (1=e,-1=h):  1.0+/- 0.0
 Orbit copies found:   259, RUC avg coords: ( -0.0005+/-  0.0020,  1.0001+/-  0.0012, -0.0005+/-  0.0014)
 
 Freq. =   0.4521+/-  0.0004 kT, m* =   0.4428+/-  0.0019 m_e, Curv. =   6.9193E+01+/-  4.9760E+00 kT A^2, orbit (1=e,-1=h):  1.0+/- 0.0
 Orbit copies found:   234, RUC avg coords: (  0.1720+/-  0.0021,  0.9998+/-  0.0006,  0.0237+/-  0.0049)
 
 Freq. =   0.4522+/-  0.0004 kT, m* =   0.4428+/-  0.0018 m_e, Curv. =   6.9232E+01+/-  5.1514E+00 kT A^2, orbit (1=e,-1=h):  1.0+/- 0.0
 Orbit copies found:   238, RUC avg coords: (  0.8280+/-  0.0022,  0.0002+/-  0.0007,  0.9768+/-  0.0044)
 
 Freq. =   0.5134+/-  0.0006 kT, m* =   0.5097+/-  0.0133 m_e, Curv. =  -1.2371E+02+/-  2.0529E+01 kT A^2, orbit (1=e,-1=h):  1.0+/- 0.0
 Orbit copies found:   225, RUC avg coords: (  0.1341+/-  0.0019,  0.9989+/-  0.0006,  0.0359+/-  0.0031)
 
 Freq. =   0.5134+/-  0.0006 kT, m* =   0.5071+/-  0.0124 m_e, Curv. =  -1.1958E+02+/-  1.9510E+01 kT A^2, orbit (1=e,-1=h):  1.0+/- 0.0
 Orbit copies found:   231, RUC avg coords: (  0.8655+/-  0.0019,  0.0011+/-  0.0005,  0.9638+/-  0.0033)
 
 Freq. =   0.5766+/-  0.0001 kT, m* =   0.4482+/-  0.0011 m_e, Curv. =  -2.6938E+01+/-  1.9766E+00 kT A^2, orbit (1=e,-1=h):  1.0+/- 0.0
 Orbit copies found:   238, RUC avg coords: (  0.2654+/-  0.0019,  0.0000+/-  0.0005, -0.0034+/-  0.0027)
 
 Freq. =   0.5767+/-  0.0001 kT, m* =   0.4485+/-  0.0012 m_e, Curv. =  -2.6383E+01+/-  1.8436E+00 kT A^2, orbit (1=e,-1=h):  1.0+/- 0.0
 Orbit copies found:   231, RUC avg coords: (  0.7351+/-  0.0018, -0.0000+/-  0.0005,  0.0029+/-  0.0021)
 
 
 ------------------------------ 
 ANGLE    43 of    45; theta =   0.000000, phi =  85.909091 degrees
 
 Predicted dHvA frequencies: 
 
 Freq. =   0.1765+/-  0.0003 kT, m* =   0.2898+/-  0.0009 m_e, Curv. =  -5.9690E+01+/-  4.9667E-01 kT A^2, orbit (1=e,-1=h):  1.0+/- 0.0
 Orbit copies found:   252, RUC avg coords: (  0.0006+/-  0.0018,  1.0003+/-  0.0012,  0.0000+/-  0.0016)
 
 Freq. =   0.4418+/-  0.0003 kT, m* =   0.4349+/-  0.0023 m_e, Curv. =   8.3479E+01+/-  4.7715E+00 kT A^2, orbit (1=e,-1=h):  1.0+/- 0.0
 Orbit copies found:   231, RUC avg coords: (  0.1725+/-  0.0020,  0.9998+/-  0.0007,  0.0178+/-  0.0033)
 
 Freq. =   0.4419+/-  0.0004 kT, m* =   0.4346+/-  0.0022 m_e, Curv. =   8.2906E+01+/-  4.8001E+00 kT A^2, orbit (1=e,-1=h):  1.0+/- 0.0
 Orbit copies found:   238, RUC avg coords: (  0.8278+/-  0.0020,  1.0002+/-  0.0006,  0.9815+/-  0.0024)
 
 Freq. =   0.5164+/-  0.0006 kT, m* =   0.5161+/-  0.0140 m_e, Curv. =  -1.3401E+02+/-  1.9921E+01 kT A^2, orbit (1=e,-1=h):  1.0+/- 0.0
 Orbit copies found:   224, RUC avg coords: (  0.8667+/-  0.0019,  1.0012+/-  0.0004,  0.9758+/-  0.0027)
 
 Freq. =   0.5165+/-  0.0006 kT, m* =   0.5105+/-  0.0127 m_e, Curv. =  -1.2602E+02+/-  1.9007E+01 kT A^2, orbit (1=e,-1=h):  1.0+/- 0.0
 Orbit copies found:   217, RUC avg coords: (  0.1341+/-  0.0018,  0.9988+/-  0.0006,  0.0241+/-  0.0030)
 
 Freq. =   0.5780+/-  0.0002 kT, m* =   0.4474+/-  0.0012 m_e, Curv. =  -2.9159E+01+/-  1.8504E+00 kT A^2, orbit (1=e,-1=h):  1.0+/- 0.0
 Orbit copies found:   231, RUC avg coords: (  0.7342+/-  0.0020,  0.0000+/-  0.0005,  0.0015+/-  0.0026)
 
 Freq. =   0.5780+/-  0.0002 kT, m* =   0.4477+/-  0.0015 m_e, Curv. =  -2.8561E+01+/-  1.8462E+00 kT A^2, orbit (1=e,-1=h):  1.0+/- 0.0
 Orbit copies found:   231, RUC avg coords: (  0.2652+/-  0.0019,  0.0000+/-  0.0005,  0.9971+/-  0.0020)
 
 
 ------------------------------ 
 ANGLE    44 of    45; theta =   0.000000, phi =  87.954545 degrees
 
 Predicted dHvA frequencies: 
 
 Freq. =   0.1766+/-  0.0003 kT, m* =   0.2900+/-  0.0009 m_e, Curv. =  -6.0768E+01+/-  8.5869E-01 kT A^2, orbit (1=e,-1=h):  1.0+/- 0.0
 Orbit copies found:   252, RUC avg coords: (  0.9997+/-  0.0018,  1.0002+/-  0.0012,  1.0000+/-  0.0013)
 
 Freq. =   0.4354+/-  0.0005 kT, m* =   0.4298+/-  0.0029 m_e, Curv. =   9.4447E+01+/-  3.2266E+00 kT A^2, orbit (1=e,-1=h):  1.0+/- 0.0
 Orbit copies found:   231, RUC avg coords: (  0.8271+/-  0.0019,  1.0002+/-  0.0007,  0.9918+/-  0.0027)
 
 Freq. =   0.4354+/-  0.0005 kT, m* =   0.4300+/-  0.0030 m_e, Curv. =   9.4500E+01+/-  3.1073E+00 kT A^2, orbit (1=e,-1=h):  1.0+/- 0.0
 Orbit copies found:   224, RUC avg coords: (  0.1728+/-  0.0020,  0.9998+/-  0.0008,  0.0080+/-  0.0028)
 
 Freq. =   0.5185+/-  0.0006 kT, m* =   0.5156+/-  0.0129 m_e, Curv. =  -1.2974E+02+/-  2.1541E+01 kT A^2, orbit (1=e,-1=h):  1.0+/- 0.0
 Orbit copies found:   224, RUC avg coords: (  0.1335+/-  0.0018,  0.9987+/-  0.0006,  0.0103+/-  0.0031)
 
 Freq. =   0.5185+/-  0.0006 kT, m* =   0.5165+/-  0.0129 m_e, Curv. =  -1.3137E+02+/-  2.1542E+01 kT A^2, orbit (1=e,-1=h):  1.0+/- 0.0
 Orbit copies found:   224, RUC avg coords: (  0.8667+/-  0.0017,  1.0013+/-  0.0004,  0.9877+/-  0.0033)
 
 Freq. =   0.5788+/-  0.0002 kT, m* =   0.4467+/-  0.0014 m_e, Curv. =  -3.0615E+01+/-  2.0940E+00 kT A^2, orbit (1=e,-1=h):  1.0+/- 0.0
 Orbit copies found:   224, RUC avg coords: (  0.2662+/-  0.0021,  0.0001+/-  0.0005, -0.0010+/-  0.0033)
 
 Freq. =   0.5788+/-  0.0002 kT, m* =   0.4466+/-  0.0014 m_e, Curv. =  -3.0712E+01+/-  2.0130E+00 kT A^2, orbit (1=e,-1=h):  1.0+/- 0.0
 Orbit copies found:   224, RUC avg coords: (  0.7337+/-  0.0020,  0.0000+/-  0.0005,  1.0007+/-  0.0034)
 
 
 ------------------------------ 
 ANGLE    45 of    45; theta =   0.000000, phi =  90.000000 degrees
 
 Predicted dHvA frequencies: 
 
 Freq. =   0.1769+/-  0.0000 kT, m* =   0.2901+/-  0.0008 m_e, Curv. =  -6.2780E+01+/-  2.4349E-01 kT A^2, orbit (1=e,-1=h):  1.0+/- 0.0
 Orbit copies found:   210, RUC avg coords: (  1.0000+/-  0.0000,  1.0002+/-  0.0011,  0.9999+/-  0.0014)
 
 Freq. =   0.4334+/-  0.0002 kT, m* =   0.4281+/-  0.0018 m_e, Curv. =   9.7350E+01+/-  3.8404E+00 kT A^2, orbit (1=e,-1=h):  1.0+/- 0.0
 Orbit copies found:   224, RUC avg coords: (  0.1745+/-  0.0000,  0.9996+/-  0.0012, -0.0002+/-  0.0023)
 
 Freq. =   0.4334+/-  0.0002 kT, m* =   0.4284+/-  0.0026 m_e, Curv. =   9.7259E+01+/-  3.7031E+00 kT A^2, orbit (1=e,-1=h):  1.0+/- 0.0
 Orbit copies found:   224, RUC avg coords: (  0.8255+/-  0.0000,  0.9998+/-  0.0012, -0.0002+/-  0.0023)
 
 Freq. =   0.5194+/-  0.0000 kT, m* =   0.5095+/-  0.0031 m_e, Curv. =  -1.1616E+02+/-  1.5375E+00 kT A^2, orbit (1=e,-1=h):  1.0+/- 0.0
 Orbit copies found:   224, RUC avg coords: (  0.1342+/-  0.0000,  0.9986+/-  0.0006,  0.0005+/-  0.0031)
 
 Freq. =   0.5194+/-  0.0000 kT, m* =   0.5100+/-  0.0028 m_e, Curv. =  -1.1616E+02+/-  1.6304E+00 kT A^2, orbit (1=e,-1=h):  1.0+/- 0.0
 Orbit copies found:   224, RUC avg coords: (  0.8658+/-  0.0000,  1.0013+/-  0.0007,  0.0012+/-  0.0035)
 
 Freq. =   0.5790+/-  0.0000 kT, m* =   0.4452+/-  0.0004 m_e, Curv. =  -3.3324E+01+/-  1.6616E-01 kT A^2, orbit (1=e,-1=h):  1.0+/- 0.0
 Orbit copies found:   224, RUC avg coords: (  0.2685+/-  0.0000,  0.0001+/-  0.0005,  0.9998+/-  0.0034)
 
 Freq. =   0.5790+/-  0.0000 kT, m* =   0.4452+/-  0.0004 m_e, Curv. =  -3.3327E+01+/-  1.6091E-01 kT A^2, orbit (1=e,-1=h):  1.0+/- 0.0
 Orbit copies found:   224, RUC avg coords: (  0.7315+/-  0.0000,  0.0001+/-  0.0005,  0.9998+/-  0.0034)
 
 
 Comparing the volumes enclosed by electron and hole orbits (angle-averaged), this band is estimated to be 100.0% electron-like and   0.0% hole-like.
 
 The interpolation and orbit detection for the first angle took  0hr: 1min:21.050s
 
 The FS matching/extremum finding for the first angle took  0hr: 0min: 2.181s
 
 Calculations for one angle took  0hr: 1min:23.231s
 
 Whole program run took  1hr: 9min:47.858s
 
 Program finished on  7/ 5/2023 at 16:15:32.502
