 Long results file generated by S.K.E.A.F. v1.3.0 r149
 
 XCrysDen FS filename: band9_cb.bxsf                                     
 Fermi energy:    -0.000367 Ryd 
 Original     nx =   71  ny =   71  nz =   71   numkpoints =      357911
 New      numint =  150                       numkpoints =   212776173
 H-vector direction: r   Number of auto rotated angles =    45
 Theta =   0.000000 to  90.000000 degrees;  Phi =  90.000000 to  90.000000 degrees 
 Minimum extremal FS freq.:   0.0000 kT 
 Maximum fractional diff. between orbit freqs. for averaging:   0.010
 Maximum distance (fraction of RUC side length) between orbit avg. coords. for averaging:   0.050
 Extremal orbits near super-cell walls are REJECTED from the output.
 
 Original reciprocal lattice vector lengths (a, b, c) in a.u.^-1 (no 2Pi factor)
 ( 0.14275080,  0.07734248,  0.05826659)
 
 Reciprocal lattice vector lengths (a, b, c) in Angstroms^-1 (2Pi factor included)
 ( 1.69495155,  0.91832589,  0.69182833)
 
 Default kpointspacings (a, b, c, min) in Angstroms^-1 (2Pi factor included)
 ( 0.02421359,  0.01311894,  0.00988326,  0.00988326)
 
 Actual used (interpolated) kpointspacing in Angstroms^-1 (2Pi factor included) =  0.01137551
 
 Frequency for 2 k-points on original RUC faces (ab, ac, bc, max) in kT
( 0.00665540,  0.00501390,  0.00271653,  0.00665540)
 
 Started finding DOS on  8/ 5/2023 at  3:56: 7.639
 
 Min band energy =    -0.011243 Ryd, max band energy =     0.122633 Ryd, bandwidth =     0.133877 Ryd
 
 Reciprocal Unit Cell volume =     1.076843 Angstroms^-3 (  214921799 k-points)   Vol of 1 k-point =  0.000000005010 Angstroms^-3
 Band electron (occupied) volume =     0.038332 Angstroms^-3 (    7650582 k-points), Roughly estimated number of electrons in this band** =   0.071194
 Band hole (unoccupied) volume =     1.038511 Angstroms^-3 (  207271217 k-points), Roughly estimated number of holes in this band** =   1.928806
 (E_F - E_bandminimum)/E_bandwidth =   0.081242
 **Either the estimated number of electrons (for an electron-like band) or holes (for a hole-like band) calculated above should be used. 
 
 Contribution of this band to the DOS(E_F) =    6.138 Angstroms^-3 Rydbergs^-1 per spin direction
 (i.e. # of states per volume per energy per spin direction, at the Fermi energy)
 
 DOS calculation took  0hr: 2min:24.255s
 
 Started main FS algorithm on  8/ 5/2023 at  3:58:31.896
 
 Note: In autorotation mode, detailed long results information is disabled. If you want this information, please do a single run at the angle of interest. 
 
 ------------------------------ 
 ANGLE     1 of    45; theta =   0.000000, phi =  90.000000 degrees
 
 Predicted dHvA frequencies: 
 
 Freq. =   0.0236+/-  0.0001 kT, m* =   0.2579+/-  0.0063 m_e, Curv. =  -1.6628E+02+/-  4.3638E+00 kT A^2, orbit (1=e,-1=h): -1.0+/- 0.0
 Orbit copies found:   280, RUC avg coords: (  0.7852+/-  0.0000,  1.0002+/-  0.0009,  0.0013+/-  0.0021)
 
 Freq. =   0.0236+/-  0.0001 kT, m* =   0.2582+/-  0.0068 m_e, Curv. =  -1.6630E+02+/-  4.3599E+00 kT A^2, orbit (1=e,-1=h): -1.0+/- 0.0
 Orbit copies found:   280, RUC avg coords: (  0.2148+/-  0.0000,  1.0001+/-  0.0009,  0.9986+/-  0.0020)
 
 Freq. =   0.1596+/-  0.0000 kT, m* =   0.2822+/-  0.0015 m_e, Curv. =  -6.2477E+01+/-  2.4345E-01 kT A^2, orbit (1=e,-1=h):  1.0+/- 0.0
 Orbit copies found:   210, RUC avg coords: (  1.0000+/-  0.0000,  0.9999+/-  0.0009,  0.9999+/-  0.0018)
 
 Freq. =   0.4076+/-  0.0001 kT, m* =   0.4270+/-  0.0045 m_e, Curv. =   9.5681E+01+/-  1.5160E+00 kT A^2, orbit (1=e,-1=h):  1.0+/- 0.0
 Orbit copies found:   224, RUC avg coords: (  0.1745+/-  0.0000, -0.0004+/-  0.0009,  0.0000+/-  0.0019)
 
 Freq. =   0.4076+/-  0.0001 kT, m* =   0.4271+/-  0.0045 m_e, Curv. =   9.5643E+01+/-  1.6152E+00 kT A^2, orbit (1=e,-1=h):  1.0+/- 0.0
 Orbit copies found:   224, RUC avg coords: (  0.8255+/-  0.0000,  1.0003+/-  0.0010,  0.0006+/-  0.0020)
 
 Freq. =   0.4886+/-  0.0001 kT, m* =   0.5124+/-  0.0020 m_e, Curv. =  -1.2829E+02+/-  3.1663E+00 kT A^2, orbit (1=e,-1=h):  1.0+/- 0.0
 Orbit copies found:   224, RUC avg coords: (  0.8658+/-  0.0000,  1.0013+/-  0.0012, -0.0002+/-  0.0018)
