 Short results file generated by S.K.E.A.F. v1.3.0 r149
 
 XCrysDen FS filename: simulated.bxsf                                    
 Fermi energy:     0.011652 Ryd 
 Original     nx =   50  ny =   50  nz =   50   numkpoints =      125000
 New      numint =  100                       numkpoints =    62570773
 H-vector direction: r   Number of auto rotated angles =    10
 Theta =  90.000000 to  90.000000 degrees;  Phi =   0.000000 to  60.000000 degrees 
 Minimum extremal FS freq.:   0.0000 kT 
 Maximum fractional diff. between orbit freqs. for averaging:   0.010
 Maximum distance (fraction of RUC side length) between orbit avg. coords. for averaging:   0.050
 Extremal orbits near super-cell walls are REJECTED from the output.
 
 Started finding DOS on 25/ 4/2023 at 22:34:29.390
 
 Reciprocal Unit Cell volume =     3.875784 Angstroms^-3 (   63521199 k-points)   Vol of 1 k-point =  0.000000061016 Angstroms^-3
 Band electron (occupied) volume =     0.683322 Angstroms^-3 (   11199132 k-points), Roughly estimated number of electrons in this band** =   0.352611
 Band hole (unoccupied) volume =     3.192463 Angstroms^-3 (   52322067 k-points), Roughly estimated number of holes in this band** =   1.647389
 (E_F - E_bandminimum)/E_bandwidth =   0.111944
 **Either the estimated number of electrons (for an electron-like band) or holes (for a hole-like band) calculated above should be used. 
 
 Contribution of this band to the DOS(E_F) =   58.685 Angstroms^-3 Rydbergs^-1 per spin direction
 (i.e. # of states per volume per energy per spin direction, at the Fermi energy)
 
 DOS calculation took  0hr: 0min:40.261s
 
 Started main FS algorithm on 25/ 4/2023 at 22:35: 9.652
 
 ------------------------------ 
 ANGLE     1 of    10; theta =  90.000000, phi =   0.000000 degrees
 
 Predicted dHvA frequencies: 
 
 Freq. =   4.5574+/-  0.0000 kT, m* =   3.3393+/-  0.0000 m_e, Curv. =   1.9419E-11+/-  1.3455E-10 kT A^2, orbit (1=e,-1=h):  1.0+/- 0.0
 Orbit copies found:    59, RUC avg coords: (  0.5000+/-  0.0000,  0.5000+/-  0.0000,  0.0806+/-  0.0146)
 
 Freq. =   4.5574+/-  0.0000 kT, m* =   3.3393+/-  0.0000 m_e, Curv. =   1.0416E-11+/-  1.1035E-10 kT A^2, orbit (1=e,-1=h):  1.0+/- 0.0
 Orbit copies found:    55, RUC avg coords: (  0.5000+/-  0.0000,  0.5000+/-  0.0000,  0.7264+/-  0.0147)
 
 Freq. =   4.5574+/-  0.0000 kT, m* =   3.3393+/-  0.0000 m_e, Curv. =   3.4867E-13+/-  8.6789E-11 kT A^2, orbit (1=e,-1=h):  1.0+/- 0.0
 Orbit copies found:    53, RUC avg coords: (  0.5000+/-  0.0000,  0.5000+/-  0.0000,  0.5651+/-  0.0142)
 
 Freq. =   4.5574+/-  0.0000 kT, m* =   3.3393+/-  0.0000 m_e, Curv. =   4.6198E-11+/-  1.5813E-10 kT A^2, orbit (1=e,-1=h):  1.0+/- 0.0
 Orbit copies found:    30, RUC avg coords: (  0.5000+/-  0.0000,  0.5000+/-  0.0000,  0.9488+/-  0.0095)
 
 Freq. =   4.5574+/-  0.0000 kT, m* =   3.3393+/-  0.0000 m_e, Curv. =   8.7534E-12+/-  1.0691E-10 kT A^2, orbit (1=e,-1=h):  1.0+/- 0.0
 Orbit copies found:    57, RUC avg coords: (  0.5000+/-  0.0000,  0.5000+/-  0.0000,  0.8400+/-  0.0145)
 
 Freq. =   4.5574+/-  0.0000 kT, m* =   3.3393+/-  0.0000 m_e, Curv. =   1.0937E-11+/-  1.3490E-10 kT A^2, orbit (1=e,-1=h):  1.0+/- 0.0
 Orbit copies found:    49, RUC avg coords: (  0.5000+/-  0.0000,  0.5000+/-  0.0000,  0.4644+/-  0.0142)
 
 Freq. =   4.5574+/-  0.0000 kT, m* =   3.3393+/-  0.0000 m_e, Curv. =  -3.3263E-12+/-  1.0538E-10 kT A^2, orbit (1=e,-1=h):  1.0+/- 0.0
 Orbit copies found:    50, RUC avg coords: (  0.5000+/-  0.0000,  0.5000+/-  0.0000,  0.5141+/-  0.0153)
 
 Freq. =   4.5574+/-  0.0000 kT, m* =   3.3393+/-  0.0000 m_e, Curv. =  -9.7260E-13+/-  1.0879E-10 kT A^2, orbit (1=e,-1=h):  1.0+/- 0.0
 Orbit copies found:    57, RUC avg coords: (  0.5000+/-  0.0000,  0.5000+/-  0.0000,  0.1370+/-  0.0157)
 
 Freq. =   4.5574+/-  0.0000 kT, m* =   3.3393+/-  0.0000 m_e, Curv. =  -3.0339E-12+/-  1.0964E-10 kT A^2, orbit (1=e,-1=h):  1.0+/- 0.0
 Orbit copies found:    67, RUC avg coords: (  0.5000+/-  0.0000,  0.5000+/-  0.0000,  0.6199+/-  0.0166)
 
 Freq. =   4.5574+/-  0.0000 kT, m* =   3.3393+/-  0.0000 m_e, Curv. =   2.6027E-12+/-  1.3053E-10 kT A^2, orbit (1=e,-1=h):  1.0+/- 0.0
 Orbit copies found:    71, RUC avg coords: (  0.5000+/-  0.0000,  0.5000+/-  0.0000,  0.3594+/-  0.0175)
 
 Freq. =   4.5574+/-  0.0000 kT, m* =   3.3393+/-  0.0000 m_e, Curv. =  -1.0134E-11+/-  1.1753E-10 kT A^2, orbit (1=e,-1=h):  1.0+/- 0.0
 Orbit copies found:    62, RUC avg coords: (  0.5000+/-  0.0000,  0.5000+/-  0.0000,  0.3001+/-  0.0181)
 
 Freq. =   4.5574+/-  0.0000 kT, m* =   3.3393+/-  0.0000 m_e, Curv. =  -7.6466E-12+/-  1.5041E-10 kT A^2, orbit (1=e,-1=h):  1.0+/- 0.0
 Orbit copies found:    58, RUC avg coords: (  0.5000+/-  0.0000,  0.5000+/-  0.0000,  0.4157+/-  0.0146)
 
 Freq. =   4.5574+/-  0.0000 kT, m* =   3.3393+/-  0.0000 m_e, Curv. =  -7.7960E-12+/-  1.4203E-10 kT A^2, orbit (1=e,-1=h):  1.0+/- 0.0
 Orbit copies found:    64, RUC avg coords: (  0.5000+/-  0.0000,  0.5000+/-  0.0000,  0.7838+/-  0.0169)
 
 Freq. =   4.5574+/-  0.0000 kT, m* =   3.3393+/-  0.0000 m_e, Curv. =  -1.2203E-12+/-  1.3718E-10 kT A^2, orbit (1=e,-1=h):  1.0+/- 0.0
 Orbit copies found:   106, RUC avg coords: (  0.5000+/-  0.0000,  0.5000+/-  0.0000,  0.0084+/-  0.0261)
 
 Freq. =   4.5574+/-  0.0000 kT, m* =   3.3393+/-  0.0000 m_e, Curv. =   5.0669E-12+/-  1.2534E-10 kT A^2, orbit (1=e,-1=h):  1.0+/- 0.0
 Orbit copies found:    62, RUC avg coords: (  0.5000+/-  0.0000,  0.5000+/-  0.0000,  0.2421+/-  0.0144)
 
 Freq. =   4.5574+/-  0.0000 kT, m* =   3.3393+/-  0.0000 m_e, Curv. =  -1.3941E-11+/-  1.0771E-10 kT A^2, orbit (1=e,-1=h):  1.0+/- 0.0
 Orbit copies found:    57, RUC avg coords: (  0.5000+/-  0.0000,  0.5000+/-  0.0000,  0.1910+/-  0.0153)
 
 Freq. =   4.5574+/-  0.0000 kT, m* =   3.3393+/-  0.0000 m_e, Curv. =  -4.8630E-12+/-  1.1606E-10 kT A^2, orbit (1=e,-1=h):  1.0+/- 0.0
 Orbit copies found:    57, RUC avg coords: (  0.5000+/-  0.0000,  0.5000+/-  0.0000,  0.6766+/-  0.0151)
 
 Freq. =   4.5574+/-  0.0000 kT, m* =   3.3393+/-  0.0000 m_e, Curv. =  -9.5905E-12+/-  1.1185E-10 kT A^2, orbit (1=e,-1=h):  1.0+/- 0.0
 Orbit copies found:    79, RUC avg coords: (  0.5000+/-  0.0000,  0.5000+/-  0.0000,  0.8986+/-  0.0197)
 
 
 ------------------------------ 
 ANGLE     2 of    10; theta =  90.000000, phi =   6.666667 degrees
 
 Predicted dHvA frequencies: 
 
 Freq. =   4.5884+/-  0.0001 kT, m* =   3.3567+/-  0.0003 m_e, Curv. =  -2.5564E-02+/-  1.0596E-01 kT A^2, orbit (1=e,-1=h):  1.0+/- 0.0
 Orbit copies found:    40, RUC avg coords: (  0.5000+/-  0.0000,  0.5000+/-  0.0002,  0.7164+/-  0.0250)
 
 Freq. =   4.5885+/-  0.0001 kT, m* =   3.3566+/-  0.0003 m_e, Curv. =  -2.8738E-02+/-  1.0625E-01 kT A^2, orbit (1=e,-1=h):  1.0+/- 0.0
 Orbit copies found:    30, RUC avg coords: (  0.5000+/-  0.0000,  0.4999+/-  0.0001,  0.8828+/-  0.0186)
 
 Freq. =   4.5885+/-  0.0001 kT, m* =   3.3566+/-  0.0003 m_e, Curv. =  -3.7173E-02+/-  1.0707E-01 kT A^2, orbit (1=e,-1=h):  1.0+/- 0.0
 Orbit copies found:    44, RUC avg coords: (  0.5000+/-  0.0000,  0.5000+/-  0.0002,  0.1658+/-  0.0247)
 
 Freq. =   4.5885+/-  0.0001 kT, m* =   3.3566+/-  0.0003 m_e, Curv. =  -3.7014E-02+/-  1.0700E-01 kT A^2, orbit (1=e,-1=h):  1.0+/- 0.0
 Orbit copies found:    44, RUC avg coords: (  0.5000+/-  0.0000,  0.5000+/-  0.0002,  0.8066+/-  0.0254)
 
 Freq. =   4.5885+/-  0.0001 kT, m* =   3.3566+/-  0.0003 m_e, Curv. =  -3.7052E-02+/-  1.0770E-01 kT A^2, orbit (1=e,-1=h):  1.0+/- 0.0
 Orbit copies found:    32, RUC avg coords: (  0.5000+/-  0.0000,  0.5000+/-  0.0002,  0.4162+/-  0.0212)
 
 Freq. =   4.5885+/-  0.0001 kT, m* =   3.3566+/-  0.0003 m_e, Curv. =  -3.6449E-02+/-  1.0672E-01 kT A^2, orbit (1=e,-1=h):  1.0+/- 0.0
 Orbit copies found:    40, RUC avg coords: (  0.5000+/-  0.0000,  0.5000+/-  0.0002,  0.5447+/-  0.0237)
 
 Freq. =   4.5885+/-  0.0001 kT, m* =   3.3566+/-  0.0003 m_e, Curv. =  -3.5920E-02+/-  1.0701E-01 kT A^2, orbit (1=e,-1=h):  1.0+/- 0.0
 Orbit copies found:    24, RUC avg coords: (  0.5000+/-  0.0000,  0.5001+/-  0.0001,  0.4775+/-  0.0151)
 
 Freq. =   4.5885+/-  0.0001 kT, m* =   3.3566+/-  0.0003 m_e, Curv. =  -3.6485E-02+/-  1.0668E-01 kT A^2, orbit (1=e,-1=h):  1.0+/- 0.0
 Orbit copies found:    44, RUC avg coords: (  0.5000+/-  0.0000,  0.5000+/-  0.0002,  0.9645+/-  0.0286)
 
 Freq. =   4.5885+/-  0.0001 kT, m* =   3.3566+/-  0.0003 m_e, Curv. =  -3.6286E-02+/-  1.0660E-01 kT A^2, orbit (1=e,-1=h):  1.0+/- 0.0
 Orbit copies found:    44, RUC avg coords: (  0.5000+/-  0.0000,  0.5000+/-  0.0002,  0.2523+/-  0.0252)
 
 Freq. =   4.5885+/-  0.0001 kT, m* =   3.3566+/-  0.0003 m_e, Curv. =  -3.6105E-02+/-  1.0625E-01 kT A^2, orbit (1=e,-1=h):  1.0+/- 0.0
 Orbit copies found:    48, RUC avg coords: (  0.5000+/-  0.0000,  0.4999+/-  0.0002,  0.0734+/-  0.0277)
 
 Freq. =   4.5885+/-  0.0001 kT, m* =   3.3566+/-  0.0003 m_e, Curv. =  -4.1625E-02+/-  1.0684E-01 kT A^2, orbit (1=e,-1=h):  1.0+/- 0.0
 Orbit copies found:    46, RUC avg coords: (  0.5000+/-  0.0000,  0.5000+/-  0.0002,  0.6299+/-  0.0259)
 
 Freq. =   4.5885+/-  0.0001 kT, m* =   3.3566+/-  0.0003 m_e, Curv. =  -4.1702E-02+/-  1.0660E-01 kT A^2, orbit (1=e,-1=h):  1.0+/- 0.0
 Orbit copies found:    42, RUC avg coords: (  0.5000+/-  0.0000,  0.5000+/-  0.0002,  0.3378+/-  0.0239)
 
 Freq. =   4.5885+/-  0.0001 kT, m* =   3.3566+/-  0.0003 m_e, Curv. =  -7.4028E-02+/-  1.1029E-01 kT A^2, orbit (1=e,-1=h):  1.0+/- 0.0
 Orbit copies found:     6, RUC avg coords: (  0.5000+/-  0.0000,  0.5001+/-  0.0001,  0.0173+/-  0.0017)
 
 
 ------------------------------ 
 ANGLE     3 of    10; theta =  90.000000, phi =  13.333333 degrees
 
 Predicted dHvA frequencies: 
 
 Freq. =   4.6837+/-  0.0000 kT, m* =   3.4267+/-  0.0006 m_e, Curv. =  -6.2891E-02+/-  3.5872E-01 kT A^2, orbit (1=e,-1=h):  1.0+/- 0.0
 Orbit copies found:    64, RUC avg coords: (  0.5000+/-  0.0000,  0.4999+/-  0.0006,  0.6171+/-  0.0180)
 
 Freq. =   4.6837+/-  0.0000 kT, m* =   3.4270+/-  0.0007 m_e, Curv. =  -5.4448E-02+/-  3.3904E-01 kT A^2, orbit (1=e,-1=h):  1.0+/- 0.0
 Orbit copies found:    62, RUC avg coords: (  0.5000+/-  0.0000,  0.5002+/-  0.0008,  0.4829+/-  0.0179)
 
 Freq. =   4.6837+/-  0.0000 kT, m* =   3.4270+/-  0.0008 m_e, Curv. =  -6.3084E-02+/-  3.3639E-01 kT A^2, orbit (1=e,-1=h):  1.0+/- 0.0
 Orbit copies found:    88, RUC avg coords: (  0.5000+/-  0.0000,  0.4999+/-  0.0009,  0.8662+/-  0.0283)
 
 Freq. =   4.6837+/-  0.0001 kT, m* =   3.4264+/-  0.0002 m_e, Curv. =  -8.9122E-02+/-  3.8164E-01 kT A^2, orbit (1=e,-1=h):  1.0+/- 0.0
 Orbit copies found:    76, RUC avg coords: (  0.5000+/-  0.0000,  0.5001+/-  0.0002,  0.5504+/-  0.0209)
 
 Freq. =   4.6837+/-  0.0000 kT, m* =   3.4266+/-  0.0005 m_e, Curv. =  -7.7303E-02+/-  3.6199E-01 kT A^2, orbit (1=e,-1=h):  1.0+/- 0.0
 Orbit copies found:    66, RUC avg coords: (  0.5000+/-  0.0000,  0.5001+/-  0.0005,  0.3073+/-  0.0174)
 
 Freq. =   4.6837+/-  0.0000 kT, m* =   3.4267+/-  0.0007 m_e, Curv. =  -7.7918E-02+/-  3.5915E-01 kT A^2, orbit (1=e,-1=h):  1.0+/- 0.0
 Orbit copies found:   106, RUC avg coords: (  0.5000+/-  0.0000,  0.5001+/-  0.0006,  0.1124+/-  0.0294)
 
 Freq. =   4.6837+/-  0.0000 kT, m* =   3.4269+/-  0.0007 m_e, Curv. =  -6.7493E-02+/-  3.4162E-01 kT A^2, orbit (1=e,-1=h):  1.0+/- 0.0
 Orbit copies found:    64, RUC avg coords: (  0.5000+/-  0.0000,  0.4999+/-  0.0008,  0.2456+/-  0.0179)
 
 Freq. =   4.6837+/-  0.0000 kT, m* =   3.4269+/-  0.0004 m_e, Curv. =  -6.9457E-02+/-  3.4506E-01 kT A^2, orbit (1=e,-1=h):  1.0+/- 0.0
 Orbit copies found:    24, RUC avg coords: (  0.5000+/-  0.0000,  0.4998+/-  0.0004,  0.0419+/-  0.0080)
 
 Freq. =   4.6837+/-  0.0000 kT, m* =   3.4270+/-  0.0007 m_e, Curv. =  -7.6543E-02+/-  3.3965E-01 kT A^2, orbit (1=e,-1=h):  1.0+/- 0.0
 Orbit copies found:    62, RUC avg coords: (  0.5000+/-  0.0000,  0.5002+/-  0.0008,  0.6803+/-  0.0183)
 
 Freq. =   4.6837+/-  0.0001 kT, m* =   3.4264+/-  0.0002 m_e, Curv. =  -1.0403E-01+/-  3.7844E-01 kT A^2, orbit (1=e,-1=h):  1.0+/- 0.0
 Orbit copies found:    56, RUC avg coords: (  0.5000+/-  0.0000,  0.5001+/-  0.0002,  0.9391+/-  0.0154)
 
 Freq. =   4.6837+/-  0.0001 kT, m* =   3.4264+/-  0.0002 m_e, Curv. =  -1.0652E-01+/-  3.8066E-01 kT A^2, orbit (1=e,-1=h):  1.0+/- 0.0
 Orbit copies found:    64, RUC avg coords: (  0.5000+/-  0.0000,  0.5001+/-  0.0002,  0.7433+/-  0.0190)
 
 Freq. =   4.6837+/-  0.0001 kT, m* =   3.4264+/-  0.0003 m_e, Curv. =  -1.0608E-01+/-  3.8046E-01 kT A^2, orbit (1=e,-1=h):  1.0+/- 0.0
 Orbit copies found:    60, RUC avg coords: (  0.5000+/-  0.0000,  0.5000+/-  0.0002,  0.3629+/-  0.0151)
 
 Freq. =   4.6837+/-  0.0001 kT, m* =   3.4266+/-  0.0006 m_e, Curv. =  -1.0549E-01+/-  3.6914E-01 kT A^2, orbit (1=e,-1=h):  1.0+/- 0.0
 Orbit copies found:    62, RUC avg coords: (  0.5000+/-  0.0000,  0.5000+/-  0.0006,  0.1873+/-  0.0155)
 
 Freq. =   4.6837+/-  0.0001 kT, m* =   3.4266+/-  0.0005 m_e, Curv. =  -1.0857E-01+/-  3.7067E-01 kT A^2, orbit (1=e,-1=h):  1.0+/- 0.0
 Orbit copies found:    58, RUC avg coords: (  0.5000+/-  0.0000,  0.4999+/-  0.0004,  0.9973+/-  0.0181)
 
 Freq. =   4.6837+/-  0.0000 kT, m* =   3.4268+/-  0.0006 m_e, Curv. =  -9.8845E-02+/-  3.5208E-01 kT A^2, orbit (1=e,-1=h):  1.0+/- 0.0
 Orbit copies found:    68, RUC avg coords: (  0.5000+/-  0.0000,  0.4998+/-  0.0006,  0.4198+/-  0.0183)
 
 Freq. =   4.6837+/-  0.0001 kT, m* =   3.4265+/-  0.0003 m_e, Curv. =  -1.1797E-01+/-  3.7352E-01 kT A^2, orbit (1=e,-1=h):  1.0+/- 0.0
 Orbit copies found:    38, RUC avg coords: (  0.5000+/-  0.0000,  0.4998+/-  0.0002,  0.7962+/-  0.0115)
 
 
 ------------------------------ 
 ANGLE     4 of    10; theta =  90.000000, phi =  20.000000 degrees
 
 Predicted dHvA frequencies: 
 
 Freq. =   4.8501+/-  0.0000 kT, m* =   3.5487+/-  0.0021 m_e, Curv. =   2.9612E-02+/-  2.8373E-01 kT A^2, orbit (1=e,-1=h):  1.0+/- 0.0
 Orbit copies found:    78, RUC avg coords: (  0.5000+/-  0.0000,  0.5001+/-  0.0013,  0.3135+/-  0.0156)
 
 Freq. =   4.8501+/-  0.0000 kT, m* =   3.5487+/-  0.0020 m_e, Curv. =   2.4997E-02+/-  2.8139E-01 kT A^2, orbit (1=e,-1=h):  1.0+/- 0.0
 Orbit copies found:    80, RUC avg coords: (  0.5000+/-  0.0000,  0.4999+/-  0.0013,  0.9589+/-  0.0160)
 
 Freq. =   4.8501+/-  0.0000 kT, m* =   3.5487+/-  0.0020 m_e, Curv. =   2.4625E-02+/-  2.8481E-01 kT A^2, orbit (1=e,-1=h):  1.0+/- 0.0
 Orbit copies found:    72, RUC avg coords: (  0.5000+/-  0.0000,  0.5000+/-  0.0013,  0.8402+/-  0.0160)
 
 Freq. =   4.8501+/-  0.0000 kT, m* =   3.5487+/-  0.0021 m_e, Curv. =   2.0793E-02+/-  2.7892E-01 kT A^2, orbit (1=e,-1=h):  1.0+/- 0.0
 Orbit copies found:    80, RUC avg coords: (  0.5000+/-  0.0000,  0.5002+/-  0.0012,  0.5506+/-  0.0157)
 
 Freq. =   4.8501+/-  0.0000 kT, m* =   3.5488+/-  0.0022 m_e, Curv. =   1.9494E-02+/-  2.7761E-01 kT A^2, orbit (1=e,-1=h):  1.0+/- 0.0
 Orbit copies found:    74, RUC avg coords: (  0.5000+/-  0.0000,  0.5002+/-  0.0012,  0.7864+/-  0.0158)
 
 Freq. =   4.8501+/-  0.0000 kT, m* =   3.5488+/-  0.0021 m_e, Curv. =   1.9556E-02+/-  2.7838E-01 kT A^2, orbit (1=e,-1=h):  1.0+/- 0.0
 Orbit copies found:    72, RUC avg coords: (  0.5000+/-  0.0000,  0.5003+/-  0.0012,  0.6688+/-  0.0155)
 
 Freq. =   4.8501+/-  0.0000 kT, m* =   3.5488+/-  0.0021 m_e, Curv. =   1.9496E-02+/-  2.8062E-01 kT A^2, orbit (1=e,-1=h):  1.0+/- 0.0
 Orbit copies found:    88, RUC avg coords: (  0.5000+/-  0.0000,  0.5000+/-  0.0013,  0.4322+/-  0.0158)
 
 Freq. =   4.8501+/-  0.0000 kT, m* =   3.5491+/-  0.0024 m_e, Curv. =  -5.6819E-03+/-  2.7777E-01 kT A^2, orbit (1=e,-1=h):  1.0+/- 0.0
 Orbit copies found:    88, RUC avg coords: (  0.5000+/-  0.0000,  0.5000+/-  0.0012,  0.2604+/-  0.0155)
 
 Freq. =   4.8501+/-  0.0000 kT, m* =   3.5490+/-  0.0023 m_e, Curv. =  -7.3702E-03+/-  2.7742E-01 kT A^2, orbit (1=e,-1=h):  1.0+/- 0.0
 Orbit copies found:   158, RUC avg coords: (  0.5000+/-  0.0000,  0.4999+/-  0.0012,  0.1311+/-  0.0284)
 
 Freq. =   4.8501+/-  0.0000 kT, m* =   3.5490+/-  0.0021 m_e, Curv. =  -1.0757E-02+/-  2.9125E-01 kT A^2, orbit (1=e,-1=h):  1.0+/- 0.0
 Orbit copies found:    44, RUC avg coords: (  0.5000+/-  0.0000,  0.4999+/-  0.0014,  0.0644+/-  0.0083)
 
 Freq. =   4.8501+/-  0.0000 kT, m* =   3.5490+/-  0.0020 m_e, Curv. =  -2.7135E-02+/-  2.7689E-01 kT A^2, orbit (1=e,-1=h):  1.0+/- 0.0
 Orbit copies found:    86, RUC avg coords: (  0.5000+/-  0.0000,  0.5001+/-  0.0014,  0.2067+/-  0.0155)
 
 Freq. =   4.8501+/-  0.0000 kT, m* =   3.5492+/-  0.0023 m_e, Curv. =  -3.3727E-02+/-  2.7943E-01 kT A^2, orbit (1=e,-1=h):  1.0+/- 0.0
 Orbit copies found:    88, RUC avg coords: (  0.5000+/-  0.0000,  0.4999+/-  0.0013,  0.7284+/-  0.0190)
 
 Freq. =   4.8501+/-  0.0000 kT, m* =   3.5492+/-  0.0023 m_e, Curv. =  -3.4310E-02+/-  2.7687E-01 kT A^2, orbit (1=e,-1=h):  1.0+/- 0.0
 Orbit copies found:   104, RUC avg coords: (  0.5000+/-  0.0000,  0.5001+/-  0.0013,  0.4916+/-  0.0187)
 
 Freq. =   4.8501+/-  0.0000 kT, m* =   3.5492+/-  0.0023 m_e, Curv. =  -3.4716E-02+/-  2.7823E-01 kT A^2, orbit (1=e,-1=h):  1.0+/- 0.0
 Orbit copies found:    96, RUC avg coords: (  0.5000+/-  0.0000,  0.5000+/-  0.0013,  0.6101+/-  0.0186)
 
 Freq. =   4.8501+/-  0.0000 kT, m* =   3.5493+/-  0.0024 m_e, Curv. =  -3.7903E-02+/-  2.7502E-01 kT A^2, orbit (1=e,-1=h):  1.0+/- 0.0
 Orbit copies found:    96, RUC avg coords: (  0.5000+/-  0.0000,  0.5001+/-  0.0012,  0.8998+/-  0.0186)
 
 Freq. =   4.8501+/-  0.0000 kT, m* =   3.5493+/-  0.0024 m_e, Curv. =  -3.8229E-02+/-  2.7511E-01 kT A^2, orbit (1=e,-1=h):  1.0+/- 0.0
 Orbit copies found:    96, RUC avg coords: (  0.5000+/-  0.0000,  0.5001+/-  0.0012,  0.0178+/-  0.0189)
 
 Freq. =   4.8501+/-  0.0000 kT, m* =   3.5493+/-  0.0023 m_e, Curv. =  -4.0434E-02+/-  2.7272E-01 kT A^2, orbit (1=e,-1=h):  1.0+/- 0.0
 Orbit copies found:    98, RUC avg coords: (  0.5000+/-  0.0000,  0.5000+/-  0.0012,  0.3732+/-  0.0190)
 
 
 ------------------------------ 
 ANGLE     5 of    10; theta =  90.000000, phi =  26.666667 degrees
 
 Predicted dHvA frequencies: 
 
 Freq. =   5.1002+/-  0.0000 kT, m* =   3.7320+/-  0.0014 m_e, Curv. =   8.2843E-02+/-  3.6822E-01 kT A^2, orbit (1=e,-1=h):  1.0+/- 0.0
 Orbit copies found:   104, RUC avg coords: (  0.5000+/-  0.0000,  0.4998+/-  0.0007,  0.6170+/-  0.0168)
 
 Freq. =   5.1002+/-  0.0000 kT, m* =   3.7319+/-  0.0014 m_e, Curv. =   6.7451E-02+/-  3.8359E-01 kT A^2, orbit (1=e,-1=h):  1.0+/- 0.0
 Orbit copies found:   108, RUC avg coords: (  0.5000+/-  0.0000,  0.4999+/-  0.0007,  0.5033+/-  0.0162)
 
 Freq. =   5.1002+/-  0.0000 kT, m* =   3.7319+/-  0.0014 m_e, Curv. =   6.9080E-02+/-  3.6767E-01 kT A^2, orbit (1=e,-1=h):  1.0+/- 0.0
 Orbit copies found:   116, RUC avg coords: (  0.5000+/-  0.0000,  0.4999+/-  0.0007,  0.7306+/-  0.0162)
 
 Freq. =   5.1002+/-  0.0000 kT, m* =   3.7319+/-  0.0014 m_e, Curv. =   6.1467E-02+/-  3.8481E-01 kT A^2, orbit (1=e,-1=h):  1.0+/- 0.0
 Orbit copies found:   108, RUC avg coords: (  0.5000+/-  0.0000,  0.5002+/-  0.0007,  0.3901+/-  0.0161)
 
 Freq. =   5.1002+/-  0.0000 kT, m* =   3.7320+/-  0.0014 m_e, Curv. =   6.4946E-02+/-  3.6402E-01 kT A^2, orbit (1=e,-1=h):  1.0+/- 0.0
 Orbit copies found:    98, RUC avg coords: (  0.5000+/-  0.0000,  0.5000+/-  0.0007,  0.8427+/-  0.0163)
 
 Freq. =   5.1002+/-  0.0000 kT, m* =   3.7318+/-  0.0014 m_e, Curv. =   5.4226E-02+/-  3.8451E-01 kT A^2, orbit (1=e,-1=h):  1.0+/- 0.0
 Orbit copies found:   110, RUC avg coords: (  0.5000+/-  0.0000,  0.5002+/-  0.0007,  0.2776+/-  0.0163)
 
 Freq. =   5.1002+/-  0.0000 kT, m* =   3.7319+/-  0.0013 m_e, Curv. =   5.9785E-02+/-  3.6583E-01 kT A^2, orbit (1=e,-1=h):  1.0+/- 0.0
 Orbit copies found:   100, RUC avg coords: (  0.5000+/-  0.0000,  0.4998+/-  0.0007,  0.9562+/-  0.0163)
 
 Freq. =   5.1002+/-  0.0000 kT, m* =   3.7316+/-  0.0014 m_e, Curv. =   2.8092E-02+/-  3.8904E-01 kT A^2, orbit (1=e,-1=h):  1.0+/- 0.0
 Orbit copies found:   182, RUC avg coords: (  0.5000+/-  0.0000,  0.5000+/-  0.0007,  0.1446+/-  0.0290)
 
 Freq. =   5.1002+/-  0.0000 kT, m* =   3.7317+/-  0.0014 m_e, Curv. =   8.7606E-03+/-  3.6325E-01 kT A^2, orbit (1=e,-1=h):  1.0+/- 0.0
 Orbit copies found:    90, RUC avg coords: (  0.5000+/-  0.0000,  0.4999+/-  0.0007,  0.0664+/-  0.0147)
 
 Freq. =   5.1002+/-  0.0000 kT, m* =   3.7314+/-  0.0015 m_e, Curv. =  -5.1054E-02+/-  3.8589E-01 kT A^2, orbit (1=e,-1=h):  1.0+/- 0.0
 Orbit copies found:   110, RUC avg coords: (  0.5000+/-  0.0000,  0.5001+/-  0.0007,  0.2211+/-  0.0163)
 
 Freq. =   5.1002+/-  0.0000 kT, m* =   3.7315+/-  0.0015 m_e, Curv. =  -5.7315E-02+/-  3.8288E-01 kT A^2, orbit (1=e,-1=h):  1.0+/- 0.0
 Orbit copies found:   110, RUC avg coords: (  0.5000+/-  0.0000,  0.5002+/-  0.0007,  0.3340+/-  0.0163)
 
 Freq. =   5.1002+/-  0.0000 kT, m* =   3.7315+/-  0.0014 m_e, Curv. =  -5.7563E-02+/-  3.6905E-01 kT A^2, orbit (1=e,-1=h):  1.0+/- 0.0
 Orbit copies found:   100, RUC avg coords: (  0.5000+/-  0.0000,  0.4999+/-  0.0007,  1.0127+/-  0.0163)
 
 Freq. =   5.1002+/-  0.0000 kT, m* =   3.7315+/-  0.0014 m_e, Curv. =  -5.7027E-02+/-  3.6802E-01 kT A^2, orbit (1=e,-1=h):  1.0+/- 0.0
 Orbit copies found:   114, RUC avg coords: (  0.5000+/-  0.0000,  0.5000+/-  0.0007,  0.7853+/-  0.0160)
 
 Freq. =   5.1002+/-  0.0000 kT, m* =   3.7315+/-  0.0016 m_e, Curv. =  -6.4584E-02+/-  3.8377E-01 kT A^2, orbit (1=e,-1=h):  1.0+/- 0.0
 Orbit copies found:   108, RUC avg coords: (  0.5000+/-  0.0000,  0.5001+/-  0.0007,  0.4467+/-  0.0162)
 
 Freq. =   5.1002+/-  0.0000 kT, m* =   3.7314+/-  0.0015 m_e, Curv. =  -6.8648E-02+/-  3.8081E-01 kT A^2, orbit (1=e,-1=h):  1.0+/- 0.0
 Orbit copies found:   110, RUC avg coords: (  0.5000+/-  0.0000,  0.4998+/-  0.0007,  0.5603+/-  0.0164)
 
 Freq. =   5.1002+/-  0.0000 kT, m* =   3.7315+/-  0.0015 m_e, Curv. =  -6.1865E-02+/-  3.6281E-01 kT A^2, orbit (1=e,-1=h):  1.0+/- 0.0
 Orbit copies found:   100, RUC avg coords: (  0.5000+/-  0.0000,  0.4998+/-  0.0007,  0.8997+/-  0.0163)
 
 Freq. =   5.1002+/-  0.0000 kT, m* =   3.7314+/-  0.0014 m_e, Curv. =  -7.0458E-02+/-  3.7432E-01 kT A^2, orbit (1=e,-1=h):  1.0+/- 0.0
 Orbit copies found:   110, RUC avg coords: (  0.5000+/-  0.0000,  0.4998+/-  0.0007,  0.6737+/-  0.0163)
 
 
 ------------------------------ 
 ANGLE     6 of    10; theta =  90.000000, phi =  33.333333 degrees
 
 Predicted dHvA frequencies: 
 
 Freq. =   5.4553+/-  0.0000 kT, m* =   3.9914+/-  0.0009 m_e, Curv. =   2.3661E-02+/-  3.8777E-01 kT A^2, orbit (1=e,-1=h):  1.0+/- 0.0
 Orbit copies found:    58, RUC avg coords: (  0.5000+/-  0.0000,  0.5003+/-  0.0011,  0.9516+/-  0.0162)
 
 Freq. =   5.4553+/-  0.0000 kT, m* =   3.9914+/-  0.0009 m_e, Curv. =   1.2868E-02+/-  4.0755E-01 kT A^2, orbit (1=e,-1=h):  1.0+/- 0.0
 Orbit copies found:    66, RUC avg coords: (  0.5000+/-  0.0000,  0.5004+/-  0.0010,  0.3817+/-  0.0169)
 
 Freq. =   5.4553+/-  0.0000 kT, m* =   3.9915+/-  0.0010 m_e, Curv. =  -4.1933E-03+/-  4.0242E-01 kT A^2, orbit (1=e,-1=h):  1.0+/- 0.0
 Orbit copies found:    66, RUC avg coords: (  0.5000+/-  0.0000,  0.4999+/-  0.0012,  1.0122+/-  0.0186)
 
 Freq. =   5.4553+/-  0.0000 kT, m* =   3.9914+/-  0.0009 m_e, Curv. =  -1.2039E-02+/-  4.0176E-01 kT A^2, orbit (1=e,-1=h):  1.0+/- 0.0
 Orbit copies found:    90, RUC avg coords: (  0.5000+/-  0.0000,  0.5000+/-  0.0011,  0.5099+/-  0.0208)
 
 Freq. =   5.4553+/-  0.0000 kT, m* =   3.9913+/-  0.0008 m_e, Curv. =  -1.1042E-02+/-  4.1004E-01 kT A^2, orbit (1=e,-1=h):  1.0+/- 0.0
 Orbit copies found:    70, RUC avg coords: (  0.5000+/-  0.0000,  0.4997+/-  0.0009,  0.6361+/-  0.0163)
 
 Freq. =   5.4553+/-  0.0000 kT, m* =   3.9914+/-  0.0009 m_e, Curv. =  -2.4134E-02+/-  4.0569E-01 kT A^2, orbit (1=e,-1=h):  1.0+/- 0.0
 Orbit copies found:    80, RUC avg coords: (  0.5000+/-  0.0000,  0.5000+/-  0.0011,  0.5782+/-  0.0179)
 
 Freq. =   5.4553+/-  0.0000 kT, m* =   3.9913+/-  0.0008 m_e, Curv. =  -2.4047E-02+/-  4.0610E-01 kT A^2, orbit (1=e,-1=h):  1.0+/- 0.0
 Orbit copies found:    66, RUC avg coords: (  0.5000+/-  0.0000,  0.4999+/-  0.0010,  0.0756+/-  0.0174)
 
 Freq. =   5.4553+/-  0.0000 kT, m* =   3.9913+/-  0.0008 m_e, Curv. =  -3.4770E-02+/-  4.1681E-01 kT A^2, orbit (1=e,-1=h):  1.0+/- 0.0
 Orbit copies found:    68, RUC avg coords: (  0.5000+/-  0.0000,  0.5004+/-  0.0009,  0.8404+/-  0.0174)
 
 Freq. =   5.4553+/-  0.0000 kT, m* =   3.9915+/-  0.0009 m_e, Curv. =  -4.4178E-02+/-  4.0707E-01 kT A^2, orbit (1=e,-1=h):  1.0+/- 0.0
 Orbit copies found:    70, RUC avg coords: (  0.5000+/-  0.0000,  0.5001+/-  0.0011,  0.4416+/-  0.0183)
 
 Freq. =   5.4553+/-  0.0000 kT, m* =   3.9913+/-  0.0008 m_e, Curv. =  -3.6616E-02+/-  4.2210E-01 kT A^2, orbit (1=e,-1=h):  1.0+/- 0.0
 Orbit copies found:   134, RUC avg coords: (  0.5000+/-  0.0000,  0.4997+/-  0.0010,  0.1569+/-  0.0293)
 
 Freq. =   5.4553+/-  0.0000 kT, m* =   3.9913+/-  0.0008 m_e, Curv. =  -4.2885E-02+/-  4.1779E-01 kT A^2, orbit (1=e,-1=h):  1.0+/- 0.0
 Orbit copies found:    62, RUC avg coords: (  0.5000+/-  0.0000,  0.5000+/-  0.0009,  0.8970+/-  0.0160)
 
 Freq. =   5.4553+/-  0.0000 kT, m* =   3.9912+/-  0.0007 m_e, Curv. =  -4.5143E-02+/-  4.2746E-01 kT A^2, orbit (1=e,-1=h):  1.0+/- 0.0
 Orbit copies found:    94, RUC avg coords: (  0.5000+/-  0.0000,  0.4997+/-  0.0008,  0.7024+/-  0.0214)
 
 Freq. =   5.4553+/-  0.0000 kT, m* =   3.9913+/-  0.0008 m_e, Curv. =  -5.3929E-02+/-  4.3189E-01 kT A^2, orbit (1=e,-1=h):  1.0+/- 0.0
 Orbit copies found:    88, RUC avg coords: (  0.5000+/-  0.0000,  0.5001+/-  0.0009,  0.3169+/-  0.0200)
 
 Freq. =   5.4553+/-  0.0000 kT, m* =   3.9912+/-  0.0007 m_e, Curv. =  -5.3199E-02+/-  4.3034E-01 kT A^2, orbit (1=e,-1=h):  1.0+/- 0.0
 Orbit copies found:   102, RUC avg coords: (  0.5000+/-  0.0000,  0.5000+/-  0.0008,  0.2441+/-  0.0214)
 
 Freq. =   5.4553+/-  0.0000 kT, m* =   3.9913+/-  0.0008 m_e, Curv. =  -6.2702E-02+/-  4.3880E-01 kT A^2, orbit (1=e,-1=h):  1.0+/- 0.0
 Orbit copies found:    90, RUC avg coords: (  0.5000+/-  0.0000,  0.5000+/-  0.0009,  0.7764+/-  0.0208)
 
 
 ------------------------------ 
 ANGLE     7 of    10; theta =  90.000000, phi =  40.000000 degrees
 
 Predicted dHvA frequencies: 
 
 Freq. =   5.9500+/-  0.0000 kT, m* =   4.3525+/-  0.0002 m_e, Curv. =  -2.5605E-02+/-  1.3540E-01 kT A^2, orbit (1=e,-1=h):  1.0+/- 0.0
 Orbit copies found:    42, RUC avg coords: (  0.5000+/-  0.0000,  0.5000+/-  0.0002,  0.1529+/-  0.0294)
 
 Freq. =   5.9500+/-  0.0000 kT, m* =   4.3525+/-  0.0002 m_e, Curv. =  -3.4846E-02+/-  1.3424E-01 kT A^2, orbit (1=e,-1=h):  1.0+/- 0.0
 Orbit copies found:    34, RUC avg coords: (  0.5000+/-  0.0000,  0.5000+/-  0.0002,  0.3005+/-  0.0200)
 
 Freq. =   5.9500+/-  0.0000 kT, m* =   4.3525+/-  0.0002 m_e, Curv. =  -3.7026E-02+/-  1.3434E-01 kT A^2, orbit (1=e,-1=h):  1.0+/- 0.0
 Orbit copies found:    46, RUC avg coords: (  0.5000+/-  0.0000,  0.5000+/-  0.0002,  0.9251+/-  0.0273)
 
 Freq. =   5.9500+/-  0.0000 kT, m* =   4.3525+/-  0.0002 m_e, Curv. =  -4.1676E-02+/-  1.3353E-01 kT A^2, orbit (1=e,-1=h):  1.0+/- 0.0
 Orbit copies found:    44, RUC avg coords: (  0.5000+/-  0.0000,  0.5000+/-  0.0002,  0.5326+/-  0.0239)
 
 Freq. =   5.9500+/-  0.0000 kT, m* =   4.3525+/-  0.0002 m_e, Curv. =  -4.2817E-02+/-  1.3567E-01 kT A^2, orbit (1=e,-1=h):  1.0+/- 0.0
 Orbit copies found:    28, RUC avg coords: (  0.5000+/-  0.0000,  0.5000+/-  0.0002,  0.8490+/-  0.0163)
 
 Freq. =   5.9500+/-  0.0000 kT, m* =   4.3525+/-  0.0002 m_e, Curv. =  -4.1737E-02+/-  1.3385E-01 kT A^2, orbit (1=e,-1=h):  1.0+/- 0.0
 Orbit copies found:    32, RUC avg coords: (  0.5000+/-  0.0000,  0.4999+/-  0.0002,  0.0102+/-  0.0246)
 
 Freq. =   5.9500+/-  0.0000 kT, m* =   4.3525+/-  0.0002 m_e, Curv. =  -4.2355E-02+/-  1.3385E-01 kT A^2, orbit (1=e,-1=h):  1.0+/- 0.0
 Orbit copies found:    48, RUC avg coords: (  0.5000+/-  0.0000,  0.5000+/-  0.0002,  0.6189+/-  0.0264)
 
 Freq. =   5.9500+/-  0.0000 kT, m* =   4.3525+/-  0.0002 m_e, Curv. =  -4.4466E-02+/-  1.3651E-01 kT A^2, orbit (1=e,-1=h):  1.0+/- 0.0
 Orbit copies found:    44, RUC avg coords: (  0.5000+/-  0.0000,  0.5000+/-  0.0002,  0.7802+/-  0.0221)
 
 Freq. =   5.9500+/-  0.0000 kT, m* =   4.3525+/-  0.0002 m_e, Curv. =  -4.4494E-02+/-  1.3659E-01 kT A^2, orbit (1=e,-1=h):  1.0+/- 0.0
 Orbit copies found:    40, RUC avg coords: (  0.5000+/-  0.0000,  0.5000+/-  0.0002,  0.4530+/-  0.0233)
 
 Freq. =   5.9500+/-  0.0000 kT, m* =   4.3525+/-  0.0002 m_e, Curv. =  -4.7852E-02+/-  1.3383E-01 kT A^2, orbit (1=e,-1=h):  1.0+/- 0.0
 Orbit copies found:    46, RUC avg coords: (  0.5000+/-  0.0000,  0.5000+/-  0.0002,  0.7035+/-  0.0220)
 
 Freq. =   5.9500+/-  0.0000 kT, m* =   4.3525+/-  0.0002 m_e, Curv. =  -5.1055E-02+/-  1.3652E-01 kT A^2, orbit (1=e,-1=h):  1.0+/- 0.0
 Orbit copies found:    38, RUC avg coords: (  0.5000+/-  0.0000,  0.5000+/-  0.0002,  0.3741+/-  0.0230)
 
 Freq. =   5.9500+/-  0.0000 kT, m* =   4.3526+/-  0.0002 m_e, Curv. =  -5.1640E-02+/-  1.3263E-01 kT A^2, orbit (1=e,-1=h):  1.0+/- 0.0
 Orbit copies found:    22, RUC avg coords: (  0.5000+/-  0.0000,  0.5000+/-  0.0002,  0.2312+/-  0.0158)
 
 Freq. =   5.9500+/-  0.0000 kT, m* =   4.3525+/-  0.0002 m_e, Curv. =  -9.5525E-02+/-  1.2524E-01 kT A^2, orbit (1=e,-1=h):  1.0+/- 0.0
 Orbit copies found:    20, RUC avg coords: (  0.5000+/-  0.0000,  0.5000+/-  0.0002,  0.0769+/-  0.0145)
 
 
 ------------------------------ 
 ANGLE     8 of    10; theta =  90.000000, phi =  46.666667 degrees
 
 Predicted dHvA frequencies: 
 
 Freq. =   6.6421+/-  0.0000 kT, m* =   4.8597+/-  0.0000 m_e, Curv. =   1.3355E-02+/-  5.7059E-06 kT A^2, orbit (1=e,-1=h):  1.0+/- 0.0
 Orbit copies found:     4, RUC avg coords: (  0.5000+/-  0.0000,  0.5000+/-  0.0001,  0.0885+/-  0.0006)
 
 Freq. =   6.6421+/-  0.0000 kT, m* =   4.8597+/-  0.0000 m_e, Curv. =   1.3335E-02+/-  5.2147E-05 kT A^2, orbit (1=e,-1=h):  1.0+/- 0.0
 Orbit copies found:     4, RUC avg coords: (  0.5000+/-  0.0000,  0.5000+/-  0.0001,  0.5741+/-  0.0008)
 
 Freq. =   6.6421+/-  0.0000 kT, m* =   4.8597+/-  0.0000 m_e, Curv. =   1.3327E-02+/-  4.5734E-10 kT A^2, orbit (1=e,-1=h):  1.0+/- 0.0
 Orbit copies found:     2, RUC avg coords: (  0.5000+/-  0.0000,  0.4999+/-  0.0000,  0.8240+/-  0.0000)
 
 Freq. =   6.6421+/-  0.0000 kT, m* =   4.8597+/-  0.0000 m_e, Curv. =   1.3287E-02+/-  1.3570E-04 kT A^2, orbit (1=e,-1=h):  1.0+/- 0.0
 Orbit copies found:     8, RUC avg coords: (  0.5000+/-  0.0000,  0.5000+/-  0.0001,  0.3276+/-  0.0065)
 
 Freq. =   6.6421+/-  0.0000 kT, m* =   4.8597+/-  0.0000 m_e, Curv. =   1.3266E-02+/-  1.0077E-04 kT A^2, orbit (1=e,-1=h):  1.0+/- 0.0
 Orbit copies found:    18, RUC avg coords: (  0.5000+/-  0.0000,  0.5000+/-  0.0001,  0.6156+/-  0.0202)
 
 Freq. =   6.6421+/-  0.0000 kT, m* =   4.8597+/-  0.0000 m_e, Curv. =   1.3232E-02+/-  1.1850E-04 kT A^2, orbit (1=e,-1=h):  1.0+/- 0.0
 Orbit copies found:    12, RUC avg coords: (  0.5000+/-  0.0000,  0.5000+/-  0.0001,  0.8623+/-  0.0164)
 
 Freq. =   6.6422+/-  0.0000 kT, m* =   4.8594+/-  0.0007 m_e, Curv. =   9.8826E-03+/-  8.7910E-03 kT A^2, orbit (1=e,-1=h):  1.0+/- 0.0
 Orbit copies found:    14, RUC avg coords: (  0.5000+/-  0.0000,  0.5000+/-  0.0000,  0.1361+/-  0.0282)
 
 Freq. =   6.6422+/-  0.0000 kT, m* =   4.8592+/-  0.0009 m_e, Curv. =   7.2650E-03+/-  1.0862E-02 kT A^2, orbit (1=e,-1=h):  1.0+/- 0.0
 Orbit copies found:    16, RUC avg coords: (  0.5000+/-  0.0000,  0.5000+/-  0.0001,  0.3931+/-  0.0322)
 
 Freq. =   6.6422+/-  0.0000 kT, m* =   4.8581+/-  0.0008 m_e, Curv. =  -6.8974E-03+/-  9.4897E-03 kT A^2, orbit (1=e,-1=h):  1.0+/- 0.0
 Orbit copies found:    12, RUC avg coords: (  0.5000+/-  0.0000,  0.5000+/-  0.0000,  0.0165+/-  0.0303)
 
 Freq. =   6.6422+/-  0.0000 kT, m* =   4.8580+/-  0.0006 m_e, Curv. =  -8.1839E-03+/-  7.8161E-03 kT A^2, orbit (1=e,-1=h):  1.0+/- 0.0
 Orbit copies found:    18, RUC avg coords: (  0.5000+/-  0.0000,  0.5000+/-  0.0001,  0.5013+/-  0.0273)
 
 Freq. =   6.6422+/-  0.0000 kT, m* =   4.8578+/-  0.0000 m_e, Curv. =  -1.0720E-02+/-  1.5548E-04 kT A^2, orbit (1=e,-1=h):  1.0+/- 0.0
 Orbit copies found:    14, RUC avg coords: (  0.5000+/-  0.0000,  0.5000+/-  0.0001,  0.2473+/-  0.0217)
 
 Freq. =   6.6422+/-  0.0000 kT, m* =   4.8578+/-  0.0000 m_e, Curv. =  -1.0760E-02+/-  2.3508E-04 kT A^2, orbit (1=e,-1=h):  1.0+/- 0.0
 Orbit copies found:     6, RUC avg coords: (  0.5000+/-  0.0000,  0.5000+/-  0.0001,  0.9610+/-  0.0071)
 
 Freq. =   6.6422+/-  0.0000 kT, m* =   4.8577+/-  0.0000 m_e, Curv. =  -1.0929E-02+/-  2.3747E-04 kT A^2, orbit (1=e,-1=h):  1.0+/- 0.0
 Orbit copies found:     4, RUC avg coords: (  0.5000+/-  0.0000,  0.5001+/-  0.0000,  0.6992+/-  0.0080)
 
 Freq. =   6.6422+/-  0.0000 kT, m* =   4.8577+/-  0.0000 m_e, Curv. =  -1.0976E-02+/-  3.1645E-05 kT A^2, orbit (1=e,-1=h):  1.0+/- 0.0
 Orbit copies found:     4, RUC avg coords: (  0.5000+/-  0.0000,  0.5000+/-  0.0001,  0.4565+/-  0.0006)
 
 Freq. =   6.6422+/-  0.0000 kT, m* =   4.8577+/-  0.0000 m_e, Curv. =  -1.1005E-02+/-  1.2115E-04 kT A^2, orbit (1=e,-1=h):  1.0+/- 0.0
 Orbit copies found:    14, RUC avg coords: (  0.5000+/-  0.0000,  0.5000+/-  0.0001,  0.7432+/-  0.0177)
 
 Freq. =   6.6422+/-  0.0000 kT, m* =   4.8577+/-  0.0000 m_e, Curv. =  -1.1087E-02+/-  5.9454E-10 kT A^2, orbit (1=e,-1=h):  1.0+/- 0.0
 Orbit copies found:     2, RUC avg coords: (  0.5000+/-  0.0000,  0.5000+/-  0.0000,  0.2068+/-  0.0000)
 
 
 ------------------------------ 
 ANGLE     9 of    10; theta =  90.000000, phi =  53.333333 degrees
 
 Predicted dHvA frequencies: 
 
 Freq. =   7.6333+/-  0.0000 kT, m* =   5.5842+/-  0.0016 m_e, Curv. =   3.3073E-02+/-  1.5487E-01 kT A^2, orbit (1=e,-1=h):  1.0+/- 0.0
 Orbit copies found:    32, RUC avg coords: (  0.5000+/-  0.0000,  0.5001+/-  0.0004,  0.9507+/-  0.0163)
 
 Freq. =   7.6333+/-  0.0000 kT, m* =   5.5842+/-  0.0016 m_e, Curv. =   3.1182E-02+/-  1.5218E-01 kT A^2, orbit (1=e,-1=h):  1.0+/- 0.0
 Orbit copies found:    72, RUC avg coords: (  0.5000+/-  0.0000,  0.4999+/-  0.0004,  0.0314+/-  0.0278)
 
 Freq. =   7.6333+/-  0.0000 kT, m* =   5.5843+/-  0.0016 m_e, Curv. =   3.0849E-02+/-  1.5063E-01 kT A^2, orbit (1=e,-1=h):  1.0+/- 0.0
 Orbit copies found:    44, RUC avg coords: (  0.5000+/-  0.0000,  0.4999+/-  0.0004,  0.4879+/-  0.0202)
 
 Freq. =   7.6333+/-  0.0000 kT, m* =   5.5842+/-  0.0016 m_e, Curv. =   2.8525E-02+/-  1.5265E-01 kT A^2, orbit (1=e,-1=h):  1.0+/- 0.0
 Orbit copies found:    32, RUC avg coords: (  0.5000+/-  0.0000,  0.4999+/-  0.0004,  0.9001+/-  0.0163)
 
 Freq. =   7.6333+/-  0.0000 kT, m* =   5.5842+/-  0.0016 m_e, Curv. =   2.7177E-02+/-  1.5191E-01 kT A^2, orbit (1=e,-1=h):  1.0+/- 0.0
 Orbit copies found:    36, RUC avg coords: (  0.5000+/-  0.0000,  0.5001+/-  0.0004,  0.3746+/-  0.0144)
 
 Freq. =   7.6333+/-  0.0000 kT, m* =   5.5842+/-  0.0016 m_e, Curv. =   2.5572E-02+/-  1.5111E-01 kT A^2, orbit (1=e,-1=h):  1.0+/- 0.0
 Orbit copies found:    36, RUC avg coords: (  0.5000+/-  0.0000,  0.5001+/-  0.0004,  0.5481+/-  0.0149)
 
 Freq. =   7.6333+/-  0.0000 kT, m* =   5.5842+/-  0.0016 m_e, Curv. =   2.4310E-02+/-  1.4943E-01 kT A^2, orbit (1=e,-1=h):  1.0+/- 0.0
 Orbit copies found:    40, RUC avg coords: (  0.5000+/-  0.0000,  0.5001+/-  0.0004,  0.1033+/-  0.0148)
 
 Freq. =   7.6333+/-  0.0000 kT, m* =   5.5843+/-  0.0016 m_e, Curv. =   2.2811E-02+/-  1.4473E-01 kT A^2, orbit (1=e,-1=h):  1.0+/- 0.0
 Orbit copies found:    38, RUC avg coords: (  0.5000+/-  0.0000,  0.4999+/-  0.0004,  0.3231+/-  0.0146)
 
 Freq. =   7.6333+/-  0.0000 kT, m* =   5.5844+/-  0.0016 m_e, Curv. =   2.0796E-02+/-  1.3782E-01 kT A^2, orbit (1=e,-1=h):  1.0+/- 0.0
 Orbit copies found:    44, RUC avg coords: (  0.5000+/-  0.0000,  0.4999+/-  0.0004,  0.1531+/-  0.0142)
 
 Freq. =   7.6333+/-  0.0000 kT, m* =   5.5842+/-  0.0016 m_e, Curv. =   2.0072E-02+/-  1.4762E-01 kT A^2, orbit (1=e,-1=h):  1.0+/- 0.0
 Orbit copies found:    36, RUC avg coords: (  0.5000+/-  0.0000,  0.4999+/-  0.0004,  0.5953+/-  0.0150)
 
 Freq. =   7.6333+/-  0.0000 kT, m* =   5.5841+/-  0.0015 m_e, Curv. =   1.7985E-02+/-  1.5087E-01 kT A^2, orbit (1=e,-1=h):  1.0+/- 0.0
 Orbit copies found:    40, RUC avg coords: (  0.5000+/-  0.0000,  0.5000+/-  0.0004,  0.4259+/-  0.0146)
 
 Freq. =   7.6333+/-  0.0000 kT, m* =   5.5842+/-  0.0016 m_e, Curv. =   1.5640E-02+/-  1.4124E-01 kT A^2, orbit (1=e,-1=h):  1.0+/- 0.0
 Orbit copies found:    64, RUC avg coords: (  0.5000+/-  0.0000,  0.5000+/-  0.0004,  0.8269+/-  0.0296)
 
 Freq. =   7.6333+/-  0.0000 kT, m* =   5.5843+/-  0.0017 m_e, Curv. =   1.2745E-02+/-  1.3922E-01 kT A^2, orbit (1=e,-1=h):  1.0+/- 0.0
 Orbit copies found:    38, RUC avg coords: (  0.5000+/-  0.0000,  0.5000+/-  0.0004,  0.2754+/-  0.0144)
 
 Freq. =   7.6333+/-  0.0000 kT, m* =   5.5842+/-  0.0017 m_e, Curv. =   7.4786E-03+/-  1.3833E-01 kT A^2, orbit (1=e,-1=h):  1.0+/- 0.0
 Orbit copies found:    28, RUC avg coords: (  0.5000+/-  0.0000,  0.4999+/-  0.0004,  0.7480+/-  0.0147)
 
 Freq. =   7.6333+/-  0.0000 kT, m* =   5.5843+/-  0.0017 m_e, Curv. =   6.3328E-03+/-  1.3217E-01 kT A^2, orbit (1=e,-1=h):  1.0+/- 0.0
 Orbit copies found:    34, RUC avg coords: (  0.5000+/-  0.0000,  0.5001+/-  0.0004,  0.6961+/-  0.0151)
 
 Freq. =   7.6333+/-  0.0000 kT, m* =   5.5841+/-  0.0017 m_e, Curv. =   4.6215E-03+/-  1.4095E-01 kT A^2, orbit (1=e,-1=h):  1.0+/- 0.0
 Orbit copies found:    34, RUC avg coords: (  0.5000+/-  0.0000,  0.5000+/-  0.0004,  0.6448+/-  0.0147)
 
 Freq. =   7.6333+/-  0.0000 kT, m* =   5.5841+/-  0.0017 m_e, Curv. =   2.5009E-03+/-  1.3572E-01 kT A^2, orbit (1=e,-1=h):  1.0+/- 0.0
 Orbit copies found:    50, RUC avg coords: (  0.5000+/-  0.0000,  0.5000+/-  0.0004,  0.2156+/-  0.0201)
 
 Freq. =   7.6333+/-  0.0000 kT, m* =   5.5842+/-  0.0020 m_e, Curv. =  -1.2389E-02+/-  1.2553E-01 kT A^2, orbit (1=e,-1=h):  1.0+/- 0.0
 Orbit copies found:     4, RUC avg coords: (  0.5000+/-  0.0000,  0.5004+/-  0.0002,  0.9766+/-  0.0025)
 
 
 ------------------------------ 
 ANGLE    10 of    10; theta =  90.000000, phi =  60.000000 degrees
 
 Predicted dHvA frequencies: 
 
 Freq. =   9.1169+/-  0.0000 kT, m* =   6.6681+/-  0.0000 m_e, Curv. =   4.5959E-02+/-  5.2147E-03 kT A^2, orbit (1=e,-1=h):  1.0+/- 0.0
 Orbit copies found:     8, RUC avg coords: (  0.5000+/-  0.0000,  0.5001+/-  0.0003,  0.8450+/-  0.0046)
 
 Freq. =   9.1169+/-  0.0000 kT, m* =   6.6696+/-  0.0019 m_e, Curv. =   1.4803E-02+/-  3.9880E-02 kT A^2, orbit (1=e,-1=h):  1.0+/- 0.0
 Orbit copies found:    24, RUC avg coords: (  0.5000+/-  0.0000,  0.5001+/-  0.0006,  0.0683+/-  0.0187)
 
 Freq. =   9.1169+/-  0.0000 kT, m* =   6.6699+/-  0.0020 m_e, Curv. =   1.3596E-02+/-  3.6901E-02 kT A^2, orbit (1=e,-1=h):  1.0+/- 0.0
 Orbit copies found:    30, RUC avg coords: (  0.5000+/-  0.0000,  0.5001+/-  0.0004,  0.2185+/-  0.0240)
 
 Freq. =   9.1169+/-  0.0000 kT, m* =   6.6698+/-  0.0019 m_e, Curv. =   1.1830E-02+/-  3.8617E-02 kT A^2, orbit (1=e,-1=h):  1.0+/- 0.0
 Orbit copies found:    30, RUC avg coords: (  0.5000+/-  0.0000,  0.5000+/-  0.0005,  0.5204+/-  0.0244)
 
 Freq. =   9.1169+/-  0.0000 kT, m* =   6.6700+/-  0.0020 m_e, Curv. =   1.1522E-02+/-  3.9681E-02 kT A^2, orbit (1=e,-1=h):  1.0+/- 0.0
 Orbit copies found:    36, RUC avg coords: (  0.5000+/-  0.0000,  0.5001+/-  0.0005,  0.9056+/-  0.0274)
 
 Freq. =   9.1169+/-  0.0000 kT, m* =   6.6698+/-  0.0019 m_e, Curv. =   1.0730E-02+/-  3.9830E-02 kT A^2, orbit (1=e,-1=h):  1.0+/- 0.0
 Orbit copies found:    30, RUC avg coords: (  0.5000+/-  0.0000,  0.5001+/-  0.0006,  0.2956+/-  0.0200)
 
 Freq. =   9.1169+/-  0.0000 kT, m* =   6.6699+/-  0.0019 m_e, Curv. =   1.0449E-02+/-  4.0944E-02 kT A^2, orbit (1=e,-1=h):  1.0+/- 0.0
 Orbit copies found:    24, RUC avg coords: (  0.5000+/-  0.0000,  0.5001+/-  0.0006,  0.6527+/-  0.0226)
 
 Freq. =   9.1169+/-  0.0000 kT, m* =   6.6699+/-  0.0020 m_e, Curv. =   9.8437E-03+/-  3.8971E-02 kT A^2, orbit (1=e,-1=h):  1.0+/- 0.0
 Orbit copies found:    28, RUC avg coords: (  0.5000+/-  0.0000,  0.5000+/-  0.0006,  0.4426+/-  0.0216)
 
 Freq. =   9.1169+/-  0.0000 kT, m* =   6.6699+/-  0.0019 m_e, Curv. =   9.6349E-03+/-  3.9518E-02 kT A^2, orbit (1=e,-1=h):  1.0+/- 0.0
 Orbit copies found:    24, RUC avg coords: (  0.5000+/-  0.0000,  0.5000+/-  0.0006,  0.7992+/-  0.0226)
 
 Freq. =   9.1169+/-  0.0000 kT, m* =   6.6699+/-  0.0019 m_e, Curv. =   8.0487E-03+/-  3.8785E-02 kT A^2, orbit (1=e,-1=h):  1.0+/- 0.0
 Orbit copies found:    32, RUC avg coords: (  0.5000+/-  0.0000,  0.4998+/-  0.0006,  0.9966+/-  0.0241)
 
 Freq. =   9.1169+/-  0.0000 kT, m* =   6.6700+/-  0.0019 m_e, Curv. =   6.2586E-03+/-  4.1381E-02 kT A^2, orbit (1=e,-1=h):  1.0+/- 0.0
 Orbit copies found:    26, RUC avg coords: (  0.5000+/-  0.0000,  0.4999+/-  0.0007,  0.3689+/-  0.0200)
 
 Freq. =   9.1169+/-  0.0000 kT, m* =   6.6700+/-  0.0018 m_e, Curv. =   3.9943E-03+/-  3.9874E-02 kT A^2, orbit (1=e,-1=h):  1.0+/- 0.0
 Orbit copies found:    32, RUC avg coords: (  0.5000+/-  0.0000,  0.4998+/-  0.0007,  0.1392+/-  0.0207)
 
 Freq. =   9.1169+/-  0.0000 kT, m* =   6.6703+/-  0.0019 m_e, Curv. =   2.9550E-03+/-  3.8598E-02 kT A^2, orbit (1=e,-1=h):  1.0+/- 0.0
 Orbit copies found:    24, RUC avg coords: (  0.5000+/-  0.0000,  0.5000+/-  0.0006,  0.7264+/-  0.0200)
 
 Freq. =   9.1169+/-  0.0000 kT, m* =   6.6705+/-  0.0019 m_e, Curv. =  -4.1676E-03+/-  3.6502E-02 kT A^2, orbit (1=e,-1=h):  1.0+/- 0.0
 Orbit copies found:    18, RUC avg coords: (  0.5000+/-  0.0000,  0.5000+/-  0.0007,  0.5882+/-  0.0155)
 
 
 Comparing the volumes enclosed by electron and hole orbits (angle-averaged), this band is estimated to be 100.0% electron-like and   0.0% hole-like.
 
 The interpolation and orbit detection for the first angle took  0hr: 0min:23.539s
 
 The FS matching/extremum finding for the first angle took  0hr: 0min: 0.037s
 
 Calculations for one angle took  0hr: 0min:23.576s
 
 Whole program run took  0hr: 4min:50.906s
 
 Program finished on 25/ 4/2023 at 22:39:20.297
